ARM GAS  /tmp/cc8zqVZ7.s 			page 1


   1              		.syntax unified
   2              		.cpu cortex-m4
   3              		.eabi_attribute 27, 1
   4              		.eabi_attribute 28, 1
   5              		.fpu fpv4-sp-d16
   6              		.eabi_attribute 20, 1
   7              		.eabi_attribute 21, 1
   8              		.eabi_attribute 23, 3
   9              		.eabi_attribute 24, 1
  10              		.eabi_attribute 25, 1
  11              		.eabi_attribute 26, 1
  12              		.eabi_attribute 30, 6
  13              		.eabi_attribute 34, 1
  14              		.eabi_attribute 18, 4
  15              		.thumb
  16              		.file	"board.c"
  17              		.text
  18              	.Ltext0:
  19              		.section	.gnu.lto_.inline.830872ff0d55062,"",%progbits
  20 0000 789C6366 		.ascii	"x\234cf\300\016\374\2414\013\020\3610001-\220\007\262"
  20      C00EFCA1 
  20      340B10F1 
  20      30303031 
  20      2D9007B2 
  21 0014 9940428C 		.ascii	"\231@B\214\\ \202\201\231\011U\230\011C\204\031C\204"
  21      5C208281 
  21      99095598 
  21      09438419 
  21      4384
  22 0026 0100A259 		.ascii	"\001\000\242Y\003\253"
  22      03AB
  23              		.text
  24              		.section	.gnu.lto___early_init.830872ff0d55062,"",%progbits
  25 0000 789C6366 		.ascii	"x\234cf\300\004\242@<\007\210\271@\034f\006F&\006 f"
  25      C004A240 
  25      3C0788B9 
  25      401C6606 
  25      46260620 
  26 0015 64047218 		.ascii	"d\004r\030\031\352\231\030\353\031_2}db\234p`\365\014"
  26      19EA9918 
  26      EB195F32 
  26      7D64629C 
  26      7060F50C 
  27 0029 6EF5A50D 		.ascii	"n\365\245\015\015\015\0376m\226h\225\370\011T\366\231"
  27      0D0D1F36 
  27      6D966895 
  27      F80954F6 
  27      99
  28 003a 096202E3 		.ascii	"\011b\002\343rFu\006\240\232\217-\177\257s\263\265\000"
  28      72467506 
  28      A09A8F2D 
  28      7FAF73B3 
  28      B500
  29 004c D50840E4 		.ascii	"\325\010@\344\030W0\262\201\014Z/t\240\341\377\377\307"
  29      185730B2 
  29      810C5A2F 
  29      74A0E1FF 
ARM GAS  /tmp/cc8zqVZ7.s 			page 2


  29      FFC7
  30 005e 73DE6C66 		.ascii	"s\336lf\001r\237\200\265=e\002R\314w\030\233\017\354"
  30      01729F80 
  30      B53D6502 
  30      52CC7718 
  30      9B0FEC
  31 0071 3EC60852 		.ascii	">\306\010R\0102a\336\345\276uL\265\277\033:\0328~21"
  31      083261DE 
  31      E5BE754C 
  31      B5BF1B3A 
  31      1A387E32 
  32 0086 7E6602AA 		.ascii	"~f\002\252f\\\311X\313\360\023\250\370\036c\343\201"
  32      665CC958 
  32      CBF013A8 
  32      F81E63E3 
  32      81
  33 0097 BD6E6095 		.ascii	"\275n`\225\014 C\200r@\0238\222\362\023\213R\364\222"
  33      0C204380 
  33      72401338 
  33      92F2138B 
  33      52F492
  34 00aa 190095F3 		.ascii	"\031\000\225\3635\315"
  34      35CD
  35              		.text
  36              		.section	.gnu.lto_sdc_lld_is_card_inserted.830872ff0d55062,"",%progbits
  37 0000 789C6550 		.ascii	"x\234ePMKBQ\020\2353\367a\301[(\255\342\321\"x\210\004"
  37      4D4B4251 
  37      109D33F7 
  37      61C15B28 
  37      ADE2D122 
  38 0017 11B46CD7 		.ascii	"\021\264l\327O\350/\224\356\213\372\001^\3156A\233V"
  38      4FE82F94 
  38      EE8BFA01 
  38      5ECD3641 
  38      9B56
  39 0029 519BA2B2 		.ascii	"Q\233\242\262o\245\244\205A \255\\\024RA\212D\005\025"
  39      6FA5A485 
  39      4120AD5C 
  39      1452418A 
  39      440515
  40 003c D84E4908 		.ascii	"\330NI\010\027\371\232\221V50s\3579\367\3349\303\030"
  40      17F99A91 
  40      56353073 
  40      EF39F7DC 
  40      39C318
  41 004f FA1F4392 		.ascii	"\372\037C\222\023 \012+p\010L\2220R\015\204&P\222\015"
  41      13200A2B 
  41      70084C92 
  41      30520D84 
  41      2650920D 
  42 0063 92F8E016 		.ascii	"\222\370\340\026\343\272\330\275Gl\327\332t\363\352"
  42      E3BAD8BD 
  42      476CD7DA 
  42      74F3EA
  43 0072 BCE62E0D 		.ascii	"\274\346.\015vD\376\311\204Q\017#\236\252\367\020\023"
  43      7644FEC9 
  43      84510F23 
ARM GAS  /tmp/cc8zqVZ7.s 			page 3


  43      9EAAF710 
  43      13
  44 0083 5DE3F4AE 		.ascii	"]\343\364\256\0226.H\356\305\\\373\306mp\2071\254\360"
  44      12362E48 
  44      EEC55CFB 
  44      C66D7087 
  44      31ACF0
  45 0096 62B5BC16 		.ascii	"b\265\274\026R\310\216\302\347l\371\262/\272-\035K\365"
  45      52C88EC2 
  45      E76CF9B2 
  45      2FBA2D1D 
  45      4BF5
  46 00a8 333BE974 		.ascii	"3;\351t\304l\037F{\036\300\303!<\022\212p\204\250\312"
  46      C46C1F46 
  46      7B1EC0C3 
  46      213C128A 
  46      7084A8CA 
  47 00bc 5B99EFAA 		.ascii	"[\231\357\252\033\312Xk#\352+\206\307\010\311\230\220"
  47      1BCA586B 
  47      23EA2B86 
  47      C708C998 
  47      90
  48 00cd B77CA1B2 		.ascii	"\267|\241\262\303\376\226\265\313/\371\327\307\251R"
  48      C3FE96B5 
  48      CB2FF9D7 
  48      C7A952
  49 00dc 6AD37683 		.ascii	"j\323v\203\000\177G\324\300\011\374\374@\311\006A\341"
  49      007F47D4 
  49      C009FCFC 
  49      40C90641 
  49      E1
  50 00ed 21B5E26F 		.ascii	"!\265\342o0\203TGoZ\350\235\3450u\244\233\315\352\270"
  50      30835447 
  50      6F5AE89D 
  50      E53075A4 
  50      9BCDEAB8 
  51 0101 3A7CB11A 		.ascii	":|\261\032\334\256g\027\303:\272,\0059x=\245l\312\324"
  51      DCAE6717 
  51      C33ABA2C 
  51      0539783D 
  51      A56CCAD4 
  52 0115 908A505B 		.ascii	"\220\212P[\376<\001\277\362^/\251B\366\317\314N\317"
  52      FE3C01BF 
  52      F25E2FA9 
  52      42F6CFCC 
  52      4ECF
  53 0127 27C6E2E4 		.ascii	"'\306\342\344,$\342s?\033\244k\177"
  53      2C24E273 
  53      3F1BA46B 
  53      7F
  54              		.text
  55              		.section	.gnu.lto_sdc_lld_is_write_protected.830872ff0d55062,"",%progbits
  56 0000 789C6550 		.ascii	"x\234eP\277K\202Q\024\275\347\276\017\023\276Ai\212"
  56      BF4B8251 
  56      14BDE7BE 
  56      0F13BE41 
  56      698A
ARM GAS  /tmp/cc8zqVZ7.s 			page 4


  57 0012 8F864044 		.ascii	"\217\206@D\202\010\032\333\372\023\372\027J\367\242"
  57      82081ADB 
  57      FA13FA17 
  57      4AF7A2
  58 0021 FE009F62 		.ascii	"\376\000\237bK\320\322\324\320\220\364\373\227V\016"
  58      4BD0D2D4 
  58      D090F4FB 
  58      97560E
  59 0030 6110383A 		.ascii	"a\0208:\024\222\015I\210\006\031\330\246(\204C~\335"
  59      14920D49 
  59      880619D8 
  59      A6288443 
  59      7EDD
  60 0042 2B4D75E1 		.ascii	"+Mu\341\336\367\316y\207s.\317\320\377\232\224\236\007"
  60      DEF7CE79 
  60      87732ECF 
  60      D0FF9A94 
  60      9E07
  61 0054 51488143 		.ascii	"QH\201C`\222\206\221i 4\201\222l\220\304'w\031\017\305"
  61      60928691 
  61      69203481 
  61      926C90C4 
  61      2777190F 
  62 0069 E1336287 		.ascii	"\3413b\207\326\246;\325\333\232\27311\020y\217\0113"
  62      D6A63BD5 
  62      DB9ABB31 
  62      3110798F 
  62      0933
  63 007b 1EA63D55 		.ascii	"\036\246=U\037#&\272\366u\265\0222.H\356\305\\\377\321"
  63      1F2326BA 
  63      F675B512 
  63      322E48EE 
  63      C55CFFD1 
  64 008f 6DF38031 		.ascii	"m\363\2001\245\360n\273\274\023P\310\216\302\346Q\371"
  64      A5F06EBB 
  64      BC1350C8 
  64      8EC2E651 
  64      F9
  65 00a0 7E2CBA2F 		.ascii	"~,\272/\216\245\372\215]p\006\022v\002\243\236\247\360"
  65      8EA5FA8D 
  65      5D700612 
  65      7602A39E 
  65      A7F0
  66 00b2 70068F84 		.ascii	"p\006\217\204\"\234#\252\362n\346\373\305\015d\254\265"
  66      229C23AA 
  66      F26EE6FB 
  66      C50D64AC 
  66      B5
  67 00c3 61CD95C0 		.ascii	"a\315\225\300\013\004dM\310[\276P9\340H\326\332\315"
  67      0B04644D 
  67      C85BBE50 
  67      39E048D6 
  67      DACD
  68 00d5 B7F27B7D 		.ascii	"\267\362{}\261\224\332\263C\337\307\337\025\265p\211"
  68      B194DAB3 
  68      43DFC7DF 
  68      15B57089 
ARM GAS  /tmp/cc8zqVZ7.s 			page 5


  69 00e5 487EBC64 		.ascii	"H~\274d}\277\327\310n\305v\231A\252\243\226\016\372"
  69      7DBFD7C8 
  69      6EC57699 
  69      41AAA396 
  69      0EFA
  70 00f7 6039CC2B 		.ascii	"`9\314+\322\235\253\326\234&|\261\0064[\225\247\240"
  70      D29DABD6 
  70      9C267CB1 
  70      06345B95 
  70      A7A0
  71 0109 AEAE0E39 		.ascii	"\256\256\0169x#\245\374\224\251!\025\246\276\320\015"
  71      7823A5FC 
  71      94A92115 
  71      A6BED00D 
  72 0119 E0573EF2 		.ascii	"\340W>\362\222)dpyei-1\033'g=\021_\375\001\226!l\255"
  72      92296470 
  72      7965692D 
  72      311B2767 
  72      3D115FFD 
  73              		.text
  74              		.section	.gnu.lto_boardInit.830872ff0d55062,"",%progbits
  75 0000 789C6366 		.ascii	"x\234cf\300\004\242@\234\007\304\\ \0163\003#\023\003"
  75      C004A240 
  75      9C07C45C 
  75      200E3303 
  75      231303
  76 0013 10333202 		.ascii	"\02032\0029\214\014\365L\214\365\214/\231>21N8\260z"
  76      398C0CF5 
  76      4C8CF58C 
  76      2F993E32 
  76      314E38B0 
  77 0028 06B7FAD2 		.ascii	"\006\267\372\322\206\206\206\017\207\366K\264J\374\004"
  77      8686860F 
  77      87F64BB4 
  77      4AFC04
  78 0037 2AFBCC04 		.ascii	"*\373\314\0041\201q9\243:\003P\315\307\226\277\327\271"
  78      31817139 
  78      A33A0350 
  78      CDC796BF 
  78      D7B9
  79 0049 D95A806A 		.ascii	"\331Z\200j\004 r\214+\030\331@\006\255\027:\320\360"
  79      0420728C 
  79      2B18D940 
  79      06AD173A 
  79      D0F0
  80 005b FFFFE2E9 		.ascii	"\377\377\342\351w\366\263\000\271O\300\332\2362\001"
  80      77F6B300 
  80      B94FC0DA 
  80      9E3201
  81 006a 29E67B8C 		.ascii	")\346{\214\214 E \201'L@9\240\030GR~bQ\212^2\003\000"
  81      8C204520 
  81      81274C40 
  81      39A01847 
  81      527E6251 
  82 0083 4805241B 		.ascii	"H\005$\033"
  83              		.text
  84              		.section	.gnu.lto_.symbol_nodes.830872ff0d55062,"",%progbits
ARM GAS  /tmp/cc8zqVZ7.s 			page 6


  85 0000 789C6366 		.ascii	"x\234cf``Hc\200\002\246\036\246z\006\206\011\347\030"
  85      60604863 
  85      8002A61E 
  85      A67A0686 
  85      09E718
  86 0013 18EAEB19 		.ascii	"\030\352\353\031\256-\340``\352e\252gD\021\350c\252"
  86      AE2DE060 
  86      60EA65AA 
  86      674411E8 
  86      63AA
  87 0025 674211E8 		.ascii	"gB\021\350g\252gF\026`\355fbX\0144\206q\002S=\013D\202"
  87      67AA6746 
  87      1660ED66 
  87      62580C34 
  87      86710253 
  88 003d A1A18183 		.ascii	"\241\241\201\203\201\231\201\225a\311\203\177\216\014"
  88      81998195 
  88      61C9837F 
  88      8E0C
  89 004b 00D8861C 		.ascii	"\000\330\206\034\226"
  89      96
  90              		.text
  91              		.section	.gnu.lto_.refs.830872ff0d55062,"",%progbits
  92 0000 789C6366 		.ascii	"x\234cf```d\200\002\000\000=\000\005"
  92      60606064 
  92      80020000 
  92      3D0005
  93              		.text
  94              		.section	.gnu.lto_.decls.830872ff0d55062,"",%progbits
  95 0000 789CDD7C 		.ascii	"x\234\335|{TTW\272'\273v\275(JH\233L:\313\311\334N\354"
  95      7B545457 
  95      BA27BB76 
  95      BD284A48 
  95      9B4C3ACB 
  96 0018 6E6EF74C 		.ascii	"nn\367L:D\223\233\316]\353\316\272m\300N\354\304\307"
  96      3A44939B 
  96      CE5DEBCE 
  96      BA6DC04E 
  96      ECC4C7
  97 002b 55D33D77 		.ascii	"U\323=w\315\314\242\011\224\312\204\327\255*c2k\326"
  97      CDCCA209 
  97      94CA84D7 
  97      AD2A6332 
  97      6BD6
  98 003d 4C2182BC 		.ascii	"L!\202\274\037*/\005)\005\345\251\240 \202 \242\"\017"
  98      1F2A2F05 
  98      2905E5A9 
  98      A0208220 
  98      A2220F
  99 0050 9187284F 		.ascii	"\221\207(OEPPy\210\202\240<\3441\337\336\373\324\251"
  99      45505079 
  99      8882A03C 
  99      E431DFDE 
  99      FBD4A9
 100 0063 53C753C6 		.ascii	"S\307S\306\273\326\314\3741\265\326\3079\337>\277\363"
 100      BBD6CCFC 
 100      31B5D6C7 
ARM GAS  /tmp/cc8zqVZ7.s 			page 7


 100      39DF3EBF 
 100      F3
 101 0074 ED6F7FDF 		.ascii	"\355o\177\337\267\367\376\366>\347\200\035\034\034\324"
 101      B7F7FEF6 
 101      3EE7801D 
 101      1C1CD4
 102 0083 C8C16109 		.ascii	"\310\301a\011~\255_98\354ptpP@\331&\007\353\217\360"
 102      7EAD5F39 
 102      38EC7074 
 102      705040D9 
 102      2607EB8F 
 103 0098 0540B532 		.ascii	"\005@\2652\007\207z\240\253@\327\200\3406\007-v\260"
 103      07877AA0 
 103      AB40D780 
 103      E036072D 
 103      76B0
 104 00aa F9111CE6 		.ascii	"\371\021\034\346\356_\006'\271\\\271\214\273F\356\023"
 104      EE5F0627 
 104      B95CB98C 
 104      BB46EE13 
 105 00ba FF885C39 		.ascii	"\377\210\\9\034O\0029\023\231@\2278\034\342\256\223"
 105      1C4F0239 
 105      13994097 
 105      381CE2AE 
 105      93
 106 00cb A3B3A8AE 		.ascii	"\243\263\250\256\372\237\270\257\236\273\317Et\337U"
 106      FA9FB8AF 
 106      9EBBCF45 
 106      74DF55
 107 00da AEDCD246 		.ascii	"\256\334\322F\304\225\211\177\0232T~r\252\311iH\206"
 107      C495897F 
 107      1332547E 
 107      72AAC969 
 107      4886
 108 00ec 9C35EF11 		.ascii	"\2345\357\021\366\334\276\372\024%\260Z\215\234\260"
 108      F6DCBEFA 
 108      1425B05A 
 108      8D9CB0
 109 00fb 152FEEDD 		.ascii	"\025/\356\335\224\377<\321\004\277\370\020\323\033r"
 109      94FF3CD1 
 109      04BFF810 
 109      D31B72
 110 010a B4E96D94 		.ascii	"\264\351m\224\215V\240\034\264\002\244\346\242\237\303"
 110      8D56A01C 
 110      B402A4E6 
 110      A29FC3
 111 0119 DFFF2C67 		.ascii	"\337\377,g\222.%<\035CX\206\310yf\312\335\233\232\017"
 111      922E253C 
 111      1D435886 
 111      C87966CA 
 111      DD9B9A0F 
 112 012d F2E0B670 		.ascii	"\362\340\266pS\365\014\262V\327\275\357\342\003\307"
 112      53F50CB2 
 112      56D7BDEF 
 112      E203C7
 113 013c F70E9BCC 		.ascii	"\367\016\233\314\346\361\223\245a8\325d\336mZ\\ZBT\030"
 113      E6F193A5 
ARM GAS  /tmp/cc8zqVZ7.s 			page 8


 113      6138D564 
 113      DE6D5A5C 
 113      5A425418 
 114 0150 CA4318E5 		.ascii	"\312C\030\345\243\017\250\312p\316t/@\357\301\215\311"
 114      A30FA8CA 
 114      70CE742F 
 114      40EFC18D 
 114      C9
 115 0161 498D692A 		.ascii	"I\215i*\374\013\"]~$4\351\226\0329\256p]\261\327d\332"
 115      FC0B225D 
 115      7E2434E9 
 115      961A39AE 
 115      705DB1D7 
 116 0177 6D1ADF1D 		.ascii	"m\032\337\035\377\006\010\370`\005\372\355\012\007T"
 116      FF0608F8 
 116      6005FAED 
 116      0A0754
 117 0186 845CD149 		.ascii	"\204\\\321I\004NF\205\240\350)P4\305\244\246%YT\235"
 117      044E4685 
 117      A0E82950 
 117      34C5A4A6 
 117      2559549D 
 118 019a 3F907374 		.ascii	"?\220st\002\011M\226\002\345\014\0035\035y\262\347\244"
 118      02094D96 
 118      02E50C03 
 118      351D79B2 
 118      E7A4
 119 01ac 33B5483F 		.ascii	"3\265H?\265\301\205\320\204V95\311\327\204\235\030\036"
 119      B5C185D0 
 119      84563935 
 119      C9D7849D 
 119      181E
 120 01be BDA4C2BF 		.ascii	"\275\244\302\277\246\315\254\270\226[(\243P\223LhL-"
 120      A6CDACB8 
 120      965B28A3 
 120      50934C68 
 120      4C2D
 121 01d0 3366576A 		.ascii	"3fWj\177\271\002\273Q\350\245\226\262$$'~\331\250%&"
 121      7FB902BB 
 121      51E8A596 
 121      B2242427 
 121      7ED9A825 
 122 01e5 83A284AE 		.ascii	"\203\242\204\256\336\177\020\332\226\350e5n95n\031\342"
 122      DE7F10DA 
 122      96E86535 
 122      6E39356E 
 122      19E2
 123 01f7 AC3B35D7 		.ascii	"\254;5\327q\307I\033I\332\013h\307/\311u\001\372\034"
 123      71C7491B 
 123      49DA0B68 
 123      C72FC975 
 123      01FA1C
 124 020a D272168E 		.ascii	"\322r\026\216N6\265.\303\377@+}z\347\312s-\376\222\236"
 124      4E36B52E 
 124      C3FF402B 
 124      7D7AE7CA 
 124      732DFE92 
ARM GAS  /tmp/cc8zqVZ7.s 			page 9


 125 021f 778775DD 		.ascii	"w\207u\335\304\370\033z\236\225\230T\240\240z\252)\333"
 125      C4F81B7A 
 125      9E959854 
 125      A0A07AAA 
 125      29DB
 126 0231 7BC705FF 		.ascii	"{\307\005\377Wz\345B\325L\255\006\357\240\347\321\341"
 126      577AE542 
 126      D54CAD06 
 126      EFA0E7D1 
 126      E1
 127 0242 FD0D1AFC 		.ascii	"\375\015\032\374/\364<\370xE\264\012\356x_C+\351;4\233"
 127      2FF43CF8 
 127      7845B40A 
 127      EE785F43 
 127      2BE93B34 
 128 0257 E54859D2 		.ascii	"\345HY\322\255\\\240HV<\233q\031!W\015\261\362\370|"
 128      AD5CA048 
 128      563C9B71 
 128      1921570D 
 128      B1F2F87C 
 129 026b E6BD2F43 		.ascii	"\346\275/C\300\324W\220\006]\344\235J\357&\277p\276"
 129      C0D45790 
 129      065DE49D 
 129      4AEF26BF 
 129      70BE
 130 027d 190E7C1B 		.ascii	"\031\016|\033P\0158\356}\015\205\242KPx\031\012Anj\270"
 130      500D38EE 
 130      7D0D85A2 
 130      4B507819 
 130      0A416E6A 
 131 0292 A9CE0969 		.ascii	"\251\316\011i\\%\357\251\223\270\207*\320\023\272\357"
 131      5C25EFA9 
 131      93B8872A 
 131      D013BAEF 
 132 02a2 6D93498E 		.ascii	"m\223I\216jA\201j\253\002\240\017\037\212\311\327\273"
 132      6A41816A 
 132      AB02A00F 
 132      1F8AC9D7 
 132      BB
 133 02b3 CECA7113 		.ascii	"\316\312q\023\242\355\213\274\225{M\205\333\221Mc\337"
 133      A2ED8BBC 
 133      957B4D85 
 133      DB914D63 
 133      DF
 134 02c4 668D8D6D 		.ascii	"f\215\215m<x\021Sv\211\\\226\355\033\230:\206,\032\215"
 134      3C781153 
 134      76895C96 
 134      ED1B983A 
 134      862C1A8D 
 135 02d8 EF33E177 		.ascii	"\3573\341w\370\340k\002}\336\346\364\271\012\3724Z\364"
 135      F8E06B02 
 135      7DDEE6F4 
 135      B90AFA34 
 135      5AF4
 136 02ea 99CF8C7B 		.ascii	"\231\317\214{\227\350s\015\364i\260\352\3636\257\216"
 136      97E8730D 
 136      F469B0EA 
ARM GAS  /tmp/cc8zqVZ7.s 			page 10


 136      F336AF8E 
 137 02fa ACBFF3D8 		.ascii	"\254\277\363\330?I\013m\261'\264'\264\361\337\020\241"
 137      3F490B6D 
 137      B127B427 
 137      B4F1DF10 
 137      A1
 138 030b CD20B4DE 		.ascii	"\315 \264\336*\364\232\240\221\265\251\243\025\012a"
 138      2AF49AA0 
 138      91B5A9A3 
 138      150A61
 139 031a D810AC35 		.ascii	"\330\020\2545lZ\371\260\2119\234g\226\321\370$&c\001"
 139      6C5AF9B0 
 139      89399C67 
 139      96D1F824 
 139      266301
 140 032d 5ABD3034 		.ascii	"Z\27504\247\246e\200C\327\021-\234_(\016S\363\3006V"
 140      A7A66580 
 140      43D7112D 
 140      9C5F280E 
 140      53F3C036 
 141 0342 58717538 		.ascii	"Xqu8\012[\242\373\006+{\0346\230\342h?\276\333i|\337"
 141      0A5BA2FB 
 141      062B7B1C 
 141      3698E268 
 141      3FBEDB69 
 142 0358 B4C477E5 		.ascii	"\264\304w\345\023\363\202\243P\321v\233\370\356\260"
 142      13F382A3 
 142      50D1769B 
 142      F8EEB0
 143 0367 C67756DA 		.ascii	"\306wV\332\250\023\356c\236j\27473\251\245\201\374\006"
 143      A813EE63 
 143      9E6ABC37 
 143      33A9A581 
 143      FC06
 144 0379 61E36ED4 		.ascii	"a\343n\324\227+4\234\011\303\177\302\204\200?\020RW"
 144      972B349C 
 144      09C37FC2 
 144      84803F10 
 144      5257
 145 038b A91256DA 		.ascii	"\251\022V\332mc\235\236WZ'\371p\360a\027Z\0068t\213"
 145      6D639D9E 
 145      575A27F9 
 145      70F06117 
 145      5A063874 
 146 03a0 35FAFC58 		.ascii	"5\372\374XQ\262#\017\274\315\012\333\307\226\012\265"
 146      51B2230F 
 146      BCCD0ADB 
 146      C7960AB5 
 147 03b0 16EBF4B2 		.ascii	"\026\353\364\262\262\234\340&_\373\306\351\243\306\271"
 147      B29CE026 
 147      5FFBC6E9 
 147      A3C6B9
 148 03bf 6331CEAD 		.ascii	"c1\316\255\305\304i\215P\317>\033\343\364\363z\336l"
 148      C5C4698D 
 148      50CF3E1B 
 148      E3F4F37A 
 148      DE6C
ARM GAS  /tmp/cc8zqVZ7.s 			page 11


 149 03d1 7B62C278 		.ascii	"{b\302x\220\031g\250\243#U\206G\030\223:}\255\326\205"
 149      901967A8 
 149      A3235586 
 149      4718933A 
 149      7DADD685 
 150 03e5 5AEA1DC2 		.ascii	"Z\352\035\302\236\316<V\352HG\256?\020\266!\346\306"
 150      9ECE3C56 
 150      EA4847AE 
 150      3F10B621 
 150      E6C6
 151 03f7 7317FC84 		.ascii	"s\027\374\204Ac*\216\\\221\341%\306\314\275h\256u\301"
 151      41632A8E 
 151      5C91E125 
 151      C6CCBD68 
 151      AE75C1
 152 040a E1745897 		.ascii	"\341tX\227G\206UN)\320\233+W\272&P\315\315\246?\310"
 152      4786554E 
 152      29D09B2B 
 152      57BA2650 
 152      CDCDA63F 
 153 041f 1DD02028 		.ascii	"\035\320 (RE\025\031Bo\022\033\243Q0\3670Z\211F\320"
 153      52451519 
 153      426F121B 
 153      A35130F7 
 153      305A8946 
 154 0434 4A1A8866 		.ascii	"J\032\210f\320|<'\342\316[0\336_B\3244\017 ^\011\234"
 154      D07C3C27 
 154      E2CE5B30 
 154      DE5F42D4 
 154      340F205E 
 155 044a EFCABF21 		.ascii	"\357\312\277!\002\376\375\012\016m\236=m\372\303\036"
 155      02FEFD0A 
 155      0E6D9E3D 
 155      6DFAC31E 
 156 045a 4CA10F25 		.ascii	"L\241\017%\241\331\244F\332\017\372\237\254V\023\200"
 156      A1D9A446 
 156      DA0FFA9F 
 156      AC561380 
 157 046a 8365EEE0 		.ascii	"\203e\356\340\373\324\201\212\270{N\310\365M\212\232"
 157      FBD4818A 
 157      B87B4EC8 
 157      F54D8A9A 
 158 047a 53223406 		.ascii	"S\"4\006b\356[{\012\271\211\376\244\232\203\036A+\354"
 158      62EE5B7B 
 158      0AB989FE 
 158      A49A831E 
 158      412BEC
 159 048d B5880CAE 		.ascii	"\265\210\014\256\011\331\227\261\320)c\002\035\035\320"
 159      09D997B1 
 159      D0296302 
 159      1D1DD0
 160 049c 63DE29A7 		.ascii	"c\336)\247\366^Ng=\006\312\270\340\271\3214[\246\266"
 160      F65E4E67 
 160      3D06CAB8 
 160      E0B9D134 
 160      5BA6B6
 161 04af 84C41316 		.ascii	"\204\304\023\026\022/\342\022#d\366cb\202\306\304\270"
ARM GAS  /tmp/cc8zqVZ7.s 			page 12


 161      122FE212 
 161      2364F663 
 161      6282C6C4 
 161      B8
 162 04c0 2526E263 		.ascii	"%&\342c\032O\330t\230\011\233\230x\312W\037\325Y5\242"
 162      1A4FD874 
 162      98099B98 
 162      78CA571F 
 162      D55935A2 
 163 04d4 C0E5D483 		.ascii	"\300\345\324\203\232\307\205-.h%\373\275\351\272\222"
 163      9AC7852D 
 163      2E6825FB 
 163      BDE9BA92 
 164 04e4 98BA2832 		.ascii	"\230\272(2\352\250\2149\006nB\223`\236\027Bk\017 \253"
 164      EAA88C39 
 164      066E4293 
 164      609E1742 
 164      6B0F20AB 
 165 04f8 B909DE04 		.ascii	"\271\011\336\004X\231\222\3148\250B\214\265u\242\000"
 165      589992CC 
 165      38A8428C 
 165      B575A200 
 166 0508 79418CAC 		.ascii	"yA\214\254\222\226\012\241\214\356\212\261]\36658/-"
 166      92960AA1 
 166      8CEE8AB1 
 166      5DF63538 
 166      2F2D
 167 051a 574A857B 		.ascii	"WJ\205{\322\015\223\202VJ\266\213)\300B\305DC\345\014"
 167      D20D9382 
 167      564AB68B 
 167      29C042C5 
 167      4443E50C 
 168 052e 5C2F25D7 		.ascii	"\\/%\327\317r7\220P\231\207Py\006\2412\0074\003\364"
 168      CF723790 
 168      50998750 
 168      7906A132 
 168      073403F4 
 169 0542 1C680168 		.ascii	"\034h\001h\032h\026h\212\013!\032\224K{\225&Dn\025\005"
 169      1A681668 
 169      8A0B211A 
 169      944B7B95 
 169      26446E15 
 170 0557 2F51A83F 		.ascii	"/Q\250?|\330\247\032\372\000\214}\250S\332&Ty\360q\317"
 170      7CD8A71A 
 170      FA008C7D 
 170      A853DA26 
 170      5479F071 
 171 056c EC40B4F2 		.ascii	"\354@\264\362MN5\263=\325\034^K/\020\027\376\364\342"
 171      4D4E35B3 
 171      3DD51C5E 
 171      4B2F1017 
 171      FEF4E2
 172 057f 1A61682D 		.ascii	"\032ah-\332D\366\022\037Z\371Gb\372\226\341\347,\347"
 172      DA44F612 
 172      1F5AF947 
 172      62FA96E1 
 172      E72CE7
ARM GAS  /tmp/cc8zqVZ7.s 			page 13


 173 0592 8B8FBB76 		.ascii	"\213\217\273vZ\211\347\030\323\277\270`\300\241\230"
 173      5A89E718 
 173      D3BFB860 
 173      C0A198
 174 05a1 9E3F1E8C 		.ascii	"\236?\036\214I\224\341x\306\234j\012\036q\306\251\214"
 174      4994E178 
 174      C69C6A0A 
 174      1E71C6A9 
 174      8C
 175 05b2 39D8797F 		.ascii	"9\330y\177\212\314\254\177\322\320\364)7\273\356\237"
 175      8ACCAC7F 
 175      D2D0F429 
 175      37BBEE9F 
 176 05c2 7016BB54 		.ascii	"p\026\273Tv\252\267\306\031\0273\306\222\225\376\211"
 176      76AAB7C6 
 176      191733C6 
 176      9295FE89 
 177 05d2 65A523F3 		.ascii	"e\245#\363Wr\226\341+\354\332\243\033\207\316i\3515"
 177      577296E1 
 177      2BECDAA3 
 177      1B87CE69 
 177      E935
 178 05e4 054DC16E 		.ascii	"\005M\301n\334\233\322\342\026vm_hY\2313\275\246\244"
 178      DC9BD2E2 
 178      16766D5F 
 178      68599933 
 178      BDA6A4
 179 05f7 59697D68 		.ascii	"Yi}h\217\002\337b\327\2463\373G\021\275\246\242S\307"
 179      8F02DF62 
 179      D7A633FB 
 179      4711BDA6 
 179      A253C7
 180 060a EEF17905 		.ascii	"\356\361y\005~\210m\362\243?\261\374(i\244\343s\350"
 180      7E886DF2 
 180      A33FB1FC 
 180      2869A4E3 
 180      73E8
 181 061c AB284E86 		.ascii	"\253(N\206Q\274l\005mzW\306\341b\005)\214\201\302X\331"
 181      51BC6C05 
 181      6D7A57C6 
 181      E1620529 
 181      8C81C258 
 182 0631 0A9420A3 		.ascii	"\012\224 \243\272%\025?\331C:6\212\202\362h(\337\307"
 182      BA25153F 
 182      D9433A36 
 182      8A82F268 
 182      28DFC7
 183 0644 CA174752 		.ascii	"\312\027GR\323H\376\207\"\240<\022\312\367\263\362\226"
 183      D348FE87 
 183      22A03C12 
 183      CAF7B3F2 
 183      96
 184 0655 C4983A32 		.ascii	"\304\230:2s\242\275P\036\016\345\007X\371\363\353\341"
 184      73A2BD50 
 184      1E0EE507 
 184      58F9F3EB 
 184      E1
ARM GAS  /tmp/cc8zqVZ7.s 			page 14


 185 0666 0F9691F2 		.ascii	"\017\226\221\3620(\377\365\012\224\310\212\023O\327"
 185      3028FFF5 
 185      0A94C88A 
 185      134FD7
 186 0675 C43893E2 		.ascii	"\3048\223\342=P\034\012\360$V^\360\254TG\212C\240\370"
 186      3D501C0A 
 186      F024565E 
 186      F0AC5447 
 186      8A43A0F8 
 187 0689 572B5032 		.ascii	"W+P2+\355~Tq\225L[h7\024\377r\005J\241\305\262\261\232"
 187      2BED7E54 
 187      71954C5B 
 187      683714FF 
 187      72054AA1 
 188 06a1 987A0552 		.ascii	"\230z\005R\273\206\261\3549\330:Q:\240\20325\215\342"
 188      BB86B1EC 
 188      39D83A51 
 188      3AA08332 
 188      358DE2
 189 06b4 43325794 		.ascii	"C2W\224*\223\333&\0349\021I.$\341\000\320\313\203\355"
 189      2A93DB26 
 189      1C391149 
 189      2E24E100 
 189      D0CB83ED 
 190 06c8 ED93A607 		.ascii	"\355\223\246\007ZI\251(\035\204\275Jp\377\010\214\315"
 190      5A49A928 
 190      1D84BD4A 
 190      70FF088C 
 190      CD
 191 06d9 69000896 		.ascii	"i\000\010\226\361c3\251\303\022\217{\262\236/\310\361"
 191      F16333A9 
 191      C3128F7B 
 191      B29E2FC8 
 191      F1
 192 06ea 24734E62 		.ascii	"$sNbe\332>6u\231(\037{2k\222\315l\230\260%\223\255\027"
 192      65DA3E36 
 192      7599281F 
 192      7B326B92 
 192      CD6C98B0 
 193 0702 E5240730 		.ascii	"\345$\0070q\301\253\025N\351Gd\220\033AwFf\031\315\000"
 193      71C1AB15 
 193      4EE94764 
 193      901B4177 
 193      466619CD 
 194 0717 4A0F3D9D 		.ascii	"J\017=\235qY\036\317\365\351\367X\302\230\001ve\375"
 194      71591ECF 
 194      F5E9F758 
 194      C2980176 
 194      65FD
 195 0729 EBA86CB9 		.ascii	"\353\250l\271\345&\202>\273p\276P\203g\231\036y\255"
 195      E526823E 
 195      BB70BE50 
 195      8367991E 
 195      79AD
 196 073b FBD29DF0 		.ascii	"\373\322\235\360\002c\216\016\237J\3068XN\231\234{\315"
 196      02638E0E 
 196      9F4AC638 
ARM GAS  /tmp/cc8zqVZ7.s 			page 15


 196      584E999C 
 196      7BCD
 197 074d FB96518D 		.ascii	"\373\226Q\215~C\330\266\273\327\34348\222]\213H\274"
 197      7E43D8B6 
 197      BBD7E334 
 197      38925D8B 
 197      48BC
 198 075f 9EEB8813 		.ascii	"\236\353\210\023\031\263X\324zT\211\2172\346QK\376m"
 198      19B358D4 
 198      7A54898F 
 198      32E6514B 
 198      FE6D
 199 0771 352E624C 		.ascii	"5.bL\350\223\341\036-\256bLK\336\205^\352\306|\346t"
 199      E893E11E 
 199      2DAE624C 
 199      4BDE855E 
 199      EAC67CE6 
 200 0786 AA4BC1C2 		.ascii	"\252K\301\302\363H9)\314c./`.\277\267\347x\003\215\247"
 200      F3483929 
 200      CC632E2F 
 200      602EBFB7 
 200      E778038D 
 201 079b 5CE6F213 		.ascii	"\\\346\362\023\314\345s\235\335\213Nv\\^\310y\246\010"
 201      CCE5739D 
 201      DD8B4E76 
 201      5C5EC879 
 201      A608
 202 07ad 3C7352EC 		.ascii	"<sR\354\362\264\342q\347\303&X\035\025J\371\374nzv\233"
 202      F2B4E271 
 202      E7C32658 
 202      1D154AF9 
 202      FC6E7A76 
 203 07c2 02B9AAA9 		.ascii	"\002\271\252\251\023\207\274\325\3504\310\312\261:"
 203      1387BCD5 
 203      E834C8CA 
 203      B13A
 204 07d0 B1D0E244 		.ascii	"\261\320\342D\211\2408\005\325\331\253\232\230\367\304"
 204      89A03805 
 204      D5D9AB9A 
 204      98F7C4
 205 07df 78961C8F 		.ascii	"x\226\034\217Q\013\310\217\236YHS\275\"\361(\221\261"
 205      510BC88F 
 205      9E594853 
 205      BD22F128 
 205      91B1
 206 07f1 B1F72CC8 		.ascii	"\261\367,\310)\225\255Dgd\202\304#2jn\335\323\335\246"
 206      2995AD44 
 206      676482C4 
 206      23326A6E 
 206      DDD3DDA6 
 207 0805 E877A876 		.ascii	"\350w\250v\305\240\035\201sZ\374\306vj\351\277]wUk\252"
 207      C5A01D81 
 207      735AFCC6 
 207      766AE9BF 
 207      5D77556B 
 208 081a FF8866BC 		.ascii	"\377\210f\274\331\034Tbz\243\015n\314&\2037 ^2\014:"
 208      D91C5462 
ARM GAS  /tmp/cc8zqVZ7.s 			page 16


 208      7AA30D6E 
 208      CC268337 
 208      205E320C 
 209 082f 5C539CE9 		.ascii	"\\S\234\351\202\247\251\366\262\313\221Y92K\0322\262"
 209      82A7A9F6 
 209      B2CB9159 
 209      39324B1A 
 209      32B2
 210 0841 5D8DCE81 		.ascii	"]\215\316\201\3202\253\225\210\004\373iH9\264\311^\373"
 210      D032AB95 
 210      8804FB69 
 210      4839B4C9 
 210      5EFB
 211 0853 48C63958 		.ascii	"H\3069X\237\242\346\206~\263\331\336\235\016\342\333"
 211      9FA2E686 
 211      7EB3D9DE 
 211      9D0EE2DB 
 212 0863 42F63EA9 		.ascii	"B\366>\251Q\012\307\370\012\231p\214\257\224Y\306\370"
 212      510AC7F8 
 212      0A99708C 
 212      AF9459C6 
 212      F8
 213 0874 B082DE3A 		.ascii	"\260\202\336:9\016V\320HL\010\253\234\326\340p\312\310"
 213      390E56D0 
 213      484C08AB 
 213      9CD6E070 
 213      CAC8
 214 0886 DA92AF7E 		.ascii	"\332\222\257~coaV-\223^\230\365\347\327A\267E\027d\032"
 214      636F6156 
 214      2D935E98 
 214      F5E7D741 
 214      B7451764 
 215 089b 54653540 		.ascii	"Te5@\255`\3052=r\361\231#\336\307\352\353\233\356\273"
 215      AD60C532 
 215      3D72F199 
 215      23DEC7EA 
 215      EB9BEEBB 
 216 08af A4A23DE9 		.ascii	"\244\242=\351#\302\246\034\255\237\326\342C\254\372"
 216      23C2A61C 
 216      AD9FD6E2 
 216      43ACFA
 217 08be B385D383 		.ascii	"\263\205\323\203j{\365_\261S\277\271L\205P\015\324~"
 217      6A7BF55F 
 217      B153BFB9 
 217      4C85500D 
 217      D47E
 218 08d0 59BAF684 		.ascii	"Y\272\366\204\204K{0>\316j\337{\365@\254\014\237`Lp"
 218      844B7B30 
 218      3ECE6ADF 
 218      7BF540AC 
 218      0C9F604C 
 219 08e5 F5891B4C 		.ascii	"\365\211\033L\225\317h?.\217\241}\334YSM\347\226C\361"
 219      95CF683F 
 219      2E8FA17D 
 219      DC59534D 
 219      E79643F1 
 220 08f9 6DA96C25 		.ascii	"m\251l%\262\203Ne\247O<\226\341S\354\326\201\214\306"
ARM GAS  /tmp/cc8zqVZ7.s 			page 17


 220      B2834E65 
 220      A74F3C96 
 220      E153ECD6 
 220      818CC6
 221 090c 072EF81C 		.ascii	"\007.\370\034c\022\037\236x\352\210k\030\323\035;\031"
 221      63121F9E 
 221      78EA886B 
 221      18D31D3B 
 221      19
 222 091d AFC68D8C 		.ascii	"\257\306\215\214\351\210\033\275\251\305m\254u3\303"
 222      E9881BBD 
 222      A9C56DAC 
 222      7533C3
 223 092c 471B5DEC 		.ascii	"G\033]\354\265\356\272\235\326\215\237;k\326\236'\275"
 223      B5EEBA9D 
 223      D68D9F3B 
 223      6BD69E27 
 223      BD
 224 093d B5159AD8 		.ascii	"\265\025\232\330\"\335\304\214\232gG\234p\202\222\326"
 224      22DDC48C 
 224      9A67479C 
 224      708292D6 
 225 094d 796370FC 		.ascii	"ycp\374\221\032\2470&\342\304\225T\025m\223\231\266"
 225      911AA730 
 225      26E2C495 
 225      54156D93 
 225      99B6
 226 095f 69E04A62 		.ascii	"i\340Jb\027\033Y}\350\004\237]]\353\204\315\014\333"
 226      171B597D 
 226      E8049F5D 
 226      5DEB84CD 
 226      0CDB
 227 0971 F6B4DCA4 		.ascii	"\366\264\334\244\302\005\224\221M\035\357;\247E\256"
 227      C2059491 
 227      4D1DEF3B 
 227      A745AE
 228 0980 5AAAC358 		.ascii	"Z\252\303Xy\211s\006\321\241[\006y\213U\207\215Z\246"
 228      79897306 
 228      D1A15B06 
 228      798B5587 
 228      8D5AA6
 229 0993 8220E604 		.ascii	"\202 \346\004\273I\250\013\332\004\2710\003\223ESnq"
 229      BB49A80B 
 229      DA04B930 
 229      03934553 
 229      6E71
 230 09a5 AC12F7B2 		.ascii	"\254\022\367\262\332\372Z\343\237\252\360]\306\2044"
 230      DAFA5AE3 
 230      9FAAF05D 
 230      C68434
 231 09b4 B544C9F1 		.ascii	"\265D\311\361}\216\031?\376H\206\207\031\223\366\374"
 231      7D8E193F 
 231      FE488687 
 231      1993F6FC 
 232 09c4 DEA4168F 		.ascii	"\336\244\026\2171&\264\266~\002\343\011\306\214\227"
 232      3126B4B6 
 232      7E02E309 
ARM GAS  /tmp/cc8zqVZ7.s 			page 18


 232      C68C97
 233 09d3 955E55E3 		.ascii	"\225^U\343g\214i,\035/T\341Y\306\014\247$\222a\2341"
 233      678C692C 
 233      1D2F54E1 
 233      59C60CA7 
 233      2492619C 
 234 09e8 2D579F46 		.ascii	"-W\237F!\034\254bc\372X\302\260\034\2072f\"\245\273"
 234      211CAC62 
 234      63FA58C2 
 234      B01C8732 
 234      6622A5BB 
 235 09fc 4A852318 		.ascii	"J\205#\030s\177\276)\012\343\030\306\\\037;\331\246"
 235      737FBE29 
 235      0AE318C6 
 235      5C1F3BD9 
 235      A6
 236 0a0d C1098C99 		.ascii	"\301\011\214\231\276t\360\234\022'2&\246\354H\245\013"
 236      BE74F09C 
 236      12273226 
 236      A6EC48A5 
 236      0B
 237 0a1e 4E65CC73 		.ascii	"Ne\314sSm\244\013Ng\214e\371\245e\313\257\310\311=\027"
 237      536DA40B 
 237      4E678C65 
 237      F9A565CB 
 237      AFC8C93D 
 238 0a33 B5D8CCAE 		.ascii	"\265\330\314\256=9\337\220\356\2023\031S~*~\326\231"
 238      3D39DF90 
 238      EE823319 
 238      537E2A7E 
 238      D699
 239 0a45 02BFA44B 		.ascii	"\002\277\244K\272\211\241\016g|\234]\333?R}\317\031"
 239      BA89A10E 
 239      677C9C5D 
 239      DB3F527D 
 239      CF19
 240 0a57 E732E661 		.ascii	"\3472\346a\325#\223\214\0027Q\335/\014\204hq\001\273"
 240      D523938C 
 240      023751DD 
 240      2F0C8468 
 240      7101BB
 241 0a6a 762B3E2C 		.ascii	"v+>,\307\021\0272&\274\362\300qV\365\177\242\323\310"
 241      C7111732 
 241      26BCF2C0 
 241      7156F57F 
 241      A2D3C8
 242 0a7d 91D45247 		.ascii	"\221\324RG\\\314\256=n(\270'\303g\031St!?\202\001\377"
 242      5CCCAE3D 
 242      6E28B827 
 242      C3671953 
 242      74213F82 
 243 0a93 0AECBF6D 		.ascii	"\012\354\277m\014\355\030\325\262\245\303\233+%~\256"
 243      0CED18D5 
 243      B2A5C39B 
 243      2B257EAE 
 244 0aa3 74AC9D3B 		.ascii	"t\254\235;_\360\253\334\323&\222\266\022\367\337\001"
 244      5FF0ABDC 
ARM GAS  /tmp/cc8zqVZ7.s 			page 19


 244      D32692B6 
 244      12F7DF01 
 245 0ab3 F72FC8A4 		.ascii	"\367/\310\244\323V\272\314K\311U\302`K\240\003bh\251"
 245      D356BACC 
 245      4BC955C2 
 245      604BA003 
 245      6268A9
 246 0ac6 28EB37E7 		.ascii	"(\3537\347\362\330Gb\354\250L\204=\301c\237\212\261"
 246      F2D84762 
 246      ECA84C84 
 246      3DC1639F 
 246      8AB1
 247 0ad8 13626C2A 		.ascii	"\023bl*\217\035\024c\217\313xu\205y\377MH\020\332\341"
 247      8F1D1463 
 247      8FCB7875 
 247      8579FF4D 
 247      4810DAE1 
 248 0aec 12EAE06E 		.ascii	"\022\352\340n c\363>\354\212\302\360Jd\002\212\004J"
 248      2063F33E 
 248      EC8AC2F0 
 248      4A64028A 
 248      044A
 249 0afe 009A8141 		.ascii	"\000\232\201A7\032\216Q@\273\201B\200f\241l\036(\026"
 249      371A8E51 
 249      40BB8142 
 249      8066A16C 
 249      1E2816
 250 0b11 CEE38042 		.ascii	"\316\343\200B\201\202\201b\200\366\002\315\301\265\010"
 250      81828162 
 250      80F602CD 
 250      C1B508
 251 0b20 382EC171 		.ascii	"8.\301q\021\350\005P8\360{\200\342\261u^3\027\360z\217"
 251      11E80550 
 251      38F07B80 
 251      E2B1755E 
 251      3317F07A 
 252 0b35 4BB7D16A 		.ascii	"K\267\321j\346|\036\372D\014},6G8\217\275%\306\212&"
 252      E67C1EFA 
 252      440C7D2C 
 252      3647388F 
 252      BD25C68A 
 253 0b4a 4B733A0F 		.ascii	"Ks:\017\035\022C\353E\032\304\362\320\273b\250x\201"
 253      1D1243EB 
 253      451AC4F2 
 253      D0BB62A8 
 253      7881
 254 0b5c 698EE3B1 		.ascii	"i\216\343\261\367\244\203\302*\266\220\207>\023C\247"
 254      F7A483C2 
 254      2AB69087 
 254      3E1343A7 
 255 0b6c C40D4BE3 		.ascii	"\304\015K\343\261\017\305\330Kb\354R\266\005\333#i\004"
 255      B10FC5D8 
 255      4B62EC52 
 255      B605DB23 
 255      6904
 256 0b7e AB0639BC 		.ascii	"\253\0069\274\324\021\351\250\264BO\362\320Iie\255\320"
 256      D411E9A8 
ARM GAS  /tmp/cc8zqVZ7.s 			page 20


 256      B4424FF2 
 256      D0496965 
 256      ADD0
 257 0b90 3C1E3A26 		.ascii	"<\036:&\3550+4\202\207\336\026CE\213as\014\017\355\227"
 257      ED302B34 
 257      8287DE16 
 257      43458B61 
 257      730C0FED 
 258 0ba5 7682151A 		.ascii	"v\202\025\032\315C\373\244\373\260\300X\207y\354\260"
 258      CD43FBA4 
 258      FBB0C058 
 258      8779ECB0 
 259 0bb5 741808B0 		.ascii	"t\030\010\260\007y\354}\351\316&\300\036\342\261\017"
 259      0779EC7D 
 259      E9CE26C0 
 259      1EE2B10F 
 260 0bc5 A41D6655 		.ascii	"\244\035fU\267\214\207>\027C\247E\320H\036\332+m/\301"
 260      B78C873E 
 260      1743A745 
 260      D0481EDA 
 260      2B6D2FC1 
 261 0bd9 CED2025D 		.ascii	"\316\322\002]\236/Hex\2155\3473\234\205\011\324\202"
 261      9E2F4865 
 261      788D35E7 
 261      339C8509 
 261      D482
 262 0beb 4D02B51F 		.ascii	"M\002\265\037[\022\250\341\275\241\177\302\017\350\230"
 262      5B12A8E1 
 262      BDA17FC2 
 262      0FE898
 263 0bfa 8A83AB4F 		.ascii	"\212\203\253O\307`\310c\27146\204\216&|\3657@\237D\314"
 263      C760C863 
 263      B9343684 
 263      8E267CF5 
 263      37409F44 
 264 0c0f 46936418 		.ascii	"F\223d\030M\222\004\275\035\246\325\241\267\012\331"
 264      4D9204BD 
 264      1DA6D5A1 
 264      B70AD9
 265 0c1e C80AB2D1 		.ascii	"\310\012\262\321\001\314\260\366r\323\324P\2429 ^\326"
 265      01CCB0F6 
 265      72D3D450 
 265      A239205E 
 265      D6
 266 0c2f 7C3E7120 		.ascii	"|>q L\215G\330(\337Wze\322\021\2173\346`\321\014\244"
 266      4C8D47D8 
 266      28DF577A 
 266      65D2118F 
 266      33E660D1 
 267 0c45 77338CA9 		.ascii	"w3\214\251\317O\377+\206i\234\344\337\003iE\245.\310"
 267      CF4FFF2B 
 267      86699CE4 
 267      DF036945 
 267      A52EC8
 268 0c58 75C50A8D 		.ascii	"u\305\012\215\345!J\006\326\240CX\374\020e\346\037\311"
 268      E5214A06 
 268      D6A04358 
ARM GAS  /tmp/cc8zqVZ7.s 			page 21


 268      FC1065E6 
 268      1FC9
 269 0c6a 05FAC485 		.ascii	"\005\372\304\205\034%6\263\323\240]\344\222\003:\214"
 269      1C2536B3 
 269      D3A05DE4 
 269      92033A8C 
 270 0c7a 57A0744C 		.ascii	"W\240tLs\375{\373'\"$\367m%\321\017\367L\326\333\354"
 270      73FD7BFB 
 270      272224F7 
 270      6D25D10F 
 270      F74CD6DB 
 271 0c8f 869AB1CD 		.ascii	"\206\232\261\315\022\217\267|\373@\302E\204Ci\023\320"
 271      128FB77C 
 271      FB40C245 
 271      84436913 
 271      D0
 272 0ca0 F9E1F80A 		.ascii	"\371\341\370\012\015\216f\314\201\361\262.G\234\314"
 272      0D8E66CC 
 272      81F1B22E 
 272      479CCC
 273 0caf 9889A6F4 		.ascii	"\230\211\246\364\032glV\333\354\375\257d{\377\263{#"
 273      1A676C56 
 273      DBECFDAF 
 273      647BFFB3 
 273      7B23
 274 0cc1 F66828BB 		.ascii	"\366h(\273d\371\321\214'\251:\341\210\365i\307\300c"
 274      64F9D18C 
 274      27A93AE1 
 274      88F569C7 
 274      C063
 275 0cd3 FAB42317 		.ascii	"\372\264#\027\3648\206\371\204g\245\360i\2079\304\364"
 275      F43886F9 
 275      8467A5F0 
 275      698739C4 
 275      F4
 276 0ce4 B3E05582 		.ascii	"\263\340U\202\344<\007\232\266\222\313\341\216C\343"
 276      E43C079A 
 276      B692CBE1 
 276      8E43E3
 277 0cf3 B269E364 		.ascii	"\262i\343d\3717\263Ni-\202{\256\354\247O1\362Ap\226"
 277      F937B34E 
 277      692D827B 
 277      AEECA74F 
 277      31F24170 
 278 0d08 55702E7E 		.ascii	"Up.~\245\344<i\311g\036\337\212\343%\217\225O9\347\221"
 278      A5E43C69 
 278      C9671EDF 
 278      8AE3258F 
 278      954F39E7 
 279 0d1d 24ED0488 		.ascii	"$\355\004\210\316\264\212\316\177\265\350\002I\321\250"
 279      CEB48ACE 
 279      7FB5E802 
 279      49D1A8
 280 0d2c AB7CECB1 		.ascii	"\253|\354\261\213\320#'l<r\222\367\310\356\234\027\305"
 280      8BD02327 
 280      6C3C7292 
 280      F7C8EE9C 
ARM GAS  /tmp/cc8zqVZ7.s 			page 22


 280      17C5
 281 0d3e 18E73353 		.ascii	"\030\3473S\317/\354Iv\301\245\224\221\365\037\231\336"
 281      CF2FEC49 
 281      76C1A594 
 281      91F51F99 
 281      DE
 282 0d4f 2EFDF8E3 		.ascii	".\375\370\3434\266\363\370\343\334\331\251\357\210\331"
 282      34B6F3F8 
 282      E3DCD9A9 
 282      EF88D9
 283 0d5e 4F416545 		.ascii	"OAeE\326&4\013r\335\236\202\316\032\214/\260\372\232"
 283      D626340B 
 283      72DD9E82 
 283      CE1A8C2F 
 283      B0FA9A
 284 0d71 DA534297 		.ascii	"\332SB\227\341:V_\373B\330\233\322\365\225\332\251\317"
 284      E13A565F 
 284      FB42D89B 
 284      D2F595DA 
 284      A9CF
 285 0d83 3C0FF672 		.ascii	"<\017\366r@g\240\266\022\351\332\006\236\366\344hq\013"
 285      4067A0B6 
 285      12E9DA06 
 285      9EF6E468 
 285      710B
 286 0d95 AB2D6DEF 		.ascii	"\253-m\357\324\234\034w\262\332Jb\372B\261tu\347\354"
 286      D49C1C77 
 286      B2DA4A62 
 286      FA42B174 
 286      75E7EC
 287 0da8 55B748AB 		.ascii	"U\267H\253+\207\352\312\244\253\273;Ru\\\216\373\324"
 287      2B87EACA 
 287      A4ABBB3B 
 287      52755C8E 
 287      FBD4
 288 0dba 364F429C 		.ascii	"6OB\234\331\223\220\314\361\324L9~\300j\257y\\\366t"
 288      D99390CC 
 288      F1D44C39 
 288      7EC06AAF 
 288      795CF674 
 289 0dce 9974ED17 		.ascii	"\231t\355\027\354\325\276Dk\257\202\332\317K\327~\251"
 289      ECD5BE44 
 289      6BAF82DA 
 289      CF4BD77E 
 289      A9
 290 0ddf EBD6840A 		.ascii	"\353\326\204\012\217\253m\236.8\263\247\013\315\207"
 290      8FAB6D9E 
 290      2E38B3A7 
 290      0BCD87
 291 0dee CD252E78 		.ascii	"\315%.x\216\325\336y\344f\250\314\022w\321\355\005["
 291      8ED5DE79 
 291      E466A8CC 
 291      1277D1ED 
 291      055B
 292 0e00 7683CF6A 		.ascii	"v\203\317j@\360%\374\362\372Dr\271s\031K=\031D\007\207"
 292      40F025FC 
 292      F2FA4472 
ARM GAS  /tmp/cc8zqVZ7.s 			page 23


 292      B973194B 
 292      3D194407 
 293 0e15 52EF29C9 		.ascii	"R\357)\311\250\021\362\272w\214\314W\230\2648\337\221"
 293      A811F2BA 
 293      778CCC57 
 293      98B438DF 
 293      91
 294 0e26 EA5C52DB 		.ascii	"\352\\R\333\327\264\014\237fL\305\303\335\335*\\\306"
 294      D7B40C9F 
 294      664CC5C3 
 294      DDDD2A5C 
 294      C6
 295 0e37 98999187 		.ascii	"\230\231\221\207\217\020\256f\314\311\336\313\273\240"
 295      8F10AE66 
 295      CCC9DECB 
 295      BBA0
 296 0e45 654A0D19 		.ascii	"eJ\015\031\261g\350\000\360\277\240\270\341FK\253\202"
 296      B167E800 
 296      F0BFA0B8 
 296      E1464BAB 
 296      82
 297 0e56 96932215 		.ascii	"\226\223\"\025\035\023\356\306\315\312\230\231M/i\324"
 297      1D13EEC6 
 297      CDCA9899 
 297      4D2F69D4 
 298 0e66 041A292D 		.ascii	"\004\032)-\206\206\236\323\210-O\006\0072\330\223A\260"
 298      86869ED3 
 298      882D4F06 
 298      0732D893 
 298      41B0
 299 0e78 4883D522 		.ascii	"H\203\325\"J\353\223Asmj9?\326\364\334o\241\317\374"
 299      4AEB9341 
 299      736D6A39 
 299      3FD6F4DC 
 299      6FA1CFFC 
 300 0e8c 5A005E6F 		.ascii	"Z\000^o\205_\023\364\333\227+o\226\250\034\004/FL\204"
 300      855F13F4 
 300      DB972B6F 
 300      96A81C04 
 300      2F464C84 
 301 0ea0 68EC297C 		.ascii	"h\354)|\335\236\302\347\316fqkLP\241\316\252B\013\266"
 301      DD9EC2E7 
 301      CE66716B 
 301      4C50A1CE 
 301      AA420BB6 
 302 0eb4 06477C67 		.ascii	"\006G|g\367\242\032_e\026\274\231\333jv\301\327\031"
 302      F7A21A5F 
 302      6516BC99 
 302      DB6A76C1 
 302      D719
 303 0ec6 D3D55D93 		.ascii	"\323\325]\223\256\302=\214\271\\\\\261\026\337u\264"
 303      AEC23D8C 
 303      B95C5CB1 
 303      16DF75B4 
 304 0ed6 596E38D3 		.ascii	"Yn8\323\345\006\232\016\035\217\320\320\325\207\226"
 304      E5069A0E 
 304      1D8FD0D0 
ARM GAS  /tmp/cc8zqVZ7.s 			page 24


 304      D58796
 305 0ee5 8677C3C8 		.ascii	"\206w\303\310\035\025~\310\240\217\367&\267\313\360"
 305      1D157EC8 
 305      A08FF726 
 305      B7CBF0
 306 0ef4 14630E36 		.ascii	"\024c\0166\334r\301{4\364\274.*\263\015V_\2149;v,I\201"
 306      DC72C17B 
 306      34F4BC2E 
 306      2AB30D56 
 306      5F8C393B 
 307 0f0c D32923EB 		.ascii	"\323)#\353\3103W\331\365\315\035;M5\303\\\215z\241\225"
 307      C83357D9 
 307      F5CD1D3B 
 307      4D35C35C 
 307      8D7AA195 
 308 0f20 B7A55B19 		.ascii	"\267\245[\031\372\240,\011\343LV\335L\363`\236\012\347"
 308      FAA02C09 
 308      E34C56DD 
 308      4CF3609E 
 308      0AE7
 309 0f32 3266FC4E 		.ascii	"2f\374N\374\3342\\\304\230\335#\251f\204\313\031s?\354"
 309      FCDC325C 
 309      C498DD23 
 309      A96684CB 
 309      19733FEC 
 310 0f46 74BA1C5F 		.ascii	"t\272\034_dLR~\372\234\02270f\177\354\2353Z|\2351'G"
 310      644C527E 
 310      FA9C1237 
 310      30667FEC 
 310      9D335A7C 
 311 0f5e 260E2870 		.ascii	"&\016(p\027cN\015\367\374\016\367\261\206\204VU\016"
 311      17634E0D 
 311      F7FC0EF7 
 311      B1868456 
 311      550E
 312 0f70 2DE382C1 		.ascii	"-\343\202\301\034\005\372\015\203~\017_\267'\015I\367"
 312      1C05FA0D 
 312      837E0F5F 
 312      B7270D49 
 312      F7
 313 0f81 8BF4DBC7 		.ascii	"\213\364\333\3073\264x\224\325v8\270s\277\002?e\314"
 313      33B47894 
 313      D57638B8 
 313      73BF023F 
 313      65CC
 314 0f93 62667405 		.ascii	"bft\005\302\317\031s\267\360!$x"
 314      C2CF1973 
 314      B7F02124 
 314      78
 315 0fa0 A14E9449 		.ascii	"\241N\224Ii\216\271\241\305\211\214\211\271\324\337"
 315      698EB9A1 
 315      C5898C89 
 315      B9D4DF
 316 0faf A6C0198C 		.ascii	"\246\300\031\214\311\355\356\250S\341<\306\244\367O"
 316      C9EDEEA8 
 316      53E13CC6 
 316      A4F74F
ARM GAS  /tmp/cc8zqVZ7.s 			page 25


 317 0fbe DD75C445 		.ascii	"\335u\304E\214\271S\263\273C\216+\030\223z%q\312\011"
 317      8CB953B3 
 317      BB438E2B 
 317      18937A25 
 317      71CA09
 318 0fd1 5F614C48 		.ascii	"_aLHHU\255\002\2672\346ZTF*{\255\242\232\362\317B\373"
 318      4855AD02 
 318      B732E65A 
 318      54462A7B 
 318      ADA29AF2 
 319 0fe8 EBB5B88B 		.ascii	"\353\265\270\213]\354;~{I\216G)#\333\337\223\261Wfo"
 319      5DEC3B7E 
 319      7B498E47 
 319      2923DBDF 
 319      93B15766 
 320 0ffd 976456   		.ascii	"\227dV"
 321 1000 A2B1D46C 		.ascii	"\242\261\324l\263tl\233\001\303MK\030\216,\263\037N"
 321      B3746C9B 
 321      01C34D4B 
 321      188E2CB3 
 321      1F4E
 322 1012 C529F024 		.ascii	"\305)\360$\253\260i\274\264M\215g\030\363$a\000\034"
 322      ABB069BC 
 322      B44D8D67 
 322      18F32461 
 322      001C
 323 1024 BBC89833 		.ascii	"\273\310\23037\223\013e8DKU\311nz\262WnqL,8f\011\344"
 323      37930B65 
 323      38444B55 
 323      C96E7AB2 
 323      576E714C 
 324 103d 2FBCAE63 		.ascii	"/\274\256c\026\245\035s\263k L\216#i\015\250\247\"\354"
 324      16A51D73 
 324      B36B204C 
 324      8E23690D 
 324      A8A722EC 
 325 1051 85238E66 		.ascii	"\205#\216f\325\325\355}\361De\251n\2166(D\256A\301\362"
 325      D5D5ED7D 
 325      F14465A9 
 325      6E8E3628 
 325      44AE41C1 
 326 1066 D79DCA77 		.ascii	"\327\235\312w\313%\247\362\333\347OVjp\"\255Du*\275"
 326      CB25A7F2 
 326      DBE74F56 
 326      6A7022AD 
 326      44752ABD 
 327 107a 11D24DB2 		.ascii	"\021\322M\262\340w]I\237\025\216\327O\214k\313Y\026"
 327      E0775D49 
 327      9F158ED7 
 327      4F8C6BCB 
 327      5916
 328 108c 4ADA6782 		.ascii	"J\332g\202\352\366\312_\361X\317\234\232I\262mb\353"
 328      EAF6CA5F 
 328      F158CF9C 
 328      9A49B26D 
 328      62EB
 329 109e 392CC25A 		.ascii	"9,\302Z3V~m\015\023\3233\320\205-F\010\230\244\302\021"
ARM GAS  /tmp/cc8zqVZ7.s 			page 26


 329      33567E6D 
 329      0D13D333 
 329      D0852D46 
 329      0898A4C2 
 330 10b3 A069981C 		.ascii	"\240i\230\034\026\301@Q@\241@\221r\301B\370 _\307\013"
 330      16C14051 
 330      40A14091 
 330      72C142F8 
 330      205FC70B 
 331 10c7 C93A0409 		.ascii	"\311:\004\011}J&I\213\001\"\365\274-=3v\231)<DI-\271"
 331      7D4A2649 
 331      8B0122F5 
 331      BC2D3D33 
 331      7699293C 
 332 10df 876B1A6F 		.ascii	"\207k\032o0\361\326\305!\276\326yq\255\202u\027\270"
 332      30F1D6C5 
 332      21BED679 
 332      71AD8275 
 332      17B8
 333 10f1 AAB7B36F 		.ascii	"\252\267\263o\016\222~W\251V\242\030h\334\3534\224j"
 333      0E927E57 
 333      A956A218 
 333      68DCEB34 
 333      946A
 334 1103 7FD85B8D 		.ascii	"\177\330[\215\242\001\374\334\032V\244)\226\260=W\232"
 334      A201FCDC 
 334      1A56A429 
 334      96B03D57 
 334      9A
 335 1114 BDA8C217 		.ascii	"\275\250\302\027Y\264\224\037\310\271\242\305\015\224"
 335      59B4941F 
 335      C8B9A2C5 
 335      0D94
 336 1122 F943C7C1 		.ascii	"\371C\307\301\320\033\316\210n\334\2702o\256\324\272"
 336      D01BCE88 
 336      6EDCB832 
 336      6FAED4BA 
 337 1132 BE45F772 		.ascii	"\276E\367r\336\\\311\025\303\251\253\226rZ\255u[G\353"
 337      DE5CC915 
 337      C3A9AB96 
 337      725AAD75 
 337      5B47EB
 338 1145 4A7FB484 		.ascii	"J\177\264\204F@\345d\377\357\316\261\010\330\250ES\240"
 338      4640E564 
 338      FFEFCEB1 
 338      08D8A845 
 338      53A0
 339 1157 49915C7A 		.ascii	"I\221\\zu*\3341\341\255\230\010m<\306\265\267\036\316"
 339      752ADC31 
 339      E1AD9808 
 339      6D3CC6B5 
 339      B71ECE
 340 116a 0F411BF3 		.ascii	"\017A\033\363\005\316,Z\232\034\307\354it\271\\\213"
 340      05CE2C5A 
 340      9A1CC7EC 
 340      6974B95C 
 340      8B
ARM GAS  /tmp/cc8zqVZ7.s 			page 27


 341 117b 06407EB1 		.ascii	"\006@~\261\035\323Rx\345d\331\257\031\274\006\340\355"
 341      1DD35278 
 341      E564D9AF 
 341      19BC06E0 
 341      ED
 342 118c 00CF90BF 		.ascii	"\000\317\220\277eo\261\336\337\220\335\354dJ\371\210"
 342      656FB1DE 
 342      DF90DDEC 
 342      644AF988 
 343 119c 26716739 		.ascii	"&qg9\325-i\037\025\374\201%R S1/k \323\\\002`\272\255"
 343      D52D691F 
 343      15FC8125 
 343      52205331 
 343      2F6B20D3 
 344 11b5 063F6631 		.ascii	"\006?f1\270\231\240\240\372\277\345\372C!\340\036\213"
 344      B899A0A0 
 344      FABFE5FA 
 344      4321E01E 
 344      8B
 345 11c6 CD215CD3 		.ascii	"\315!\\\323\012\355\321\001\376\357\304$\252\340\216"
 345      0AEDD101 
 345      FEEFC424 
 345      AAE08E
 346 11d5 64CE1E75 		.ascii	"d\316\036u`\0173\330\343\222\300\036\375-\015\315\364"
 346      600F33D8 
 346      E392C01E 
 346      FD2D0DCD 
 346      F4
 347 11e6 81442334 		.ascii	"\201D#4\357\201\375\346\021\235\213\242\333\3471I\016"
 347      EF81FDE6 
 347      119D8BA2 
 347      DBE73149 
 347      0E
 348 11f7 4A4160A3 		.ascii	"JA`\243u\347\265H\2402\261X\301\273V\0037\311D\032\213"
 348      75E7B548 
 348      A032B158 
 348      C1BB5603 
 348      37C9441A 
 349 120c B637668E 		.ascii	"\2667f\216\221(\267 \217\275\0029l\203\314\221F\012"
 349      9128B720 
 349      8FBD0239 
 349      6C83CC91 
 349      460A
 350 121e D608C972 		.ascii	"\326\010\311r\341z9]\256\265\204\371\370\322d\321W$"
 350      E17A395D 
 350      AEB584F9 
 350      F8D264D1 
 350      5724
 351 1230 B1CF22DD 		.ascii	"\261\317\"\335\317j\371bK3\366I,\236\035\250a\210\025"
 351      CF6AF962 
 351      4B33F649 
 351      2C9E1DA8 
 351      618815
 352 1243 6BC18A47 		.ascii	"k\301\212G\300\212\271@U@\373\201J\200R\200Z\254\226"
 352      C08AB940 
 352      5540FB81 
 352      4A805280 
ARM GAS  /tmp/cc8zqVZ7.s 			page 28


 352      5AAC96
 353 1256 3515353C 		.ascii	"5\0255<+\301\301\324\020\304\305\2678G\360\221j\323"
 353      2BC1C1D4 
 353      10C4C5B7 
 353      3847F091 
 353      6AD3
 354 1268 3C13982D 		.ascii	"<\023\230-\353W\314l$\357i{e\240\231\314)t\377\210,"
 354      EB57CC6C 
 354      24EF697B 
 354      65A099CC 
 354      2974FF88 
 355 127d D053C421 		.ascii	"\320S\304!\361\322\020y\373\241\002B\222\244\332\325"
 355      F1D21079 
 355      FBA10242 
 355      92A4DAD5 
 356 128d 52217911 		.ascii	"R!y\021\213\203\307\362|\022\035\206\246\026s\301\323"
 356      8B83C7F2 
 356      7C121D86 
 356      A61673C1 
 356      D3
 357 129e 00E797A1 		.ascii	"\000\347\227\241\211\373\200\216s\315\224|\236\324\203"
 357      89FB808E 
 357      73CD947C 
 357      9ED483
 358 12ad F12B7B20 		.ascii	"\361+{ \230\177f\313\376\020S\326;\35048\363\276t\017"
 358      987F66CB 
 358      FE1053D6 
 358      3BE83438 
 358      F3BE740F 
 359 12c1 B4EA0F7D 		.ascii	"\264\352\017}`\352\337\225\2374U\007c\272\024+\226j"
 359      60EADF95 
 359      9F345507 
 359      63BA142B 
 359      966A
 360 12d3 84604010 		.ascii	"\204`@\020mz\214a\026,D\235\253\240N\232\300E\334\366"
 360      6D7A8C61 
 360      162C449D 
 360      ABA04E9A 
 360      C045DCF6 
 361 12e7 3031F88D 		.ascii	"01\370\215\237\350\3311u\254\233\220\370k\226\214i\201"
 361      9FE8D931 
 361      75AC9B90 
 361      F86B968C 
 361      6981
 362 12f9 C567F950 		.ascii	"\305g\371Pm\226\014j\353\204\001\303\300\240\266\236"
 362      6D960C6A 
 362      EB8401C3 
 362      C0A0B69E 
 363 1309 3EFF04D4 		.ascii	">\377\004\324#k0\346\010\373\024\230`\350]nP$RS\305"
 363      236B30E6 
 363      08FB1498 
 363      60E85D6E 
 363      50245253 
 364 131e 3EB79D3B 		.ascii	">\267\235;L\375U\371\033\350DC\006\363X9\003\363S\302"
 364      4CFD55F9 
 364      1BE84443 
 364      06F35839 
ARM GAS  /tmp/cc8zqVZ7.s 			page 29


 364      03F353C2 
 365 1332 84780815 		.ascii	"\204x\010\025Y\254\000\254$e1\341\374\322\000!r\225"
 365      59AC00AC 
 365      246531E1 
 365      FCD20021 
 365      7295
 366 1344 EC505FE3 		.ascii	"\354P_\343lA\300W\000|\020\274\235\007t\016\350(\320"
 366      6C41C057 
 366      007C10BC 
 366      9D07740E 
 366      E828D0
 367 1357 09A0F340 		.ascii	"\011\240\363@M@g\201\262\201\016\000]\003\312\004\252"
 367      4D406781 
 367      B2810E00 
 367      5D03CA04 
 367      AA
 368 1368 06AA004A 		.ascii	"\006\252\000J\002j\006\252\004:\003t\021\350\002P<\320"
 368      026A06AA 
 368      043A0374 
 368      11E80250 
 368      3CD0
 369 137a 49C11C05 		.ascii	"I\301\034\005\006+\322\026\020\203\225\201!\342\254"
 369      062BD216 
 369      10839581 
 369      21E2AC
 370 1389 E948B9FC 		.ascii	"\351H\271\374\345\347?Y6C\300i\206\220\214\364\273\\"
 370      E5E73F59 
 370      3643C069 
 370      86908CF4 
 370      BB5C
 371 139b 14DA8B74 		.ascii	"\024\332\213t\316\0133\277\346\274\000\303\011\352\377"
 371      CE0B33BF 
 371      E6BC00C3 
 371      09EAFF
 372 13aa 899089CD 		.ascii	"\211\220\211\315g!C2\350\011\261\307\352\245\006n\241"
 372      67214332 
 372      E809B1C7 
 372      EAA5066E 
 372      A1
 373 13bb 6153418B 		.ascii	"aSA\213\377W\206\245\352\226q\021~\022kQ\241X]\341\036"
 373      FF5786A5 
 373      EA967111 
 373      7E126B51 
 373      A1585DE1 
 374 13d0 BAC0C0A5 		.ascii	"\272\300\300\245B\314)\320\222D's\210\035\224\203\000"
 374      42CC29D0 
 374      92442773 
 374      881D9483 
 374      00
 375 13e1 42AB8DCB 		.ascii	"B\253\215\313f\325\222'\212m\342\216e;\033\233\314\303"
 375      66D59227 
 375      8A6DE28E 
 375      653B1B9B 
 375      CCC3
 376 13f3 B4BF12A3 		.ascii	"\264\277\022\243\217J\317\204Vhx\276\245k\217K\333\336"
 376      8F4ACF84 
 376      566878BE 
ARM GAS  /tmp/cc8zqVZ7.s 			page 30


 376      A56B8F4B 
 376      DBDE
 377 1405 EAA84382 		.ascii	"\352\250C\202\276}P\272k\011:w\006\325\001r\223\233"
 377      BE7D50BA 
 377      6B093A77 
 377      06D50172 
 377      939B
 378 1417 3FE1FFDC 		.ascii	"?\341\377\334|k\313&\305bm\237(\355\0111\217\322\021"
 378      7C6BCB26 
 378      C5626D9F 
 378      28ED0931 
 378      8FD211
 379 142a FD0AE85B 		.ascii	"\375\012\350[+\306\212\237T\365\2477Z\347\354\247\322"
 379      2BC68A9F 
 379      54F5A737 
 379      5AE7ECA7 
 379      D2
 380 143b 9279438C 		.ascii	"\222yC\2147<\253\374\212\015\267d\251\331\307MC\366"
 380      373CABFC 
 380      8A0DB764 
 380      A9D9C74D 
 380      43F6
 381 144d 4C0CF9D1 		.ascii	"L\014\371\321\220`\326\272\307\365\013\211YK\340`\322"
 381      9060D6BA 
 381      C7F50B89 
 381      594BE060 
 381      D2
 382 145e 15AD0EAE 		.ascii	"\025\255\016\256\021L\265\225\2239\357\246\220\336Z"
 382      114CB595 
 382      9339EFA6 
 382      90DE5A
 383 146d F4524ACC 		.ascii	"\364RJ\314^\232\334\256&6\224\270\004z\027\271\223\255"
 383      5E9ADCAE 
 383      263694B8 
 383      047A17B9 
 383      93AD
 384 147f 9C64C93B 		.ascii	"\234d\311;Ar\345\317\251\344c\222\327\241\035\2034W"
 384      4172E5CF 
 384      A9E46392 
 384      D7A11D83 
 384      3457
 385 1491 2996BE5C 		.ascii	")\226\276\\9i\3769\271\234\363\322eA\273\212m\002\267"
 385      3969FE39 
 385      B99CF3D2 
 385      6541BB8A 
 385      6D02B7
 386 14a4 91B58B7A 		.ascii	"\221\265\213z\240\231K\364\310\366Y\205\324\204T\211"
 386      A0994BF4 
 386      C8F65985 
 386      D4845489 
 387 14b4 796FE571 		.ascii	"yo\345q\341u\004:\326Q\351\216e\035\271\347s7\020,\261"
 387      E175043A 
 387      D651E98E 
 387      651DB9E7 
 387      7337102C 
 388 14c9 FD130ECB 		.ascii	"\375\023\016\313\333^\374P\242\217F\"\031^F\354\207"
 388      DB5EFC50 
ARM GAS  /tmp/cc8zqVZ7.s 			page 31


 388      A28F4622 
 388      195E46EC 
 388      87
 389 14da 225916A7 		.ascii	"\"Y\026\2477C\342xy\031\333\317\330\335\221\352\204"
 389      3743E278 
 389      7919DBCF 
 389      D8DD91EA 
 389      84
 390 14eb AF32A62D 		.ascii	"\2572\246-~\344\234\022\2671\346\370\215}\007]\244\367"
 390      7EE49C12 
 390      B731E6F8 
 390      8D7D075D 
 390      A4F7
 391 14fd BBA4DE83 		.ascii	"\273\244\336\203';\017\255\217\006\\\360}v\373\342\340"
 391      273B0FAD 
 391      8F065CF0 
 391      7D76FBE2 
 391      E0
 392 150e E5FF8987 		.ascii	"\345\377\211\207\330\371\314\344\301\267\360\030;_\212"
 392      D8F9CCE4 
 392      C1B7F018 
 392      3B5F8A
 393 151d 8AAB54E0 		.ascii	"\212\253T\340\011\306\204\346=\321\340\347\354<\345"
 393      09C684E6 
 393      3DD1E0E7 
 393      EC3CE5
 394 152c 6062AD12 		.ascii	"`b\255\022\277\240\214\272\244\351T\241\022qO~]\205"
 394      BFA08CBA 
 394      A4E954A1 
 394      12714F7E 
 394      5D85
 395 153e 63B475C1 		.ascii	"c\264u\301\326\303\015\207wa\240\271\005\303\327\035"
 395      D6C30D87 
 395      7761A0B9 
 395      05C3D71D 
 396 154e A03EA07E 		.ascii	"\240>\240~\240\333@\275\374p\266'd|iz\374o\270'\305"
 396      A0DB40BD 
 396      FC70B627 
 396      647C697A 
 396      FC6FB827 
 397 1563 3760B975 		.ascii	"7`\271u\023f\212\036{\331%t\277!\332\375\010\262K\214"
 397      13668A1E 
 397      7BD92574 
 397      BF21DAFD 
 397      08B24B8C 
 398 1577 B4995C01 		.ascii	"\264\231\\\001:\314C\273\245\241\202^\335\313c\333%"
 398      3ACC43BB 
 398      A5A1825E 
 398      DDCB63DB 
 398      25
 399 1588 151040EF 		.ascii	"\025\020@\357\360\320\0161\264J\244A\037\017\355\224"
 399      F0D00E31 
 399      B44AA441 
 399      1F0FED94 
 400 1598 860A56A4 		.ascii	"\206\012V\244=\364%\242\236\227\302\034\026\216\261"
 400      3DF425A2 
 400      9E97C21C 
ARM GAS  /tmp/cc8zqVZ7.s 			page 32


 400      168EB1
 401 15a7 E5C58B8E 		.ascii	"\345\305\213\216\302\367\206\006@R\233uJ\355\221\333"
 401      C2F78606 
 401      40529B75 
 401      4AED91DB 
 402 15b7 BC3764EB 		.ascii	"\2747d\353\016t\017\274\360\272\036!\217\251^<+\224"
 402      0E740FBC 
 402      F0BA1E21 
 402      8FA95E3C 
 402      2B94
 403 15c9 09F7F007 		.ascii	"\011\367\360\007l:\327\240\334\262\207\237\030[\224"
 403      6C3AD7A0 
 403      DCB2879F 
 403      185B94
 404 15d8 ABC0C5CE 		.ascii	"\253\300\305\316l\007\253\341\341#\233\235\177\322h"
 404      6C07ABE1 
 404      E1239B9D 
 404      7FD268
 405 15e7 EB5D0FF8 		.ascii	"\353]\017\370\273\206v\317D |\216\335\225\222u\344\364"
 405      BB8676CF 
 405      44207C8E 
 405      DD959275 
 405      E4F4
 406 15f9 327C8131 		.ascii	"2|\2011\021\261C\245j\\\313\230\376\305\364\027*\334"
 406      11B143A5 
 406      6A5CCB98 
 406      FEC5F417 
 406      2ADC
 407 160b 4A1955D6 		.ascii	"J\031U\326\305\232:9\342\326\247t\206/|1\363!7\303\017"
 407      C59A3A39 
 407      E2D6A774 
 407      862F7C31 
 407      F32137C3 
 408 1620 92DC146C 		.ascii	"\222\334\024l1\366\212%I\037\235c@\011\364P\022i\177"
 408      31F68A25 
 408      491F9D63 
 408      4009F450 
 408      12697F
 409 1633 5DE640D1 		.ascii	"]\346@\321\304t\023`\272Q0\325#\240q\240'@\217\205\363"
 409      C4741360 
 409      BA5130D5 
 409      23A071A0 
 409      27408F85 
 410 1648 F2683E1B 		.ascii	"\362h>\033j\310\227\025#\\5\334PS%\032j\314#\243\012"
 410      6AC89715 
 410      235C35DC 
 410      5053251A 
 410      6ACC23A3 
 411 165d 0E392C85 		.ascii	"\0169,\205\374\200\007\016\361\300!)\240\3659_o>\011"
 411      FC80070E 
 411      F1C02129 
 411      A0F5395F 
 411      6F3E09
 412 1670 9F3189F0 		.ascii	"\2371\211\360A\267K\236\301\204\035\355B\367\213z#z"
 412      41B74B9E 
 412      C1841DED 
 412      42F78B7A 
ARM GAS  /tmp/cc8zqVZ7.s 			page 33


 412      237A
 413 1682 EA975962 		.ascii	"\352\227Yb\351\321wj4\0052\237ZciL*\226\370U\352$\030"
 413      E9D1776A 
 413      3405329F 
 413      5A63694C 
 413      2A96F855 
 414 1699 E1750C02 		.ascii	"\341u\014\002\265&\344\225f\252m^E\226\222\342\360*"
 414      B526E495 
 414      66AA6D5E 
 414      459692E2 
 414      F02A
 415 16ab 1183CFEE 		.ascii	"\021\203\317\356?\226\013\203\352\231M(>\347\203*\241"
 415      3F960B83 
 415      EA994D28 
 415      3EE7832A 
 415      A1
 416 16bc 7BF2A60A 		.ascii	"{\362\246\012g\320\026\242\271\214\247Q\230\275\275"
 416      67D016A2 
 416      B98CA751 
 416      98BDBD
 417 16cb 44DFDA2D 		.ascii	"D\337\332-\273}h\232}\312\266\207^7\207\237*v\304\231"
 417      BB7D689A 
 417      7DCAB687 
 417      5E37879F 
 417      2A76C499 
 418 16df 0CFC28F1 		.ascii	"\014\374(\361\300\013%.bL_rn\256\022\2272\246\240\267"
 418      C00B252E 
 418      624C5F72 
 418      6EAE1297 
 418      32A6A0B7 
 419 16f3 AF5A862B 		.ascii	"\257Z\206+\031\323m\232\275\204q5cfb\373n\250-\343o"
 419      19D36D9A 
 419      BD847135 
 419      636662FB 
 419      6EA82DE3 
 420 1708 F8EB8CBF 		.ascii	"\370\353\214\277\203\223g\336\3005\354\356\262\201\350"
 420      839367DE 
 420      C035ECEE 
 420      B281E8
 421 1717 3039BEC6 		.ascii	"09\276\306\230\263\205g\0270ncL^sK\255\002w1\346\326"
 421      98B38567 
 421      17306E63 
 421      4C5E734B 
 421      AD027731 
 422 172d B99A5605 		.ascii	"\271\232V\005\276\303\230\0075\211\020Q\203\214\011"
 422      BEC39807 
 422      35891051 
 422      838C09
 423 173c 395ED6AE 		.ascii	"9^\326\256\302\243\214\231\312\011\353t\306\343\214"
 423      C2A38C99 
 423      CA09EB74 
 423      C6E38C
 424 174b B957F9E0 		.ascii	"\271W\371\340\210\034?g\314\305\375\317#\034\361\002"
 424      881C3F67 
 424      CCC5FDCF 
 424      231CF102 
 425 175b 634A1FE7 		.ascii	"cJ\037\347\377\017\034\374\006=\277\220\177\254X\205"
ARM GAS  /tmp/cc8zqVZ7.s 			page 34


 425      FF0F1CFC 
 425      063DBF90 
 425      7FAC5885 
 426 176b 4319F3EC 		.ascii	"C\031\363\354\320\310\357\354\276$\033\255\340^\222"
 426      D0C8EFEC 
 426      BE241BAD 
 426      E05E92
 427 177a FD2D6D45 		.ascii	"\375-mE\347\304\201\335\316\334;\262f\313;\262\326w"
 427      E7C481DD 
 427      CEDC3BB2 
 427      66CB3BB2 
 427      D677
 428 178c 2F6314CB 		.ascii	"/c\024\313-\367\020tVW\\\032\306\221\254\232\216\271"
 428      2DF71074 
 428      56575C1A 
 428      C691AC9A 
 428      8EB9
 429 179e B434393E 		.ascii	"\26449>\300\230k\251YY\354\021\225\231\276\251\273T"
 429      C0986BA9 
 429      5959EC11 
 429      9599BEA9 
 429      BB54
 430 17b0 DA791751 		.ascii	"\332y\027Q\007}B\367\2773\263\217j\354\352\264\317\242"
 430      077D42F7 
 430      BF33B38F 
 430      6AECEAB4 
 430      CFA2
 431 17c2 5327DBA7 		.ascii	"S'\333\247\274\331\232\260G-~q7^"
 431      BCD99AB0 
 431      472D7E71 
 431      375E
 432 17d0 B1022528 		.ascii	"\261\002%(\350\343w\252\324>\213R\315\246\224xg\234"
 432      E8E377AA 
 432      D43E8B52 
 432      CDA69478 
 432      679C
 433 17e2 C6F438DF 		.ascii	"\306\3648\337\3336\244\302\307\031cy\233X\313\336&~"
 433      DB36A4C2 
 433      C7196379 
 433      9B58CBDE 
 433      267E
 434 17f4 3B296FE8 		.ascii	";)o\350\004B6o6Y^wr\345\346\255\254\377(\230\267\022"
 434      0442366F 
 434      36595E77 
 434      72E5E6AD 
 434      ACFF2898 
 435 180a 15186529 		.ascii	"\025\030e)\004\003K\222B0\006\035\0101G\027\2221h\011"
 435      04034B92 
 435      4230061D 
 435      08314717 
 435      92316809 
 436 181e A0BBC5D0 		.ascii	"\240\273\305\320\001\321\264\021Qh\2316\026\345\"h\225"
 436      01D1B411 
 436      51689936 
 436      16E52268 
 436      95
 437 182f 78E24AE5 		.ascii	"x\342J\345\261{\305bE\357Q\230\314\207\335\000\012n"
ARM GAS  /tmp/cc8zqVZ7.s 			page 35


 437      B17BC562 
 437      45EF5198 
 437      CC87DD00 
 437      0A6E
 438 1841 42B11C94 		.ascii	"B\261\034\224\317XlrQP6\222W\326$\226j3\313\002\364"
 438      CF586C72 
 438      51503692 
 438      57D62496 
 438      6A33CB02 
 439 1856 200F0D17 		.ascii	" \017\015\027Cm\362 \3205\215\3275R\014\255\027A\343"
 439      436DF220 
 439      D0358DD7 
 439      35520CAD 
 439      1741E3
 440 1869 7868A818 		.ascii	"xh\250\030Z*6A\012\217\015\2236\201U\331C\274\262\021"
 440      5A2A3641 
 440      0A8F0D93 
 440      368155D9 
 440      43BCB211 
 441 187d D2CA0AC4 		.ascii	"\322\312\012\304\246\363b\243\244\265\025X6\207X\026"
 441      A6F362A3 
 441      A4B51558 
 441      36875816 
 442 188d 620D1DE0 		.ascii	"b\015\035\340\240\226\010\264y\255J8\244\316\310W\240"
 442      A09608B4 
 442      79AD4A38 
 442      A4CEC857 
 442      A0
 443 189e 5939B946 		.ascii	"Y9\271F\340d<-P\270\242|\005,\036\201\262\201R\201\322"
 443      E0643C2D 
 443      50B8A27C 
 443      052C1E81 
 443      B2815281 
 444 18b3 80728052 		.ascii	"\200r\200R\200r\201\216\003e\000\231\201\016\002\245"
 444      8072818E 
 444      03650099 
 444      810E02A5 
 445 18c3 031D013A 		.ascii	"\003\035\001:\014t\024\350\020\3201\240L\240d\205er"
 445      0C7414E8 
 445      10D031A0 
 445      4CA06485 
 445      6572
 446 18d5 828667F0 		.ascii	"\202\206g\360\015\217\0237\346\261\310F\261<t\217\264"
 446      0D8F1337 
 446      E6B1C846 
 446      B13C748F 
 446      B4
 447 18e6 E9AD5E0A 		.ascii	"\351\255^\012\347M\264 \035\250V\251Q\274\324`\351\210"
 447      E74DB420 
 447      1DA856A9 
 447      51BCD460 
 447      E988
 448 18f8 B25813B0 		.ascii	"\262X\023\2601<6D\272\253\010\274\264t\302\242\302\274"
 448      313C3644 
 448      BAAB08BC 
 448      B474C2A2 
 448      C2BC
ARM GAS  /tmp/cc8zqVZ7.s 			page 36


 449 190a 580571E2 		.ascii	"X\005q\342\266\310C_HB\255\223\351\374\0112\231\002"
 449      B6C8435F 
 449      4842AD93 
 449      E9FC0932 
 449      9902
 450 191c E2E55C6C 		.ascii	"\342\345\\la\351z\233Z\270\211/\360%:\011.\374\277\355"
 450      61E97A9B 
 450      5AB8892F 
 450      F0253A09 
 450      2EFCBFED 
 451 1930 4EAA605E 		.ascii	"N\252`^\240\032\235\200\212\346\254\0237\321\3262q^"
 451      A01A9D80 
 451      8AE6AC13 
 451      37D1D632 
 451      715E
 452 1942 8D0A3E6D 		.ascii	"\215\012>m\363N\322\011\205p\342,T\3609\334\324\314"
 452      F34ED209 
 452      8570E22C 
 452      54F039DC 
 452      D4CC
 453 1954 73479C4F 		.ascii	"sG\234O\207@\227\320\244\223{\035\221p\264\343\236\366"
 453      874097D0 
 453      A4937B1D 
 453      9170B4E3 
 453      9EF6
 454 1966 14458E1E 		.ascii	"\024E\216\036\227Y?\331;\006\253\377r\273\275\014~\301"
 454      97593FD9 
 454      3B06ABFF 
 454      72BBBD0C 
 454      7EC1
 455 1978 F403AAA3 		.ascii	"\364\003\252\243\262\345(\223\203\362\3737\242m\373"
 455      B2E52893 
 455      83F2FB37 
 455      A26DFB
 456 1987 FE830D2D 		.ascii	"\376\203\015-t\315\265\204\264\310$\226k\273\227\332"
 456      74CDB584 
 456      B4C82496 
 456      6BBB97DA 
 457 1997 7F68584E 		.ascii	"\177hXNF[\"7K,W\364\332Z\177E.\223K\364\255\023\313"
 457      465B2237 
 457      4B2C57F4 
 457      DA5A7F45 
 457      2E934BF4 
 458 19ae 15BF93C8 		.ascii	"\025\277\223\310^\036$o\203\327\212\241/\275\020\310"
 458      5E1E246F 
 458      83D78AA1 
 458      2FBD10C8 
 459 19be DEA024EF 		.ascii	"\336\240$\357\255_\224\306Zu\350\342\332\006y\012\232"
 459      AD5F94C6 
 459      5A75E8E2 
 459      DA06790A 
 459      9A
 460 19cf 968BC0A3 		.ascii	"\226\213\300\243v\306\205\323\000(&\200\022\304\356"
 460      76C685D3 
 460      00282680 
 460      12C4EE
 461 19de 20B1741E 		.ascii	" \261t\036b\251\030b\340\034\320i\240\022\240S@\225"
ARM GAS  /tmp/cc8zqVZ7.s 			page 37


 461      62A91862 
 461      E01CD069 
 461      A012A053 
 461      4095
 462 19f0 4067814A 		.ascii	"@g\201J\201\316\000U\000U\001\225\001]P\010r\323C\303"
 462      81CE0055 
 462      00550195 
 462      015D5008 
 462      72D343C3 
 463 1a04 FF856CCB 		.ascii	"\377\205l\313\222Ok\016sj\333\371\356\241\2363\034\331"
 463      924F6B0E 
 463      736ADBF9 
 463      EEA19E33 
 463      1CD9
 464 1a16 2A68152B 		.ascii	"*h\025+-~\213\257?\203kb\245L\213\316K\207\205`\211"
 464      2D7E8BAF 
 464      3F836B62 
 464      A54C8BCE 
 464      4B878560 
 465 1a2b 131B41BA 		.ascii	"\023\033A\272U\371K\335\212\212\272&\360\330uikYM\333"
 465      55F94BDD 
 465      8A8ABA26 
 465      F0D87569 
 465      6B594DDB 
 466 1a3f CBD50B91 		.ascii	"\313\325\013\221\214\212\024\"\260`@\203\016\333T\331"
 466      8C8A1422 
 466      B0604083 
 466      0EDB54D9 
 467 1a4f 12E16C49 		.ascii	"\022\341lIx\317\3279\203\006\027\001]b\375\372\263\\"
 467      78CFD739 
 467      83061701 
 467      5D62FDFA 
 467      B35C
 468 1a61 2191F2F2 		.ascii	"!\221\362\362~\250\006\333\377\237\360\003\311\"\323"
 468      7EA806DB 
 468      FF9FF003 
 468      C922D3
 469 1a70 D2066DBE 		.ascii	"\322\006m\276\335\277h\323-/\361\335\362\354\\\321\210"
 469      DDBF68D3 
 469      2D2FF1DD 
 469      F2EC5CD1 
 469      88
 470 1a81 827E150A 		.ascii	"\202~\025\012e\334\227\242\373\017\266\231\235\355\177"
 470      65DC97A2 
 470      FB0FB699 
 470      9DED7F
 471 1a90 155AA320 		.ascii	"\025Z\243 _\205^Vp_\205F\367\205\304;\341\"\226\333"
 471      5F855E56 
 471      705F8546 
 471      F785C43B 
 471      E12296DB 
 472 1aa4 34F7B4F4 		.ascii	"4\367\264\364\310\271\177\266\320e\363\317\026\340."
 472      C8B97FB6 
 472      D065F3CF 
 472      16E02E
 473 1ab3 744561FD 		.ascii	"tEa\375g\013pN\225E\265\212\367Hv\031\033\035\247\301"
 473      670B704E 
ARM GAS  /tmp/cc8zqVZ7.s 			page 38


 473      9545B58A 
 473      F7487619 
 473      1B1DA7C1 
 474 1ac7 0D5C0E97 		.ascii	"\015\\\016\227U:\355B\245\230\317g*\353M\325KK\377H"
 474      553AED42 
 474      A598CF67 
 474      2AEB4DD5 
 474      4B4BFF48 
 475 1adb 05D40904 		.ascii	"\005\324\011\004\324Y\004\324S\001y\031q\220\253\016"
 475      D45904D4 
 475      53017919 
 475      7190AB0E 
 476 1aeb 32012547 		.ascii	"2\001%G\333\012\024L\300</\200\374\273\207\006\201\200"
 476      DB0A144C 
 476      C03C2F80 
 476      FCBB8706 
 476      8180
 477 1afd 068B80AB 		.ascii	"\006\213\200\253T@vv\307\011\005~\314\004\014\207\364"
 477      54407676 
 477      C709057E 
 477      CC040C87 
 477      F4
 478 1b0e 8F2B4140 		.ascii	"\217+A@\277i|i\377}\217\220\31403\225\202~A\3054\012"
 478      BF697C69 
 478      FF7D8F90 
 478      CC303395 
 478      827E41C5 
 479 1b24 C4345AC4 		.ascii	"\3044Z\304\\\243b*\237D_W\2637\011449m\214Oe)g\016{"
 479      5CA3622A 
 479      9F445F57 
 479      B3370934 
 479      34396D8C 
 480 1b3e ED67A634 		.ascii	"\355g\2464\233\373_\017\354\275\374\312\241g\354\213"
 480      9BFB5F0F 
 480      ECBDFCCA 
 480      A167EC8B 
 481 1b4e 8777E9C2 		.ascii	"\207w\351\302\240\252\342\201\022\237\376\031{]\355"
 481      A0AAE281 
 481      129FFE19 
 481      7B5DED
 482 1b5d EAC1722D 		.ascii	"\352\301r-\276\302\230\214\370\264g\012\334\310\230"
 482      BEC2988C 
 482      F8B4670A 
 482      DCC898
 483 1b6c CCA9D609 		.ascii	"\314\251\326\0115nc\314\321\302\362\277\340\036v^b."
 483      356E63CC 
 483      D1C2F2BF 
 483      E01E765E 
 483      622E
 484 1b7e A8C3B89F 		.ascii	"\250\303\270\2371\227\306\362\243\234\361 cr\216\305"
 484      3197C6F2 
 484      A39CF120 
 484      63728EC5 
 485 1b8e 3CC47898 		.ascii	"<\304x\2302\216/z\262z4\374\336\312Ja8\266@>\321J3\312"
 485      328E2F7A 
 485      B27A34FC 
 485      DECA4A61 
ARM GAS  /tmp/cc8zqVZ7.s 			page 39


 485      38B6403E 
 486 1ba6 6E2E16FB 		.ascii	"n.\026\373!\026\373 \276\356\002\365\000\335\006\272"
 486      2116FB20 
 486      BEEE02F5 
 486      00DD06BA 
 487 1bb6 03740BA8 		.ascii	"\003t\013\250W\320\367\307\357$\217\375\202{4I\372\326"
 487      57D0F7C7 
 487      EF248FFD 
 487      827B3449 
 487      FAD6
 488 1bc8 4DB052B7 		.ascii	"M\260R\267\335\231\232\177\217\230@;\305\320\227\366"
 488      DD999A7F 
 488      8F98403B 
 488      C5D097F6 
 489 1bd8 5817B22D 		.ascii	"X\027\262-\330vi\261\002l\024/\267K\214\025\277t\274"
 489      D87669B1 
 489      026C142F 
 489      B74B8C15 
 489      BF74BC
 490 1beb C48BED90 		.ascii	"\304\213\355\220V\301\012}\302C\333\304P\321\244>F7"
 490      56C10A7D 
 490      C243DBC4 
 490      50D1A43E 
 490      4637
 491 1bfd 58BAA547 		.ascii	"X\272\245G\237Ynw\233\010\272!)\210\265\004\006\224"
 491      9F596E77 
 491      9B08BA21 
 491      2988B504 
 491      0694
 492 1c0f 4B4D43D7 		.ascii	"KMC\327\344\242\014\300\342\0364\000^\371\327x\210j"
 492      E4A20CC0 
 492      E21E3400 
 492      5EF9D778 
 492      886A
 493 1c21 16EDAB46 		.ascii	"\026\355\253F\367\340\246\353|\000S5-\303F\373B\323"
 493      F7E0A6EB 
 493      7C005335 
 493      2DC346FB 
 493      42D3
 494 1c33 DFE0A3CB 		.ascii	"\337\340\243\313\331\276\310B|\211\002\3472\346\300"
 494      D9BEC842 
 494      7C8902E7 
 494      32E6C0
 495 1c42 D584BFE2 		.ascii	"\325\204\277\342\"v^P\020\237\244\302g\0313|a\270\322"
 495      22765E50 
 495      109FA4C2 
 495      6719337C 
 495      61B8D2
 496 1c55 09573126 		.ascii	"\011W1&#\366\364,[\377\006\321}\305\256pg|\205]*\271"
 496      23F6F42C 
 496      5BFF06D1 
 496      7DC5AE70 
 496      677C855D 
 497 1c6b 50FC947D 		.ascii	"P\374\224}\254\024N7\367\372\342/\034V\260\000\204\251"
 497      AC144E37 
 497      F7FAE22F 
 497      1C56B000 
ARM GAS  /tmp/cc8zqVZ7.s 			page 40


 497      84A9
 498 1c7d 5FD8C026 		.ascii	"_\330\300&h`3\215\277G\\\353&\240uO\241%\343@O\200\306"
 498      6860338D 
 498      BF475CEB 
 498      26A0754F 
 498      A125E340 
 499 1c94 801E034D 		.ascii	"\200\036\003MZc\317\324_\311vII\343\036B\343\310\275"
 499      5A63CFD4 
 499      5FC97649 
 499      49E31E42 
 499      E3C8BD
 500 1ca7 BCA926C4 		.ascii	"\274\251&\304It\375o9\350\220\030:,\\K\221\217\267,"
 500      4974FD6F 
 500      39E89018 
 500      3A2C5C4B 
 500      918FB72C 
 501 1cbb C8076264 		.ascii	"\310\007bd\275\350\351B\201\005y_\214\024f\222\324\013"
 501      BDE8E942 
 501      8105795F 
 501      8C146692 
 501      D40B
 502 1ccd E9B9243E 		.ascii	"\351\271$>\036I\305\207\251?\307\332\220A\261$\321#"
 502      1E49C587 
 502      A93FC7DA 
 502      9041B124 
 502      D123
 503 1cdf DFDB962A 		.ascii	"\337\333\226*G\304\300Q\2050\220\320\221\251\202\263"
 503      47C4C051 
 503      853090D0 
 503      91A982B3 
 504 1cef 2A7C8DBA 		.ascii	"*|\215\272B\226\337\327\031\243\345\377E\001\004\304"
 504      4296DFD7 
 504      19A3E5FF 
 504      450104C4 
 505 1cff 73B873CA 		.ascii	"s\270s\312\032\020\217\244&)\213W\3203p\306\353:\006"
 505      1A108FA4 
 505      26298B57 
 505      D03370C6 
 505      EB3A06
 506 1d12 6A8EDD5B 		.ascii	"j\216\335[;\343l\2637#%\311\341\247\304t>\034\314\300"
 506      3BE36CB3 
 506      372325C9 
 506      E1A7C474 
 506      3E1CCCC0 
 507 1d26 B883C552 		.ascii	"\270\203\305Rtv\307i%\375W0\246\352\234j\372\035\367"
 507      7476C769 
 507      25FD5730 
 507      A6EA9C6A 
 507      FA1DF7
 508 1d39 C2B1CC56 		.ascii	"\302\261\314V\366\337a\332\363\332\363\350\247d\311"
 508      F6DF61DA 
 508      F3DAF3E8 
 508      A764C9
 509 1d48 A333256A 		.ascii	"\2433%j\356\037\306\320\305\177w\363\203\034-\273\315"
 509      EE1FC6D0 
 509      C57F77F3 
 509      831C2DBB 
ARM GAS  /tmp/cc8zqVZ7.s 			page 41


 509      CD
 510 1d59 64A26FFC 		.ascii	"d\242o\374\035\010\271\367b\031-\271\306\266(\332#\237"
 510      1D08B9F7 
 510      62192DB9 
 510      C6B628DA 
 510      239F
 511 1d6b 3B7E5A62 		.ascii	";~Zb\0127\177F\315J\272\324,\250K\272\025\331c!]\353"
 511      0A377F46 
 511      CD4ABAD4 
 511      2CA84BBA 
 511      15D96321 
 512 1d81 321C49F7 		.ascii	"2\034I\367\232\203r\322\305^\300\221t\263y8BWC\013\012"
 512      9A8372D2 
 512      C55EC091 
 512      74B37938 
 512      4257430B 
 513 1d96 F652D3B3 		.ascii	"\366R\323\263\205[\210Uv3\311\244\026\276c\366>\367"
 513      855B8855 
 513      7633C9A4 
 513      16BE63F6 
 513      3EF7
 514 1da8 8E59576B 		.ascii	"\216YWk\363\015\027N\347\373y\364S\362\303i\375I\230"
 514      F30D174E 
 514      E7FB79F4 
 514      53F2C369 
 514      FD4998
 515 1dbb E93C4B75 		.ascii	"\351<KuN\233\013\351Rp:\027\035\247\263\363\245\363"
 515      4E9B0BE9 
 515      52703A17 
 515      1DA7B3F3 
 515      A5F3
 516 1dcd 0991CE96 		.ascii	"\011\221\316\226f\230\350\253\212}]\217\276\026\251"
 516      6698E8AB 
 516      8A7D5D8F 
 516      BE16A9
 517 1ddc BDC4A96D 		.ascii	"\275\304\251mR\332\252\035\254dj\357V2\265C\224L\355"
 517      52DAAA1D 
 517      AC646AEF 
 517      5632B543 
 517      944CED
 518 1def 3D4AAAF6 		.ascii	"=J\252\366\324\271\352\366e\274\035\251N\007\306\313"
 518      D4B9EAF6 
 518      65BC1DA9 
 518      4E07C6CB 
 519 1dff 378A8413 		.ascii	"7\212\204\023[H\331$Lik\023r\275\227\035\377\377\227"
 519      5B48D924 
 519      4C696B13 
 519      72BD971D 
 519      FFFF97
 520 1e12 74A82D6E 		.ascii	"t\250-n\324\211\212\372\010M\203(\022\321\213\212Oi"
 520      D4898AFA 
 520      084D8328 
 520      12D18B8A 
 520      4F69
 521 1e24 54872A3F 		.ascii	"T\207*?\245\221\275\027\216$\272\303\341H\"<\002\216"
 521      A591BD17 
 521      8E24BAC3 
ARM GAS  /tmp/cc8zqVZ7.s 			page 42


 521      E148223C 
 521      028E
 522 1e36 10E52852 		.ascii	"\020\345(R\371)}x\322\226\036\241\375\345\021S\021d"
 522      F9297D78 
 522      D2961EA1 
 522      FDE51153 
 522      1164
 523 1e48 4FF35928 		.ascii	"O\363Y(\230dO&\222\272P\2013\254\213\012\006\310\031"
 523      98644F26 
 523      92BA5081 
 523      33AC8B0A 
 523      06C819
 524 1e5b 927AA028 		.ascii	"\222z\240(\270\031E+\177\011\002\012\237\267\346\331"
 524      B819452B 
 524      7F09020A 
 524      9FB7E6D9 
 525 1e6b A47DB936 		.ascii	"\244}\2716\377\241#FI\323>r\004\360\276\205\312\021"
 525      FFA12346 
 525      49D33E72 
 525      04F0BE85 
 525      CA11
 526 1e7d D5FB1964 		.ascii	"\325\373\031d\024(\3134\275\241F\233\336\246\331\030"
 526      1428CB34 
 526      BDA1469B 
 526      DEA6D918 
 527 1e8d CB666295 		.ascii	"\313fb\225\357\223\315\366\2433\007\344\024cn\010\201"
 527      EF93CDF6 
 527      A33307E4 
 527      14636E08 
 527      81
 528 1e9e 318B62EA 		.ascii	"1\213b\352-\2308\345\373\016ZOO\235\227\336\357GO\337"
 528      2D9838E5 
 528      FB0E5A4F 
 528      4F9D97DE 
 528      EF474FDF 
 529 1eb2 005FA3F2 		.ascii	"\000_\243\362\213\015\337\274\347\356\240\3766\320K"
 529      8B0DDFBC 
 529      E7EEA0FE 
 529      36D04B
 530 1ec1 EFF3A1B7 		.ascii	"\357\363\241\267\203\302\363\363\300@?\307-\036\356"
 530      83C2F3F3 
 530      C0403FC7 
 530      2D1EEE
 531 1ed0 1E7ADFEF 		.ascii	"\036z\337\357uz-\177\366\347\365[\235|\015p\223A\247"
 531      757A2D7F 
 531      F6E7F55B 
 531      9D7C0D70 
 531      9341A7
 532 1ee3 37EA7CB4 		.ascii	"7\352|\264p\036\244\0174\352\274\201Qy\007\006\004\300"
 532      701EA40F 
 532      34EABC81 
 532      51790706 
 532      04C0
 533 1ef5 99C6C7D7 		.ascii	"\231\306\307\327\300\235\252w\372\006\030?^\355i\324"
 533      C09DAA77 
 533      FA06183F 
 533      5EED69D4 
ARM GAS  /tmp/cc8zqVZ7.s 			page 43


 534 1f05 787A5A4E 		.ascii	"xzZN\177\347\266\323\240w\363\015\360\366\333\351\243"
 534      7FE7B6D3 
 534      A077F30D 
 534      F0F6DBE9 
 534      A3
 535 1f16 730BD0ED 		.ascii	"s\013\320\355\362\363\375\326\315\337\313{\207o\200"
 535      F2F3FDD6 
 535      CDDFCB7B 
 535      876F80
 536 1f25 CECDD347 		.ascii	"\316\315\323G\267\315k\247\237\321\323\370c\220\316"
 536      B7CD6BA7 
 536      9FD1D3F8 
 536      6390CE
 537 1f34 F0E10E87 		.ascii	"\360\341\016\207\225Rh\303\217\0067O\203\321\007$\002"
 537      955268C3 
 537      8F06374F 
 537      83D10724 
 537      02
 538 1f45 4445247F 		.ascii	"DE$\177\346itdu\300\231\\\257\363\362Q\354\322\373\032"
 538      E6697464 
 538      75C0995C 
 538      AFF3F251 
 538      ECD2FB1A 
 539 1f59 7572C38F 		.ascii	"ur\303\217\001\336.\237\373\005z\177\347\241\373\336"
 539      01DE2E9F 
 539      FB057A7F 
 539      E7A1FBDE 
 540 1f69 D75BB72E 		.ascii	"\327[\267.`[\240\372[\277\357<\015\276\377]\247\"'\001"
 540      605BA0FA 
 540      5BBFEF3C 
 540      0DBEFF5D 
 540      A7222701 
 541 1f7d 3BFD7FF3 		.ascii	";\375\177\363\341\207n\356;|\277\365\335\270\305-\320"
 541      E1876EEE 
 541      3B7CBFF5 
 541      DDB8C52D 
 541      D0
 542 1f8e E0B6C3CB 		.ascii	"\340\266\303\313\217\257\022\316=}\003\277%\002\240"
 542      8FAF12CE 
 542      3D7D03BF 
 542      2502A0
 543 1f9d 2EF576   		.ascii	".\365v"
 544 1fa0 9D115ABF 		.ascii	"\235\021Z\277-\360\343\227\357\010\012\324\033\015n"
 544      2DF0E397 
 544      EF080AD4 
 544      1B0D6E
 545 1faf 5BB6AEFF 		.ascii	"[\266\256\377x\265\333\327_{\270m\361X\267\361\373U"
 545      78B5DBD7 
 545      5F7BB86D 
 545      F158B7F1 
 545      FB55
 546 1fc1 6E061F6F 		.ascii	"n\006\037oO??\037\270\031\177\357o\324@\215\006\243"
 546      4F3F3F1F 
 546      B8197FEF 
 546      6FD4408D 
 546      06A3
 547 1fd3 97510736 		.ascii	"\227Q\0076\371\374\353\257<\277\331\260n\303\272\255"
ARM GAS  /tmp/cc8zqVZ7.s 			page 44


 547      F9FCEBAF 
 547      3CBFD9B0 
 547      6EC3BAAD 
 548 1fe3 6A72BA65 		.ascii	"jr\272e\353\306M\264l\215\373\326u\177^\353LN\3357n"
 548      EBC64DB4 
 548      6C8DFBD6 
 548      757F5EEB 
 548      4C4EDD37 
 549 1ff8 D8B016D8 		.ascii	"\330\260\026\330\015_\374\214"
 549      0D5FFC8C 
 550 2000 B01EEBB6 		.ascii	"\260\036\353\266XK\034I\311\346\265k<\376\331\311r\006"
 550      584B1C49 
 550      C9E6B56B 
 550      3CFED9C9 
 550      7206
 551 2012 A5F4FC2F 		.ascii	"\245\364\374/\233\327m\265\234o\371\347\015\356p\256"
 551      9BD76DB5 
 551      9C6FF9E7 
 551      0DEE70AE 
 552 2022 A0B5626F 		.ascii	"\240\265bo_\037\354m\360Q{{\005yy\373\032\177\324\030"
 552      5F1FEC6D 
 552      F0517B7B 
 552      057979FB 
 552      1A7FD418 
 553 2036 BCF55E46 		.ascii	"\274\365^F\357\035A^>Z\320\364\333\235\006\377@\037"
 553      EF1D415E 
 553      3E5AD0F4 
 553      DB9D06FF 
 553      401F
 554 2048 506E19B8 		.ascii	"Pn\031\270\334s\375F\217\265\236\253>_\267\325\312}"
 554      DC73FD46 
 554      8FB59EAB 
 554      3E5FB7D5 
 554      CA7D
 555 205a 62C37D06 		.ascii	"b\303}\006\334{\366m\007\002\241\331\216 \324s\227\257"
 555      DC7BF66D 
 555      0702A1D9 
 555      8E20D473 
 555      97AF
 556 206c 8F710789 		.ascii	"\217q\007\211(\367\300\200m\276\333\225\336\364\340"
 556      28F7C080 
 556      6DBEDB95 
 556      DEF4E0
 557 207b 0808561F 		.ascii	"\010\010V\037(\244\367!\247\032(\332\346\347\265\335"
 557      28A4F721 
 557      A71A28DA 
 557      E6E7B5DD 
 558 208b E06954EA 		.ascii	"\340iT\352\364\372@\275\001\353\275\275\324\306\035"
 558      F4FA40BD 
 558      01EBBDBD 
 558      D4C61D
 559 209a C4A7E064 		.ascii	"\304\247\340d\357\035\236\354\\\031\344\031\240\373"
 559      EF1D9EEC 
 559      5C19E419 
 559      A0FB
 560 20a8 C1088720 		.ascii	"\301\010\207 \275\356{\2251H\357\033\350i\374\324V\033"
 560      BDEE7B95 
ARM GAS  /tmp/cc8zqVZ7.s 			page 45


 560      3148EF1B 
 560      E869FCD4 
 560      561B
 561 20ba BD9173CB 		.ascii	"\275\221s\313\232\315\353\335\327\377\340\346\035\350"
 561      9ACDEBDD 
 561      D7FFE0E6 
 561      1DE8
 562 20c8 1FE4EBA7 		.ascii	"\037\344\353\247\323\033\334\276pww\363\336a\0113*\305"
 562      D31BDCBE 
 562      707777F3 
 562      DE610933 
 562      2AC5
 563 20da 379084B0 		.ascii	"7\220\204\260\021\204:\221\233\300\317Fo\343\017j\275"
 563      11843A91 
 563      9BC0CF46 
 563      6FE30F6A 
 563      BD
 564 20eb 6EBB97DE 		.ascii	"n\273\227\336\337\323\370\267?!z\207w\240^G\334lX\365"
 564      DFD3F8B7 
 564      3F217A87 
 564      77A05E47 
 564      DC6C58F5 
 565 20ff 29D0EF81 		.ascii	")\320\357\201>\003\372{lX\375\021\320*\240\325@\037"
 565      3E03FA7B 
 565      6C58FD11 
 565      D02AA0D5 
 565      401F
 566 2111 037D02F4 		.ascii	"\003}\002\364w@\200[\015\270\325\200[\015\270\217\001"
 566      7740805B 
 566      0DB8D580 
 566      5B0DB88F 
 566      01
 567 2122 F7F12A99 		.ascii	"\367\361*\231\376\023\231\376\357d\372Oe\372\337\313"
 567      FE1399FE 
 567      EF64FA4F 
 567      65FADFCB 
 568 2132 F49FC9F4 		.ascii	"\364\237\311\364\177\217\365\253>\002Z%\363\323\377"
 568      7F8FF5AB 
 568      3E025A25 
 568      F3D3FF
 569 2141 87D751C2 		.ascii	"\207\327Q\302\363\373\337\373\023E\364\253>V\004yB\033"
 569      F3FBDFFB 
 569      1345F4AB 
 569      3E560479 
 569      421B
 570 2153 54C456BB 		.ascii	"T\304V\273tz8\006\372\371\350\364r\357\035^zb@/\177"
 570      747A3806 
 570      FAF9E8F4 
 570      72EF1D5E 
 570      7A62402F 
 571 2168 30B8F13B 		.ascii	"0\270\361;/?\337\355\001\236\254\273~\372\011\337]\351"
 571      2F3FDFED 
 571      019EACBB 
 571      7EFA09DF 
 571      5DE9
 572 217a 6910F4B4 		.ascii	"i\020\364\264\357\374|\375}\215j#\027\271*R\006g*#s"
 572      EFFC7CFD 
ARM GAS  /tmp/cc8zqVZ7.s 			page 46


 572      7D8D6A23 
 572      17B92A52 
 572      06672A23 
 573 218f 1EF0D465 		.ascii	"\036\360\324e*\243^\267\2158.\310\223\2348\032\015~"
 573      2AA35EB7 
 573      8D382EC8 
 573      939C381A 
 573      0D7E
 574 21a1 D0E3A0C0 		.ascii	"\320\343\240\300\221:I\347\037dt\204\276k\364\365\207"
 574      913A49E7 
 574      1F647484 
 574      BE6BF4F5 
 574      87
 575 21b2 9B5C5F6A 		.ascii	"\233\\_j\211%l\274w\020\220\3253\004\257\3607l\207\212"
 575      89256CBC 
 575      771090D5 
 575      3304AFF0 
 575      376C878A 
 576 21c6 B83104BA 		.ascii	"\2701\004\272:w\246\324\373\374\010\227\324\272\037"
 576      3A77A6D4 
 576      FBFC0897 
 576      D4BA1F
 577 21d5 7C8DDEA0 		.ascii	"|\215\336\240\214r\2271\360\333\377\026\244\330e4\352"
 577      8C729731 
 577      F0DBFF16 
 577      A4D86534 
 577      EA
 578 21e6 83B4102C 		.ascii	"\203\264\020,\006\235\277W\320\0160\212\013\013\033"
 578      069DBF57 
 578      D00E308A 
 578      0B0B1B
 579 21f5 83E7BFEC 		.ascii	"\203\347\277\354\324\355\204\372\337\340#\211+RqG\205"
 579      D4ED84FA 
 579      DFE02389 
 579      2B527147 
 579      85
 580 2206 77008C3F 		.ascii	"w\000\214?\012\203'\034A\034\010\010R\003\326\177'D"
 580      0A83271C 
 580      411C0808 
 580      5203D67F 
 580      2744
 581 2218 86CA9FC3 		.ascii	"\206\312\237\303\372{\006\356\012\000\203\322RP\303"
 581      FA7B06EE 
 581      0A0083D2 
 581      5250C3
 582 2227 9F05E32E 		.ascii	"\237\005\343.\243\277\361\207 '\335\367\272\000\243"
 582      A3BFF187 
 582      2027DDF7 
 582      BA00A3
 583 2236 BF97E13B 		.ascii	"\277\227\341;\022\304\273\310\011\016\362\334\351l\251"
 583      12C4BBC8 
 583      090EF2DC 
 583      E96CA9
 584 2245 CECFD700 		.ascii	"\316\317\327\0005\270\010\024 %`\244]^\276F\337\200"
 584      35B80814 
 584      202560A4 
 584      5D5EBE46 
ARM GAS  /tmp/cc8zqVZ7.s 			page 47


 584      DF80
 585 2257 ED607368 		.ascii	"\355`sh\023S\206\236B\201.H\027\000\003\336v@A\025\004"
 585      1353869E 
 585      42812E48 
 585      170003DE 
 585      76404115 
 586 226c AF2156F6 		.ascii	"\257!V\366\362\243q\013\205A0d/\247\246\365\327y\031"
 586      F2A3710B 
 586      85413064 
 586      2FA7A6F5 
 586      D77919
 587 227f 76EA75FE 		.ascii	"v\352u\376:\322\016\225\336H\333#\377Vg0*vA\1772\312"
 587      3AD20E95 
 587      DE48DB23 
 587      FF566730 
 587      2A76417F 
 588 2295 FDBC0C46 		.ascii	"\375\274\014F\345NZ\214\002\324z#s\210\306{\247\377"
 588      E54E5A8C 
 588      02D47A23 
 588      7388C67B 
 588      A7FF
 589 22a7 4E3F2F23 		.ascii	"N?/#\214\363\357\275\3027F\022Z\\\004\030\226s\375\022"
 589      8CF3EFBD 
 589      C2374612 
 589      5A5C0418 
 589      9673FD12 
 590 22bb DCADD3EB 		.ascii	"\334\255\323\353\002\274A\314\312W\371\325{\007\031"
 590      02BC41CC 
 590      CA57F9D5 
 590      7B0719
 591 22ca 08DF7F05 		.ascii	"\010\337\177\005\004\032\367\023\010p\010\211\013V\263"
 591      041AF713 
 591      08700889 
 591      0B56B3
 592 22d9 CAC7DF8B 		.ascii	"\312\307\337\213\004\341r\217\365k<\267@\374y\371{n"
 592      04E1728F 
 592      F56B3CB7 
 592      40FC79F9 
 592      7B6E
 593 22eb 85D0F1D0 		.ascii	"\205\320\361\320m\223\271o\226o\360\330\272\031oZ\263"
 593      6D93B96F 
 593      966FF0D8 
 593      BA196F5A 
 593      B3
 594 22fc 59BEFE23 		.ascii	"Y\276\376#\362g\325\232\315\370\217\356\233E\20378\316"
 594      F267D59A 
 594      CDF88FEE 
 594      9B458337 
 594      38CE
 595 230e CD7DFD96 		.ascii	"\315}\375\226u[`\360f\343\367\037?\371\341\0077\203"
 595      755B60F0 
 595      66E3F71F 
 595      3FF9E107 
 595      3783
 596 2320 D1FFE3D5 		.ascii	"\321\377\343\325\333>Y\265\352\007\322\253\225\006*"
 596      DB3E59B5 
 596      EA07D2AB 
ARM GAS  /tmp/cc8zqVZ7.s 			page 48


 596      95062A
 597 232f 5CEEBBCD 		.ascii	"\\\356\273\315[\257\3645\354\360\335\006\261\254\363"
 597      5BAFF435 
 597      ECF0DD06 
 597      B1ACF3
 598 233e DBE61BE0 		.ascii	"\333\346\033\340\243\373A\371=Lv\201\372O~zR\0005\277"
 598      A3FB41F9 
 598      3D4C7681 
 598      FA4F7E7A 
 598      520035BF 
 599 2352 5FCD447B 		.ascii	"_\315D{\202\352 x9\317x\262*<\215\030\030-\231>,MQl"
 599      82EA2078 
 599      39CF78B2 
 599      2A3C8D18 
 599      182D993E 
 600 236a DAF897B5 		.ascii	"\332\370\227\265\233\025\356_\177\345\276\031\257\331"
 600      9B15EE5F 
 600      7FE5BE19 
 600      AFD9
 601 2378 FC05765F 		.ascii	"\374\005v_\357\241\332\274v\313&8*\310q\025\375\273"
 601      EFA1DABC 
 601      76CB2638 
 601      2AC87115 
 601      FDBB
 602 238a 9AFEFD98 		.ascii	"\232\376\375\230\376\375D\351\261u\335\372\265\233\345"
 602      FEFD44E9 
 602      B175DDFA 
 602      B59BE5
 603 2399 1E5FAFDD 		.ascii	"\036_\257\335\240\360p\337\272\371k\245\207\373\306"
 603      A0F070DF 
 603      BAF96BA5 
 603      87FBC6
 604 23a8 6F366CC5 		.ascii	"o6l\305[\266\256\301\353\3008\353\327l\371\312\021\260"
 604      5BB6AEC1 
 604      EBC038EB 
 604      D76CF9CA 
 604      11B0
 605 23ba 6B37FF79 		.ascii	"k7\377y\255\307G\252?\256\373\343F\367\015[\371\222"
 605      ADC747AA 
 605      3FAEFBE3 
 605      46F70D5B 
 605      F992
 606 23cc 55725222 		.ascii	"UrR\"7\370\370\006\276\303Mb\2360\337\223\201\232O\000"
 606      37F8F806 
 606      BEC34D62 
 606      9E30DF93 
 606      819A4F00 
 607 23e0 56082ED0 		.ascii	"V\010.\320\371\326\232\0168\322lb\035\244\027o\260\026"
 607      F9D69A0E 
 607      38D26C62 
 607      1DA4176F 
 607      B016
 608 23f2 7A933994 		.ascii	"z\2239\224\346\033\253_m'\253\013\310\344\313\346N\316"
 608      E61BAB5F 
 608      6D27AB0B 
 608      C8E4CBE6 
 608      4ECE
ARM GAS  /tmp/cc8zqVZ7.s 			page 49


 609 2404 4ADB8360 		.ascii	"J\333\203`\2207\350\214;aTP\020\277\353\225\201d\244"
 609      9037E88C 
 609      3B615450 
 609      10BFEB95 
 609      8164A4
 610 2417 D0AB020D 		.ascii	"\320\253\002\015A:\235\217^\021\2643\310G\217\003}\364"
 610      413A9D8F 
 610      5E11B433 
 610      C8478F03 
 610      7DF4
 611 2429 72AF6D7A 		.ascii	"r\257mz?\362g\307k\314\325_l\202\271z\265[\020_\237"
 611      3FF267C7 
 611      6BCCD55F 
 611      6C82B97A 
 611      B55B105F 
 612 243e 72D31A0F 		.ascii	"r\323\032\017/\243\227r\323\347\354\340\316\016\036"
 612      2FA39772 
 612      D3E7ECE0 
 612      CE0E1E
 613 244d ECB0961D 		.ascii	"\354\260\226\035\276$\007\307Mk\276f\223\332rr\273%"
 613      BE2407C7 
 613      4D6BBE66 
 613      93DA7272 
 613      BB25
 614 245f 816113DC 		.ascii	"\201a\023\334\377\006\3272?\006"
 614      FF06D732 
 614      3F06
 615              		.text
 616              		.section	.gnu.lto_.symtab.830872ff0d55062,"",%progbits
 617 0000 5F5F6561 		.ascii	"__early_init\000\000\000\000\000\000\000\000\000\000"
 617      726C795F 
 617      696E6974 
 617      00000000 
 617      00000000 
 618 0016 0000AC00 		.ascii	"\000\000\254\000\000\000sdc_lld_is_card_inserted\000"
 618      00007364 
 618      635F6C6C 
 618      645F6973 
 618      5F636172 
 619 0035 00000000 		.ascii	"\000\000\000\000\000\000\000\000\000\000\000\306\002"
 619      00000000 
 619      000000C6 
 619      02
 620 0042 00007364 		.ascii	"\000\000sdc_lld_is_write_protected\000\000\000\000\000"
 620      635F6C6C 
 620      645F6973 
 620      5F777269 
 620      74655F70 
 621 0063 00000000 		.ascii	"\000\000\000\000\000\000\000\310\002\000\000boardIn"
 621      000000C8 
 621      02000062 
 621      6F617264 
 621      496E
 622 0075 69740000 		.ascii	"it\000\000\000\000\000\000\000\000\000\000\000\000\312"
 622      00000000 
 622      00000000 
 622      0000CA
ARM GAS  /tmp/cc8zqVZ7.s 			page 50


 623 0084 02000070 		.ascii	"\002\000\000pal_default_config\000\000\000\000\000\000"
 623      616C5F64 
 623      65666175 
 623      6C745F63 
 623      6F6E6669 
 624 009f 00000000 		.ascii	"\000\000\000\000\000\000\014\003\000\000stm32_clock"
 624      00000C03 
 624      00007374 
 624      6D33325F 
 624      636C6F63 
 625 00b4 5F696E69 		.ascii	"_init\000\000\002\000\000\000\000\000\000\000\000\000"
 625      74000002 
 625      00000000 
 625      00000000 
 625      00
 626 00c5 CC020000 		.ascii	"\314\002\000\000"
 627              		.text
 628              		.section	.gnu.lto_.opts,"",%progbits
 629 0000 272D666E 		.ascii	"'-fno-trapv' '-fno-strict-overflow' '-mcpu=cortex-m"
 629      6F2D7472 
 629      61707627 
 629      20272D66 
 629      6E6F2D73 
 630 0033 34272027 		.ascii	"4' '-mfloat-abi=hard' '-mfpu=fpv4-sp-d16' '-mno-thu"
 630      2D6D666C 
 630      6F61742D 
 630      6162693D 
 630      68617264 
 631 0066 6D622D69 		.ascii	"mb-interwork' '-mthumb' '-ggdb' '-O0' '-Werror' '-f"
 631      6E746572 
 631      776F726B 
 631      2720272D 
 631      6D746875 
 632 0099 6F6D6974 		.ascii	"omit-frame-pointer' '-falign-functions=16' '-ffunct"
 632      2D667261 
 632      6D652D70 
 632      6F696E74 
 632      65722720 
 633 00cc 696F6E2D 		.ascii	"ion-sections' '-fdata-sections' '-fno-common' '-flt"
 633      73656374 
 633      696F6E73 
 633      2720272D 
 633      66646174 
 634 00ff 6F272027 		.ascii	"o' '-fsingle-precision-constant'\000"
 634      2D667369 
 634      6E676C65 
 634      2D707265 
 634      63697369 
 635              		.text
 636              		.comm	__gnu_lto_v1,1,1
 637              		.comm	__gnu_lto_slim,1,1
 638              		.ident	"GCC: (15:4.9.3+svn231177-1) 4.9.3 20150529 (prerelease)"
ARM GAS  /tmp/cc8zqVZ7.s 			page 51


DEFINED SYMBOLS
                            *ABS*:0000000000000000 board.c
                            *COM*:0000000000000001 __gnu_lto_v1
                            *COM*:0000000000000001 __gnu_lto_slim

NO UNDEFINED SYMBOLS
