ARM GAS  /tmp/ccqYMA5F.s 			page 1


   1              		.syntax unified
   2              		.cpu cortex-m4
   3              		.eabi_attribute 27, 1
   4              		.eabi_attribute 28, 1
   5              		.fpu fpv4-sp-d16
   6              		.eabi_attribute 20, 1
   7              		.eabi_attribute 21, 1
   8              		.eabi_attribute 23, 3
   9              		.eabi_attribute 24, 1
  10              		.eabi_attribute 25, 1
  11              		.eabi_attribute 26, 1
  12              		.eabi_attribute 30, 6
  13              		.eabi_attribute 34, 1
  14              		.eabi_attribute 18, 4
  15              		.thumb
  16              		.file	"chcore_v7m.c"
  17              		.text
  18              	.Ltext0:
  19              		.section	.gnu.lto_.inline.93f6be2986059fd7,"",%progbits
  20 0000 789C6366 		.ascii	"x\234cf\300\016\372\2404\033\003\003\0133\003\003\023"
  20      C00EFAA0 
  20      341B0303 
  20      0B330303 
  20      13
  21 0011 CB073D06 		.ascii	"\313\007=\006\026\006&\220\020#\206\010\023\003\013"
  21      16062690 
  21      10238608 
  21      13030B
  22 0020 0F90645A 		.ascii	"\017\220dZ \017W\303\005$\230\261\013\2630\360\210\000"
  22      200F57C3 
  22      052498B1 
  22      0BB330F0 
  22      8800
  23 0032 858516CC 		.ascii	"\205\205\026\314aD\021ge\2200\002\212\253|X\301\204"
  23      61441167 
  23      65903002 
  23      8AAB7C58 
  23      C184
  24 0044 22CEC40D 		.ascii	"\"\316\304\015c1\000\000\242\227\010\206"
  24      63310000 
  24      A2970886 
  25              		.text
  26              		.section	.gnu.lto_port_lock.93f6be2986059fd7,"",%progbits
  27 0000 789C6550 		.ascii	"x\234ePMHTQ\030\375\316\275o&r6\022\264q3\017$\\\024"
  27      4D485451 
  27      18FDCEBD 
  27      6F267236 
  27      12B47133 
  28 0018 EFD6AA65 		.ascii	"\357\326\252e\304@\320b\010\234}\245\257\0073\3408\362"
  28      C440D062 
  28      089C7DA5 
  28      AF0733E0 
  28      38F2
  29 002a 66C66C93 		.ascii	"f\306l\223\327a\240Z\004Q\006\023$)a\177S\352d\033]"
  29      D761A05A 
  29      04510613 
  29      2429617F 
ARM GAS  /tmp/ccqYMA5F.s 			page 2


  29      53EA641B 
  30 003f CD4A2208 		.ascii	"\315J\"\010\\\004\242\202V\030\364\343By\251\015\022"
  30      5C04A282 
  30      5618F4E3 
  30      4279A90D 
  30      12
  31 0050 D377DFB4 		.ascii	"\323w\337\264\261\036\\\036\337\371\3169\367\234+\351"
  31      B11E5C1E 
  31      DFF9CE39 
  31      F79C2BE9 
  32 0060 FFEF289F 		.ascii	"\377\357(\2371\020]7\203$\010\342\003\006\0104,0\214"
  32      31105D37 
  32      832408E2 
  32      03060834 
  32      2C308C
  33 0073 6F625BE0 		.ascii	"ob[\340N\275Z\211uMj\255\267JA\015z\364r\203\211\201"
  33      4EBD5A89 
  33      754D6AAD 
  33      B74A410D 
  33      7AF47283 
  34 0089 6879E029 		.ascii	"hy\340)\272\210Y\333\345\337K\261h\231Y\355\255\035"
  34      BA8859DB 
  34      E5DF4BB1 
  34      689959ED 
  34      AD1D
  35 009b 9E21CA56 		.ascii	"\236!\312V\340]P\325\243R:0\274\271\251\237\357c_EC"
  35      E05D50D5 
  35      A3523A30 
  35      BCB9A99F 
  35      EF635F45 
  36 00b0 C036E3FC 		.ascii	"\3006\343\374\335\267\225\250\031\205e\306\037\037&"
  36      DDB795A8 
  36      198565C6 
  36      1F1F26
  37 00bf 26DB3A27 		.ascii	"&\333:'\264.\351\007z\\\334\2547\233g\032B\3429$\233"
  37      B42EE907 
  37      7A5CDCAC 
  37      379B671A 
  37      42E23924 
  38 00d4 E2053A50 		.ascii	"\342\005:PE\307\337\370x\211\316\351#u\335l>~\362p/"
  38      45C7DFF8 
  38      7889CEE9 
  38      2375DD6C 
  38      3E7EF270 
  39 00e9 22102244 		.ascii	"\"\020\"D\033a\264/\202\177r\005\245-\213\366\204\211"
  39      1B61B42F 
  39      827F7205 
  39      A52D8BF6 
  39      8489
  40 00fb F1E9F6CE 		.ascii	"\361\351\366\316,\314]\322&\274b\233U\224>/\327\026"
  40      2CCC5DD2 
  40      26BC629B 
  40      55943E2F 
  40      D716
  41 010d 4E1D88FF 		.ascii	"N\035\210\377\261\374]\206>\246@ \360o9L!\312wO\233"
  41      B1FC5D86 
  41      3EA64020 
ARM GAS  /tmp/ccqYMA5F.s 			page 3


  41      F06F394C 
  41      21CA774F 
  42 0122 762097B7 		.ascii	"v \227\267\353\233\277\356\311xaLW\354F\253\306\375"
  42      EB9BBFEE 
  42      C978614C 
  42      57EC46AB 
  42      C6FD
  43 0134 D5FD9136 		.ascii	"\325\375\2216\313<\347\014\342d\220G\2133\267\"\214"
  43      CB3CE70C 
  43      E2649047 
  43      8B33B722 
  43      8C
  44 0145 A0068BD3 		.ascii	"\240\006\213\323\360\3465,\306\337\335\030\337\265\342"
  44      F0E6352C 
  44      C6DFDD18 
  44      DFB5E2
  45 0154 575BDA88 		.ascii	"W[\332\210a.n.\314\037\016\265\263F\2137\260h\015#\365"
  45      612E6E2E 
  45      CC1F0EB5 
  45      B3468B37 
  45      B0680D23 
  46 0169 E0A20964 		.ascii	"\340\242\011d\232m\030=\023\216;\216J\2443\275\231\013"
  46      9A6D183D 
  46      138E3B8E 
  46      4AA433BD 
  46      990B
  47 017b 2995CB2B 		.ascii	")\225\313+\277\240\006r~!\257\316v'\023\311!\345\246"
  47      BFA00672 
  47      7E21AFCE 
  47      762713C9 
  47      21E5A6
  48 018e DD9CEF5D 		.ascii	"\335\234\357]\032<\235u\322\024\031\354\351+z\316A\205"
  48      1A3C9D75 
  48      D21419EC 
  48      E92B7ACE 
  48      4185
  49 01a0 37545089 		.ascii	"7TP\211d\352|Je\372\335\276\342\025O\205\0127{\256\330"
  49      64EA7C4A 
  49      65FADDBE 
  49      E2154F85 
  49      0A377BAE 
  50 01b5 EFB2A83D 		.ascii	"\357\262\250=\231\352\266{{\362\336\200\2379a\037;I"
  50      99EAB67B 
  50      7BF2DE80 
  50      9F39611F 
  50      3B49
  51 01c7 C2A74359 		.ascii	"\302\247CY/\233\363\257\321\0377\"\261\204"
  51      2F9BF3AF 
  51      D11F3722 
  51      B184
  52              		.text
  53              		.section	.gnu.lto_port_unlock.93f6be2986059fd7,"",%progbits
  54 0000 789C6550 		.ascii	"x\234ePAKTQ\030\375\316\275o\306r6\022\264q3\003\022"
  54      414B5451 
  54      18FDCEBD 
  54      6FC67236 
  54      12B47133 
ARM GAS  /tmp/ccqYMA5F.s 			page 4


  55 0016 2E92776B 		.ascii	".\222wk\3252d p1\010\316\0170}=\230\001\307\22173f\233"
  55      D5326420 
  55      703108CE 
  55      0F307D3D 
  55      9801C791 
  56 002e BC0E42B9 		.ascii	"\274\016B\271\213T\230\026\242\022b:\245N\272\321\325"
  56      8B549816 
  56      A212623A 
  56      A54EBAD1 
  56      D5
  57 003f AC2482C8 		.ascii	"\254$\202\310 \210\022*b\202\"\027\332H\365\250\230"
  57      2088122A 
  57      62822217 
  57      DA48F5A8 
  57      98
  58 0050 BEFBA68D 		.ascii	"\276\373\246\215\365\340\362\370\316w\316\271\347\\"
  58      F5E0F2F8 
  58      CE77CEB9 
  58      E75C
  59 005e 49FF7F67 		.ascii	"I\377\177g\371\314\201\350\246\031$A\020\0370@\240q"
  59      F9CC81E8 
  59      A6192441 
  59      101F3040 
  59      A071
  60 0070 81717C16 		.ascii	"\201q|\026G\002w\252\345R\244sIk}X\364+\3203W}&\326"
  60      470277AA 
  60      E552A473 
  60      496B7D58 
  60      F42BD033 
  61 0088 45D303CB 		.ascii	"E\323\003\313\350$f\035M\376~\025\011O2\253\255\271"
  61      E824661D 
  61      4DFE7E15 
  61      094F32AB 
  61      ADB9
  62 009a C30384D9 		.ascii	"\303\003\204\331\012\274\253\227\365\214\2246\014o{"
  62      0ABCAB97 
  62      F58C9436 
  62      0C6F7B
  63 00a9 EDF859E4 		.ascii	"\355\370Y\344\223\360\005bf\334\271\373\244\0246\243"
  63      93F00562 
  63      66DCB9FB 
  63      A41436A3 
  64 00b9 B0CCF8E5 		.ascii	"\260\314\370\345\345\342Rk\307\242\326E}O/\210\333\325"
  64      E5E2526B 
  64      C7A2D645 
  64      7D4F2F88 
  64      DBD5
  65 00cb 46E3B22F 		.ascii	"F\343\262/$V \331\024\253hG\031\355\177\343\343!:\326"
  65      245620D9 
  65      14AB6847 
  65      19ED7FE3 
  65      E3213AD6 
  66 00df CF5475A3 		.ascii	"\317Tu\243q\177\371\227\037\022\010\020\242Z\020\355"
  66      717FF997 
  66      1F120810 
  66      A25A10ED 
  67 00ef A3E09F7C 		.ascii	"\243\340\237|\203\342\241E\337\205\211\361\256\366\374"
ARM GAS  /tmp/ccqYMA5F.s 			page 5


  67      83E2A145 
  67      DF8589F1 
  67      AEF6FC
  68 00fe C5297397 		.ascii	"\305)s\227d\355#\266\331G\361\303\353\312\356\305\023"
  68      64ED23B6 
  68      D947F1C3 
  68      EBCAEEC5 
  68      13
  69 010f F1DFD7BE 		.ascii	"\361\337\327\276\312\300\307\024\250\013\374[\016k\010"
  69      CAC0C714 
  69      A80BFC5B 
  69      0E6B08
  70 011e B37EDDB4 		.ascii	"\263~\335\264\0039\306\367\340\307\264\214\346\347t"
  70      0339C6F7 
  70      E0C7B48C 
  70      E6E774
  71 012d 29E6376B 		.ascii	")\3467k\314\356\377\234h\265\314sn J\006\231\337\333"
  71      CCEEFF9C 
  71      68B5CC73 
  71      6E204A06 
  71      99DFDB
  72 0140 980A3182 		.ascii	"\230\0121\202\012,N\303\233\307\260\030\177zk\341\233"
  72      0A2C4EC3 
  72      9BC7B018 
  72      7F7A6BE1 
  72      9B
  73 0151 15BDDED4 		.ascii	"\025\275\336\324\206\014s\357`w\347t\240\3354Zl\301"
  73      860C73EF 
  73      6077E774 
  73      A0DD345A 
  73      6CC1
  74 0163 A2B798A8 		.ascii	"\242\267\230\250\316\367\233@\246Y\315\350\231p\336"
  74      CEF79B40 
  74      A659CDE8 
  74      9970DE
  75 0172 B6553C95 		.ascii	"\266U<\225\036L\367&U6\247\274\274\032\311z\371\234"
  75      1E4CF726 
  75      5536A7BC 
  75      BC1AC97A 
  75      F99C
  76 0184 EAEE4BC4 		.ascii	"\352\356K\304\023c\312I9Y\317\355\037\275\224\261S\024"
  76      1363CA49 
  76      3959CFED 
  76      1FBD94B1 
  76      5314
  77 0196 1A1D182A 		.ascii	"\032\035\030*\270\366I\205;\226W\361D\262'\251\322\303"
  77      B8F64985 
  77      3B9657F1 
  77      44B227A9 
  77      D2C3
  78 01a8 CE50E19A 		.ascii	"\316P\341\232\253\002\205\223\271R\030vX\324\226H\366"
  78      AB028593 
  78      B9521876 
  78      58D49648 
  78      F6
  79 01b9 C5060772 		.ascii	"\305\006\007r\356\210\227\356\212\235\273@\302\243\226"
  79      EE8897EE 
ARM GAS  /tmp/ccqYMA5F.s 			page 6


  79      8A9DBB40 
  79      C2A396
  80 01c8 8C9BC97A 		.ascii	"\214\233\311z7\350\017_\214\2626"
  80      37E80F5F 
  80      8CB236
  81              		.text
  82              		.section	.gnu.lto_port_lock_from_isr.93f6be2986059fd7,"",%progbits
  83 0000 789C6366 		.ascii	"x\234cf\300\004\242@<\017\210uA\034f\006F&\006 fd\004"
  83      C004A240 
  83      3C0F8875 
  83      411C6606 
  83      46260620 
  84 0017 721819EA 		.ascii	"r\030\031\352\231\030\353\031_2}db\234p`\365\014n\365"
  84      9918EB19 
  84      5F327D64 
  84      629C7060 
  84      F50C6EF5 
  85 002b A50D0D0D 		.ascii	"\245\015\015\015\037>\375\336\310\3300%\341'P\341g&"
  85      1F3EFDDE 
  85      C8D83025 
  85      E12750E1 
  85      6726
  86 003d 88198CCB 		.ascii	"\210\031\214\313\031\325\031\200\252>\266\374\275\316"
  86      19D51980 
  86      AA3EB6FC 
  86      BDCE
  87 004b CDD60254 		.ascii	"\315\326\002T%\000\221c\\\301\310\0062j\275\320\201"
  87      25009163 
  87      5CC1C806 
  87      326ABDD0 
  87      81
  88 005c 86FFFF1F 		.ascii	"\206\377\377\037\257[\363\227\025\310}\002\326\366\224"
  88      AF5BF397 
  88      15C87D02 
  88      D6F694
  89 006b 094831DF 		.ascii	"\011H1\337al>p\371>#H!\310\204y\227\373\3261\325\376"
  89      616C3E70 
  89      F93E2348 
  89      21C88479 
  89      97FBD631 
  90 0081 6EE868E0 		.ascii	"n\350h\340\370\311\304\370\231\011\250\232q%c-\303O"
  90      F8C9C4F8 
  90      9909A89A 
  90      7125632D 
  90      C34F
  91 0093 A0E27B8C 		.ascii	"\240\342{\214\215\007\256\306\203U2\200\014\001\312"
  91      8D07AEC6 
  91      83553280 
  91      0C01CA
  92 00a2 014DD0D6 		.ascii	"\001M\320\326\323\323w\316\310L\312\364\017\326\317"
  92      D3D377CE 
  92      C84CCAF4 
  92      0FD6CF
  93 00b1 2FD62F2A 		.ascii	"/\326/*\321/\310/*)\326w\014\362u\366\255\320O\316H"
  93      D12FC82F 
  93      2A29D677 
  93      0CF275F6 
ARM GAS  /tmp/ccqYMA5F.s 			page 7


  93      ADD04FCE 
  94 00c6 CE2F4A8D 		.ascii	"\316/J\215/3\317\325\313`\000\000\230\223DV"
  94      2F33CFD5 
  94      CB600000 
  94      98934456 
  95              		.text
  96              		.section	.gnu.lto_port_unlock_from_isr.93f6be2986059fd7,"",%progbits
  97 0000 789C6366 		.ascii	"x\234cf\300\004\242@<\017\210uA\034f\006F&\006 fd\004"
  97      C004A240 
  97      3C0F8875 
  97      411C6606 
  97      46260620 
  98 0017 721819EA 		.ascii	"r\030\031\352\231\030\353\031_2}db\234p`\365\014n\365"
  98      9918EB19 
  98      5F327D64 
  98      629C7060 
  98      F50C6EF5 
  99 002b A50D0D0D 		.ascii	"\245\015\015\015\037\026\375\337\310\3300%\341'P\341"
  99      1F16FDDF 
  99      C8D83025 
  99      E12750E1 
 100 003b 67268819 		.ascii	"g&\210\031\214\313\031\325\031\200\252>\266\374\275"
 100      8CCB19D5 
 100      1980AA3E 
 100      B6FCBD
 101 004a CECDD602 		.ascii	"\316\315\326\002T%\000\221c\\\301\310\0062j\275\320"
 101      54250091 
 101      635CC1C8 
 101      06326ABD 
 101      D0
 102 005b 8186FFFF 		.ascii	"\201\206\377\377\037\257\277\363\237\025\310}\002\326"
 102      1FAFBFF3 
 102      9F15C87D 
 102      02D6
 103 0069 F6940948 		.ascii	"\366\224\011H1\337al>\360\363>#H!\310\204y\227\373\326"
 103      31DF616C 
 103      3EF0F33E 
 103      234821C8 
 103      847997FB 
 104 007e 31D5FE6E 		.ascii	"1\325\376n\350h\340\370\311\304\370\231\011\250\232"
 104      E868E0F8 
 104      C9C4F899 
 104      09A89A
 105 008d 7125632D 		.ascii	"q%c-\303O\240\342{\214\215\007~\307\203U2\200\014\001"
 105      C34FA0E2 
 105      7B8C8D07 
 105      7EC78355 
 105      32800C01 
 106 00a1 CA014DD0 		.ascii	"\312\001M\320\326\323\323w\316\310L\312\364\017\326"
 106      D6D3D377 
 106      CEC84CCA 
 106      F40FD6
 107 00b0 CF2FD62F 		.ascii	"\317/\326/*\321/\310/*)\326w\014\362u\366\255\320O\316"
 107      2AD12FC8 
 107      2F2A29D6 
 107      770CF275 
 107      F6ADD04F 
ARM GAS  /tmp/ccqYMA5F.s 			page 8


 108 00c5 48CE2F4A 		.ascii	"H\316/J\215/3\317\325\313`\000\000\223!D\211"
 108      8D2F33CF 
 108      D5CB6000 
 108      00932144 
 108      89
 109              		.text
 110              		.section	.gnu.lto_SVC_Handler.93f6be2986059fd7,"",%progbits
 111 0000 789C9554 		.ascii	"x\234\225T\355O\223W\024\277\347>O\037J_\300\354\243"
 111      ED4F9357 
 111      14BFE73E 
 111      4F1F4A5F 
 111      C0ECA3
 112 0013 595212B2 		.ascii	"YR\022\262\370a\322\232-q\311\022c\026\022\223-!\022"
 112      F861D29A 
 112      2D71C912 
 112      63161293 
 112      2D2112
 113 0026 FA072C5B 		.ascii	"\372\007,[\307\006\361\205\246-\013_\014Oi\005\334\246"
 113      C706F185 
 113      A62D0B5F 
 113      0C4F6905 
 113      DCA6
 114 0038 B2D62D6D 		.ascii	"\262\326-m\030\303\275\220\351pX\335\300\341\230<j\007"
 114      18C3BD90 
 114      E97058DD 
 114      C0E1983C 
 114      6A07
 115 004a 28209BCE 		.ascii	"( \233\316`\300A-\225l\211D\020\027h\214t\347\334\247"
 115      60C0412D 
 115      956C8944 
 115      1017688C 
 115      74E7DCA7 
 116 005e 63BCD40F 		.ascii	"c\274\324\017k\322\323\336s\317\357\367;\367w_$\266"
 116      6BD2D3DE 
 116      73CFEFF7 
 116      3BF7775F 
 116      24B6
 117 0070 F9F33C7E 		.ascii	"\371\363<~_R\030\353\240\201\314\2003\374\202\204Q\002"
 117      5F5218EB 
 117      A081CC80 
 117      33FC8284 
 117      5102
 118 0082 C014B07A 		.ascii	"\300\024\260z.A=\374\305\0278\264h\235\021\363\266\016"
 118      2E413DFC 
 118      C51738B4 
 118      689D11F3 
 118      B60E
 119 0094 5555E793 		.ascii	"UU\347\223c\376r\015\322X\276\310u&\370\006\2661,\372"
 119      63FE720D 
 119      D258BEC8 
 119      7526F806 
 119      B6312CFA 
 120 00a8 F4F6A851 		.ascii	"\364\366\250Q\262\003\375\355\355z<j\376\223\2479\024"
 120      B203FDED 
 120      ED7A3C6A 
 120      FE93A739 
 120      14
ARM GAS  /tmp/ccqYMA5F.s 			page 9


 121 00b9 D1F06268 		.ascii	"\321\360bh(\242\320\220\3134<:\236L\024\026\177\241"
 121      28A2D090 
 121      CB343C3A 
 121      9E4C1416 
 121      7FA1
 122 00cb AA0D89E6 		.ascii	"\252\015\211\346\231a\213:\244\006\023\231\214-\215"
 122      99618B3A 
 122      A4061399 
 122      8C2D8D
 123 00da 7AA74042 		.ascii	"z\247@BZ8\015[\341[\330\232m\025!\013\301\247\343f%"
 123      5A380D5B 
 123      E15BD89A 
 123      6D15210B 
 123      C1A7E366 
 124 00ef 880D6C81 		.ascii	"\210\015l\201N(\326\265\341\014(\330\252\031\347\333"
 124      4E28D6B5 
 124      E10C28D8 
 124      AA19E7DB 
 125 00ff 5BD29AAC 		.ascii	"[\322\232\254S~tu\320rx\225Rf\233\371\340;(^\207Q\243"
 125      537E7475 
 125      D0727895 
 125      52669BF9 
 125      E03B285E 
 126 0116 274EF266 		.ascii	"'N\362f-\223\331\375\014@\227\000L\304\333\302\206M"
 126      2D93D9FD 
 126      0C409700 
 126      4CC4DBC2 
 126      864D
 127 0128 00432EC0 		.ascii	"\000C.\300\331\377\013\210m\000$\"\201\233k\226\221"
 127      D9FF0B88 
 127      6D002422 
 127      819B6B96 
 127      91
 128 0139 13734E60 		.ascii	"\023sN`:\207O\355\222^\026\266\207[\303\243\222\016"
 128      3A874FED 
 128      925E16B6 
 128      875BC3A3 
 128      920E
 129 014b 6F9F4995 		.ascii	"o\237I\225k\301\223\352J&\203\233e\200\363\271\214\205"
 129      6BC193EA 
 129      4A26839B 
 129      6580F3B9 
 129      8C85
 130 015d EFA198EC 		.ascii	"\357\241\230\354D\350l\347\211&\241\374Ab\345L\243a"
 130      44E86CE7 
 130      8926A1FC 
 130      4162E54C 
 130      A361
 131 016f 5558C925 		.ascii	"UX\311%\374\203\200\234\276\373\267V \275*\224\357="
 131      FC83809C 
 131      BEFBB756 
 131      20BD2A94 
 131      EF3D
 132 0181 7A380742 		.ascii	"z8\007By\376H\340\302\276P@\375\272\245a>\263\233\030"
 132      79FE48E0 
 132      C2BE5040 
 132      FDBAA561 
ARM GAS  /tmp/ccqYMA5F.s 			page 10


 132      3EB39B18 
 133 0195 A03BA776 		.ascii	"\240;\247v\317F\335\351\271\265-\347\024\276 0\307\006"
 133      CF46DDE9 
 133      B9B52DE7 
 133      14BE2030 
 133      C706
 134 01a7 FDD765C9 		.ascii	"\375\327e\311-\204\377\030\011V\353\272\311\261\312"
 134      2D84FF18 
 134      0956EBBA 
 134      C9B1CA
 135 01b6 3568F831 		.ascii	"5h\3701\247h/\024\237}NS3\231\257>\353\353\226\255\300"
 135      A7682F14 
 135      9F7D4E53 
 135      3399AF3E 
 135      EBEB96AD 
 136 01cb 70C33905 		.ascii	"p\3039\005\011\203A\246`\240\2400\362%OD#%\362E\303"
 136      098341A6 
 136      60A0A030 
 136      F2254F44 
 136      2325F245 
 137 01e0 26FCAB98 		.ascii	"&\374\253\230\005\215E\330\300XJ\334\202\373\034\177"
 137      058D45D8 
 137      C0584ADC 
 137      82FB1C7F 
 138 01f0 A4096898 		.ascii	"\244\011h\230\217\015\334\223\350`.\341\241\345p\373"
 138      8F0DDC93 
 138      E8602EE1 
 138      A1E570FB 
 139 0200 F8C47D89 		.ascii	"\370\304}\211N\276\034\233\012\250\005\014.b/X\346\326"
 139      4EBE1C9B 
 139      0AA8050C 
 139      2E622F58 
 139      E6D6
 140 0212 4B78767C 		.ascii	"Kxv|\245\007\364\204\204\230\351\324\330oF\201\021G"
 140      A507F484 
 140      8498E9D4 
 140      D86F4681 
 140      1147
 141 0224 BF7BB97D 		.ascii	"\277{\271}\316\332\006\255\270\252<B\374D\253\301|j"
 141      CEDA06AD 
 141      B8AA3C42 
 141      FC44ABC1 
 141      7C6A
 142 0236 E4C31E63 		.ascii	"\344\303\036cI\247\032\364\033\323\334\010}\320\006"
 142      49A71AF4 
 142      1BD3DC08 
 142      7DD006
 143 0245 8F442FF0 		.ascii	"\217D/\3603\224 g`Y\3219e\235v\246?\2216\021\255\001"
 143      33942067 
 143      6059D139 
 143      659D76A6 
 143      3F913611 
 144 025b 2DCA1432 		.ascii	"-\312\0242\270\244K\207\204\364&!x\226P\377\177B\032"
 144      B8A44B87 
 144      84F42621 
 144      789650FF 
 144      7F421A
ARM GAS  /tmp/ccqYMA5F.s 			page 11


 145 026e 94203D9B 		.ascii	"\224 =\233\004\1772\334\370p\347\272{\2328<\253\311"
 145      047F32DC 
 145      F870E7BA 
 145      7B9A383C 
 145      ABC9
 146 0280 C222A25F 		.ascii	"\302\"\242_\344\260\361\032\367\320\324e\300'\010\256"
 146      E4B0F11A 
 146      F7D0D465 
 146      C02708AE 
 147 0290 60C48B5C 		.ascii	"`\304\213\\OG\270\357x\177\241\355(\264\251\221\242"
 147      4F47B8EF 
 147      787FA1ED 
 147      28B4A991 
 147      A2
 148 02a1 34CF27D0 		.ascii	"4\317'\320\203\345[\361<\231\336\247\253`\023\035\265"
 148      83E55BF1 
 148      3C99DEA7 
 148      AB60131D 
 148      B5
 149 02b2 C7D4B419 		.ascii	"\307\324\264\0313\020\007\\\\>\316\374\0022\331\032"
 149      3310075C 
 149      5C3ECEFC 
 149      0232D91A 
 150 02c2 4AC71726 		.ascii	"J\307\027&\255\304\267\304Mb\006w\006\3374\351\016\370"
 150      ADC4B7C4 
 150      4D620677 
 150      06DF34E9 
 150      0EF8
 151 02d4 B7B0C7C8 		.ascii	"\267\260\307\310\201E\227\336`K\334\202\005\002\321"
 151      814597DE 
 151      604BDC82 
 151      0502D1
 152 02e3 7B39DA92 		.ascii	"{9\332\2225\337\200i\312\335i\212g3\224$+#\215\263\321"
 152      35DF8069 
 152      CADD698A 
 152      67339424 
 152      2B238DB3 
 153 02f8 023D85D6 		.ascii	"\002=\205\326\220Y\255-7\243\026\361\244U1\030\3207"
 153      9059AD2D 
 153      37A316F1 
 153      A4553118 
 153      D037
 154 030a 75AA6925 		.ascii	"u\252i%\232\365\334\210\205\253Zf\034\243I\015\311\320"
 154      9AF5DC88 
 154      85AB5A66 
 154      1CA3490D 
 154      C9D0
 155 031c C05365BD 		.ascii	"\300Se\275I\251\367\350,e-\342\033,b0(\354\031\242g"
 155      49A9F7E8 
 155      2C652DE2 
 155      1B2C6230 
 155      28EC19A2 
 156 0331 0ED8C774 		.ascii	"\016\330\307t\240\246\037,\207%[{\326\037\023!>\231"
 156      A0A61F2C 
 156      87255B7B 
 156      D61F1321 
 156      3E99
ARM GAS  /tmp/ccqYMA5F.s 			page 12


 157 0343 7CE23709 		.ascii	"|\3427\011\177\256\375\353\317\257\261#\006\362\347"
 157      7FAEFDEB 
 157      CFAFB123 
 157      06F2E7
 158 0352 3AF963C6 		.ascii	":\371c\306\231a\2201\177\343\\\374|\236\355\313\265"
 158      99619031 
 158      7FE35CFC 
 158      7C9EEDCB 
 158      B5
 159 0363 E626621D 		.ascii	"\346&b\035\350\035\201G\010\014\243h\344]\010h\277\213"
 159      E81D8147 
 159      080CA368 
 159      E45D0868 
 159      BF8B
 160 0375 8550C5E7 		.ascii	"\205P\305\347\267\216u\361CO\324f\025\267\337\274Hv"
 160      B78E75F1 
 160      434FD466 
 160      15B7DFBC 
 160      4876
 161 0387 C20D3884 		.ascii	"\302\0158\2047\301\302\246\300\257\215\357\021\225\214"
 161      37C1C2A6 
 161      C0AF8DEF 
 161      11958C
 162 0396 AE026E22 		.ascii	"\256\002n\"R\275h\267;J\253\252\337\256\336\353t\324"
 162      52BD68B7 
 162      3B4AABAA 
 162      DFAEDEEB 
 162      74D4
 163 03a8 781D1E9F 		.ascii	"x\035\036\237\303]\343\361y\035\257U\224\225\226\325"
 163      C35DE3F1 
 163      791DAF55 
 163      949596D5 
 164 03b8 395C55AE 		.ascii	"9\\U\256\032O\345\233\357\277r\300\356b\262\313W\347"
 164      1A4FE59B 
 164      EFBF72C0 
 164      EE62B2CB 
 164      57E7
 165 03ca 5628D877 		.ascii	"V(\330w(\236Jo\355~\237}=\274\262\316\347(-s\276\356"
 165      289E4A6F 
 165      ED7E9F7D 
 165      3DBCB2CE 
 165      E7282D73 
 166 03e0 74541F74 		.ascii	"tT\037t\355\257}\247\322!\340\256\003{j\017\272\354"
 166      EDAF7DA7 
 166      D221E0AE 
 166      037B6A0F 
 166      BAEC
 167 03f2 55ACC057 		.ascii	"U\254\300W\343\336\373n\271\247\306\345\364\275\345"
 167      E3DEFB6E 
 167      B9A7C6E5 
 167      F4BDE5
 168 0401 DA672DAB 		.ascii	"\332g-\253p\026\275\260c{\221\333\35361i\227\207Y\313"
 168      7016BDB0 
 168      637B91DB 
 168      EB363169 
 168      978759CB 
 169 0415 9C1534DA 		.ascii	"\234\0254\332\216i\023\343\036&y\335\354\037\"\014M"
ARM GAS  /tmp/ccqYMA5F.s 			page 13


 169      8E6913E3 
 169      1E2679DD 
 169      EC1F220C 
 169      4D
 170 0426 BA       		.ascii	"\272"
 171              		.text
 172              		.section	.gnu.lto__port_irq_epilogue.93f6be2986059fd7,"",%progbits
 173 0000 789C9556 		.ascii	"x\234\225VkLTW\020>s\357\335\273OXD\177(\376\200\304"
 173      6B4C5457 
 173      103E73EF 
 173      DDBB4F58 
 173      447F28FE 
 174 0016 34C6286C 		.ascii	"4\306(l\333\244m\332\264\261\215I\2236!\032I\232\364"
 174      DBA46DDA 
 174      B4B18D49 
 174      9336211A 
 174      499AF4
 175 0029 5753B758 		.ascii	"WS\267X\211\0176\200\215\177\214wy\252\265H\001[\214"
 175      890F3680 
 175      8D7F8C77 
 175      79AAB548 
 175      015B8C
 176 003c 52AC9456 		.ascii	"R\254\224VY\213\200\257\242\210[\005\264\200(*\312K"
 176      598B80AF 
 176      A2885B05 
 176      B480282A 
 176      CA4B
 177 004e 5861D76A 		.ascii	"Xa\327j\305\010b\205\255\301\355\314\271\013\273l\227"
 177      C5086285 
 177      ADC1EDCC 
 177      B90BBB6C 
 177      97
 178 005f 584D3CEC 		.ascii	"XM<\354\2353\3377\363\315\2313\367\212\354\277\377>"
 178      9D33DF37 
 178      F3CD9933 
 178      F78AECBF 
 178      FF3E
 179 0071 C5FF6064 		.ascii	"\305\377`d\354\024=\030\031\010\370(\010\"c\212\240"
 179      EC143D18 
 179      1908F828 
 179      0822638A 
 179      A0
 180 0082 C7451241 		.ascii	"\307E\022AB\213\004\032\\5\202Lv-\331e\320\241E\313"
 180      428B041A 
 180      5C35824C 
 180      762DD965 
 180      D0A145CB 
 181 0096 571D1870 		.ascii	"W\035\030p\325\363\325\000@\214l\233 J\032Y\253\323"
 181      D5F3D500 
 181      408C6C9B 
 181      204A1A59 
 181      ABD3
 182 00a8 1B601BDC 		.ascii	"\033`\033\334\027F\005(p:J\214\213+\024E\0319xn~\316"
 182      17460528 
 182      703A4A8C 
 182      8B2B1445 
 182      1939786E 
ARM GAS  /tmp/ccqYMA5F.s 			page 14


 183 00be 7C2F861A 		.ascii	"|/\206\032\023\324,\340\027X\314\320g4{\362\226Q\316"
 183      13D42CE0 
 183      1758CCD0 
 183      67347BF2 
 183      9651CE
 184 00d1 469F2875 		.ascii	"F\237(u\017\016\201\214\204sp\257\256\352\311e\343="
 184      0F0E818C 
 184      847370AF 
 184      AEEAC965 
 184      E33D
 185 00e3 C12B401C 		.ascii	"\301+@\034\271\236.\274T\"\323\243 \321cY\201\327)-"
 185      B99E2EBC 
 185      5422D3A3 
 185      20D16359 
 185      81D7292D 
 186 00f7 FA515132 		.ascii	"\372QQ2]\223C\315\246\234KJ\266\313\347\213\365\242"
 186      5D9343CD 
 186      A69C4B4A 
 186      B6CBE78B 
 186      F5A2
 187 0109 142482C3 		.ascii	"\024$\202\303\020\003\225\020\343\027\015\016X\204\230"
 187      10039510 
 187      E3170D0E 
 187      588498
 188 0118 9EC6D222 		.ascii	"\236\306\322\"\015\307({\213\017\010\333\235>\337r/"
 188      0DC7287B 
 188      8B0F08DB 
 188      9D3EDF72 
 188      2F
 189 0129 D285011C 		.ascii	"\322\205\001\034\011\0018+k\017\275\237}@y\356\363\301"
 189      0901382B 
 189      6B0FBD9F 
 189      7D4079EE 
 189      F3C1
 190 013b 2C905F43 		.ascii	",\220_C \256\374\246kAy\205\305TqL\220\226\262\234`"
 190      20AEFCA6 
 190      6B417985 
 190      C554714C 
 190      9096B29C 
 191 0150 8C261CE6 		.ascii	"\214&\034\346\350\313j\251\016\325\342\010\326\"\207"
 191      E8CB6AA9 
 191      0ED5E208 
 191      D62287
 192 015f 83D470C8 		.ascii	"\203\324p\310\240\273\340\231NL\000\252\367\336\026"
 192      A0BBE099 
 192      4E4C00AA 
 192      F7DE16
 193 016e 07F2F01C 		.ascii	"\007\362\360\034\035\025\236U\316@-\240\026\3040\024"
 193      1D159E55 
 193      CE402DA0 
 193      16C43014 
 194 017e C73845FE 		.ascii	"\3078E\376\331\356\006?\354hE\2631\247dJ\232\226\207"
 194      D9EE063F 
 194      EC6845B3 
 194      31A7644A 
 194      9A9687
 195 0191 5D16034B 		.ascii	"]\026\003K\246\021\3079\342\273\316\313:\361\015\036"
ARM GAS  /tmp/ccqYMA5F.s 			page 15


 195      A611C739 
 195      E2BBCECB 
 195      3AF10D1E 
 196 01a1 F39B5B83 		.ascii	"\363\233[\203.\263\012~^\336nR\246\353\242\203\023a"
 196      2EB30A7E 
 196      5EDE6E52 
 196      A6EBA283 
 196      1361
 197 01b3 639EE40C 		.ascii	"c\236\344\014w\035\305y\\\351N\327?\027\202S\325\207"
 197      771DC579 
 197      5CE94ED7 
 197      3F178253 
 197      D587
 198 01c5 937A8A63 		.ascii	"\223z\212c\016\367\375\355\214\024\337Q\245N\346\356"
 198      0EF7FDED 
 198      8C14DF51 
 198      A54EE6EE 
 199 01d5 34F1B023 		.ascii	"4\361\260#;\312\037\231\366\327*\234b\271OD\012\370"
 199      3BCA1F99 
 199      F6D72A9C 
 199      62B94F44 
 199      0AF8
 200 01e7 2D6CE4BA 		.ascii	"-l\344\272\320\310\255\307\332\202\0162l\344\323!\030"
 200      D0C8ADC7 
 200      DA820E32 
 200      6CE4D321 
 200      18
 201 01f8 BC265D2F 		.ascii	"\274&]/\302\234\341\230;\217\037=\004\177\206Y\247\326"
 201      C29CE198 
 201      3B8F1F3D 
 201      047F8659 
 201      A7D6
 202 020a 1766293F 		.ascii	"\027f)?\025d\216\370\226\307\316\236`}h\202\003\017"
 202      15648EF8 
 202      96C7CE9E 
 202      607D6882 
 202      030F
 203 021c DD2F2ACD 		.ascii	"\335/*\315Y\365\010/\332[$\321\306Ks\273-;E\215K\271"
 203      59F5082F 
 203      DA5B24D1 
 203      C64B73BB 
 203      2D3B458D 
 204 0232 060E440F 		.ascii	"\006\016D\017\015a\243\236\203EG\243\235\212\3177T6"
 204      0D61A39E 
 204      834547A3 
 204      9D8ACF37 
 204      5436
 205 0244 DC2DCD05 		.ascii	"\334-\315\005\206\367S\300E\022i\221h\321\360c\223\371"
 205      86F753C0 
 205      45126991 
 205      68D1F063 
 205      93F9
 206 0256 AA458346 		.ascii	"\252E\203FGV=.\262\201~\031q\321\232x\205#\360\247>"
 206      47563D2E 
 206      B2817E19 
 206      71D19A78 
 206      8523F0A7 
ARM GAS  /tmp/ccqYMA5F.s 			page 16


 207 026b 926B31D3 		.ascii	"\222k1\323\317(\036`\016?\303h^\033\306\334|\302x\004"
 207      CF281E60 
 207      0E3FC368 
 207      5E1BC6DC 
 207      7CC27804 
 208 027f FC23F641 		.ascii	"\374#\366A\226\323{\021h\246P\362?\\\317\257\022\266"
 208      96D37B11 
 208      68A650F2 
 208      3F5CCFAF 
 208      12B6
 209 0291 3E53B62B 		.ascii	">S\266+:\257`\030\023p\316\200\023\266\"\223\221\365"
 209      3AAF6018 
 209      1370CE80 
 209      13B62293 
 209      91F5
 210 02a3 40E6C8C8 		.ascii	"@\346\310\310\363\032\221|\307q.\011\360\340q\376\200"
 210      F31A917C 
 210      C7712E09 
 210      F0E071FE 
 210      80
 211 02b4 81E68DA8 		.ascii	"\201\346\215\250\364d)\030\365w\224\325\003\347O\202"
 211      F4642918 
 211      F57794D5 
 211      03E74F82 
 212 02c4 EA43236E 		.ascii	"\352C#n\300}\245C\307}\030\00581Q\3660\242\024\366a"
 212      C07DA543 
 212      C77D1805 
 212      383151F6 
 212      30A214F6 
 213 02d9 3D4D4802 		.ascii	"=MH\002\347\251\020hw\267}}R\027\357P\262q#\002.@)<"
 213      E7A91068 
 213      77B77D7D 
 213      5217EF50 
 213      B2712302 
 214 02f1 E6594223 		.ascii	"\346YB#\304#e\326D\356\015A%\025U^\327\351\2662\316"
 214      C42365D6 
 214      44EE0D41 
 214      2515555E 
 214      D7E9B632 
 215 0306 2BE15C84 		.ascii	"+\341\\\204&\244\351\204\354\356\254\030\277\023z\330"
 215      26A4E984 
 215      ECEEAC18 
 215      BF137AD8 
 216 0316 7F3EB34B 		.ascii	"\177>\263K\313=\220\246\331_p\017\345!\366\2022T\224"
 216      CB3D90A6 
 216      D95F700F 
 216      E521F682 
 216      325494
 217 0329 EBDE2BCF 		.ascii	"\353\336+\317\234\257T_>^\331\314\301\353j:\3706\025"
 217      9CAF545F 
 217      3E5ED9CC 
 217      C1EB6A3A 
 217      F83615
 218 033c 90C14590 		.ascii	"\220\301E\220\307\260n!\260:\332\272D0\370\203V\306"
 218      C7B06E21 
 218      B03ADABA 
 218      4430F883 
ARM GAS  /tmp/ccqYMA5F.s 			page 17


 218      56C6
 219 034e B6B15EB0 		.ascii	"\266\261^\260\017\0265c\010n\302:\332\251bE\365\273"
 219      0F163563 
 219      086EC23A 
 219      DAA96245 
 219      F5BB
 220 0360 CF9963BF 		.ascii	"\317\231c\277\205R\245$\316+D\022\321\360\304\365F\255"
 220      8552A524 
 220      CE2B4412 
 220      D1F0C4F5 
 220      46AD
 221 0372 44EF9816 		.ascii	"D\357\230\026\210\345\201\313\252\025\257\021-\320\012"
 221      88E581CB 
 221      AA15AF11 
 221      2DD00A
 222 0381 D2B860C2 		.ascii	"\322\270`\302\2356|\343`\316\027\212\277\014\004\300"
 222      9D367CE3 
 222      60CE178A 
 222      BF0C04C0 
 223 0391 E328ECF0 		.ascii	"\343(\354\360, \303\270\020\301\375P\035j\025\273\300"
 223      2C20C3B8 
 223      10C1FD50 
 223      1D6A15BB 
 223      C0
 224 03a2 1EC59E20 		.ascii	"\036\305\236 #\2724|\314\306\2059\350@\011\235\257_"
 224      23BA347C 
 224      CCC68539 
 224      E840099D 
 224      AF5F
 225 03b4 18A2ABBC 		.ascii	"\030\242\253\274C\342=\241\012\023C\205\325\323\326"
 225      43E23DA1 
 225      0A134385 
 225      D5D3D6
 226 03c3 652EAC5D 		.ascii	"e.\254]U\261\347\205*\256\204\252\270J*\"q\247\003U"
 226      55B1E785 
 226      2AAE84AA 
 226      B84A2A22 
 226      71A70355 
 227 03d7 50D6DEC6 		.ascii	"P\326\336\306\321\336\010\"\034\027\314|\007\363\326"
 227      D1DE0822 
 227      1C17CC7C 
 227      07F3D6
 228 03e6 04F286E9 		.ascii	"\004\362\206\351\274\243\321\201#\352F\017\025\003\345"
 228      BCA3D181 
 228      23EA460F 
 228      1503E5
 229 03f5 382E2057 		.ascii	"8. W4\331\272\362n\370-\0324R\213\224\344\336<\374\272"
 229      34D9BAF2 
 229      6EF82D1A 
 229      34528B94 
 229      E4DE3CFC 
 230 040a 6A222B4D 		.ascii	"j\"+M\251#\255\015f\376>,\361\371|f\006\327x\177b\033"
 230      A923AD0D 
 230      66FE3E2C 
 230      F1F97C66 
 230      06D7787F 
 231 0420 B7676AC8 		.ascii	"\267gj\3103\270?u3\372\323\256(\316\005^\312O\206\353"
ARM GAS  /tmp/ccqYMA5F.s 			page 18


 231      33B83F75 
 231      33FAD3AE 
 231      28CE055E 
 231      CA4F86EB 
 232 0434 FE1EDDFF 		.ascii	"\376\036\335\377\244\250\333\034\277\324+D\301\015\336"
 232      A4A8DB1C 
 232      BFD42B44 
 232      C10DDE
 233 0443 A0FCB5DE 		.ascii	"\240\374\265\336\011\361\270WX\327\275\213_\005\031"
 233      09F1B857 
 233      58D7BD8B 
 233      5F0519
 234 0452 0BA76370 		.ascii	"\013\247cps*\322\225L\275\232\223\026\275:w\367xD\362"
 234      732AD295 
 234      4CBD9A93 
 234      16BD3A77 
 234      F77844F2 
 235 0466 D254F7F3 		.ascii	"\322T\367\363\013sk\372\302p\037]pB\232\320\013\203"
 235      0B736BFA 
 235      C2701F5D 
 235      70429AD0 
 235      0B83
 236 0478 C7A885AE 		.ascii	"\307\250\205\256\260\027\246\233\347\303\277\016z\370"
 236      B017A69B 
 236      E7C3BF0E 
 236      7AF8
 237 0486 85C1FAF4 		.ascii	"\205\301\372\364\011*\251\036yy\025\357\314\363k\376"
 237      092AA91E 
 237      797915EF 
 237      CCF36BFE 
 238 0496 9F227B39 		.ascii	"\237\"{9\251H\244}\020\217D\304\322\237\327_iP\211\015"
 238      A948A47D 
 238      108F44C4 
 238      D29FD75F 
 238      6950890D 
 239 04aa 889B3EAB 		.ascii	"\210\233>\253(|\306\036\313\304\246\237|sf\227y*\227"
 239      287CC61E 
 239      CBC4A69F 
 239      7C736697 
 239      792A97
 240 04bd D010F237 		.ascii	"\320\020\3627\231\024\372Q\003\267y\203\365\323W\015"
 240      9914FA51 
 240      03B77983 
 240      F5D3570D 
 241 04cd B0726AB0 		.ascii	"\260rj\260\201\341\211\"1\266\306\337`\321\204\330\323"
 241      81E18922 
 241      31B6C6DF 
 241      60D184D8 
 241      D3
 242 04de FBCC6EE0 		.ascii	"\373\314n\340\01560\325`W\253wh\250\301\\\324`Q\270"
 242      0D3630D5 
 242      6057AB77 
 242      68A8C15C 
 242      D46051B8 
 243 04f2 730724B4 		.ascii	"s\007$\264\267\3274\326jc\217\007w\247\253\272\242\011"
 243      B7D734D6 
 243      6A638F07 
ARM GAS  /tmp/ccqYMA5F.s 			page 19


 243      77A7ABBA 
 243      A209
 244 0504 387890C0 		.ascii	"8x\220\3000\204\235H\223o\240\305\244J1\206\316\276"
 244      30849D48 
 244      936FA0C5 
 244      A44A3186 
 244      CEBE
 245 0516 B963547F 		.ascii	"\271cT\177p\363\3317O\235-k\002\276\323\207\204\037"
 245      70F3D937 
 245      4F9D2D6B 
 245      02BED387 
 245      841F
 246 0528 7EE0999E 		.ascii	"~\340\231\236-\250C\304\202<\315kw\254\012S\353\205"
 246      2DA843C4 
 246      823CCD6B 
 246      77AC0A53 
 246      EB85
 247 053a B3D7FA2E 		.ascii	"\263\327\372.\257\265D\265\376\2237T \033\347\273|\024"
 247      AFB544B5 
 247      FE933754 
 247      201BE7BB 
 247      7C14
 248 054c 538DEE61 		.ascii	"S\215\356a:\024G;\025\347\351\313\306\271\037\210\363"
 248      3A14473B 
 248      15E7E9CB 
 248      C6B91F88 
 248      F3
 249 055d 57F838A4 		.ascii	"W\3708\244\350\001\217\343\246;!z\350\243\227\277'\366"
 249      E8018FE3 
 249      A63B217A 
 249      E8A397BF 
 249      27F6
 250 056f B5CEFA9E 		.ascii	"\265\316\372\236\240O\336a\377{\202\0224\004\256\263"
 250      A04FDE61 
 250      FF7B8212 
 250      3404AEB3 
 251 057f C0FAC1EE 		.ascii	"\300\372\301\356\374\276\225w#\343\264xo\360,\226&$"
 251      FCBE9577 
 251      23E3B478 
 251      6FF02C96 
 251      2624
 252 0591 5856AC4B 		.ascii	"XV\254KY\223\2622\311\222\232nI\313\260\330R\3232\322"
 252      5993B232 
 252      C9929A6E 
 252      49CBB0D8 
 252      52D332D2 
 253 05a5 2D1FAC4E 		.ascii	"-\037\254N\\\221\270\305b]gMMK\376\354\253\2676&X\231"
 253      5C91B8C5 
 253      625D674D 
 253      4D4BFEEC 
 253      ABB73626 
 254 05bb 6CCDD862 		.ascii	"l\315\330bKxM\242?rZr\372\346\015\031\0113\341\311["
 254      4B784DA2 
 254      3F725A72 
 254      FAE60D19 
 254      0933E1C9 
 255 05d0 322C2B12 		.ascii	"2,+\022\223>J\262\244l\262n\330\374E\262\205\303\255"
ARM GAS  /tmp/ccqYMA5F.s 			page 20


 255      933E4AB2 
 255      A46CB26E 
 255      D8FC45B2 
 255      85C3AD
 256 05e3 1B3FDCBC 		.ascii	"\033?\334\274\311\232\260\216Ef\244\332V\256]\225\226"
 256      C99AB08E 
 256      4566A4DA 
 256      56AE5D95 
 256      96
 257 05f4 6A4DCAF8 		.ascii	"jM\312\370\334\272\036\230\371\223\304\325Iq\257\274"
 257      DCBA1E98 
 257      F993C4D5 
 257      4971AFBC 
 258 0604 BA2C6EAD 		.ascii	"\272,n\255-\335\232\306\304\367\322X\304\224\311\226"
 258      2DDD9AC6 
 258      C4F7D258 
 258      C494C996 
 259 0614 6E33E053 		.ascii	"n3\340S\322j\372\265\014M\006&\240K\272\215\375\013"
 259      D26AFAB5 
 259      0C4D0626 
 259      A04BBA8D 
 259      FD0B
 260 0626 8B960132 		.ascii	"\213\226\0012"
 261              		.text
 262              		.section	.gnu.lto_.symbol_nodes.93f6be2986059fd7,"",%progbits
 263 0000 789C55C8 		.ascii	"x\234U\310;\016\3020\020\204\341\231\335\030\\p)N6\006"
 263      3B0EC230 
 263      1084E199 
 263      DD185C70 
 263      294E3606 
 264 0014 9A880268 		.ascii	"\232\210\002h\250\211\304}\240\243F\002\205\2078\003"
 264      A889C47D 
 264      A0A34602 
 264      85873803 
 265 0024 106122C5 		.ascii	"\020a\"\305\333\314\376\237\0038\342\177\366\201\200"
 265      DBCCFE9F 
 265      0338E27F 
 265      F68180
 266 0033 CD0190B0 		.ascii	"\315\001\220\260m\352\011,Q,eFY)s\312Ki\251\252\227"
 266      6DEA092C 
 266      512C6546 
 266      592973CA 
 266      4B69A9AA 
 267 0048 53136137 		.ascii	"S\023a7*\014\201\017j\224\001\251\356\372I\215\207}"
 267      2A0C810F 
 267      6A9401A9 
 267      EEFA498D 
 267      877D
 268 005a A762DF29 		.ascii	"\247b\337)\302\015\330\237\337Sw\346\255\034\213\345"
 268      C20DD89F 
 268      DF5377E6 
 268      AD1C8BE5 
 269 006a 6B173D58 		.ascii	"k\027=X\206\020q]\375\300qYw\017\276I\353>\301"
 269      8610715D 
 269      FDC07159 
 269      770FBE49 
 269      EB3EC1
ARM GAS  /tmp/ccqYMA5F.s 			page 21


 270              		.text
 271              		.section	.gnu.lto_.refs.93f6be2986059fd7,"",%progbits
 272 0000 789C6366 		.ascii	"x\234cf``\340d\200\000&V&6Y&v9\006\000\002C\000`"
 272      6060E064 
 272      80002656 
 272      26365926 
 272      76390600 
 273              		.text
 274              		.section	.gnu.lto_.decls.93f6be2986059fd7,"",%progbits
 275 0000 789CBD58 		.ascii	"x\234\275XkPTI\226\256\274Y\024UE\001\035\332m\367\032"
 275      6B505449 
 275      96AEBC59 
 275      14554501 
 275      1DDA6DF7 
 276 0015 13BBCA0F 		.ascii	"\023\273\312\017\306\355\351\021\037=3\275\021\273\333"
 276      C6EDE911 
 276      1F3D33BD 
 276      11BBDB
 277 0024 4D633BBA 		.ascii	"Mc;\272\023\256,twL\304DL\215\003\325\0151\010N\025"
 277      13AE2C74 
 277      774CC444 
 277      4C8D03D5 
 277      0D31084E 
 278 0039 4EDB11FB 		.ascii	"N\333\021\373\343\"\250\240\370hT\336B\2414\017y\312"
 278      E322A8A0 
 278      F86854DE 
 278      42A1340F 
 278      79CA
 279 004b 1BA4792A 		.ascii	"\033\244y*\015\202\012\212\202\322<\304\027\210\217"
 279      0D820A8A 
 279      82D23CC4 
 279      17888F
 280 005a 42F181A2 		.ascii	"B\361\201\242\265'3\357\275u\353Z\314\370ko\304\251"
 280      B52733EF 
 280      BD75EB5A 
 280      CCF86B6F 
 280      C4A9
 281 006c BAE7E697 		.ascii	"\272\347\346\227\3379\231\347d\336\223\027\253T\252"
 281      DF3999E7 
 281      64DE9317 
 281      AB54AA
 282 007b CF3995CA 		.ascii	"\3179\225\312\016\327\177\374\263J\365\277X\245r\207"
 282      0ED77FFC 
 282      B34AF5BF 
 282      58A57287 
 283 008b 67812AC7 		.ascii	"g\201*\307\245\003)\006)\005)\007\251\000\251\002\251"
 283      A5032906 
 283      29052907 
 283      A900A902 
 283      A9
 284 009c 01A90369 		.ascii	"\001\251\003i\000iS\275~\221>\032\201\313\013\304\000"
 284      006953BD 
 284      7E913E1A 
 284      81CB0BC4 
 284      00
 285 00ad D2057211 		.ascii	"\322\005r\021dP\300p\002n\304E\377\3227\354_:O\177\342"
 285      6450C070 
ARM GAS  /tmp/ccqYMA5F.s 			page 22


 285      026EC445 
 285      FFD237EC 
 285      5F3A4F7F 
 286 00c2 2B16FA8F 		.ascii	"+\026\372\217\202\024\312\372\224\013v\225W\305\337"
 286      8214CAFA 
 286      940B7695 
 286      57C5DF
 287 00d1 E95321D8 		.ascii	"\351S!\330R^d.<\025~.C*\325\307 K\005\237\377\023\356"
 287      525E642E 
 287      3C157E2E 
 287      432AD5C7 
 287      204B059F 
 288 00e8 97830420 		.ascii	"\227\203\004 \346\277\310\015\252\352#\370Q\013<\277"
 288      E6BFC80D 
 288      AAEA23F8 
 288      510B3CBF 
 289 00f8 85FBFF42 		.ascii	"\205\373\377B\314\026i\373\035r\266E\346\374\035\205"
 289      CC1669FB 
 289      1D72B645 
 289      E6FC1D85 
 290 0108 AD34C10E 		.ascii	"\2554\301\016\261\267\021\376\033\005\373]2;)2\373\013"
 290      B1B711FE 
 290      1B05FB5D 
 290      323B2932 
 290      FB0B
 291 011a 406E0A3E 		.ascii	"@n\012>\021_\322\341\277\005\376\335@\342\340\376\347"
 291      115FD2E1 
 291      BF05FEDD 
 291      40E2E0FE 
 291      E7
 292 012b 20BF06F1 		.ascii	" \277\006\361\002\361D,\3765\302\234\035A\016\037I\314"
 292      02F1442C 
 292      FE35C29C 
 292      1D410E1F 
 292      49CC
 293 013d C5F88BF3 		.ascii	"\305\370\213\363\226\005\317\263A\254\012\277\2479T"
 293      9605CFB3 
 293      41AC0ABF 
 293      A73954
 294 014c 5F3A73D6 		.ascii	"_:s\326c\202C^\372%DmH\352L\325\200j\320\253\211z\362"
 294      6382435E 
 294      FA25446D 
 294      48EA4CD5 
 294      806AD0AB 
 295 0163 C578BFFA 		.ascii	"\305x\277\372\335\303<\\\007b\371\267\324(p\021\312"
 295      DDC33C5C 
 295      0762F9B7 
 295      D4287011 
 295      CA
 296 0174 478B5101 		.ascii	"G\213Q\001Z\0143Q\210\336\205\337?\250\031\323\215\376"
 296      5A0C3351 
 296      88DE85DF 
 296      3FA819D3 
 296      8DFE
 297 0186 695E8F39 		.ascii	"i^\2179D\356\217\245^\353\327\177p\034\272\305\363-"
 297      44EE8FA5 
 297      5EEBD77F 
ARM GAS  /tmp/ccqYMA5F.s 			page 23


 297      701CBAC5 
 297      F32D
 298 0198 63C8616E 		.ascii	"c\310an\344\346\365\016\303\222,\276\305j+*\317Z\224"
 298      E4E6F50E 
 298      C3922CBE 
 298      C56A2B2A 
 298      CF5A94
 299 01ab C65BB7F3 		.ascii	"\306[\267\363\257\354v\364\011!C\307\021FE\350\003\202"
 299      AFEC76F4 
 299      092143C7 
 299      114645E8 
 299      0382
 300 01bd 25F7B413 		.ascii	"%\367\264\023*FK\240cV\357\360\244\032\177L\331/g\237"
 300      2A464BA0 
 300      6356EFF0 
 300      A41A7F4C 
 300      D92F679F 
 301 01d1 2CD05012 		.ascii	",\320P\022kg\231\246\223o\261\333\233\371%\224\241D"
 301      6B6799A6 
 301      936FB1DB 
 301      9BF92594 
 301      A144
 302 01e3 C6502232 		.ascii	"\306P\"2\224R\206k\375\227z\365\370w\224\241\270\365"
 302      9452866B 
 302      FD977AF5 
 302      F87794A1 
 302      B8F5
 303 01f5 E87D6FC6 		.ascii	"\350}o\3060\252`(\2231\224\211\014\345\224!\345|\327"
 303      30AA6028 
 303      93319489 
 303      0CE59421 
 303      E57CD7
 304 0208 02FC474A 		.ascii	"\002\374GJ0q\241q\220c\004\317\025\004'd\004'D\202\012"
 304      3071A171 
 304      906304CF 
 304      15042764 
 304      04274482 
 305 021d 4A103F35 		.ascii	"J\020?5tG\217-\224!}\362\374)\342\202\325j\263\267g"
 305      74478F2D 
 305      94217DF2 
 305      FC29E282 
 305      D56AB3B7 
 306 0232 636926E8 		.ascii	"ci&\350\264\242J\031I\245HREI\362\247\032\216\353p\021"
 306      B4A24A19 
 306      49A54852 
 306      4549F2A7 
 306      1A8EEB70 
 307 0247 A22CE3F1 		.ascii	"\242,\343\361m\031z\312b}~\214\371\3611%\250\226\021"
 307      6D197ACA 
 307      627D7E8C 
 307      F9F13125 
 307      A89611
 308 025a 548B0435 		.ascii	"T\213\0045\224\300Z\236w[\213\233\030A\355\271\252\307"
 308      94C05A9E 
 308      775B8B9B 
 308      1841EDB9 
 308      AAC7
ARM GAS  /tmp/ccqYMA5F.s 			page 24


 309 026c 0808C678 		.ascii	"\010\010\306x[Q\177\212!\215\317\221\273Q+c\251\025"
 309      5B517F8A 
 309      218DCF91 
 309      BB512B63 
 309      A915
 310 027e 59EA284B 		.ascii	"Y\352(Kwz\362i\016\3673\226c7\356\215\030(\213u\252"
 310      777AF269 
 310      0EF73396 
 310      6337EE8D 
 310      18288B75 
 311 0293 68E71299 		.ascii	"h\347\022\231\037\3652\206z\221\241\201Mgrw\246;\236"
 311      1FF53286 
 311      7A91A181 
 311      4D677277 
 311      A63B9E
 312 02a6 A00CEA9C 		.ascii	"\240\014\352\234\035\311CZ\244[\354\273x\027\317o\347"
 312      1DC9435A 
 312      A45BECBB 
 312      7817CF6F 
 312      E7
 313 02b7 6DDB0FBC 		.ascii	"m\333\017\274\005>|\260\030\375\353b\025jB\276\250\021"
 313      053E7CB0 
 313      18FDEB62 
 313      156A42BE 
 313      A811
 314 02c9 41C6A31F 		.ascii	"A\306\243\037 \371\232!\371Ry-}\222KS\354\023r\217N"
 314      20F99A21 
 314      F952792D 
 314      7D924B53 
 314      EC13728F 
 315 02de 0AF4EC4A 		.ascii	"\012\364\354J\205\347\014\003\246J\357$\247!y\036\023"
 315      85E70C03 
 315      A64AEF24 
 315      A721791E 
 315      13
 316 02ef BC23915B 		.ascii	"\274#\221[\234\022\371|}\226\315\003\337g#{|b:\307\233"
 316      9C12F97C 
 316      7D96CD03 
 316      DF67237B 
 316      7C623AC7 
 317 0304 8EAC3C35 		.ascii	"\216\254<5\241T>?\320\011\265\312F\327*\216\256\215"
 317      A1543E3F 
 317      D009B5CA 
 317      46D72A8E 
 317      AE8D
 318 0316 8EAEB9E9 		.ascii	"\216\256\271\351Y\207\036\027\261\365\220\030?\326\245"
 318      59871E17 
 318      B1F59018 
 318      3FD6A5
 319 0325 C7554C89 		.ascii	"\307UL\211\311;\231\350\016kl\251\236\232\033\315\230"
 319      C93B99E8 
 319      0E6B6CA9 
 319      9E9A1BCD 
 319      98
 320 0336 CDD55195 		.ascii	"\315\325Q\225l\367\336\360\210\253\234\315nG\310WOF"
 320      6CF7DEF0 
 320      88AB9CCD 
ARM GAS  /tmp/ccqYMA5F.s 			page 25


 320      6E47C857 
 320      4F46
 321 0348 67B3178E 		.ascii	"g\263\027\216\257\213\205!v\"=:%\331\243\275\311\025"
 321      AF8B8521 
 321      76223D3A 
 321      25D9A3BD 
 321      C915
 322 035a 4FA60B06 		.ascii	"O\246\013\006\245[\247\222F\204~\204\011[\252\247Pt"
 322      A55BA792 
 322      46847E84 
 322      095BAAA7 
 322      5074
 323 036c 1A1E76C0 		.ascii	"\032\036v\300C\340M\213\347\177\364@z_\227}\316\270"
 323      43E04D8B 
 323      E77FF440 
 323      7A5F977D 
 323      CEB8
 324 037e E8431D18 		.ascii	"\350C\035\030\336\223\264\210\347\325\250\013\034hw"
 324      DE93B488 
 324      E7D5A80B 
 324      1C6877
 325 038d 3800FE30 		.ascii	"8\000\3760\017H\003\214\243\263\350\310\237\360\001"
 325      0F48038C 
 325      A3B3E8C8 
 325      9FF001
 326 039c 4CA3793D 		.ascii	"L\243y=\263\274\306\033\371.^\254\027\003t\036:w\277"
 326      B3BCC61B 
 326      F92E5EAC 
 326      1703741E 
 326      3A77BF
 327 03af 16A0671F 		.ascii	"\026\240g\037\223\006\032M\362O\375\262%\361\370=)\364"
 327      93061A4D 
 327      F24FFDB2 
 327      25F1F83D 
 327      29F4
 328 03c1 3DE01569 		.ascii	"=\340\025iR\241s\340\323Y:\016\324=\376\354\221\201"
 328      52A173E0 
 328      D3593A0E 
 328      D43DFEEC 
 328      9181
 329 03d3 6E5A6FD1 		.ascii	"nZo\321\2454ps\006\323M\213\243!\313\270\363K}\274\020"
 329      A5347073 
 329      06D34D8B 
 329      A321CBB8 
 329      F34B7DBC 
 330 03e8 6BDD3A78 		.ascii	"k\335:x,\013\365\005\312\265\214\222\003\366\340\225"
 330      2C0BF505 
 330      CAB58C92 
 330      03F6E095 
 331 03f8 96D50B0E 		.ascii	"\226\325\013\016P\254\025\326/u\263\027\300}\024|\021"
 331      50AC15D6 
 331      2F75B317 
 331      C07D147C 
 331      11
 332 0409 2D10BB50 		.ascii	"-\020\273P\205\004\257\245\344\242;5\375\021\351\377"
 332      8504AFA5 
 332      E4A23B35 
ARM GAS  /tmp/ccqYMA5F.s 			page 26


 332      FD11E9FF 
 333 0419 F4D8D814 		.ascii	"\364\330\330\024\242\246\335\211\232\264\243\256\316"
 333      A2A6DD89 
 333      9AB4A3AE 
 333      CE
 334 0426 8BAA1AA2 		.ascii	"\213\252\032\242^\031\261W\251\347ue@t\3452\033\325"
 334      5E19B157 
 334      A9E77565 
 334      4074E532 
 334      1BD5
 335 0438 CB7B0959 		.ascii	"\313{\011Y\236\2023\274\350L?\300/Q\370 uf\20093H\235"
 335      9E8233BC 
 335      E84C3FC0 
 335      2F51F820 
 335      75668039 
 336 044f D99B75DC 		.ascii	"\331\233u\334\312\2519\026\002\222\277\360\354RUe\237"
 336      CAA93916 
 336      0292BFF0 
 336      EC525565 
 336      9F
 337 0460 66DE2DFB 		.ascii	"f\336-\373*\315\364+HH\365Wc\373y\035>L\203\206r&\257"
 337      2ACDF42B 
 337      4848F557 
 337      63FB791D 
 337      3E4C8386 
 338 0477 ECD7E363 		.ascii	"\354\327\343cL\271\367\343\253J7\240F?\321\240\221'"
 338      4CB9F7E3 
 338      AB4A37A0 
 338      463FD1A0 
 338      9127
 339 0489 B53FD8DC 		.ascii	"\265?\330\334\330\326=y\266\3020[\301\267\304\361s\260"
 339      D8D63D79 
 339      B6C2305B 
 339      C1B7C4F1 
 339      73B0
 340 049b 1462E296 		.ascii	"\024b\342\226\022^4$\346\006\032\006~\242\262\364\030"
 340      125E3424 
 340      E6061A06 
 340      7EA2B2F4 
 340      18
 341 04ac A1EBA1EC 		.ascii	"\241\353\241\354I\357q\017\303n)\363\350\356\340pl\024"
 341      49EF710F 
 341      C36E29F3 
 341      E8EEE070 
 341      6C14
 342 04be 192818FE 		.ascii	"\031(\030\376\001\234P\2777\311\223\316r\013\235\310"
 342      019C50BF 
 342      37C993CE 
 342      720B9DC8 
 343 04ce 8C0317D2 		.ascii	"\214\003\027\322\014t^\303\210\232\234\365|@\203\307"
 343      0C745EC3 
 343      889A9CF5 
 343      7C4083C7 
 344 04de 98A7171E 		.ascii	"\230\247\027\036\326\363\356\370.U\270\231\274\321\006"
 344      D6F3EEF8 
 344      2E55B899 
 344      BCD106
ARM GAS  /tmp/ccqYMA5F.s 			page 27


 345 04ed 03F235D0 		.ascii	"\003\3625\320\304\275W\366h[\014\344\336Md@\327\035"
 345      C4BD57F6 
 345      685B0CE4 
 345      DE4D6440 
 345      D71D
 346 04ff 89BBD1C0 		.ascii	"\211\273\321\300\022P\346\213l\216\320\015\310\270\215"
 346      1250E68B 
 346      6C8ED00D 
 346      C8B88D
 347 050e 06010CFC 		.ascii	"\006\001\014\374\331I\271\245\034>\242\246\306lu\323"
 347      D949B9A5 
 347      1C3EA2A6 
 347      C66C75D3 
 348 051e D7BCB095 		.ascii	"\327\274\260\225)#\025}\247\275\3611\246\344\036N.v"
 348      2923157D 
 348      A7BDF131 
 348      A6E41E4E 
 348      2E76
 349 0530 A32E6A89 		.ascii	"\243.j\211Z\321\2246\344\201\363X\333\313\013\263vO"
 349      5AD19436 
 349      E481F358 
 349      DBCB0BB3 
 349      764F
 350 0542 5CC81431 		.ascii	"\\\310\0241y\015,y\207rf\236x\341\022\326\266\277\273"
 350      790D2C79 
 350      8772669E 
 350      78E112D6 
 350      B6BFBB
 351 0555 BA4D8BAB 		.ascii	"\272M\213\253\230\222\366\264\247\303\233\002\337#j"
 351      9892F6B4 
 351      A7C39B02 
 351      DF236A
 352 0564 EADD9EBD 		.ascii	"\352\335\236\275\030\327\262\266\303U\251#:\334\310"
 352      18D7B2B6 
 352      C355A923 
 352      3ADCC8
 353 0573 14F11D6E 		.ascii	"\024\361\035n`\357\360\357\322\252\257kq3k+\250z\034"
 353      60EFF0EF 
 353      D2AAAF6B 
 353      71336B2B 
 353      A87A1C
 354 0586 82DB84FB 		.ascii	"\202\333\204\373\361stV\015\372et\037J\251~\314\341"
 354      F1737456 
 354      0DFA6574 
 354      1F4AA97E 
 354      CCE1
 355 0598 D382B19B 		.ascii	"\323\202\261\233\345\355\032\334\311\224\321\247\243"
 355      E5ED1ADC 
 355      C994D1A7 
 355      A3
 356 05a5 6DEE14B8 		.ascii	"m\356\024\270\202\250\205\223\266Nw\334\315\332\332"
 356      82A88593 
 356      B64E77DC 
 356      CDDADA
 357 05b4 DA12ED3A 		.ascii	"\332\022\355:|\216)\342j0\260\325\320\375\352\362\023"
 357      7C8E29E2 
 357      6A30B0D5 
ARM GAS  /tmp/ccqYMA5F.s 			page 28


 357      D0FDEAF2 
 357      13
 358 05c5 1DEE636D 		.ascii	"\035\356cm]\343m\011:\334\317\224\212c\337\327\350("
 358      5DE36D09 
 358      3ADCCF94 
 358      8A63DFD7 
 358      E828
 359 05d7 F013A236 		.ascii	"\360\023\2426\015\267gx\340\001\3266l\213\271\252\303"
 359      0DB76778 
 359      E001D636 
 359      6C8BB9AA 
 359      C3
 360 05e8 5785B19C 		.ascii	"W\205\261\23480\313V\320:\242\356\2746\235\241\303#"
 360      3830CB56 
 360      D03AA2EE 
 360      BC369DA1 
 360      C323
 361 05fa AC6DBC63 		.ascii	"\254m\274cn\267\033\036g\312\355\246\273<G\201\201D"
 361      6EB71B1E 
 361      67CAEDA6 
 361      BB3C4781 
 361      8144
 362 060c BD1E5775 		.ascii	"\275\036WuJ\217o\261\266\351\311\272zw|\207)\361\215"
 362      4A8F6FB1 
 362      B6E9C9BA 
 362      7A777C87 
 362      29F18D
 363 061f 87F298E9 		.ascii	"\207\362\230\351\337\323\342a\342F\271\036\337gmW3G"
 363      DFD3E261 
 363      E246B91E 
 363      DF676D57 
 363      3347
 364 0631 27117EC8 		.ascii	"'\021~\310\224\362\346\242\004\006\374\023Q\373\023"
 364      94F2E6A2 
 364      0406FC13 
 364      51FB13
 365 0640 E7AE78E3 		.ascii	"\347\256x\343g\264\355gO\033\313\3320\362\241\327B\237"
 365      67B4ED67 
 365      4F1BCBDA 
 365      30F2A1D7 
 365      429F
 366 0652 D72F5F1F 		.ascii	"\327/_\037+d\223\255h\360\374\333\360&oC4\347b9\214"
 366      2B6493AD 
 366      68F0FCDB 
 366      F0266F43 
 366      34E76239 
 367 0667 92B8858E 		.ascii	"\222\270\205\216\324\212\343H\252\277\017?*\002\267"
 367      D48AE348 
 367      AABF0F3F 
 367      2A02B7
 368 0676 9ECDD774 		.ascii	"\236\315\327t\256\240\320\373H\001}\200\234\241\317"
 368      AEA0D0FB 
 368      48017D80 
 368      9CA1CF
 369 0685 24688292 		.ascii	"$h\202\222u\267\202uD\202>W\262\276P\260^\221\240\217"
 369      75B78275 
 369      44823E57 
ARM GAS  /tmp/ccqYMA5F.s 			page 29


 369      B2BE50B0 
 369      5E91A08F 
 370 0699 94D08714 		.ascii	"\224\320\207\024\232\217$\354U\011;\243\304>v\320~'"
 370      9A8F24EC 
 370      55093BA3 
 370      C43E76D0 
 370      7E27
 371 06ab 6C5F9FC0 		.ascii	"l_\237\300\0160\006\355\327H\373\270\320\001\326\024"
 371      0E3006ED 
 371      D748FBB8 
 371      D001D614 
 372 06bb CAE37C51 		.ascii	"\312\343|Q&\347\2032@\016\201XA\322@\262@\366\202\344"
 372      26E78332 
 372      400E8158 
 372      41D240B2 
 372      40F682E4 
 373 06cf 831C0539 		.ascii	"\203\034\0059\000\362\035\310\367 ) 9 \373A\016\202"
 373      00F21DC8 
 373      F7202920 
 373      3920FB41 
 373      0E82
 374 06e1 E482A483 		.ascii	"\344\202\244\203$\203\244\202$\202\034\0019\006\222"
 374      2483A482 
 374      24821C01 
 374      390692
 375 06f0 0DB20FE4 		.ascii	"\015\262\017\3440\347CW9\365}T\362}\316\365\224\310"
 375      30E74357 
 375      39F57D54 
 375      F27DCEF5 
 375      94C8
 376 0702 C6D92561 		.ascii	"\306\331%a'\224\330I\305\364\315J\320=\256\203\"\243"
 376      2794D849 
 376      C5F4CD4A 
 376      D03DAE83 
 376      22A3
 377 0714 BD236179 		.ascii	"\275#ay%6F\021\300\237$\350S\245\007\317\024\036LI\320"
 377      25364611 
 377      C09F24E8 
 377      53A507CF 
 377      141E4C49 
 378 0729 EDAE5965 		.ascii	"\355\256Ye\036tK\330)%\355]\005\355\244\004\265+\241"
 378      1E744BD8 
 378      2925ED5D 
 378      05EDA404 
 378      B52BA1
 379 073c AF94F3D5 		.ascii	"\257\224\363\325)ao+\261\313\024\320f\011z\313%\324"
 379      29616F2B 
 379      B1CB14D0 
 379      66097ACB 
 379      25D4
 380 074e E1C03D09 		.ascii	"\341\300=\011\271\303\365\"\222\261\366H\330{\256\307"
 380      B9C3F522 
 380      92B1F648 
 380      D87BAEC7 
 381 075e 25C33E90 		.ascii	"%\303>\220\260\361J\336]J\3363\022\366\216\353D\220"
 381      B0F14ADE 
 381      5D4ADE33 
ARM GAS  /tmp/ccqYMA5F.s 			page 30


 381      12F68EEB 
 381      4490
 382 0770 618725EC 		.ascii	"a\207%\354\254\353\220\311\260\203\022v\332\365\242"
 382      ACEB90C9 
 382      B0831276 
 382      DAF5A2
 383 077f 734CC37D 		.ascii	"sL\303}\011\272\323\265\273\016\350\204\004}\351:d\016"
 383      09BAD3B5 
 383      BB0EE884 
 383      047DE93A 
 383      640E
 384 0791 E890047D 		.ascii	"\350\220\004}\342z%3g\311;t\254i\227\206G\004\243\022"
 384      E27A2533 
 384      67C93B74 
 384      AC699786 
 384      4704A312 
 385 07a5 0B5D95B4 		.ascii	"\013]\225\264\254\306\316\345\2371\360\002\225\315\365"
 385      ACC6CEE5 
 385      9F31F002 
 385      95CDF5
 386 07b4 0EC6A860 		.ascii	"\016\306\250`;\235\033\332Q\253\226\277\377\345`\025"
 386      3B9D1BDA 
 386      51AB96BF 
 386      FFE56015 
 387 07c4 2AE0D8FB 		.ascii	"*\340\330\373\037\376\001\334\263';\215"
 387      1FFE01DC 
 387      B3273B8D 
 388 07d0 63EF7FBA 		.ascii	"c\357\177\2725\267\357\236\265\351q\214\033\372\207"
 388      35B7EF9E 
 388      B5E9718C 
 388      1BFA87
 389 07df F55D1127 		.ascii	"\365]\021'\024U\313hM\3253rv\334[\250\251b\371%\254"
 389      1455CB68 
 389      4DD53372 
 389      76DC5BA8 
 389      A962F925 
 390 07f4 8875A08B 		.ascii	"\210u\240\213\271\005b\037\372\016\037\334\237\211\361"
 390      B905621F 
 390      FA0E1FDC 
 390      9F89F1
 391 0803 6E6626EF 		.ascii	"nf&\357bR\2727\261\023\373F\2452yc\344_\3121\340C\254"
 391      6252BA37 
 391      B113FB46 
 391      A5327963 
 391      E45FCA31 
 392 081a 7B4EEDAB 		.ascii	"{N\355\253cZ\234\316\224}\2057\213\325\330\312\224g"
 392      635A9CCE 
 392      947D8537 
 392      8BD5D8CA 
 392      9467
 393 082c FB462F6A 		.ascii	"\373F/jE\342\3707!\2768Y\232\243\305\371\254\373\375"
 393      45E2F837 
 393      21BE3859 
 393      9AA3C5F9 
 393      ACFBFD
 394 083f EAA97B3A 		.ascii	"\352\251{:\\B\025\355\305\271\234\027\236h\241\360\016"
 394      5C4215ED 
ARM GAS  /tmp/ccqYMA5F.s 			page 31


 394      C5B99C17 
 394      9E68A1F0 
 394      0E
 395 0850 926FBE85 		.ascii	"\222o\276\205\334b!\004\325\302\316{\022v\336\006\330"
 395      DC622104 
 395      D5C2CE7B 
 395      1276DE06 
 395      D8
 396 0861 19EB406A 		.ascii	"\031\353@jAj@\032A\352\245\2352.\266|\252\272\370\217"
 396      416A401A 
 396      41EAA59D 
 396      322EB67C 
 396      AABAF88F 
 397 0875 49B17CEE 		.ascii	"I\261|\356{\250\224\323\243\023\220u\325\363'~\\\254"
 397      7BA894D3 
 397      A3139075 
 397      D5F3277E 
 397      5CAC
 398 0887 F5CC4068 		.ascii	"\365\314@hK\034\246\340r\327\340\367%l\227\003[\246"
 398      4B1CA6E0 
 398      72D7E0F7 
 398      256C9703 
 398      5BA6
 399 0899 C43A6D15 		.ascii	"\304:m\025\207b\255g\031\266\002\260UJ\254bU\363\326"
 399      8762AD67 
 399      19B602B0 
 399      554AAC62 
 399      55F3D6
 400 08ac 4E068668 		.ascii	"N\006\206h\242\022\227\304\357;\362y \224\234e\252]"
 400      A21297C4 
 400      EF3BF279 
 400      20949C65 
 400      AA5D
 401 08be 24F4A1D8 		.ascii	"$\364\241\330\261\236\201\\\304\336\337\304p\245k\303"
 401      B19E815C 
 401      C4DEDFC4 
 401      70A56BC3 
 402 08ce EFB38CE6 		.ascii	"\357\263\214\346\306o[C\221\357BJ{n\300\000\313\244"
 402      C66F5B43 
 402      91EF424A 
 402      7B6EC000 
 402      CBA4
 403 08e0 09C0C739 		.ascii	"\011\300\3079\251\320$F\350\345*.\350\007\010\307\233"
 403      A9D02446 
 403      E8E52A2E 
 403      E80708C7 
 403      9B
 404 08f1 8606C23E 		.ascii	"\206\006\302>\020\223\363\223F\276~\232\234\326O\263"
 404      1093F393 
 404      46BE7E9A 
 404      9CD64FB3 
 405 0901 B07E9AE9 		.ascii	"\260~\232\351\372\021KG/V:\356+\315}\304*IL\324\224"
 405      FA114B47 
 405      2F563AEE 
 405      2BCD7DC4 
 405      2A494CD4 
 406 0916 B1F274DD 		.ascii	"\261\362t\335\274+\250M\\A},\371\366N\266\367\353\224"
ARM GAS  /tmp/ccqYMA5F.s 			page 32


 406      BC2BA84D 
 406      5C417D2C 
 406      F9F64EB6 
 406      F7EB94
 407 0929 C7921618 		.ascii	"\307\222\026\030E+\335\201\332\351\022\242\235\250\002"
 407      452BDD81 
 407      DAE912A2 
 407      9DA802
 408 0938 3DC6F23A 		.ascii	"=\306\362:\253\335\344G\020\347Ew\212\223\237\266\323"
 408      ABDDE447 
 408      10E74577 
 408      8A939FB6 
 408      D3
 409 0949 F6CDF5B8 		.ascii	"\366\315\365\270\343Q\267yN\035\0273\267\337\340\304"
 409      E351B779 
 409      4E1D1733 
 409      B7DFE0C4 
 410 0959 5347CD5F 		.ascii	"SG\315_R 5\3711\273\375_\254\361\034!B\247\305\351F"
 410      522035F9 
 410      31BBFD5F 
 410      ACF11C21 
 410      42A7C5E9 
 411 096e 1D1CCC2E 		.ascii	"\035\034\314.\250\354\320\361#G\016\035\007k\370|-\236"
 411      A8ECD0F1 
 411      23470E1D 
 411      076BF87C 
 411      2D9E
 412 0980 9C8FBC3F 		.ascii	"\234\217\274?\265w\316\223\222\217\315\226\214\300V"
 412      B577CE93 
 412      928FCD96 
 412      8CC056
 413 098f C6BEE32C 		.ascii	"\306\276\343,U\323\363L\247D\335E\250;E\3523\224\272"
 413      55D3F34C 
 413      A744DD45 
 413      A83B45EA 
 413      3394BA
 414 09a2 B5AE7E97 		.ascii	"\265\256~\227ni6\011\376D\011\377\226\026\316\020\364"
 414      6E693609 
 414      FE4409FF 
 414      9616CE10 
 414      F4
 415 09b3 0B0DC374 		.ascii	"\013\015\303tsK\001\3238\222pGG\3030F\017\005g\354\007"
 415      734B01D3 
 415      38927047 
 415      47C33046 
 415      0F0567EC 
 416 09c8 63D81921 		.ascii	"c\330\031!\221U\305\267\367\356\364\306\217\230{?\234"
 416      9155C5B7 
 416      F7EEF4C6 
 416      8F987B3F 
 416      9C
 417 09d9 2F6DF3C6 		.ascii	"/m\363\306sL\351\236i)\327\341\355\032\266\341=h\033"
 417      734CE99E 
 417      6929D7E1 
 417      ED1AB6E1 
 417      3D681B
 418 09ec D6E25D4C 		.ascii	"\326\342]L\251\352\211m\322\340DAI\250>\253\301IL\331"
ARM GAS  /tmp/ccqYMA5F.s 			page 33


 418      A9EA896D 
 418      D2E04441 
 418      49A83EAB 
 418      C1494CD9 
 419 0a00 9D7CA803 		.ascii	"\235|\250\003\341d\215\323G\206E\354#\303\276\356\364"
 419      E1648DD3 
 419      478645EC 
 419      23C3BEEE 
 419      F4
 420 0a11 564C553B 		.ascii	"VLU;mN\351\033\254U\343t\241\343P!\204\340(U\270\244"
 420      6D4EE91B 
 420      AC55E374 
 420      A1E35021 
 420      84E02855 
 421 0a27 EB33DF23 		.ascii	"\3533\337#\361\033\201\363Y\374*d\351\"aw\272\004\011"
 421      F11B81F3 
 421      59FC2A64 
 421      E9226177 
 421      BA0409
 422 0a3a 709913BE 		.ascii	"p\231\023\276\020\330\013\367\377\214\254\252+\260h"
 422      10D80BF7 
 422      FF8CACAA 
 422      2BB068
 423 0a49 061DF9BF 		.ascii	"\006\035\371\277H\370@\000\254c\003\337\377\217k\322"
 423      48F84000 
 423      AC6303DF 
 423      FF8F6BD2 
 424 0a59 9FE6231D 		.ascii	"\237\346#\035\336\323\375\016!\035\002\322\001\007\351"
 424      DED3FD0E 
 424      211D02D2 
 424      0107E9
 425 0a68 154E6245 		.ascii	"\025NbE\227\023cR0\333I\3771\251\254\302\367b\025\376"
 425      97136352 
 425      30DB49FF 
 425      31A9ACC2 
 425      F76215FE 
 426 0a7c D31DB604 		.ascii	"\323\035\266\004=\015\207\201\236(\016\024\224\261\203"
 426      3D0D8781 
 426      9E280E14 
 426      94B183
 427 0a8b 99074D97 		.ascii	"\231\007M\227\274\361^\217yW\3115q\225\2141\352\276"
 427      BCF15E8F 
 427      7957C935 
 427      71958C31 
 427      EABE
 428 0a9d 06DB2B2F 		.ascii	"\006\333+/\371*!n\217\200\351Q\272J\306\351*\271&\276"
 428      F92A216E 
 428      8F80E951 
 428      BA4AC6E9 
 428      2AB926BE 
 429 0ab1 686A63AF 		.ascii	"hjc\257\015\032\344\350\341\277\207n\236yh\367\300\305"
 429      0D1AE4E8 
 429      E1BF876E 
 429      9E7968F7 
 429      C0C5
 430 0ac3 2C58BD1D 		.ascii	",X\275\035\355p\260,gJ<\037[\242\3075L\261\335\230\312"
 430      ED70B02C 
ARM GAS  /tmp/ccqYMA5F.s 			page 34


 430      674A3C1F 
 430      5BA2C735 
 430      4CB1DD98 
 431 0ad8 F0C42799 		.ascii	"\360\304'\231r\347h\301\240\001\2670\245u\373\221\032"
 431      72E768C1 
 431      A001B730 
 431      A575FB91 
 431      1A
 432 0ae9 0F7C9A29 		.ascii	"\017|\232)\267\357&=P\343n\246d?<\272S\213{5N\2074/"
 432      B7EF263D 
 432      50E36EA6 
 432      643F3CBA 
 432      538B7B35 
 433 0b01 76481B98 		.ascii	"vH\033\230>\264\335\313\361q\204-\343\273\340$\333\327"
 433      3EB4DDCB 
 433      F171842D 
 433      E3BBE024 
 433      DBD7
 434 0b13 EF718E8F 		.ascii	"\357q\216\217#\200>Q\364\374\250F\216&;\350\274\350"
 434      23803E51 
 434      F4FCA846 
 434      8E263BE8 
 434      BCE8
 435 0b25 FAB68157 		.ascii	"\372\266\201W\036\370\022\263;\027\313W\352\360\025"
 435      1EF812B3 
 435      3B17CB57 
 435      EAF015
 436 0b34 A6B4C5F3 		.ascii	"\246\264\305\363\360\022\035f\312\341\306\314$\346\021"
 436      F0121D66 
 436      CAE1C6CC 
 436      24E611
 437 0b43 CFF2FD51 		.ascii	"\317\362\375Qo\353\374\037T\036\2111ie1\251\311x\370"
 437      6FEBFC1F 
 437      541E8931 
 437      696531A9 
 437      C978F8
 438 0b56 CCDB31CB 		.ascii	"\314\3331\313l\000\017\301%\266\217\317P\227\036\211"
 438      6C000FC1 
 438      25B68FCF 
 438      50971E89 
 439 0b66 B39C7832 		.ascii	"\263\234x2\351\226A\216&\003\230\027\375\240\242 \303"
 439      E996418E 
 439      26039817 
 439      FDA0A220 
 439      C3
 440 0b77 80AF3137 		.ascii	"\200\25717O\365\015\025i\250\233V\346vw\3350K\254\267"
 440      4FF50D15 
 440      69A89B56 
 440      E67677DD 
 440      304BACB7 
 441 0b8b E981BCF2 		.ascii	"\351\201\274\362a\303\374\373\355\254\350u\001\333o"
 441      61C3FCFB 
 441      EDACE875 
 441      01DB6F
 442 0b9a 1FF77664 		.ascii	"\037\367vdz*\275~\012~<\243\271\361\234\3721+\372\221"
 442      7A2ABD7E 
 442      0A7E3CA3 
ARM GAS  /tmp/ccqYMA5F.s 			page 35


 442      B9F19CFA 
 442      312BFA91 
 443 0bae 77A6FA96 		.ascii	"w\246\372\226\267\322\353y\321w/\267\3571\340[B\354"
 443      B7D2EB79 
 443      D1772FB7 
 443      EF31E05B 
 443      42EC
 444 0bc0 F755CCB2 		.ascii	"\367U\314\262o\375[\350Q;%\356\254\032O\011\033Ks\345"
 444      6FFD5BE8 
 444      513B25EE 
 444      AC1A4F09 
 444      1B4B73E5 
 445 0bd4 43B616E2 		.ascii	"C\266\026\342\211\376\356\255\361\301\016\015rq\360"
 445      89FEEEAD 
 445      F1C10E0D 
 445      7271F0
 446 0be3 F559488E 		.ascii	"\365YH\216\276q\261\266\251\352\211\177/$\337\204\330"
 446      BE71B1B6 
 446      A9EA897F 
 446      2F24DF84 
 446      D8
 447 0bf4 0BFE16AC 		.ascii	"\013\376\026\254\330C\330\365\031\221\026\003\245e\244"
 447      D843D8F5 
 447      19911603 
 447      A565A4
 448 0c03 0825D057 		.ascii	"\010%\320WJ\250]^\332B-PH\241d`6%\324\351\350\004\254"
 448      4AA85D5E 
 448      DA422D50 
 448      48A16460 
 448      3625D4E9 
 449 0c1a 1912EB6D 		.ascii	"\031\022\353m\327\016\310J\227=\022\266W\211]\246\200"
 449      D70EC84A 
 449      973D12B6 
 449      57895DA6 
 449      80
 450 0c2b 664BD029 		.ascii	"fK\320)%\364\205\2226Q\302\366)\261\312\202(K\202\336"
 450      25F48592 
 450      3651C2F6 
 450      29B1CA82 
 450      284B82DE 
 451 0c3f 714D2BCE 		.ascii	"qM+\316A\214\265\300\017\220\367\241\300y  \305\245"
 451      418CB5C0 
 451      0F90F7A1 
 451      C0792020 
 451      C5A5
 452 0c51 E55CDD03 		.ascii	"\345\\\335\003\351\021\211tRI\2528\212\360\326\022\302"
 452      E9118974 
 452      5249AA38 
 452      8AF0D612 
 452      C2
 453 0c62 FA5C289B 		.ascii	"\372\\(\233\010T\314\034\364\322\3514\004A8.\005a\332"
 453      0854CC1C 
 453      F4D2E934 
 453      0441382E 
 453      0561DA
 454 0c75 7510A429 		.ascii	"u\020\244)\210\261\246\372\245\256@\327\201\366\206"
 454      88B1A6FA 
ARM GAS  /tmp/ccqYMA5F.s 			page 36


 454      A5AE40D7 
 454      81F686
 455 0c84 0015B736 		.ascii	"\000\025\2676\347\317\032\340l\232\344\354M%\253\363"
 455      E7CF1AE0 
 455      6C9AE4EC 
 455      4D25ABF3 
 456 0c94 07089882 		.ascii	"\007\010\230\202b\342\354\013`\235S:\273[\221\005\373"
 456      62E2EC0B 
 456      609D533A 
 456      BB5B9105 
 456      FB
 457 0ca5 24D68B4A 		.ascii	"$\326\213JV\247\223.\014k\2674\254\363.\223\300\021"
 457      56A7932E 
 457      0C6BB734 
 457      ACF32E93 
 457      C011
 458 0cb7 812262FE 		.ascii	"\201\"b\3761\230\177\"\000\305\275\301\371\263\016\230"
 458      31987F22 
 458      00C5BDC1 
 458      F9B30E98 
 459 0cc7 DF2F99EF 		.ascii	"\337/\231\357wm^\226-\231\022v\302u\264^\373\252\322"
 459      776D5E96 
 459      2D991276 
 459      C275B45E 
 459      FBAAD2
 460 0cda 0366CF52 		.ascii	"\003f\317R\213\004M\252\307\303\330\027\035\300>(\016"
 460      8B044DAA 
 460      C7C3D817 
 460      1DC03E28 
 460      0E
 461 0ceb 64274832 		.ascii	"d'H2\310~\220$\220D\220\275 <H,\310A\220\004\220] ;"
 461      C87E9024 
 461      904490BD 
 461      203C482C 
 461      C8419004 
 462 0d03 40E241B6 		.ascii	"@\342A\266\203\354\001\371\016d\037\310n\220\030\314"
 462      83EC01F9 
 462      0E641FC8 
 462      6E9018CC 
 463 0d13 2A4F5ADD 		.ascii	"*OZ\335\306\227\221C \230{\255f\216\213\035\333[\306"
 463      C6979143 
 463      20987BAD 
 463      668E8B1D 
 463      DB5BC6
 464 0d26 0E81640C 		.ascii	"\016\201d\014\027\\g\274x\010\344f\352bnx\241\205\276"
 464      175C67BC 
 464      7808E466 
 464      EA626E78 
 464      A185BE
 465 0d39 AEC68352 		.ascii	"\256\306\203Ra\030\377oC*\213\322\242\0240v\316QY\220"
 465      6118FF6F 
 465      432A8BD2 
 465      A2143076 
 465      CE515990 
 466 0d4d F1899545 		.ascii	"\361\211\225E\305\341\362\353\234\274\332N\301\362j"
 466      C5E1F2EB 
 466      9CBCDA4E 
ARM GAS  /tmp/ccqYMA5F.s 			page 37


 466      C1F26A
 467 0d5c 3B0DB36A 		.ascii	";\015\263j\033\376IY\221r\242\303 \007\2678}\332N\027"
 467      1BFE4959 
 467      9172A2C3 
 467      2007B738 
 467      7DDA4E17 
 468 0d70 C0E90C6C 		.ascii	"\300\351\014l\277\221\254\301\323\232\371J\322\356\227"
 468      BF91ACC1 
 468      D39AF94A 
 468      D2EE97
 469 0d7f 73EE62BD 		.ascii	"s\356b\275{\337\360\322\351+;)x3\260X\225fb\230=PY\305"
 469      7BDFF0D2 
 469      E92B3B29 
 469      7833B058 
 469      95666298 
 470 0d97 790493AA 		.ascii	"y\004\223\252\264\347\364\231#n\254*=_\251\216A\264"
 470      B4E7F499 
 470      236EAC2A 
 470      3D5FA98E 
 470      41B4
 471 0da9 2AAD11AB 		.ascii	"*\255\021\253\322,L\252\322\007\271\247\032\324\024"
 471      D22C4CAA 
 471      D207B9A7 
 471      1AD414
 472 0db8 639DD80B 		.ascii	"c\235\330\013qu\306dSL\203\365`\211\206b\312\355\355"
 472      7175C664 
 472      534C83F5 
 472      60898662 
 472      CAEDED
 473 0dcb 95888F53 		.ascii	"\225\210\217S;\243\254x\251J\267%\312\034m\214\210\012"
 473      3BA3AC78 
 473      A94AB725 
 473      CA1C6D8C 
 473      880A
 474 0ddd F98BE6B7 		.ascii	"\371\213\346\267\377\375\305\222\000\325/\226/\367\013"
 474      FFFDC592 
 474      00D52F96 
 474      2FF70B
 475 0dec 080BFF73 		.ascii	"\010\013\377s\370\306`\277(\213\2379\332\217 ,~\376"
 475      F8C660BF 
 475      288B9F39 
 475      DA8F202C 
 475      7EFE
 476 0dfe 411B0236 		.ascii	"A\033\0026l\363\013\011\013\2112\233\214\177\373\315"
 476      6CF30B09 
 476      0B89329B 
 476      8C7FFBCD 
 477 0e0e E6E5612A 		.ascii	"\346\345a*\017\332yk$\351\276@\"2~e\216\332l\014\267"
 477      0FDA796B 
 477      24E9BE40 
 477      22327E65 
 477      8EDA6C0C 
 478 0e23 98DF9635 		.ascii	"\230\337\2265K\017=\202\277\0140\256\333\024\031\032"
 478      4B0F3D82 
 478      BF0C30AE 
 478      DB14191A 
 479 0e33 6132BFB9 		.ascii	"a2\277\271\255\020\325\002#e\0137\377\325h\332\022\036"
ARM GAS  /tmp/ccqYMA5F.s 			page 38


 479      AD10D502 
 479      23650B37 
 479      FFD568DA 
 479      121E
 480 0e45 11F5F556 		.ascii	"\021\365\365V\323;\354\221\345\233\360\350\2200\311"
 480      D33BEC91 
 480      E59BF0E8 
 480      9030C9
 481 0e54 C042F6D4 		.ascii	"\300B\366\324\264-<Zz\346f\3744**\342\237B\302\202C"
 481      B42D3C5A 
 481      7AE666FC 
 481      342A2AE2 
 481      9F42C282 
 482 0e69 C2D65B02 		.ascii	"\302\326[\002\315&\323\346-\321\341Q\221A\246\277n\015"
 482      CD26D3E6 
 482      2DD1E151 
 482      9141A6BF 
 482      6E0D
 483 0e7b 379B427D 		.ascii	"7\233B}^s$<2$bk\250\011|\260\204\204\205\302X\265[\303"
 483      5E73243C 
 483      3224626B 
 483      A8097CB0 
 483      848485C2 
 484 0e93 23A357AF 		.ascii	"#\243W\2572F\353\215F\361\366\227~[-f\011\032i\372&"
 484      3246EB8D 
 484      46F1F697 
 484      7E5B2D66 
 484      091A69FA 
 485 0ea8 22FCCF7E 		.ascii	"\"\374\317~\2337\205\204\205G\232\374\214\241\246\257"
 485      9B378584 
 485      85479AFC 
 485      8CA1A6AF 
 486 0eb8 366D8D88 		.ascii	"6m\215\2106F\177\273\305d\001\006\037Wh\313\267\026"
 486      36467FBB 
 486      C5640106 
 486      1F5768CB 
 486      B716
 487 0eca 3FA3253A 		.ascii	"?\243%:\024\030\001\242\016\011\333d\3664\032-\246h"
 487      141801A2 
 487      0E09DB64 
 487      F6341A2D 
 487      A668
 488 0edc E3A7FEC1 		.ascii	"\343\247\376\301\237\005\006\255\367\334\024\361\315"
 488      9F0506AD 
 488      F7DC14F1 
 488      CD
 489 0ee9 A66F2DC6 		.ascii	"\246o-\306\360\310\010`]\356\354\250i[\264_\300\206"
 489      F0C80860 
 489      5DEEECA8 
 489      695BB45F 
 489      C086
 490 0efb E0F5C10E 		.ascii	"\340\365\301\016\177\311\214\205l^\27352D\012\020\240"
 490      7FC98C85 
 490      6C5EBB35 
 490      32440A10 
 490      A0
 491 0f0c 42A2B769 		.ascii	"B\242\267i\315\246\2577\2317\033\243\177\376&\263\016"
ARM GAS  /tmp/ccqYMA5F.s 			page 39


 491      CDA6AF37 
 491      99371BA3 
 491      7FFE26B3 
 491      0E
 492 0f1d 9D39F30A 		.ascii	"\2359\363\012\316\274\2223\257\342\314\253\261y\345"
 492      CEBC9233 
 492      AFE2CCAB 
 492      B179E5
 493 0f2c 2A4D84D9 		.ascii	"*M\204\331\030\035\026\312m\011Qo\333b1s\226\025\234"
 493      181D16CA 
 493      6D09516F 
 493      DB623173 
 493      96159C
 494 0f3f 65256759 		.ascii	"e%gY\305YVs\226\0179\313\2578\313\2579\313o8\313G\234"
 494      C5595673 
 494      960F39CB 
 494      AF38CBAF 
 494      39CB6F38 
 495 0f56 E5DFB065 		.ascii	"\345\337\260e\345\012\220\225 \253@V\203|\010\362+\267"
 495      E50A9095 
 495      20AB4056 
 495      837C08F2 
 495      2BB7
 496 0f68 AFB65842 		.ascii	"\257\266XB\314\340\213\305d\376\233)T\2736\360\013\343"
 496      CCE08BC5 
 496      64FE9B29 
 496      54BB36F0 
 496      0BE3
 497 0f7a E73041BA 		.ascii	"\3470A\272\240\317\202?\013\372\362\2635+\334\326\006"
 497      A0CF823F 
 497      0BFAF2B3 
 497      352BDCD6 
 497      06
 498 0f8b 06040491 		.ascii	"\006\004\004\221_\377 \315\332\3005\301\240l\370rm\320"
 498      5FFF20CD 
 498      DAC035C1 
 498      A06CF872 
 498      6DD0
 499 0f9d 0AFABB   		.ascii	"\012\372\273"
 500 0fa0 F2176F38 		.ascii	"\362\027o8\003\037\302\010tF\343\3270\223\201\301\201"
 500      031FC208 
 500      7446E3D7 
 500      309381C1 
 500      81
 501 0fb1 3A36A770 		.ascii	":6\247p\247\015\016\370\224Zt\013\010\374b\375\032\365"
 501      A70D0EF8 
 501      945A740B 
 501      08FC62FD 
 501      1AF5
 502 0fc3 FA80E020 		.ascii	"\372\200\340 \365\227\237o\014r\363_\037\024\020\204"
 502      F5979F6F 
 502      0C72F35F 
 502      1F141084 
 503 0fd3 C11C06FB 		.ascii	"\301\034\006\373\356$\306\037\031\243u,\332p\207\203"
 503      EE24C61F 
 503      19A3752C 
 503      DA708783 
ARM GAS  /tmp/ccqYMA5F.s 			page 40


 504 0fe3 D705BA05 		.ascii	"\327\005\272\005\257#\360\200\265\360\263\216\374\254"
 504      AF23F080 
 504      B5F0B38E 
 504      FCAC
 505 0ff1 811FB70D 		.ascii	"\201\037\267\015\033\326\372\007\251?%?\376\240\343"
 505      1BD6FA07 
 505      A93F253F 
 505      FEA0E3
 506 1000 C0B54178 		.ascii	"\300\265Ax\015\210\377\232 5\264\005\251\327\007\373"
 506      0D88FF9A 
 506      2035B405 
 506      A9D707FB 
 507 1010 078139FF 		.ascii	"\007\2019\377\200 \017\346\321\332@0\363\177\336D\357"
 507      80200FE6 
 507      D1DA4030 
 507      F37FDE44 
 507      EF
 508 1021 4A       		.ascii	"J"
 509              		.text
 510              		.section	.gnu.lto_.symtab.93f6be2986059fd7,"",%progbits
 511 0000 5356435F 		.ascii	"SVC_Handler\000\000\000\000\000\000\000\000\000\000"
 511      48616E64 
 511      6C657200 
 511      00000000 
 511      00000000 
 512 0015 0000B400 		.ascii	"\000\000\264\000\000\000_port_irq_epilogue\000\000\000"
 512      00005F70 
 512      6F72745F 
 512      6972715F 
 512      6570696C 
 513 0030 00000000 		.ascii	"\000\000\000\000\000\000\000\000\000\266\000\000\000"
 513      00000000 
 513      00B60000 
 513      00
 514 003d 5F706F72 		.ascii	"_port_switch_from_isr\000\000\002\000\000\000\000\000"
 514      745F7377 
 514      69746368 
 514      5F66726F 
 514      6D5F6973 
 515 005a 00000000 		.ascii	"\000\000\000\000\270\000\000\000_port_exit_from_isr"
 515      B8000000 
 515      5F706F72 
 515      745F6578 
 515      69745F66 
 516 0075 00000200 		.ascii	"\000\000\002\000\000\000\000\000\000\000\000\000\272"
 516      00000000 
 516      00000000 
 516      BA
 517 0082 00000063 		.ascii	"\000\000\000chSchIsPreemptionRequired\000\000\002\000"
 517      68536368 
 517      49735072 
 517      65656D70 
 517      74696F6E 
 518 00a2 00000000 		.ascii	"\000\000\000\000\000\000\000\000\302\000\000\000"
 518      00000000 
 518      C2000000 
 519              		.text
ARM GAS  /tmp/ccqYMA5F.s 			page 41


 520              		.section	.gnu.lto_.opts,"",%progbits
 521 0000 272D666E 		.ascii	"'-fno-trapv' '-fno-strict-overflow' '-mcpu=cortex-m"
 521      6F2D7472 
 521      61707627 
 521      20272D66 
 521      6E6F2D73 
 522 0033 34272027 		.ascii	"4' '-mfloat-abi=hard' '-mfpu=fpv4-sp-d16' '-mno-thu"
 522      2D6D666C 
 522      6F61742D 
 522      6162693D 
 522      68617264 
 523 0066 6D622D69 		.ascii	"mb-interwork' '-mthumb' '-ggdb' '-O0' '-Werror' '-f"
 523      6E746572 
 523      776F726B 
 523      2720272D 
 523      6D746875 
 524 0099 6F6D6974 		.ascii	"omit-frame-pointer' '-falign-functions=16' '-ffunct"
 524      2D667261 
 524      6D652D70 
 524      6F696E74 
 524      65722720 
 525 00cc 696F6E2D 		.ascii	"ion-sections' '-fdata-sections' '-fno-common' '-flt"
 525      73656374 
 525      696F6E73 
 525      2720272D 
 525      66646174 
 526 00ff 6F272027 		.ascii	"o' '-fsingle-precision-constant'\000"
 526      2D667369 
 526      6E676C65 
 526      2D707265 
 526      63697369 
 527              		.text
 528              		.comm	__gnu_lto_v1,1,1
 529              		.comm	__gnu_lto_slim,1,1
 530              		.ident	"GCC: (15:4.9.3+svn231177-1) 4.9.3 20150529 (prerelease)"
ARM GAS  /tmp/ccqYMA5F.s 			page 42


DEFINED SYMBOLS
                            *ABS*:0000000000000000 chcore_v7m.c
                            *COM*:0000000000000001 __gnu_lto_v1
                            *COM*:0000000000000001 __gnu_lto_slim

NO UNDEFINED SYMBOLS
