ARM GAS  /tmp/cccmr49S.s 			page 1


   1              		.syntax unified
   2              		.cpu cortex-m4
   3              		.eabi_attribute 27, 1
   4              		.eabi_attribute 28, 1
   5              		.fpu fpv4-sp-d16
   6              		.eabi_attribute 20, 1
   7              		.eabi_attribute 21, 1
   8              		.eabi_attribute 23, 3
   9              		.eabi_attribute 24, 1
  10              		.eabi_attribute 25, 1
  11              		.eabi_attribute 26, 1
  12              		.eabi_attribute 30, 6
  13              		.eabi_attribute 34, 1
  14              		.eabi_attribute 18, 4
  15              		.thumb
  16              		.file	"chvt.c"
  17              		.text
  18              	.Ltext0:
  19              		.section	.gnu.lto_.inline.b32d4ae9cfe1f72e,"",%progbits
  20 0000 789C6366 		.ascii	"x\234cf\300\016\202\24143\003\003;\033\003\003\023\327"
  20      C00E82A1 
  20      34330303 
  20      3B1B0303 
  20      13D7
  21 0012 83580616 		.ascii	"\203X\006\026\006&\220\020\023\203\242\021\220\264\230"
  21      06269010 
  21      1383A211 
  21      90B498
  22 0021 7094192E 		.ascii	"p\224\031.\304\015$\030\271\200\004\013\203\264)\220"
  22      C40D2418 
  22      B980040B 
  22      83B42990 
  23 0031 AF31E104 		.ascii	"\2571\341\004\023\212$B\005\003\000*\263\005\276"
  23      138A2442 
  23      0503002A 
  23      B305BE
  24              		.text
  25              		.section	.gnu.lto__vt_init.b32d4ae9cfe1f72e,"",%progbits
  26 0000 789C9592 		.ascii	"x\234\225\222\313K\002Q\024\306\357\271\243\243aP\004"
  26      CB4B0251 
  26      14C6EFB9 
  26      A3A36150 
  26      04
  27 0011 6D22DABA 		.ascii	"m\"\332\272\322\371#\202\266\005\355\2046\271\251Ud"
  27      D2F92382 
  27      B605ED84 
  27      36B9A955 
  27      64
  28 0022 D14E9A09 		.ascii	"\321N\232\011!\027\275 \010\301\036\2332\313\322\354"
  28      2117BD20 
  28      08C11E9B 
  28      32CBD2EC 
  29 0032 FD6EB2C7 		.ascii	"\375n\262\307V\262\205\340\"\221\014j7\026\004\203\251"
  29      56B285E0 
  29      22910C6A 
  29      37160483 
  29      A9
ARM GAS  /tmp/cccmr49S.s 			page 2


  30 0043 9D7BDD84 		.ascii	"\235{\335\204\325\200\027.\303\271\347\314\367}?\356"
  30      D580172E 
  30      C3B9E7CC 
  30      F77D3FEE 
  31 0053 15C8EFD5 		.ascii	"\025\310\357\325\212{X \244\203\025\002\001Jp\003`\001"
  31      8A7B5820 
  31      A4831502 
  31      014A7003 
  31      6001
  32 0065 649CC238 		.ascii	"d\234\3028\274\321\002\20595\022\260\331\327dY\326R"
  32      BCD10285 
  32      393512B0 
  32      D9D76459 
  32      D652
  33 0077 49A54705 		.ascii	"I\245G\005\035\347>hU\002\326\301Np\250\340+\245m\242"
  33      1DE73E68 
  33      5502D6C1 
  33      4E70A8E0 
  33      2BA56DA2 
  34 008b 0F879AAB 		.ascii	"\017\207\232\253=\010\203\310\224b-\252\\\251</|\305"
  34      3D0883C8 
  34      94622DAA 
  34      5CA93C2F 
  34      7CC5
  35 009d 4D58E6F9 		.ascii	"MX\346\371o/\024?B\006&>'\313i3\233D\205\345\307\231"
  35      6F2F143F 
  35      4206263E 
  35      27CB6933 
  35      9B4485E5 
  36 00b3 28F51665 		.ascii	"(\365\026e\277l\325)\224\330 \236f\363\311\007\353+"
  36      BF6CD529 
  36      94D8209E 
  36      66F3C907 
  36      EB2B
  37 00c5 C5135E86 		.ascii	"\305\023^\206\025\337\",AP\221\331\024\205\015\360\302"
  37      15DF222C 
  37      415091D9 
  37      14850DF0 
  37      C2
  38 00d6 26B4F15E 		.ascii	"&\264\361^ykvWtD0\202j\326\251\000\021\034|\347~\330"
  38      796B7657 
  38      74443082 
  38      6AD6A900 
  38      111C7CE7 
  39 00ec BCB84A95 		.ascii	"\274\270J\225M\325f\273NM\260\005\216w\312I\267\301"
  39      4DD566BB 
  39      4E4DB005 
  39      8E77CA49 
  39      B7C1
  40 00fe F1AF7BAD 		.ascii	"\361\257{\255]\364o\273>f\027\373i7]\014\315\213\\N"
  40      5DF46FBB 
  40      3E6617FB 
  40      69375D0C 
  40      CD8B5C4E 
  41 0112 75E9D40C 		.ascii	"u\351\324\014;\340@\2538x\011\247\276\017\270\014\251"
  41      3BE040AB 
  41      387809A7 
ARM GAS  /tmp/cccmr49S.s 			page 3


  41      BE0FB80C 
  41      A9
  42 0123 6B7D770D 		.ascii	"k}w\0150\367\2140\367\031&\277\216\203:0\017\0150\217"
  42      30F78C30 
  42      F71926BF 
  42      8E833A30 
  42      0F0D308F 
  43 0137 8C308F39 		.ascii	"\2140\2179\346I\025S\323ns\306\227[\353{j\200y\366?"
  43      E6491553 
  43      D36E73C6 
  43      975BEB7B 
  43      6A8079F6 
  44 014c A608E70C 		.ascii	"\246\010\347\014S`\230\027\0343\033\324W\033\330\253"
  44      53609817 
  44      1C331BD4 
  44      571BD8AB 
  45 015c B1547035 		.ascii	"\261Tp5\021\270D\325\014$4\355N\261\324\025\351\312"
  45      11B844D5 
  45      0C2434ED 
  45      4EB1D415 
  45      E9CA
  46 016e 2092FA33 		.ascii	" \222\3723\322\206?7\321\210M\237\302\"Y\341\232E2\261"
  46      D2863F37 
  46      D1884D9F 
  46      C22259E1 
  46      9A4532B1 
  47 0182 48091E49 		.ascii	"H\011\036I\011\235MYx$<\272A\305'P\324\225.\026\206"
  47      099D4D59 
  47      78243CBA 
  47      41C52750 
  47      D4952E16 
  48 0197 29E4D963 		.ascii	")\344\331cD\255v\247S\352\034\030\354\037\354\356\225"
  48      44AD76A7 
  48      53EA1C18 
  48      EC1FECEE 
  48      95
  49 01a8 864624CF 		.ascii	"\206F$\317\2504\342qK\356\201\261Q\247\233|\003\312"
  49      A834E271 
  49      4BEE81B1 
  49      51A79B7C 
  49      03CA
  50 01ba 3F4593   		.ascii	"?E\223"
  51              		.text
  52              		.section	.gnu.lto_chVTDoSetI.b32d4ae9cfe1f72e,"",%progbits
  53 0000 789C9555 		.ascii	"x\234\225U\335OTG\024\277g\346\336\273w?\330\005\343"
  53      DD4F5447 
  53      14BF67E6 
  53      DEBB773F 
  53      D805E3
  54 0013 03352434 		.ascii	"\0035$4!\3046\006h\322\246/}\250I_\232\364\241_\177"
  54      21C43606 
  54      68D2A62F 
  54      7DA8495F 
  54      9AF4A15F 
  55 0028 01C51A6D 		.ascii	"\001\305\032mHk\220\232\364\201x\371\320h\372!]\215"
  55      486B909A 
  55      F48178F9 
ARM GAS  /tmp/cccmr49S.s 			page 4


  55      D068FA21 
  55      5D8D
  56 003a C1A8156B 		.ascii	"\301\250\025km\261Xp\261\240\250\310\266*\240\"\026"
  56      6DB15870 
  56      B1A0A8C8 
  56      B62AA022 
  56      16
  57 004b 90F25904 		.ascii	"\220\362Y\004\312\202 P\026T\334T\330\2363\263\262\260"
  57      CA822050 
  57      1654DC54 
  57      D89E33B3 
  57      B2B0
  58 005d 2C056EB2 		.ascii	",\005n\262s\357\3149\277\337\374\316\2313g\271\262\364"
  58      73EFCC39 
  58      BFDFFCCE 
  58      993367B9 
  58      B2F4
  59 006f C9C45FAB 		.ascii	"\311\304_\253MQ\336\240\211]\001\246\340\0178\216\234"
  59      4D51DEA0 
  59      895D01A6 
  59      E00F388E 
  59      9C
  60 0080 E98A6232 		.ascii	"\351\212b2\025\007U\225\337\032}k\362\333B\337:\340"
  60      15075595 
  60      DF1A7D6B 
  60      F2DB42DF 
  60      3AE0
  61 0092 0B2C60C5 		.ascii	"\013,`\305\321\020\243\225\031d\265\221\325\006\200"
  61      D110A395 
  61      1964B591 
  61      D50680
  62 00a1 A4A0EC66 		.ascii	"\244\240\354f\\\325t\213a\265\301nf\225\373\2160?\203"
  62      5CD5748B 
  62      61B5C16E 
  62      6695FB8E 
  62      303F83
  63 00b4 426F6991 		.ascii	"Boi\221}\343i\3234'\247.\304\357\211\017\340\356\323"
  63      7DE369D3 
  63      3427A72E 
  63      C4EF890F 
  63      E0EED3
  64 00c7 4C3AC04F 		.ascii	"L:\300O\260\021]\366\227\367|\302\023A\301\317\352\262"
  64      B0115DF6 
  64      97F77CC2 
  64      1341C1CF 
  64      EAB2
  65 00d9 4777EC0F 		.ascii	"Gw\354\017X\200\301\2134\275\344n(\322i\212\022q:]\333"
  65      5880C18B 
  65      34BDE46E 
  65      28D2698A 
  65      12713A5D 
  66 00ee FD7EF229 		.ascii	"\375~\362)\323\314\363\336\25207\253\001\306\241\004"
  66      D3CCF3DE 
  66      AA3037AB 
  66      01C6A104 
  67 00fe 38B2C119 		.ascii	"8\262\301\031\330\000?\303\006\005\227\024(\205dt.\255"
  67      D8003FC3 
ARM GAS  /tmp/cccmr49S.s 			page 5


  67      06059714 
  67      28856474 
  67      2EAD
  68 0110 DE1BCF93 		.ascii	"\336\033\317\223\004k\331\327S\305\\\002G$P\205\263"
  68      046BD9D7 
  68      53C55C02 
  68      47245085 
  68      B3
  69 0121 91405581 		.ascii	"\221@U\201_\004\260\243\250z\300\316_\026\310\342\376"
  69      5F04B0A3 
  69      A87AC0CE 
  69      5F16C8E2 
  69      FE
  70 0132 C95989EC 		.ascii	"\311Y\211\354k\270\326\3440\337\0160\015\312\"\241\232"
  70      6BB8D6E4 
  70      30DF0E30 
  70      0DCA22A1 
  70      9A
  71 0143 02E5027A 		.ascii	"\002\345\002z\354\312\301Y\203\277\"\240\025O\202\303"
  71      ECCAC159 
  71      83BF22A0 
  71      154F82C3 
  72 0153 4EB96987 		.ascii	"N\271i\207\334T\207s\221H]\001\017$\223\373\323\222"
  72      DC548773 
  72      91485D01 
  72      0F2493FB 
  72      D392
  73 0165 FD358CBF 		.ascii	"\3755\214\277&\240\365\317\236\2649\223N\322\2567\363"
  73      26A0F5CF 
  73      9EB43993 
  73      4ED2AE37 
  73      F3
  74 0176 6F3BCC06 		.ascii	"o;\314\006\263\240/\030L\244x+\0263\310\007!\215e\243"
  74      B3A02F18 
  74      4CA4782B 
  74      1633C807 
  74      218D65A3 
  75 018a 750EFEBA 		.ascii	"u\016\376\272\2007\235\253\271bH\370\255S\365\013\340"
  75      80379DAB 
  75      B96248F8 
  75      AD53F50B 
  75      E0
  76 019b 2AFCBA0C 		.ascii	"*\374\272\014\334_0\333n\327\013\360\224b\341<$A%$\315"
  76      DC5F30DB 
  76      6ED70BF0 
  76      9462E13C 
  76      24412524 
  77 01b0 3E3F28A8 		.ascii	">?(\250\002\035\017\331\206n]\327\217\037\324$\363\035"
  77      021D0FD9 
  77      866E5DD7 
  77      8F1FD424 
  77      F31D
  78 01c2 5FBD63CF 		.ascii	"_\275c\317<\263EYJ\013\027 i1\246\321W\267\022\346\242"
  78      3CB34559 
  78      4A0B1720 
  78      6931A6D1 
  78      57B712E6 
ARM GAS  /tmp/cccmr49S.s 			page 6


  79 01d7 C09C280C 		.ascii	"\300\234(\014xU\211\351>}{\001\206G\303TG`\274W+J6\027"
  79      785589E9 
  79      3E7D7B01 
  79      8647C354 
  79      4760BC57 
  80 01ef 149B73C1 		.ascii	"\024\233s\301 ,\003\271\024\271M\317\015\337{\336\377"
  80      202C03B9 
  80      14B94DCF 
  80      0DDF7BDE 
  80      FF
  81 0200 C75C8E0C 		.ascii	"\307\\\216\014gt\345\024\\\211\300\230G\016\025\263"
  81      6774E514 
  81      5C89C098 
  81      470E15B3 
  82 0210 7DDE60F0 		.ascii	"}\336`\360\315e\0005\230\374\360\001\224\257\363\232"
  82      CD650035 
  82      98FCF001 
  82      94AFF39A 
  83 0220 C1E0F9C1 		.ascii	"\301\340\371\301\346/_-c\353@!\023b\320\310\201\312"
  83      E62F5F2D 
  83      63EB4021 
  83      1362D0C8 
  83      81CA
  84 0232 5C052A3C 		.ascii	"\\\005*<\015\250ru\240R\262\010\253!<\255X`\026\033"
  84      0DA87275 
  84      A052B208 
  84      AB213CAD 
  84      5860161B 
  85 0246 0D76B1EA 		.ascii	"\015v\261\352\020\2531tI\2344\270h\210%{\034\015\212"
  85      10AB3174 
  85      499C34B8 
  85      6888257B 
  85      1C0D8A
  86 0259 3228EEA5 		.ascii	"2(\356\245\217\341\213\367@\276\367H=\320\341S\201|"
  86      8FE18BF7 
  86      40BEF748 
  86      3DD0E153 
  86      817C
  87 026b D7FA4D19 		.ascii	"\327\372M\031\313\371\327\334g\032\001fL3,\010\270\012"
  87      CBF9D7DC 
  87      671A0166 
  87      4C332C08 
  87      B80A
  88 027d 3988B30A 		.ascii	"9\210\263\012\010v\023\336\006\005\035\371\225N\202"
  88      087613DE 
  88      06051DF9 
  88      954E82
  89 028c CC308EA0 		.ascii	"\3140\216\240\373\203w\233\015\272\276\324kjCA\372\250"
  89      FB83779B 
  89      0DBABED4 
  89      6B6A4341 
  89      FAA8
  90 029e DD085F2E 		.ascii	"\335\010_.=\325\205\236\330~\300;\357\251-\366\324\320"
  90      3DD5859E 
  90      D87EC03B 
  90      EFA92DF6 
  90      D4D0
ARM GAS  /tmp/cccmr49S.s 			page 7


  91 02b0 33F7C7CB 		.ascii	"3\367\307\313_Y\310\223\272\322o\363\236\272\220\254"
  91      5F59C893 
  91      BAD26FF3 
  91      9EBA90AC 
  92 02c0 46956B9B 		.ascii	"F\225k\233\246\210\340w\224\213\246\303\007\356]\344"
  92      A688E077 
  92      948BA6C3 
  92      07EE5DE4 
  93 02d0 682A2293 		.ascii	"h*\"\223\235\252\\Y(\300.\246g\016\034\272\010\307\341"
  93      9DAA5C59 
  93      28C02EA6 
  93      670E1CBA 
  93      08C7E1
  94 02e3 686E2179 		.ascii	"hn!y9\340\032\344\300u\332\214\252f\260\244\310\216"
  94      39E01AE4 
  94      C075DA8C 
  94      AA66B0A4 
  94      C88E
  95 02f5 04D8CAEC 		.ascii	"\004\330\312\354p\003\275\304\246P\0079\001\026#\304"
  95      7003BDC4 
  95      A6500739 
  95      011623C4 
  96 0305 A034DE05 		.ascii	"\2404\336\005y\207\375\303~\241\034A\225OO\214\307\020"
  96      7987FDC3 
  96      7EA11C41 
  96      954F4F8C 
  96      C710
  97 0317 A1697AF5 		.ascii	"\241iz\365\000sb\202dF\320\366\375\303\353\003\316\224"
  97      00736282 
  97      6446D0F6 
  97      FDC3EB03 
  97      CE94
  98 0329 4DD420EA 		.ascii	"M\324 \352\221nJ\234\0024@\312\014\206E<\236\261\\m"
  98      916E4A9C 
  98      023440CA 
  98      0C86453C 
  98      9EB15C6D 
  99 033d 153CC71E 		.ascii	"\025<\307\036\035\354t\021\217\0067\005\217h\315\267"
  99      1DEC7411 
  99      8F063705 
  99      8F68CDB7 
 100 034d 8847953C 		.ascii	"\210G\225<\275\356P&-\230LZ\252\362\337\377@\256\030"
 100      BDEE5026 
 100      2D984C5A 
 100      AAF2DFFF 
 100      40AE18
 101 0360 915973CD 		.ascii	"\221Ys\315\022~aj\\bZ\222[p\014\244\002\364\212\205"
 101      127E616A 
 101      5C625A92 
 101      5B700CA4 
 101      02F48A85 
 102 0374 DB989AC6 		.ascii	"\333\230\232\306\220\202\271\263\007*\364\224Rl#\336"
 102      9082B9B3 
 102      072AF494 
 102      526C23DE 
 103 0384 17022C0E 		.ascii	"\027\002,\016\356\010\031\241\024\327\324\266\314\251"
 103      EE0819A1 
ARM GAS  /tmp/cccmr49S.s 			page 8


 103      14D7D4B6 
 103      CCA9
 104 0392 D2F812B5 		.ascii	"\322\370\022\265\262&H\231\242\312P\340.\244\210\274"
 104      B2264899 
 104      A2CA50E0 
 104      2EA488BC 
 105 03a2 19326F55 		.ascii	"\0312oU\376\241\251\220N\333\202\220A\204\013K\303U"
 105      FEA1A990 
 105      4EDB8290 
 105      41840B4B 
 105      C355
 106 03b4 E10FB18F 		.ascii	"\341\017\261\217J\\\315\310\325\005\371\207\366\366"
 106      4A5CCDC8 
 106      D505F987 
 106      F6F6
 107 03c2 80A4B0CF 		.ascii	"\200\244\260\3170\206D\"Z\317p\226\\tD\244r\303r\334"
 107      30864422 
 107      5ACF7096 
 107      5C7444A4 
 107      72C372DC 
 108 03d6 1C5A04B7 		.ascii	"\034Z\004\267F\334\255!\235\326\220N\317PEH\247uu:\357"
 108      46DCAD21 
 108      9DD6904E 
 108      CF504548 
 108      A775753A 
 109 03eb 8575B621 		.ascii	"\205u\266!\027\226vc\376\326\020\303\214\310\2232\004"
 109      17967663 
 109      FED610C3 
 109      8CC89332 
 109      04
 110 03fc 80876179 		.ascii	"\200\207ay\326\276\036U\032c\235\011C\200\362-\226\306"
 110      D6BE1E55 
 110      1A639D09 
 110      4380F22D 
 110      96C6
 111 040e F62D188B 		.ascii	"\366-\030\213\321\323\231\211\002lR\200\3333\236\267"
 111      D1D39989 
 111      026C5280 
 111      DB339EB7 
 112 041e A6C2E0F0 		.ascii	"\246\302\340\360g8\232v*\014\220U0\336\242I\0311K\002"
 112      67389A76 
 112      2A0C9055 
 112      30DEA249 
 112      19314B02 
 113 0432 894AD311 		.ascii	"\211J\323\021\246\351\024\011\317\253:\231(\031\234"
 113      A6E91409 
 113      CFAB3A99 
 113      28199C
 114 0441 4B1862A2 		.ascii	"K\030b\2421t\011\006\235\030\272%\203\373\344\372\265"
 114      31740906 
 114      9D18BA25 
 114      83FBE4FA 
 114      B5
 115 0452 C5D213A6 		.ascii	"\305\322\023\246\370\213bq\012\035\337N0)\304\265\272"
 115      F88B6271 
 115      0A1DDF4E 
 115      3029C4B5 
ARM GAS  /tmp/cccmr49S.s 			page 9


 115      BA
 116 0463 507AC32C 		.ascii	"Pz\303,\367\245\220\303\375\011Q\204$\012\012W4\212"
 116      F7A590C3 
 116      FD095184 
 116      240A0A57 
 116      348A
 117 0475 BE7036FA 		.ascii	"\276p6\372I\010\027,\376\211\201h\267_]\276\324\006"
 117      4908172C 
 117      FE898168 
 117      B75F5DBE 
 117      D406
 118 0487 C252FE9E 		.ascii	"\302R\376\236\347q{\376q\257\351\220U\030\014\227\231"
 118      E7717BFE 
 118      71AFE990 
 118      55180C97 
 118      99
 119 0498 8F78982C 		.ascii	"\217x\230,\376\307\317oU\354\212\325J\267\324 \252\241"
 119      FEC7CF6F 
 119      55EC8AD5 
 119      4AB7D420 
 119      AAA1
 120 04aa 30D570E8 		.ascii	"0\325p\350f\351\222$\016yB\324n\210\320\267\002\351"
 120      66E99224 
 120      0E7942D4 
 120      6E88D0B7 
 120      02E9
 121 04bc 8330E908 		.ascii	"\2030\351\010\351\213#\222\311\311\307\003\317\343\214"
 121      E98B2392 
 121      C9C9C703 
 121      CFE38C
 122 04cb DE88223B 		.ascii	"\336\210\";\317h\364\316\243Q\347y\270L\347I\240\375"
 122      CF68F4CE 
 122      A351E779 
 122      B84CE749 
 122      A0FD
 123 04dd C7A8F358 		.ascii	"\307\250\363Xh\373qH\241\016w4\360\203U\374\247\004"
 123      68FB7148 
 123      A10E7734 
 123      F08355FC 
 123      A704
 124 04ef F1712930 		.ascii	"\361q)0\201\254\275\220\353\355|G\364v\205\376\032Q"
 124      81ACBD90 
 124      EBED7C47 
 124      F47685FE 
 124      1A51
 125 0501 03D225A4 		.ascii	"\003\322%\244\246\246\275\265m\373G\333\337\3750\355"
 125      A6A6BDB5 
 125      6DFB47DB 
 125      DFFD30ED 
 126 0511 B39D6959 		.ascii	"\263\235iY\331i;\2632\3222\266\355\312N\315P\370\256"
 126      D9693BB3 
 126      32D232B6 
 126      EDCA4ECD 
 126      50F8AE
 127 0524 EC1DDA96 		.ascii	"\354\035\332\226\2173\323\277\320weo\375\374\323\014"
 127      8F33D3BF 
 127      D077656F 
ARM GAS  /tmp/cccmr49S.s 			page 10


 127      FDFCD30C 
 128 0534 BE233D0B 		.ascii	"\276#=\013\304Rv\372\177<\303\307\271"
 128      C45276FA 
 128      7F3CC3C7 
 128      B9
 129              		.text
 130              		.section	.gnu.lto_chVTDoResetI.b32d4ae9cfe1f72e,"",%progbits
 131 0000 789C9594 		.ascii	"x\234\225\224\337O\024W\024\307\357\367\336\231\331"
 131      DF4F1457 
 131      14C7EFF7 
 131      DE99D9
 132 000f 5946C4F6 		.ascii	"YF\304\366\311\030\014M\251\361\241Y\366\241\177@M\372"
 132      C9180C4D 
 132      A9F1A159 
 132      F6A17F40 
 132      4DFA
 133 0021 D887D6F6 		.ascii	"\330\207\326\366?\220\027\365\305F\211o\304A\266Fk\""
 133      3F9017F5 
 133      C546896F 
 133      C441B646 
 133      6B22
 134 0033 B89A8616 		.ascii	"\270\232\206\026\255\032k\212\242\240\370\243@\253L"
 134      AD1A6B8A 
 134      A2A0F8A3 
 134      40AB4C
 135 0042 5B15FC01 		.ascii	"[\025\374\001\376\302\252HE-\233\266\017MDL\332I\003"
 135      FEC2AA48 
 135      452D9BB6 
 135      0F4D444C 
 135      DA4903
 136 0055 DB73EEEC 		.ascii	"\333s\356\3542\353\260\270\353$sg\357\217\3639\347{"
 136      32EBB0B8 
 136      EB247367 
 136      EF8FF339 
 136      E77B
 137 0067 F79CA3C4 		.ascii	"\367\234\243\304\374\347Cz\257\331B\274\315\223\270"
 137      FCE7437A 
 137      AFD942BC 
 137      CD93B8
 138 0076 8014F442 		.ascii	"\200\024\364B\321\250\244!\204+M\032\014\003\364\201"
 138      D1A8A421 
 138      842B4D1A 
 138      0C03F481 
 139 0086 098B464B 		.ascii	"\011\213FK\306x\335\346\365\030\350\003\033 c\210-R"
 139      C678DDE6 
 139      F518E803 
 139      1B206388 
 139      2D52
 140 0098 19A615B3 		.ascii	"\031\246\025\263\261\005\177\311)\211V\257\263\315Y"
 140      B1057FC9 
 140      298956AF 
 140      B3CD59
 141 00a7 79C475DD 		.ascii	"y\304u\335gO'\226~\276\324'\370\264\014\374\342;\254"
 141      674F2796 
 141      7EBED427 
 141      F8B40CFC 
 141      E23BAC
ARM GAS  /tmp/cccmr49S.s 			page 11


 142 00ba A4233BBA 		.ascii	"\244#;\272\307\327\253\032\010\372\331\327\365b\330"
 142      C7D7AB1A 
 142      08FAD9D7 
 142      F562D8
 143 00c9 F953FA12 		.ascii	"\371S\372\022o\361\264?=\324f\361\224\302\240\351\364"
 143      6FF1B43F 
 143      3DD466F1 
 143      94C2A0E9 
 143      F4
 144 00da C0C3D52B 		.ascii	"\300\303\325+\016\273\356V\357z\217\273\312\360\245"
 144      0EBBEE56 
 144      EF7A8FBB 
 144      CAF0A5
 145 00e9 420714D1 		.ascii	"B\007\024\321p\024\313p\014\313\004-\011tb\005\237\236"
 145      7014CB70 
 145      0CCB042D 
 145      09746205 
 145      9F9E
 146 00fb 4ACDDC73 		.ascii	"J\315\334s\254\024y^2\223w\212\343\260(N\207\266\017"
 146      AC14795E 
 146      3293778A 
 146      E3B0284E 
 146      87B60F
 147 010e B4FA9E51 		.ascii	"\264\372\236Q{\210h\217\277\370c\362c/u\320\235\315"
 147      7B88688F 
 147      BFF863F2 
 147      632F75D0 
 147      9DCD
 148 0120 66E193AB 		.ascii	"f\341\223\253Bb.\322\023\250}\331\246e0S`\243\212\331"
 148      42622ED2 
 148      13A87DD9 
 148      A6653053 
 148      60A38AD9 
 149 0134 74456CDC 		.ascii	"tEl\334\257\366\036\224\333\275l\366\375\005\014\272"
 149      AFF61E94 
 149      DBBD6CF6 
 149      FD050CBA 
 150 0144 B5C1D8C5 		.ascii	"\265\301\330\305\375{Lm\340\365\367t\254\232\363a\026"
 150      FD7B4C6D 
 150      E0F5F774 
 150      AC9AF361 
 150      16
 151 0155 33391935 		.ascii	"39\0315\031*ir\352\365\275\364D\325\177]Z\375\351\210"
 151      192A6972 
 151      EAF5BDF4 
 151      44D57F5D 
 151      5AFDE988 
 152 0169 8D77A1D0 		.ascii	"\215w\241\320MQ\2233Q7\355\245\335\234}}7\347PK\011"
 152      4D519333 
 152      5137EDA5 
 152      DD9C7D7D 
 152      37E7504B 
 153 017e D1FDA6E7 		.ascii	"\321\375\246\347f\263\247\263\351\235\357]\221\213\000"
 153      66B3A7B3 
 153      E99DEF5D 
 153      918B00
 154 018d 4E1B4909 		.ascii	"N\033I\011d(\316\"\203\007\223\006\323\342!\306\203"
ARM GAS  /tmp/cccmr49S.s 			page 12


 154      6428CE22 
 154      83079306 
 154      D3E221C6 
 154      83
 155 019e CD6B711E 		.ascii	"\315kq\036*xpt\266\211I\235\314\031I\0375\216fo\367"
 155      2A787074 
 155      B689499D 
 155      CC19491F 
 155      358E666F 
 156 01b3 0838CB38 		.ascii	"\0108\3138\003\277\271\263\253K6\376\347nwm_Z\323\222"
 156      03BFB9B3 
 156      AB4B36FE 
 156      E76E776D 
 156      5F5AD392 
 157 01c7 320FDFA3 		.ascii	"2\017\337\243\221\354b\332\204\254\325]\244\3567\037"
 157      91EC62DA 
 157      84ACD55D 
 157      A4EE371F 
 158 01d7 A966937F 		.ascii	"\251f\223\177(g%&&o\334\2629\347\271\376zsQg\270\016"
 158      28672526 
 158      266FDCB2 
 158      39E7B9FE 
 158      7A735167 
 159 01ed 096F1445 		.ascii	"\011o\024E\333\323\354\035}\204\246\255/[F{\025m\265"
 159      DBD3EC1D 
 159      7D84A6AD 
 159      2F5B467B 
 159      156DB5
 160 0200 F1569C53 		.ascii	"\361V\234S_\024b\343zz\264eo/\366\243\275\251\225OU"
 160      5F1462E3 
 160      7A7AB465 
 160      6F2FF6A3 
 160      BDA9954F 
 161 0215 A01F8DF8 		.ascii	"\240\037\215\370\201\235\361eNv\2649\004\240Z\215\343"
 161      819DF165 
 161      4E76B439 
 161      04A05A8D 
 161      E3
 162 0226 473AA59D 		.ascii	"G:\245\235\342<\032}\351\010VL\215@e$5\0025\206\255"
 162      E23C1A7D 
 162      E908564C 
 162      8D406524 
 162      35023586 
 163 023b E7765F52 		.ascii	"\347v_RA\370\\\357g\377=\360w%\201\351\362\027\221\240"
 163      41F85CEF 
 163      67FF3DF0 
 163      772581E9 
 163      F21791A0 
 164 024f 4001ADEF 		.ascii	"@\001\255\357{\261\347AU\342]_V\342\002!\237\353[\303"
 164      7BB1E741 
 164      55E25D5F 
 164      56E20221 
 164      9FEB5BC3 
 165 0263 0012826F 		.ascii	"\000\022\202o\240\0000\027h%\355{s\372c\245\365\377"
 165      A0003017 
 165      6825ED7B 
 165      73FA63A5 
ARM GAS  /tmp/cccmr49S.s 			page 13


 165      F5FF
 166 0275 F42AFD51 		.ascii	"\364*\375Q\301?/$\370\2279\301\027\363\2023\334\350"
 166      C13F2F24 
 166      F89739C1 
 166      17F38233 
 166      DCE8
 167 0287 B4D4A9C1 		.ascii	"\264\324\251\301\372 RU\216T\205KZ\252\356\214\227I"
 167      FA205255 
 167      8E54854B 
 167      5AAAEE8C 
 167      9749
 168 0299 2A231000 		.ascii	"*#\020\000\214\362\000\203!`(\0078\264< \230\363\010"
 168      8CF20083 
 168      21602807 
 168      38B43C20 
 168      98F308
 169 02ac 4684D049 		.ascii	"F\204\320I\275\217\304.\306\025M\321\015\360j\236\362"
 169      BD8FC42E 
 169      C6154DD1 
 169      0DF06A9E 
 169      F2
 170 02bd 4E40B1CA 		.ascii	"N@\261\312\211c1\256\205\204\353\232\320\234\3366\232"
 170      896331AE 
 170      8584EB9A 
 170      D09CDE36 
 170      9A
 171 02ce FBD76214 		.ascii	"\373\327b\024\013\201\030\233\326\352\346!\325B\201"
 171      0B81189B 
 171      D6EAE621 
 171      D54281
 172 02dd 0D87D811 		.ascii	"\015\207\330\021$\010\245c;5\234\273e\273\274K\272\241"
 172      2408A563 
 172      3B359CBB 
 172      65BBBC4B 
 172      BAA1
 173 02ef 298A2937 		.ascii	")\212)7\363\362j\002B\274<\302\255\360\232o\007\204"
 173      F3F26A02 
 173      42BC3CC2 
 173      ADF09A6F 
 173      0784
 174 0301 F493EA88 		.ascii	"\364\223\352\210\224&\327\365j4\302.\206\270\023\"F"
 174      9426D7F5 
 174      6A34C22E 
 174      86B81322 
 174      46
 175 0312 594A5CC7 		.ascii	"YJ\\\3071\225\227RQ^ wC\312\257\021)Ny\204{\341e\334"
 175      31959752 
 175      515E2077 
 175      43CAAF11 
 175      294E7984 
 176 032a 2F2DA5A2 		.ascii	"/-\245\242\030\342A\210\030c)\016S\236\235\034i6\213"
 176      18E24188 
 176      1863290E 
 176      539E9D1C 
 176      69368B
 177 033d 70AC850B 		.ascii	"p\254\205\013\375aX\350\343H\350b\326\240\321\337\363"
 177      FD6158E8 
ARM GAS  /tmp/cccmr49S.s 			page 14


 177      E348E862 
 177      D6A0D1DF 
 177      F3
 178 034e A097CAB8 		.ascii	"\240\227\312\270j\206\205\027\266\200*=\355hJ\355C\340"
 178      6A868517 
 178      B6802A3D 
 178      ED684AED 
 178      43E0
 179 0360 8D4E2DC1 		.ascii	"\215N-\301oT\272\217r\336f\217\267\364X:\237<\323\227"
 179      6F54BA8F 
 179      72DE668F 
 179      B7F4583A 
 179      9F3CD397 
 180 0374 6F6042BB 		.ascii	"o`B\2734\202\232??p{\326\0106\2539\333\036#\361\234"
 180      34829A3F 
 180      3F707BD6 
 180      0836AB39 
 180      DB1E23F1 
 181 0389 7B97C013 		.ascii	"{\227\300\023$\330O\273\377m\234\375\230Yz\252\004\236"
 181      24D84FBB 
 181      FF6D9CFD 
 181      98597AAA 
 181      049E
 182 039b 12F5119A 		.ascii	"\022\365\021\232\274\276Ot\007\320\275\216B\"\011\325"
 182      BCBE4F74 
 182      07D0BD8E 
 182      422209D5 
 183 03ab 7575C90F 		.ascii	"uu\311\017\326\256[\263\356\243O\223\0336%76$7m\254"
 183      D6AE5BB3 
 183      EEA34F93 
 183      1B362537 
 183      3624376D 
 184 03c0 4FD6AFDD 		.ascii	"O\326\257\335\334PW/\324\346\206\317\376\007\320\366"
 184      DC50572F 
 184      D4E686CF 
 184      FE07D0F6 
 185 03d0 0868     		.ascii	"\010h"
 186              		.text
 187              		.section	.gnu.lto_.symbol_nodes.b32d4ae9cfe1f72e,"",%progbits
 188 0000 789C5589 		.ascii	"x\234U\211\273\015\302P\020\004g\357\036\306!-Q\331"
 188      BB0DC250 
 188      100467EF 
 188      1EC6212D 
 188      51D9
 189 0012 BA04020A 		.ascii	"\272\004\002\012p\340R\210\011\211AB\342O\011\310F\274"
 189      70E05288 
 189      09894142 
 189      E24F09C8 
 189      46BC
 190 0024 006F32DA 		.ascii	"\000o2\332\231\004\266\324\305E\206\315\036l\016}\313"
 190      9904B6D4 
 190      C54586CD 
 190      1E6C0E7D 
 190      CB
 191 0035 E22E5626 		.ascii	"\342.V&\256\262f\376%\365\341\214\233\034\263\360V|"
 191      AEB266FE 
 191      25F5E18C 
ARM GAS  /tmp/cccmr49S.s 			page 15


 191      9B1CB3F0 
 191      567C
 192 0047 839E72FE 		.ascii	"\203\236r\376\002]\327\242\207\\\376~\306\222\341\370"
 192      025DD7A2 
 192      875CFE7E 
 192      C692E1F8 
 193 0057 5967340C 		.ascii	"Yg4\014\247\211\245\376\322p\256\334M\236\021\276O-"
 193      A789A5FE 
 193      D270AEDC 
 193      4D9E11BE 
 193      4F2D
 194 0069 32       		.ascii	"2"
 195              		.text
 196              		.section	.gnu.lto_.refs.b32d4ae9cfe1f72e,"",%progbits
 197 0000 789C25C5 		.ascii	"x\234%\305\261\015\000 \020\303\3008\371G\242\247d\003"
 197      B10D0020 
 197      10C3C038 
 197      F947A2A7 
 197      6403
 198 0012 F6DF0F21 		.ascii	"\366\337\017!\\\234#\351\3507\004\230\207\337\003\025"
 198      5C9C23E9 
 198      E8370498 
 198      87DF0315 
 199 0022 3B2D26EC 		.ascii	";-&\354\224;\356\001K\027\022=\000\273"
 199      943BEE01 
 199      4B17123D 
 199      00BB
 200              		.text
 201              		.section	.gnu.lto_.decls.b32d4ae9cfe1f72e,"",%progbits
 202 0000 789CBD5B 		.ascii	"x\234\275[yTTW\232\257[\267\250*\212\242H\307t:\343"
 202      79545457 
 202      9AAF5BB7 
 202      A82A8AA2 
 202      48C7743A 
 203 0015 F43949E8 		.ascii	"\3649I\3509Lf&\035\242I\247\223\277\222\036{N'\335\247"
 203      394C6626 
 203      1DA249A7 
 203      93BF921E 
 203      7B4E27DD 
 204 002a 3BE94EF7 		.ascii	";\351N\367\234\2363\347\014\301\262\"t\330\272\252\320"
 204      9C9E33E7 
 204      0CC1B222 
 204      74D8BAAA 
 204      D0
 205 003b E4AF2941 		.ascii	"\344\257)Ad\023D\020\004\024(d\337\027\025A\026Q\021"
 205      64134410 
 205      04142864 
 205      DF171541 
 205      165111
 206 004e 45045111 		.ascii	"E\004Q\021DPJPY\334\212E\005\027\230\357\336\373\352"
 206      44504A50 
 206      59DC8A45 
 206      051798EF 
 206      DEFBEA
 207 0061 BD57C52B 		.ascii	"\275W\305+\364\257\251s>y\337\273\277\367\335o\273\337"
 207      F4AFA973 
 207      3E79DFBB 
ARM GAS  /tmp/cccmr49S.s 			page 16


 207      BFF7DD6F 
 207      BBDF
 208 0073 5DDE13CB 		.ascii	"]\336\023\313d\262~$\223-\303o\376#\231l\275J&S\300"
 208      64B27E24 
 208      932DC36F 
 208      FE23996C 
 208      BD4A2653 
 209 0088 BDAF64C2 		.ascii	"\275\257d\302\317\003\250\022h\010\350\032\320$\320"
 209      CF03A812 
 209      6808E81A 
 209      D024D0
 210 0097 341006FA 		.ascii	"4\020\006\372R.\223\375\027P\240\\\346\364#xON\316F"
 210      522E93FD 
 210      1750A05C 
 210      E6F42378 
 210      4F4ECE46 
 211 00ab 68FB3DD0 		.ascii	"h\373=\320?\000]\004^\017\177[\341\357\333@\221\210"
 211      3F005D04 
 211      5E0F7F5B 
 211      E1EFDB40 
 211      9188
 212 00bd C9FF02EE 		.ascii	"\311\377\002\356\255\001\3721\320k@?\001B\234\034\304"
 212      AD01FA31 
 212      D06B403F 
 212      01429C1C 
 212      C4
 213 00ce F523FE11 		.ascii	"\365#\376\021]^\345\344\353\200\2642&\233\310\355 x"
 213      5D5EE5E4 
 213      EB80B432 
 213      269BC8ED 
 213      2078
 214 00e0 4EFE2678 		.ascii	"N\376&x\256\014\376\032\340\357\267@\177\001\272\015"
 214      AE0CFE1A 
 214      E0EFB740 
 214      7F01BA0D 
 215 00f0 7CAF8B5E 		.ascii	"|\257\213^j\340\317\003\235\025\351r\016\256\273\201"
 215      6AE0CF03 
 215      9D15E972 
 215      0EAEBB81 
 216 0100 FA644C27 		.ascii	"\372dL'\314\365;\315\371\200\250Dlw\325\355\232\033"
 216      CCF53BCD 
 216      F980A844 
 216      6C77D5ED 
 216      9A1B
 217 0112 DD4E4AE8 		.ascii	"\335NJ\350\264\031\350\177D:up6\210uSrz\021]\316q\372"
 217      B419E87F 
 217      443A7570 
 217      36887553 
 217      727A115D 
 218 0129 7C211774 		.ascii	"|!\027t\272\346\242S\240\204N3r\324T=\337\3435)G:\315"
 218      BAE6A253 
 218      A0844E33 
 218      72D4543D 
 218      DFE33529 
 219 0140 5B843D9A 		.ascii	"[\204=\232z&S\011\254V\243 l\363\323\261~\305O\322-"
 219      7A265309 
 219      AC56A320 
ARM GAS  /tmp/cccmr49S.s 			page 17


 219      6CF3D3B1 
 219      7EC54FD2 
 220 0155 F04B89B6 		.ascii	"\360K\211\266\274\242@_\275\216J\320ZT\212\326B\004"
 220      BCA2405F 
 220      BD8E4AD0 
 220      5A548AD6 
 220      4204
 221 0167 CAD04FE0 		.ascii	"\312\320O\340\337\377V0I\347\027S\322\274\261\034\221"
 221      DFFF5630 
 221      49E71753 
 221      D2BCB11C 
 221      91
 222 0178 EB82CC1B 		.ascii	"\353\202\314\033\375\232w\313\341\2618K\373\025$t\327"
 222      FD9A77CB 
 222      E1B1384B 
 222      FB152474 
 222      D7
 223 0189 79D696A2 		.ascii	"y\326\226\242y+\327b\265\332\313\237\014i-g,\355\313"
 223      792BD762 
 223      B5DACB9F 
 223      0C692D67 
 223      2CEDCB
 224 019c CB9F5251 		.ascii	"\313\237RQ\250\034aT\201\336%HrM\037A\225\350-x\254"
 224      A81C6154 
 224      81DE2548 
 224      724D1F41 
 224      95E82D78 
 225 01b1 E3C27085 		.ascii	"\343\302p\205\222ji\245\362\323\273\033\257i\250\232"
 225      926A69A5 
 225      F2D3BB1B 
 225      AF69A89A 
 226 01c1 AF51A905 		.ascii	"\257Q\251\005\343{<\261?m\232\250\216J\226\343O\351"
 226      E37B3CB1 
 226      3F6D9AA8 
 226      8E4A96E3 
 226      4FE9
 227 01d3 75465AFA 		.ascii	"uFZ\372\021O\374\025\275\276YV\320\355\215\377J\257"
 227      114FFC15 
 227      BDBE5956 
 227      D0ED8DFF 
 227      4AAF
 228 01e5 7B73AD87 		.ascii	"{s\255\207|\3607\364\372X\333B\247\006\377\215^\357"
 228      7CF037F4 
 228      FA58DB42 
 228      A706FF8D 
 228      5EEF
 229 01f7 8CB37569 		.ascii	"\214\263ui\260\211^o+n\336\251\202.\336\326P\305G\367"
 229      B0895E6F 
 229      2B6EDEA9 
 229      822EDED6 
 229      50C547F7 
 230 020b 2D167A52 		.ascii	"-\026zR\226\014\012\037\270%?\270\230w\022!?M!\230i"
 230      960C0A1F 
 230      B8253FB8 
 230      98771221 
 230      3F4D2198 
 231 0220 5F2A18FB 		.ascii	"_*\030\373<\332\362\031jB\032t\2307\204>M~q\026K\024"
ARM GAS  /tmp/cccmr49S.s 			page 18


 231      3CDAF219 
 231      6A421A74 
 231      9837843E 
 231      4D7E7116 
 232 0236 71A1E7E7 		.ascii	"q\241\347\3472\336\201\250\021\371\001\200BQ\003\334"
 232      32DE81A8 
 232      11F90180 
 232      425103DC 
 233 0246 3C023741 		.ascii	"<\0027AnV\234\345\264\027\322\370I>\323,\361\014U`$"
 233      6E569CE5 
 233      B417D2F8 
 233      493ED32C 
 233      F10C5560 
 234 025b 26F5758B 		.ascii	"&\365u\213E\201\216\202\002\207\004\005@\037\207\363"
 234      45818E82 
 234      02870405 
 234      401F87F3 
 235 026b E583F9FD 		.ascii	"\345\203\371\3751r\207\302y\023\331?&\370V\300\037\024"
 235      317287C2 
 235      7913D93F 
 235      26F856C0 
 235      1F14
 236 027d F047D16A 		.ascii	"\360G\321j\032\267Hj\214\012.\265\201\315\217\020u\\"
 236      1AB7486A 
 236      8C0A2EB5 
 236      81CD8F10 
 236      755C
 237 028f 617A46A5 		.ascii	"azF\245\007\215\215\232\260'\3167f \005\031\270_jI\256"
 237      078D8D9A 
 237      B027CE37 
 237      66200519 
 237      B85F6A49 
 238 02a4 C0ADC7C7 		.ascii	"\300\255\307\307N\315(\335f\325q\232U\355\210K\253\346"
 238      4ECD28DD 
 238      66D5719A 
 238      55ED884B 
 238      ABE6
 239 02b6 EB73DD9E 		.ascii	"\353s\335\236x\231\311\316\313\272[\244\326&\360\252"
 239      7899C9CE 
 239      CBBA5BA4 
 239      D626F0AA 
 240 02c6 11B0E8D1 		.ascii	"\021\260\350\321\223H\313\331\001\326\366\317\227\026"
 240      9348CBD9 
 240      01D6F6CF 
 240      9716
 241 02d4 AB91D6CF 		.ascii	"\253\221\326\317\015\032\235\002[\204\007\210Ol-\321"
 241      0D1A9D02 
 241      5B840788 
 241      4F6C2DD1 
 242 02e4 1A0B421D 		.ascii	"\032\013B\035p\363\204\340\021\300\360\351{`>\255\311"
 242      70F384E0 
 242      11C0F0E9 
 242      7B603EAD 
 242      C9
 243 02f5 0BC7B124 		.ascii	"\013\307\261$/\267\345-\352p\012c\272\307\026\346\264"
 243      2FB7E52D 
 243      EA700A63 
ARM GAS  /tmp/cccmr49S.s 			page 19


 243      BAC716E6 
 243      B4
 244 0306 D4EA5780 		.ascii	"\324\352W\200\325\354i\035:\351\205\374|}}\327\254\361"
 244      D5EC691D 
 244      3AE985FC 
 244      7C7D7DD7 
 244      ACF1
 245 0318 F5F5D352 		.ascii	"\365\365\323R\361]\005\257\202\370^\264\006\325\010"
 245      F15D05AF 
 245      82F85EB4 
 245      06D508
 246 0327 E27BD01A 		.ascii	"\342{\320\032&\336\012z\332k\246\036\3776-\332R\370"
 246      26DE0A7A 
 246      DA6BA61E 
 246      FF362DDA 
 246      52F8
 247 0339 06D5A213 		.ascii	"\006\325\242\023`\320.\350|\214\232YB\376\245x\333H"
 247      60D02EE8 
 247      7C8C9A59 
 247      42FEA578 
 247      DB48
 248 034b 772F0CA2 		.ascii	"w/\014\242\367\321E@\327\271\242\337!\340\177\345\261"
 248      F7D14540 
 248      D7B9A2DF 
 248      21E07FE5 
 248      B1
 249 035c D72B1896 		.ascii	"\327+\030\226D\274MZ2\005\357\246\201\261X>S\310P\025"
 249      44BC4D5A 
 249      3205EFA6 
 249      81B1583E 
 249      53C85015 
 250 0370 B45793F6 		.ascii	"\264W\223\366Z\356\001\320\032]\000\317u#_\324\007t"
 250      5AEE01D0 
 250      1A5D00CF 
 250      75235FD4 
 250      0774
 251 0382 0EE82CD0 		.ascii	"\016\350,\320y\344K\255\220|\270\013\036x\231\207\251"
 251      79E44BAD 
 251      907CB80B 
 251      1E789987 
 251      A9
 252 0393 9A539C49 		.ascii	"\232S\234I\220.\247]\265<\203\234L\262^\253Pr\306\327"
 252      902EA75D 
 252      B53C839C 
 252      4CB25EAB 
 252      5072C6D7 
 253 03a7 4B1ACF3C 		.ascii	"K\032\317<E\235?\234\250\004\347\023o;\212\014\373\211"
 253      459D3F9C 
 253      A804E713 
 253      6F3B8A0C 
 253      FB89
 254 03b9 D2A357F4 		.ascii	"\322\243W\364\274\214H\345\242.\221\302\317\026b\016"
 254      BC8C48E5 
 254      A22E91C2 
 254      CF16620E 
 255 03c9 607A8BC4 		.ascii	"`z\213\304\351\022\2427w\306\226Ny\321\233\304\305\375"
 255      E912A237 
ARM GAS  /tmp/cccmr49S.s 			page 20


 255      77C6964E 
 255      79D19BC4 
 255      C5FD
 256 03db EC66F7CC 		.ascii	"\354f\367\314l\222\017\275I\324\274\314n\356\311\250"
 256      6C920FBD 
 256      49D4BCCC 
 256      6EEEC9A8 
 257 03eb 4997BB1D 		.ascii	"I\227\273\035\001\203t\004\0148F\300\215\245\354.\025"
 257      01837404 
 257      0C3846C0 
 257      8DA5EC2E 
 257      15
 258 03fc 3ECAF26C 		.ascii	">\312\362lh\272!J\001\005\324\006\005ti\007\316\262"
 258      68BA214A 
 258      0105D406 
 258      05746907 
 258      CEB2
 259 040e 58A32C4B 		.ascii	"X\243,K\313\313\210>\205\256\210J\350\025G\011\035\242"
 259      CBCB883E 
 259      85AE884A 
 259      E8154709 
 259      1DA2
 260 0420 2534B1D5 		.ascii	"%4\261\325\236\251\346\365`V\304\017\346?\365r\253\306"
 260      9EA9E6F5 
 260      6056C40F 
 260      E63FF572 
 260      ABC6
 261 0432 3055E3AA 		.ascii	"0U\343\252C\215\324\334\236E\005>\305\324\230\351;5"
 261      438DD4DC 
 261      9E45053E 
 261      C5D498E9 
 261      3B35
 262 0444 A0A26A58 		.ascii	"\240\242jX\227\212\224\254\212\223\007\320\210H\203"
 262      978A94AC 
 262      8A9307D0 
 262      884883
 263 0453 118706D7 		.ascii	"\021\207\006\327\250\006g*r\276\301\027\351\363\212"
 263      A806672A 
 263      72BEC117 
 263      E9F38A
 264 0462 F1FDB50D 		.ascii	"\361\375\265\015>\310o\355ZZ\214\342\240p\216\201\313"
 264      3EC86FED 
 264      5A5A8CE2 
 264      A0708E81 
 264      CB
 265 0473 AE730FB0 		.ascii	"\256s\017\260_&\334_\370\2244\300\245\232\376\245E\311"
 265      5F26DC5F 
 265      F89434C0 
 265      A59AFEA5 
 265      45C9
 266 0485 9E6AC16F 		.ascii	"\236j\301o\310\320\273k\321\277@\234G!\237H\223\014"
 266      C8D0BB6B 
 266      D1BF409C 
 266      47219F48 
 266      930C
 267 0497 DD00CD6D 		.ascii	"\335\000\315m\254 \215\245\315\304{h8t\334\213\320\023"
 267      AC208DA5 
ARM GAS  /tmp/cccmr49S.s 			page 21


 267      CDC47B68 
 267      3874DC8B 
 267      D013
 268 04a9 DBE7CE68 		.ascii	"\333\347\316h\304Ue\034t\021\374p\223O\204}\363w\223"
 268      C455651C 
 268      7411FC70 
 268      934F847D 
 268      F37793
 269 04bc 55D48737 		.ascii	"U\324\2077y\0376t$\325\252\335\372\3606\365\341-\207"
 269      791F3674 
 269      24D5AADD 
 269      FAF036F5 
 269      E12D87
 270 04cf 0F6BD26E 		.ascii	"\017k\322n\314\252\361 \363aGW]\212\216\370\320b\357"
 270      CCAAF120 
 270      F3614757 
 270      5D8A8EF8 
 270      D062EF
 271 04e2 EAAEF8F7 		.ascii	"\352\256\370\367\335\321)\205\026\333\362\362\233\364"
 271      DDD12985 
 271      16DBF2F2 
 271      9BF4
 272 04f0 29342172 		.ascii	")4!r\344\204\303\221\223\324\2217\216Z*U8\032\263\251"
 272      E484C391 
 272      93D49137 
 272      8E5A2A55 
 272      381AB3A9 
 273 0504 36D15622 		.ascii	"6\321V\"\247Rj+{\036\240,K\276#!\310\234:%\2222\345"
 273      A7526A2B 
 273      7B1EA02C 
 273      4BBE2321 
 273      C89C3A25 
 274 051b 90324DA5 		.ascii	"\2202M\245\334+z6\255\240s\252EG\013\355BC\211\216V"
 274      DC2B7A36 
 274      ADA073AA 
 274      45470BED 
 274      4243898E 
 275 0530 301B15BC 		.ascii	"0\033\025\274c\250\321\200\033Y'G\216\317\377\010w\260"
 275      63A8D180 
 275      1B592747 
 275      8ECFFF08 
 275      77B0
 276 0542 6B074EC7 		.ascii	"k\007N\307\341\352[&\037\372\320\347~J\330\250\347O"
 276      E1EA5B26 
 276      1FFAD0E7 
 276      7E4AD8A8 
 276      E74F
 277 0554 6FEA702F 		.ascii	"o\352p/\3036\025\035)\363\306\303\214\251/(j\360\244"
 277      C336151D 
 277      29F3C6C3 
 277      8CA92F28 
 277      6AF0A4
 278 0567 0F7E46D8 		.ascii	"\017~F\330\373\261{/\313\361\024k\313\356\032\366\301"
 278      FBB17B2F 
 278      CBF1146B 
 278      CBEE1AF6 
 278      C1
ARM GAS  /tmp/cccmr49S.s 			page 22


 279 0578 8BEC3ABE 		.ascii	"\213\354:\276))\325\233\342\332\225\324\353)\027\263"
 279      2929D59B 
 279      E2DA95D4 
 279      EB2917B3 
 280 0588 58690D22 		.ascii	"Xi\015\"lY}\325}9NPP\354x^\367m\037\234\306\230\364"
 280      6C597DD5 
 280      7D394E50 
 280      50EC785E 
 280      F76D1F9C 
 281 059f 89AA594F 		.ascii	"\211\252YO\234\303\230\241\344\271\0245.d\314\300\256"
 281      9CC398A1 
 281      E4B91435 
 281      2E64CCC0 
 281      AE
 282 05b0 3BFD5A5C 		.ascii	";\375Z\\A\031\371\302\324\201n\037w\363\353\222\273"
 282      4119F9C2 
 282      D4816E1F 
 282      77F3EB92 
 282      BB
 283 05c1 F9F54E9D 		.ascii	"\371\365N\235U\333j\201<|\016\311\361Lb\302$\323S\307"
 283      55DB6A81 
 283      3C7C0EC9 
 283      F14C62C2 
 283      24D353C7 
 284 05d5 C37C2F3C 		.ascii	"\303|/<\315\372\274t\323~W\215g\030\023_u*K\305\026"
 284      CDFABC74 
 284      D37E578D 
 284      6718135F 
 284      752A4BC5 
 285 05ea 30D4A6F1 		.ascii	"0\324\246\361S\351W\230\3236\0216\245\244\275\323\013"
 285      53E95798 
 285      D3361136 
 285      A5A4BDD3 
 285      0B
 286 05fb 2F32ECC5 		.ascii	"/2\354\305\331&\213\012\307xPe\347\213G\217j\021\233"
 286      D9268B0A 
 286      C7785065 
 286      E78B478F 
 286      6A119B
 287 060e 40ECB987 		.ascii	"@\354\271\207\017\351\362\210\016;\344Z\264]\316\353"
 287      0FE9F288 
 287      0E3BE45A 
 287      B45DCEEB 
 288 061e F0A57645 		.ascii	"\360\245vE-\023e!\212\221\373\221\312\345\230\031\321"
 288      2D136521 
 288      8A91FB91 
 288      CAE59819 
 288      D1
 289 062f E5B283C9 		.ascii	"\345\262\203\311J\334@;@\243})\263P]\030\023\335s>Q"
 289      4ADC403B 
 289      40A37D29 
 289      B3505D18 
 289      13DD733E 
 290 0644 81DB38C6 		.ascii	"\201\3338\306^|W\216O0f\377\243\2619-\356dLL\347\231"
 290      5E7C578E 
 290      4F3066FF 
 290      A3B1392D 
ARM GAS  /tmp/cccmr49S.s 			page 23


 290      EE644C4C 
 291 065a 198CCF32 		.ascii	"\031\214\3172\306\336\330pV\215{\031\223\365\370\\'"
 291      C6DED870 
 291      568D7B19 
 291      93F5F85C 
 291      27
 292 066b B3EB0D5A 		.ascii	"\263\353\015Z\374\032\3545*|\221\265Me\246\347x\341"
 292      FC1AEC35 
 292      2A7C91B5 
 292      4D65A6E7 
 292      78E1
 293 067d 01C638D6 		.ascii	"\001\3068\326\235Z\266\356<\177v6\021\341\253\254\355"
 293      9D5AB6EE 
 293      3C7F7636 
 293      11E1ABAC 
 293      ED
 294 068e C0BDDD53 		.ascii	"\300\275\335S\012|\2351\245c\2754\033\264\232wh\341"
 294      0A7C9D31 
 294      A563BD34 
 294      1BB49A77 
 294      68E1
 295 06a0 C91C6A53 		.ascii	"\311\034jS\3411\326v\353YO\"\306\2679C\036\217\236P"
 295      E131D676 
 295      EB594F22 
 295      C6B73943 
 295      1E8F9E50 
 296 06b4 51E0FB84 		.ascii	"Q\340\373\204\275p\257\372\242\006O\263\266\307'\262"
 296      BD70AFFA 
 296      A2064FB3 
 296      B6C727B2 
 297 06c4 8F2AF17D 		.ascii	"\217*\361}\306lk\257\272\304\200\037\0236\2511\277\305"
 297      C66C6BAF 
 297      BAC4801F 
 297      1336A931 
 297      BFC5
 298 06d6 07CFB2B6 		.ascii	"\007\317\262\266G\226\316\004\037\374\310\303)a\265"
 298      4796CE04 
 298      1FFCC8C3 
 298      2961B5
 299 06e5 2C6113E6 		.ascii	",a\023\346\266\037\327\342E\326\366\240\265+\307\007"
 299      B61FD7E2 
 299      45D6F6A0 
 299      B52BC707 
 300 06f5 3FE38CA9 		.ascii	"?\343\214\251KYdC\347s\302N\316L\016\350\3602kK\233"
 300      4B596443 
 300      E773C24E 
 300      CE4C0EE8 
 300      F0326B4B 
 301 070a 6E1FD3E1 		.ascii	"n\037\323\341(%[\234\266\335\265\310)\360+j\350\261"
 301      28255B9C 
 301      B6DDB5C8 
 301      29F02B6A 
 301      E8B1
 302 071c F1682D8E 		.ascii	"\361h-\216am\303);J=q\034c\342Z\366\024\263\256\377"
 302      616DC329 
 302      3B4A3D71 
 302      1C63E25A 
ARM GAS  /tmp/cccmr49S.s 			page 24


 302      F614B3AE 
 303 0731 4AD8CAFC 		.ascii	"J\330\312\374\254\006O\274\223\265\335\357\252\034\223"
 303      AC064FBC 
 303      93B5DDEF 
 303      AA1C93
 304 0740 E314C6D4 		.ascii	"\343\024\306\324\036\253\210g\300o\200\375\307\356\230"
 304      1EAB8867 
 304      C06F80FD 
 304      C7EE98
 305 074f 813B5AE4 		.ascii	"\201;Z\344K~k|%~~t\225Q\321T\371Oe\365\226\366\355\230"
 305      4B7E6B7C 
 305      257E7E74 
 305      9551D154 
 305      F94F65F5 
 306 0767 66522264 		.ascii	"fR\"dR\215|\225i6\263\214L\263\004\232\352\012\335-"
 306      528D7C95 
 306      6936B38C 
 306      4CB3049A 
 306      EA0ADD2D 
 307 077b 775E9158 		.ascii	"w^\221X\313xl\256+6\307\025[\305c\013]\261\005\256\330"
 307      CB786CAE 
 307      2B36C715 
 307      5BC5630B 
 307      5DB105AE 
 308 0790 2C1E9BE6 		.ascii	",\036\233\346\212\335#\227\\\273l\223\257EQ\320\204"
 308      8ADD2397 
 308      5CBB6C93 
 308      AF4551D0 
 308      84
 309 07a1 A2B907C8 		.ascii	"\242\271\007\310\362\243\003\306B\243\334\027\325\003"
 309      F2A303C6 
 309      42A3DC17 
 309      D503
 310 07af B5009D04 		.ascii	"\265\000\235\004*\007j\003j\005:\004t\030\250\002\250"
 310      2A076A03 
 310      6A053A04 
 310      7418A802 
 310      A8
 311 07c0 1AA81DE8 		.ascii	"\032\250\035\3508\320\021\240\203@\307\200\232\200*"
 311      38D011A0 
 311      8340C780 
 311      9A802A
 312 07cf 81       		.ascii	"\201"
 313 07d0 9A81EA80 		.ascii	"\232\201\352\200j\201\252\200\216\0025\000\235\220\013"
 313      6A81AA80 
 313      8E023500 
 313      9D900B
 314 07df CB196B25 		.ascii	"\313\031k%\257\367\001i\033\0057W\360\320|W\250\325"
 314      AFF70169 
 314      1B053757 
 314      F0D07C57 
 314      A8D5
 315 07f1 D51D713C 		.ascii	"\325\035q<6\316\025\373\216\0134\207\207f\271B\263]"
 315      36CE15FB 
 315      8E0B3487 
 315      8766B942 
 315      B35D
ARM GAS  /tmp/cccmr49S.s 			page 25


 316 0803 3448E6A1 		.ascii	"4H\346\241\273\\\241\311\256\032\354\342\261)\322I!"
 316      BB5CA1C9 
 316      AE1AECE2 
 316      B129D249 
 316      21
 317 0814 88ADE1A1 		.ascii	"\210\255\341\241%\256\320bW\261\373yl\246+v\257+v\271"
 317      25AED062 
 317      57B1FB79 
 317      6CA62B76 
 317      AF2B76B9 
 318 0828 C4818D95 		.ascii	"\304\201\215\225t\202\240A)/u\277tV\012\320j\036Z$\255"
 318      7482A041 
 318      292F75BF 
 318      74560AD0 
 318      6A1E5A24 
 319 083d AC002DE7 		.ascii	"\254\000-\347\241y\322\001\023\240\361<4\336\025z\314"
 319      A179D201 
 319      13A0F13C 
 319      34DE157A 
 319      CC
 320 084e 65B425F1 		.ascii	"e\264%\361\320$\351 \010\320\235<t\247\364\030\0269"
 320      D024E920 
 320      08D09D3C 
 320      74A7F418 
 320      1639
 321 0860 2B97C7EE 		.ascii	"+\227\307\356\223N\003\0216\233\307\246K\0176\021v\037"
 321      934E0311 
 321      369BC7A6 
 321      4B0F3611 
 321      761F
 322 0872 8FCD900E 		.ascii	"\217\315\220\016\230\240n#\017-u\205\226\271@\023xh"
 322      98A06E23 
 322      0F2D7585 
 322      96B94013 
 322      7868
 323 0884 82B4BF44 		.ascii	"\202\264\277DK\373\347\261di\017\030\227\245=\231\200"
 323      4BFBE7B1 
 323      64690F18 
 323      97A53D99 
 323      80
 324 0895 3A5AF374 		.ascii	":Z\363t\342\245\235X\022\354\001\345\216\245\335Tl\314"
 324      E2A59D58 
 324      12EC01E5 
 324      8EA5DD54 
 324      6CCC
 325 08a7 6FF1315A 		.ascii	"o\3611ZS\361\266\366\372$\214\326\370\372\355\346Vu"
 325      53F1B6F6 
 325      FA248CD6 
 325      F8FAEDE6 
 325      5675
 326 08b9 A49AF0DD 		.ascii	"\244\232\360\335[@\237\323\\5\351\202jrF4\332a\206\236"
 326      5B409FD3 
 326      5C35E982 
 326      6A724634 
 326      DA61869E 
 327 08cd 7CAD8655 		.ascii	"|\255\206UV\220\215:9\254DZR\315\263b\210\346\247\245"
 327      56908D3A 
ARM GAS  /tmp/cccmr49S.s 			page 26


 327      39AC445A 
 327      52CDB362 
 327      88E6A7A5 
 328 08e1 347F963E 		.ascii	"4\177\226>\276C\215O\262*?\332pj\316\023w1&\273v\341"
 328      BE438D4F 
 328      B22A3FDA 
 328      706ACE13 
 328      773126BB 
 329 08f7 B1065F60 		.ascii	"\261\006_`\314\345\361\335\307\021\036bL\353TJ\263\006"
 329      CCE5F1DD 
 329      C7111E62 
 329      4CEB544A 
 329      B306
 330 0909 DB18B3C7 		.ascii	"\333\030\263\307\336x\305\023\337a\314LON\207\016\317"
 330      DE78C513 
 330      DF61CC4C 
 330      4F4E870E 
 330      CF
 331 091a 2B9D8E36 		.ascii	"+\235\2166|\331\321\306bl\374v\015e\227\035?\272\364"
 331      7CD9D1C6 
 331      626CFC76 
 331      0D65971D 
 331      3FBAF4
 332 092d C868DF9D 		.ascii	"\310h\337\235/\234o\214\337\247\347\033\375r\015\352"
 332      2F9C6F8C 
 332      DFA7E71B 
 332      FD720DEA 
 333 093d 13561EBE 		.ascii	"\023V\036\276\342\323\002k\264\345G\333\326\311\320"
 333      E2D3026B 
 333      B4E547DB 
 333      D6C9D0
 334 094c 1C584B82 		.ascii	"\034XK\202\204.\201{|\271\305\324\005\250\306\027\345"
 334      842E817B 
 334      7CB9C5D4 
 334      05A8C617 
 334      E5
 335 095d F480A3A2 		.ascii	"\364\200\243\242\277\260N\353\020<r*\215\236[\014\200"
 335      BFB04EEB 
 335      103C722A 
 335      8D9E5B0C 
 335      80
 336 096e E0F38260 		.ascii	"\340\363\202`\350g5\311\227\245%\037\276?\274\213\227"
 336      E86735C9 
 336      97A5251F 
 336      BE3FBC8B 
 336      97
 337 097f 9C7B785E 		.ascii	"\234{x^WNVKW@t\257 z`u\321\203\222\242\321\225\246{"
 337      574E564B 
 337      574074AF 
 337      207A6075 
 337      D18392A2 
 338 0997 F77DC499 		.ascii	"\367}\304\231D\244\012\2314\304gRT\351\323\203\030/"
 338      44A40A99 
 338      34C46752 
 338      54E9D383 
 338      182F
 339 09a9 33573F7B 		.ascii	"3W?{\276}\257\017NPQf\357\205+G\0248\2151\011\303e\347"
ARM GAS  /tmp/cccmr49S.s 			page 27


 339      BE7DAF0F 
 339      4E505166 
 339      EF852B47 
 339      14388D31 
 340 09c1 54789FCA 		.ascii	"Tx\237\312)\"\257\263\210$wg\037\307\224e\221H\035\237"
 340      2922AFB3 
 340      88247767 
 340      1FC79465 
 340      91481D9F 
 341 09d5 2F428E15 		.ascii	"/B\216\025\253\363\366\347\006h\373:\247\355u\320vT"
 341      ABF3F6E7 
 341      0668FB3A 
 341      A7ED75D0 
 341      7654
 342 09e7 CEAD5797 		.ascii	"\316\255W\227\012v\375\224\370\325\006j^\023\214\177"
 342      0A76FD94 
 342      F8D5066A 
 342      5E138C7F 
 343 09f7 5D380EB2 		.ascii	"]8\016\262\015\026\375QZ\350\270;\241#1\335\364\320"
 343      0D16FD51 
 343      5AE8B83B 
 343      A12331DD 
 343      F4D0
 344 0a09 680C848E 		.ascii	"h\014\204\216\010Bmr\221\324\374\307\233\245\245\336"
 344      08426D72 
 344      91D4FCC7 
 344      9BA5A5DE 
 345 0a19 7227F54E 		.ascii	"r'\365N\335\374w$\267n\202\324aA\352\230 \025]\255\034"
 345      DDFC7724 
 345      B76E82D4 
 345      6141EA98 
 345      20155DAD 
 346 0a2e ECC0B888 		.ascii	"\354\300\270\210y\253\347rf\2147\256\242\214\374\362"
 346      79ABE772 
 346      668C37AE 
 346      A28CFCF2 
 347 0a3e F31D6BA4 		.ascii	"\363\035k\244\373\233r\323\237\365\031$\005\354\245"
 347      FB9B72D3 
 347      9FF51924 
 347      05ECA5
 348 0a4d A0B709E9 		.ascii	"\240\267\011\351\336\306g\257\226j\361a\326\333\376"
 348      DEC667AF 
 348      966AF161 
 348      D6DBFE
 349 0a5c D8F9270A 		.ascii	"\330\371'\012\334\312z;\2244\032\203\245\273\273\347"
 349      DCCA7A3B 
 349      94341A83 
 349      A5BBBBE7 
 350 0a6c AEBB25DA 		.ascii	"\256\273%\332\335]\350\356\216tw7\246\333\212ag\255"
 350      DD5DE8EE 
 350      8E747737 
 350      A6DB8A61 
 350      67AD
 351 0a7e 723A48D2 		.ascii	"r:H\322\321\203$T`\317*P\340s\254\367\216\373\215\263"
 351      D1832454 
 351      60CF2A50 
 351      E073ACF7 
ARM GAS  /tmp/cccmr49S.s 			page 28


 351      8EFB8DB3 
 352 0a92 DED2BDCF 		.ascii	"\336\322\275\317\272\353}\231\366>\003\275\333\245{"
 352      BAEB7D99 
 352      F63E03BD 
 352      DBA57B
 353 0aa1 3F716578 		.ascii	"?qexF\205\007TN\353w\035[\277gOf\215)\311>:\372e\217"
 353      46850754 
 353      4EEB771D 
 353      5BBF674F 
 353      668D29C9 
 354 0aba 02A79F35 		.ascii	"\002\247\2375[\264\330\306\244\035\352\034\355\361\306"
 354      5BB4D8C6 
 354      A41DEA1C 
 354      EDF1C6
 355 0ac9 138C699E 		.ascii	"\023\214i\236\210\032R\341{\214Y\230\236\270\213\360"
 355      881A52E1 
 355      7B8C5998 
 355      9EB88BF0 
 356 0ad9 43C6545F 		.ascii	"C\306T_;\271\025\372TjH\271]\240\365\347\177\341v\327"
 356      3BB915FA 
 356      546A48B9 
 356      5DA0F5E7 
 356      7FE176D7 
 357 0aed A5F37D1E 		.ascii	"\245\363}\036\364>\271\245\242%\351\306\256E9s\200e"
 357      F43EB9A5 
 357      A225E9C6 
 357      AE453973 
 357      8065
 358 0aff 8546CFC1 		.ascii	"\205F\317\301\005JN\243'\340\202\247\234\013\372\226"
 358      054A4EA3 
 358      27E082A7 
 358      9C0BFA96 
 359 0b0f A2755065 		.ascii	"\242uPe\237\201\013\026\005\027(\205\224\265vf5\361"
 359      9F810B16 
 359      05172885 
 359      94B57666 
 359      35F1
 360 0b21 856EE4D6 		.ascii	"\205n\344\326y\232\342\313\000_\020\340\317DEce\327"
 360      799AE2CB 
 360      005F10E0 
 360      CF444563 
 360      65D7
 361 0b33 4B125D83 		.ascii	"K\022]\203\340\245\370\231h\215;u\267aiua8\024\262\235"
 361      E0A5F899 
 361      688D3B75 
 361      B7616975 
 361      613814B2 
 362 0b48 A6056BD0 		.ascii	"\246\005k\320cA\205eQ\320R\006\207\226\324x\231\371"
 362      63418565 
 362      51D05206 
 362      8796D478 
 362      99F9
 363 0b5a AFBFACCF 		.ascii	"\257\277\254\317\352\203w\250)se\250#G\205w1\246iO\351"
 363      EA8377A8 
 363      297365A8 
 363      23478577 
 363      31A6694F 
ARM GAS  /tmp/cccmr49S.s 			page 29


 364 0b6f 292DCE60 		.ascii	")-\316`\314\311\203\315\377\201\313\324N\333\006\035"
 364      CCC983CD 
 364      FF81CBD4 
 364      4EDB061D 
 365 0b7f DD36A0C7 		.ascii	"\3356\240\3071\366xv\236\256\2459\3305}]\205k\030\364"
 365      31F67876 
 365      9EAEA539 
 365      D8357D5D 
 365      856B18F4 
 366 0b93 7462C145 		.ascii	"tb\301E%na\314\221{E\031\036\270\2032\362\201rk\233"
 366      256E61CC 
 366      917B4519 
 366      1EB88332 
 366      F281726B 
 367 0ba8 DB6824B9 		.ascii	"\333h$\2711\317\012S+\332\011\226\301\316M\312\262\230"
 367      31CF0A53 
 367      2BDA0996 
 367      C1CE4DCA 
 367      B298
 368 0bba DB8D19B0 		.ascii	"\333\215\031\260\267d\335-\364\336,W\341>\306\244\267"
 368      B764DD2D 
 368      F4DE2C57 
 368      E13EC6A4 
 368      B7
 369 0bcb EC4F653A 		.ascii	"\354Oe:[\330\306\363z\312\023o<\310\032\243\246\263"
 369      5BD8C6F3 
 369      7ACA136F 
 369      3CC81AA3 
 369      A6B3
 370 0bdd AC08DB18 		.ascii	"\254\010\333\030skG}\216\002O2&\243\"\347\211\022\333"
 370      736B477D 
 370      8E024F32 
 370      26A322E7 
 370      8912DB
 371 0bf0 1993967C 		.ascii	"\031\223\226|\375\260\026/0\246zzf\217\007^fL\335\324"
 371      FDB0162F 
 371      30A67A7A 
 371      668F075E 
 371      664CDDD4 
 372 0c04 D59FE31D 		.ascii	"\325\237\343\035\236\324\260\230\266\226Io.!\254\211"
 372      9ED4B098 
 372      B696496F 
 372      2E21AC89 
 373 0c14 A06F16E8 		.ascii	"\240o\026\350\273\027\277\344!y&\226\034\0319#\305y"
 373      BB17BFE4 
 373      21792696 
 373      1C193923 
 373      C579
 374 0c26 5A9C4A7B 		.ascii	"Z\234J{@\271\333\006\323<p\026c\226\012v6#\234\303\230"
 374      40B9DB06 
 374      D33C7016 
 374      63960A76 
 374      36239CC3 
 375 0c3b 1B351353 		.ascii	"\0335\023Sr\\\311\230\314\336\244KZ\334\302\230\244"
 375      725CC998 
 375      CCDEA44B 
 375      5ADCC298 
ARM GAS  /tmp/cccmr49S.s 			page 30


 375      A4
 376 0c4c 13B68B1E 		.ascii	"\023\266\213\036\270\2231eC\003\247U\370\002crl\363"
 376      B8933165 
 376      4303A755 
 376      F8026372 
 376      6CF3
 377 0c5e 373CF120 		.ascii	"7<\361 c\256wD\015(\360\030c\262N\245\317{\341\273\214"
 377      63AE7744 
 377      0D28F018 
 377      63B24EA5 
 377      CF7BE1BB 
 378 0c73 898E6EEB 		.ascii	"\211\216n\353\364\300\217\031s.1/K\316NY(\3770\306v"
 378      F4C08F19 
 378      732E312F 
 378      4BCE4E59 
 378      28FF30C6 
 379 0c88 468B9759 		.ascii	"F\213\227Y\343h\361\310\262\002\247j\2507\322\256\346"
 379      E368F1C8 
 379      B202A76A 
 379      A837D2AE 
 379      E6
 380 0c99 C5CADD9D 		.ascii	"\305\312\335\235\227\224I\030K\335\266H\353N)8\256D"
 380      97944918 
 380      4BDDB648 
 380      EB4E2938 
 380      AE44
 381 0cab C2716497 		.ascii	"\302qd\227<1\277\313\003gkXI\2677\\T\343<\306<\330="
 381      3C31BFCB 
 381      03676B58 
 381      49B7375C 
 381      54E33CC6 
 382 0cc2 0E812D62 		.ascii	"\016\201-b\314\341\376\2755r\\\316T)\351y\020\253p\004"
 382      CCE1FEBD 
 382      35725CCE 
 382      5429E979 
 382      10AB7004 
 383 0cd6 26190253 		.ascii	"&\031\002S\003\362\253^60\325\322\201\351\2772\276C"
 383      03F2AB5E 
 383      3630D5D2 
 383      81E9BF32 
 383      BE43
 384 0ce8 81EB5877 		.ascii	"\201\353XwW\233w<\365\304\007Yw\247c\237>P9\272{B\015"
 384      579B773C 
 384      F5C40759 
 384      77A7639F 
 384      3E5039BA 
 385 0cff 3A081DD6 		.ascii	":\010\035\326\341\227]K\324c\311\265\304Hku\213\006"
 385      E1975D4B 
 385      D463C9B5 
 385      C4486B75 
 385      8B06
 386 0d11 B7D04E54 		.ascii	"\267\320NTu9\335\260Z$\373u?__\272\210\3345l\3276\261"
 386      7539DDB0 
 386      5A24FB75 
 386      3F5F5FBA 
 386      88DC356C 
 387 0d28 4524B1AF 		.ascii	"E$\261\257\026\272;\202Wy\013`\315* \213e\342\353rW"
ARM GAS  /tmp/cccmr49S.s 			page 31


 387      16BA3B82 
 387      57790B60 
 387      CD2A208B 
 387      65E2EB72 
 388 0d3d ACB0E0E4 		.ascii	"\254\260\340\344\267\3060i\024\341\265\334^\202\200"
 388      B7C63069 
 388      14E1B5DC 
 388      5E8280
 389 0d4c C94AB609 		.ascii	"\311J\266\0114m\300\276\250\021\250\031\3500\320Q,\332"
 389      346DC0BE 
 389      A811A819 
 389      E830D051 
 389      2CDA
 390 0d5e C766F37D 		.ascii	"\307f\363}TH\366!Z\217g\026\220U-@\\V\265\364x?\247"
 390      5448F621 
 390      5A8F6716 
 390      90552D40 
 390      5C56B5F4 
 391 0d75 20D9DB12 		.ascii	" \331\333\022\027\255\244\236<\304\211\342\035\346z"
 391      17ADA49E 
 391      3CC489E2 
 391      1DE67A
 392 0d84 F2B08FEF 		.ascii	"\362\260\217\357\265R\332\013\024\012\241\27268\372"
 392      B552DA0B 
 392      140AA1BA 
 392      3638FA
 393 0d93 04D6EC7E 		.ascii	"\004\326\354~RV\242V0\356e\014\245\332\347\352\325\250"
 393      5256A256 
 393      30EE650C 
 393      A5DAE7EA 
 393      D5A8
 394 0da5 05C0C542 		.ascii	"\005\300\305B\224\211)\216\264=\332P\262\244\302\223"
 394      9489298E 
 394      B43DDA50 
 394      B2A4C293 
 395 0db5 34769F0D 		.ascii	"4v\237\015d\307\\\322!z\324\342\307\002\350\253\365"
 395      64C75CD2 
 395      217AD4E2 
 395      C702E8AB 
 395      F5
 396 0dc6 7BCD977B 		.ascii	"{\315\227{\355\303n\303\245\237\226rZ\255p\020\243\365"
 396      EDC36EC3 
 396      A59F9672 
 396      5AAD7010 
 396      A3F5
 397 0dd8 A33F7A87 		.ascii	"\243?z\207\275\371\211\277\377'\366\346\347K-*\204\276"
 397      BDF989BF 
 397      FF27F6E6 
 397      E74B2D2A 
 397      84BE
 398 0dea 47B1F476 		.ascii	"G\261\364vR|\304\301\373\255\003\254\352\347,\234\207"
 398      527CC4C1 
 398      FBAD03AC 
 398      EAE72C9C 
 398      87
 399 0dfb EB2EB0EA 		.ascii	"\353.\260\352\252(|\265\223\303v\362\262\340\004B\023"
 399      AA287CB5 
ARM GAS  /tmp/cccmr49S.s 			page 32


 399      93C376F2 
 399      B2E00442 
 399      13
 400 0e0c 588BD240 		.ascii	"X\213\322@\376\230\033gRxMW\205\234\301\347\000\276"
 400      FE981B67 
 400      52784D57 
 400      859CC1E7 
 400      00BE
 401 0e1e 03E0BDF8 		.ascii	"\003\340\275\3705\267o\226\272Jz\275,\231\357\323%\325"
 401      35B76F96 
 401      BA4A7ABD 
 401      2C99EFD3 
 401      25D5
 402 0e30 B49CA9CE 		.ascii	"\264\234\251\316\255K\330Q\300\273\216\334\260\347\305"
 402      AD4BD851 
 402      C0BB8EDC 
 402      B0E7C5
 403 0e3f 4E7FBE1D 		.ascii	"N\177\276\035\326z\355\000\231\027NQ\373\261\360\026"
 403      D67AED00 
 403      99174E51 
 403      FBB1F016 
 404 0e4f CC62AFE9 		.ascii	"\314b\257\351j\346\336\202]\007X\256\2533\304[P\261"
 404      6AE6DE82 
 404      5D0758AE 
 404      AB33C45B 
 404      50B1
 405 0e61 376221DE 		.ascii	"7b!\336q\030\000\361\360D'\347\215\307\340\215\363\340"
 405      711800F1 
 405      F04427E7 
 405      8DC7E08D 
 405      F3E0
 406 0e73 8D199137 		.ascii	"\215\031\2217l\347\273\330;\246'`\\\206{\343\210\306"
 406      6CE7BBD8 
 406      3BA62760 
 406      5C867BE3 
 406      88C6
 407 0e85 B579136F 		.ascii	"\265y\023oB6\337\002q\013\202\276\243\"}\301[\361mH"
 407      4236DF02 
 407      710B82BE 
 407      A3227DC1 
 407      5BF16D48 
 408 0e99 70EE1380 		.ascii	"p\356\023\200\365K\217A\232\323\211\364\324\302\201"
 408      F54B8F41 
 408      9AD389F4 
 408      D4C281
 409 0ea8 1C5D0539 		.ascii	"\034]\0059U$F\016J#E[\222N,\336\334\236\303ZGR\333'"
 409      5524460E 
 409      4A23455B 
 409      924E2CDE 
 409      DC9EC35A 
 410 0ec0 876B7F47 		.ascii	"\207k\177G\226\330\227\000\261GH\3541\207\031\251\022"
 410      96D89700 
 410      B14748EC 
 410      318719A9 
 410      12
 411 0ed1 3B5D1975 		.ascii	";]\031u\013\361\341#\360a\037\370\360\012\320=\240\023"
 411      0BF1E123 
ARM GAS  /tmp/cccmr49S.s 			page 33


 411      F0611FF8 
 411      F00AD03D 
 411      A013
 412 0ee3 40E340A7 		.ascii	"@\343@\247\201\226\004\277Zj\313\257\035\302\333\250"
 412      819604BF 
 412      5A6ACBAF 
 412      1DC2DBA8 
 413 0ef3 23487C13 		.ascii	"#H|\023\2700\360Y\352d\236\245\266\246\354\000\227d"
 413      B830F059 
 413      EA649EA5 
 413      B6A6EC00 
 413      9764
 414 0f05 64A513B5 		.ascii	"d\245\023\265j\222Y\254\231\324md7}V\356\342\266\025"
 414      6A9259AC 
 414      99D46D64 
 414      377D56EE 
 414      E2B615
 415 0f18 057164C2 		.ascii	"\005qd\302\003\322\221,z\347\244\322q^\356\232:)\220"
 415      03D2912C 
 415      7AE7A4D2 
 415      715EEE9A 
 415      3A2990
 416 0f2b 3AA4F6A0 		.ascii	":\244\366\240\0360u\214K\235\005\270\236\005\023\217"
 416      1E30758C 
 416      4B9D05B8 
 416      9E05138F 
 417 0f3b 035DC6E2 		.ascii	"\003]\306\342\367\233V\347\321\367\220\213\270\273\321"
 417      F79B56E7 
 417      D1F7908B 
 417      B8BBD1
 418 0f4a 07EE5FF8 		.ascii	"\007\356_\370\232%\364\015\010f\272\364\350\023\364"
 418      9A25F40D 
 418      0866BAF4 
 418      E813F4
 419 0f59 B7D7943D 		.ascii	"\267\327\224=\370b.\312\262\363\015\272'\272-e\203\250"
 419      F8622ECA 
 419      B2F30DBA 
 419      27BA2D65 
 419      83A8
 420 0f6b 16B81C50 		.ascii	"\026\270\034P\344`\226+D\233E\320\246[\024!\356(\227"
 420      E460962B 
 420      449B45D0 
 420      A65B1421 
 420      EE2897
 421 0f7e F83BFA05 		.ascii	"\370;\372\005\203:\3514\033#$\375\236J&\252\310\341"
 421      833AE934 
 421      1B2324FD 
 421      9E4A26AA 
 421      C8E1
 422 0f90 8B7CA63E 		.ascii	"\213|\246>\225\314~av\260\347\225\334\376\214T"
 422      95CC7E61 
 422      76B0E795 
 422      DCFE8C54 
 423 0fa0 0032B4F7 		.ascii	"\0002\264\367\013\2518\210\235\336\203w\335\376#s\030"
 423      0BA93888 
 423      9DDE8377 
 423      DDFE2373 
ARM GAS  /tmp/cccmr49S.s 			page 34


 423      18
 424 0fb1 91D9ED1A 		.ascii	"\221\331\355\032p\347i\302bk\253\370\003\235SH\335n"
 424      70E769C2 
 424      626BABF8 
 424      039D5348 
 424      DD6E
 425 0fc3 E3CA055F 		.ascii	"\343\312\005_\375\013^\340\257a\360\221\224\277\304"
 425      FD0B5EE0 
 425      AF61F091 
 425      94BFC4
 426 0fd2 53C92300 		.ascii	"S\311#\000?&\340E\316\023\004\374\020\300g!\324C@S@"
 426      3F26E045 
 426      CE1304FC 
 426      10C06721 
 426      D4434053 
 427 0fe7 17804680 		.ascii	"\027\200F\200\356\002=\003\272\0154\000t\022\350)\320"
 427      EE023D03 
 427      BA0D3400 
 427      7412E829 
 427      D0
 428 0ff8 45A00740 		.ascii	"E\240\007@\323@\247\200"
 428      D340A780 
 429 1000 9E03DD01 		.ascii	"\236\003\335\001\272\011d\007\272\017t\014\350\232h"
 429      BA096407 
 429      BA0F740C 
 429      E89A68
 430 100f 3A828239 		.ascii	":\202\2029\376M\024\270k\022\374\020#\270k\002\257|"
 430      FE4D14B8 
 430      6B12FC10 
 430      23B86B02 
 430      AF7C
 431 1021 E773C969 		.ascii	"\347s\311i\370\337`\010\311,\337\315e\240\273,\347b"
 431      F8DF6008 
 431      C92CDFCD 
 431      65A0BB2C 
 431      E762
 432 1033 50C3CD48 		.ascii	"P\303\315HPI\320\256\027\244K2\367u\001Y*\347\273V\354"
 432      5049D0AE 
 432      17A44B32 
 432      F7750159 
 432      2AE7BB56 
 433 1048 6CA98A2D 		.ascii	"l\251\212-v\353\031P\342\377\313\255T\335F.\273\207"
 433      76EB1950 
 433      E2FFCBAD 
 433      54DD462E 
 433      BB87
 434 105a E45A74D5 		.ascii	"\344Zt\3255\275\304g\335\"\377\336r\362/IL\026\0147"
 434      35BDC467 
 434      DD22FFDE 
 434      72F22F49 
 434      4C160C37 
 435 106e 10640343 		.ascii	"\020d\003C\004\024\355vW\011\353\226\274D\\v\035T\316"
 435      0414ED76 
 435      5709EB96 
 435      BC445C76 
 435      1D54CE
 436 1081 93B0C53A 		.ascii	"\223\260\305:E\307*q\372>\351)P\200\306U8\206\265U\332"
ARM GAS  /tmp/cccmr49S.s 			page 35


 436      45C72A71 
 436      FA3EE929 
 436      5080C655 
 436      3886B555 
 437 1096 F742A0F6 		.ascii	"\367B\240\366\211\306\3659\351\201%\032\330yT\007X\222"
 437      89C6F539 
 437      E981251A 
 437      D8795407 
 437      5892
 438 10a8 6C7F41FC 		.ascii	"l\177A\374\313*\004\313\012\\up~\363\263=\332z\207\026"
 438      CB2A04CB 
 438      0A5C7570 
 438      7EF3B33D 
 438      DA7A8716 
 439 10bc F38750DC 		.ascii	"\363\207P\334\036\271\252\340\372F\311\226\323-L\326"
 439      1EB9AAE0 
 439      FA46C996 
 439      D32D4CD6 
 440 10cc 07A425F3 		.ascii	"\007\244%\363\216\260\227_k\371\035KZ\262\307L\346f"
 440      8EB0975F 
 440      6BF91D4B 
 440      5AB2C74C 
 440      E666
 441 10de 20772E86 		.ascii	" w.\206e\321\244h\302J\345\206\205\304\204%\2121\031"
 441      65D1A468 
 441      C24AE586 
 441      85C48425 
 441      8A3119
 442 10f1 89421ACC 		.ascii	"\211B\032\314\211f\331\232\251\346_m#\207\244+\226\276"
 442      8966D99A 
 442      A9E65F6D 
 442      2387A42B 
 442      96BE
 443 1103 740791A0 		.ascii	"t\007\221\240Bt\341\260\262\311\366d\263\232xW\242\011"
 443      4274E1B0 
 443      B2C9F664 
 443      B39A7857 
 443      A209
 444 1115 2CAADD40 		.ascii	",\252\335@\012@\247\344\2230\265\334\334@\372\034\223"
 444      0A40A7E4 
 444      9330B5DC 
 444      DC40FA1C 
 444      93
 445 1126 6C86A5C9 		.ascii	"l\206\245\311QD\2163\006W4\213,\032sJ\354'\314\"\352"
 445      51448E33 
 445      0657348B 
 445      2C1A734A 
 445      EC27CC22 
 446 113b FB5E6E65 		.ascii	"\373^neGN\257\356KMC\017\344|\234\312\271\304\"\337"
 446      474EAFEE 
 446      4B4D430F 
 446      E47C9CCA 
 446      B9C422DF 
 447 114f 46F4480F 		.ascii	"F\364H\017)\241b?+\373\003\301\022\257\347q1\345\275"
 447      29A1623F 
 447      2BFB03C1 
 447      12AFE771 
ARM GAS  /tmp/cccmr49S.s 			page 36


 447      31E5BD
 448 1162 EEFADA60 		.ascii	"\356\372\332`\224\346 ),\331\356\223\020\226\346\251"
 448      94E62029 
 448      2CD9EE93 
 448      1096E6A9 
 449 1172 7B27EA75 		.ascii	"{'\352u\370\220\027{\343^\326=\016[g\3064\325\037\316"
 449      F890177B 
 449      E35ED63D 
 449      0E5B67C6 
 449      34D51FCE 
 450 1186 91E3938C 		.ascii	"\221\343\223\214\231\330\226\237\243\303]\2149\265g"
 450      99D8969F 
 450      A3C35D8C 
 450      39B567
 451 1195 EACFF802 		.ascii	"\352\317\370\002\273\2764v\271\330\033\017QF\375\374"
 451      BBBE3476 
 451      B9D81B0F 
 451      5146FDFC 
 452 11a5 44719727 		.ascii	"Dq\227'\367&\325\217.\321m5=\302\310\211R`\224\240X"
 452      F726D58F 
 452      2ED16D35 
 452      3DC2C889 
 452      526094A0 
 453 11ba E59D6963 		.ascii	"\345\235ic\225cF\214\226\206\2122\274\274J\030;\026"
 453      9563468C 
 453      96868A32 
 453      BCBC4A18 
 453      3B16
 454 11cc 57B46B55 		.ascii	"W\264kU\250\254r\254\203\266ICE\202\233E\032owE'K\357"
 454      A8AC72AC 
 454      83B64943 
 454      45829B45 
 454      1A6F7745 
 455 11e3 291E40BB 		.ascii	")\036@\273\235\264\317\"\366\000\251\311\211\012?\264"
 455      9DB4CF22 
 455      F600A9C9 
 455      890A3FB4 
 456 11f3 53E18B62 		.ascii	"S\341\213b\201\342\200b\200v\000\305+D;\247\322$\262"
 456      81E28062 
 456      807600C5 
 456      2B443BA7 
 456      D224B2
 457 1206 EF834756 		.ascii	"\357\203GV\356\373,\266\262*>\340\313\230\011\226\030"
 457      EEFB2CB6 
 457      B22A3EE0 
 457      CB980996 
 457      18
 458 1217 66B0931B 		.ascii	"f\260\223\033\177\272\277U\203\374\326p_)\336\211 \353"
 458      7FBABF55 
 458      83FCD670 
 458      5F29DE89 
 458      20EB
 459 1229 D66480CF 		.ascii	"\326d\200\317\010\313o\322\207\363\034-V<\011\224}Y"
 459      08CB6FD2 
 459      87F31C2D 
 459      563C0994 
 459      7D59
ARM GAS  /tmp/cccmr49S.s 			page 37


 460 123b C5C96EBC 		.ascii	"\305\311n\274p\360\210\002\217\263\034(\233\357\270"
 460      70F08802 
 460      8FB31C28 
 460      9BEFB8
 461 124a 8BF11463 		.ascii	"\213\361\024c\252\017\266wy\341e\306\034_x>\353\211"
 461      AA0FB677 
 461      79E165C6 
 461      1C5F783E 
 461      EB89
 462 125c 33B48451 		.ascii	"3\264\204Q&\334O\332\351\201\350[v?n\373\266\314M\226"
 462      26DC4FDA 
 462      E981E85B 
 462      763F6EFB 
 462      B6CC4D96 
 463 1270 8E4FF132 		.ascii	"\216O\3612\024n\027\366\266\270*\347O\3612\334\007<"
 463      146E17F6 
 463      B6B82AE7 
 463      4FF132DC 
 463      073C
 464 1282 CAB624FA 		.ascii	"\312\266$\372\306\257^R\360\312\255\2200\323+\330\003"
 464      C6AF5E52 
 464      F0CAAD90 
 464      30D32BD8 
 464      03
 465 1293 C41799E0 		.ascii	"\304\027\231\340\2134\260=\035h\017\320^\205cB\334\036"
 465      8B34B03D 
 465      1D680FD0 
 465      5E856342 
 465      DC1E
 466 12a5 6D4BE054 		.ascii	"mK\340T\"59U!\251\222h\213\377\224~M\227\261\"\324\020"
 466      22353955 
 466      21A99268 
 466      8BFF947E 
 466      4D97B122 
 467 12bb BFEB4345 		.ascii	"\277\353CE\325:\361N\\\254N6\250\360\"uX\340O\317}\026"
 467      D53AF14E 
 467      5CAC4E36 
 467      A8F02275 
 467      58E04FCF 
 468 12d1 0381CF02 		.ascii	"\003\201\317\002p\212\202\017|\206B\330\211\347\214"
 468      708A820F 
 468      7C8642D8 
 468      89E78C
 469 12e0 4ECD2970 		.ascii	"N\315)p\276\226}\006\265\224W\243\306\245\214i\277\025"
 469      BE967D06 
 469      B59457A3 
 469      C6A58C69 
 469      BF15
 470 12f2 D3EF8D8F 		.ascii	"\323\357\215\2170\246g\347\350\035\005yq\023\375\202"
 470      30A667E7 
 470      E81D0579 
 470      7113FD82 
 471 1302 AFBB321A 		.ascii	"\257\2732\032+\037z\342\323\334S\031E\031:|\2011\207"
 471      2B1F7AE2 
 471      D3DC5319 
 471      45193A7C 
 471      813187
ARM GAS  /tmp/cccmr49S.s 			page 38


 472 1315 8A471295 		.ascii	"\212G\022\225x\2102\036\333v_YT\321\320\373\261\315"
 472      7888321E 
 472      DB765F59 
 472      54D1D0FB 
 472      B1CD
 473 1327 EAD411D1 		.ascii	"\352\324\021\321\214c\005]\213\334\004\210\016\337;"
 473      8C63055D 
 473      8BDC0488 
 473      0EDF3B
 474 1336 74F81268 		.ascii	"t\370\022h\276+\324)\360\020\222\253I\227hHr\025Z\224"
 474      BE2BD429 
 474      F01092AB 
 474      49976848 
 474      72155A94 
 475 134a 272977C5 		.ascii	"')w\305\340\345\267\3009\034\2368\272\030\034]\010\016"
 475      E0E5B7C0 
 475      391C9E38 
 475      BA181C5D 
 475      080E
 476 135c 3E005420 		.ascii	">\000T \036\260g\351\200-\222\212\342\203\272\270\004"
 476      1EB067E9 
 476      802D928A 
 476      E283BAB8 
 476      04
 477 136d D1287C44 		.ascii	"\321(|D\227\354\245 p\277\020\214\"\251Q\310kP\002\275"
 477      97ECA520 
 477      70BF108C 
 477      22A951C8 
 477      6B5002BD 
 478 1381 AEA601F8 		.ascii	"\256\246\001\370uy\373\271>\204\307\230\223\323\373"
 478      7579FBB9 
 478      3E84C798 
 478      93D3FB
 479 1390 2A0754F8 		.ascii	"*\007T\3706c\372\006\373\322\021\236aL\345\304\301\253"
 479      3663FA06 
 479      FBD2119E 
 479      614CE5C4 
 479      C1AB
 480 13a2 184779D3 		.ascii	"\030Gy\323\227\263wK\016\304x!\346|zT\3069\237\236\021"
 480      97B3774B 
 480      0EC47821 
 480      E67C7A54 
 480      C6399F9E 
 481 13b7 816ED5AB 		.ascii	"\201n\325\2539\311u\203[\315\351W\003\372U\211=\263"
 481      39C97583 
 481      5BCDE957 
 481      03FA5589 
 481      3DB3
 482 13c9 B05E4D1A 		.ascii	"\260^M\032W\372\245\274{$\335\233\363\213\355\271\022"
 482      57FAA5BC 
 482      7B24DD9B 
 482      F38BEDB9 
 482      12
 483 13da A13A2242 		.ascii	"\241:\"B\360I\265\263O\\\266\032\265\320\217T\237\344"
 483      F049B5B3 
 483      4F5CB61A 
 483      B5D08F54 
ARM GAS  /tmp/cccmr49S.s 			page 39


 483      9FE4
 484 13ec D0B33731 		.ascii	"\320\26371\036\341xj$\377\275\273\226\373\336\375\\"
 484      1EE1786A 
 484      24FFBDBB 
 484      96FBDEFD 
 484      5C
 485 13fd C6E4E7EC 		.ascii	"\306\344\347\354\254\026S\357\034/\177\256\303;\031"
 485      AC1653EF 
 485      1C2F7FAE 
 485      C33B19
 486 140c 36E55866 		.ascii	"6\345Xf\254\032\357c\314T{\3740\214\011\306\034\275"
 486      AC1AEF63 
 486      CC547BFC 
 486      308C09C6 
 486      1CBD
 487 141e DA50AEC4 		.ascii	"\332P\256\304\345\214\311h\237\315\305\3700e\224\311"
 487      E58CC968 
 487      9FCDC5F8 
 487      306594C9 
 488 142e 0713EFE8 		.ascii	"\007\023\357\350\350\231#-_\226\276\270\3077\021\254"
 488      E899232D 
 488      5F96BEB8 
 488      C73711AC 
 489 143e 8360C349 		.ascii	"\203`\303I\266PM`O\213B\264\205r\375\240c\261\336\362"
 489      B6504D60 
 489      4F8B42B4 
 489      8572FDA0 
 489      63B1DEF2 
 490 1452 19773AD9 		.ascii	"\031w:\331\300a_p\342xH\261\226[\211\266p\366\037\003"
 490      C0615F70 
 490      E27848B1 
 490      965B89B6 
 490      70F61F03 
 491 1466 FB9B211F 		.ascii	"\373\233!\037\332\200Z\201\216*D\333\324\247\260\342"
 491      DA805A81 
 491      8E2A44DB 
 491      D4A7B0E2 
 492 1476 81650751 		.ascii	"\201e\007Q\246\321U\031\327\357%\236\010\312\034\221"
 492      A6D15519 
 492      D7EF259E 
 492      08CA1C91 
 493 1486 544654B7 		.ascii	"TFT\267H\\[\244\342:{,j\267\326\021\327e\210\353q\020"
 493      485C5BA4 
 493      E23A7B2C 
 493      6AB7D611 
 493      D76588EB 
 494 149c 7358886B 		.ascii	"sX\210k\313\212\\\027\031\205\332\301\226\027\331\005"
 494      CB8A5C17 
 494      1985DAC1 
 494      9617D905 
 495 14ac 3128BCD9 		.ascii	"1(\274\331?\207\361M\026\220\302\356\224,Dc\\J\027\034"
 495      3F87F14D 
 495      1690C2EE 
 495      942C4463 
 495      5C4A171C 
 496 14c0 D5FBF775 		.ascii	"\325\373\367u\372 \307\251!WZ\356p\331M\262\254\036"
 496      FA20C7A9 
ARM GAS  /tmp/cccmr49S.s 			page 40


 496      21575AEE 
 496      70D94DB2 
 496      AC1E
 497 14d2 B4E9141B 		.ascii	"\264\351\024\033wP\341\2742H\366\207bAf\312]\034\222"
 497      7750E1BC 
 497      3248F687 
 497      624166CA 
 497      5D1C92
 498 14e5 9F11A563 		.ascii	"\237\021\245cr\007\232\357\222\346\373\210\341\211\372"
 498      72079AEF 
 498      92E6FB88 
 498      E189FA
 499 14f4 6741FD53 		.ascii	"gA\375S\240v\027\320\031\240\323@\035@\335\342\360\224"
 499      A07617D0 
 499      19A0D340 
 499      1D40DDE2 
 499      F094
 500 1506 FB93DD36 		.ascii	"\373\223\3356\331\354\224s]\361;\271l\227\235I.Q\212"
 500      D9EC9473 
 500      5DF13BB9 
 500      6C979D49 
 500      2E518A
 501 1519 148E320E 		.ascii	"\024\2162\016\311\027\010\227/I,\326l\002%\005\177\037"
 501      C9170897 
 501      2F492CD6 
 501      6C022505 
 501      7F1F
 502 152b 07E5A70D 		.ascii	"\007\345\247\015\361\206\214F(a\027\251\\\235\322K\215"
 502      F1868C46 
 502      286117A9 
 502      5C9DD24B 
 502      8D
 503 153c D61A761A 		.ascii	"\326\032v\032@Bx\202\023\305\207\352\244\3404\010\373"
 503      40427882 
 503      13C587EA 
 503      A4E03408 
 503      FB
 504 154d BEC5B6ED 		.ascii	"\276\305\266\355r\276\314\305>\371\212,6z\000\177OX"
 504      72BECCC5 
 504      3EF98A2C 
 504      367A007F 
 504      4F58
 505 155f 6C744A85 		.ascii	"ltJ\205\236\367\3359\360\327\313\372\016\242>\267\357"
 505      9EF7DD39 
 505      F0D7CBFA 
 505      0EA23EB7 
 505      EF
 506 1570 06ECD066 		.ascii	"\006\354\320fX\012\314\365Z\276\377Y>\371\000\270\246"
 506      580ACCF5 
 506      5ABEFF59 
 506      3EF900B8 
 506      A6
 507 1581 AC585B19 		.ascii	"\254X[\031e9\221\011\352\177\272\374)U\241\227e\037"
 507      65399109 
 507      EA7FBAFC 
 507      2955A197 
 507      651F
ARM GAS  /tmp/cccmr49S.s 			page 41


 508 1593 DF958CDC 		.ascii	"\337\225\214\334!b\320y\305\317D\337\010\352\3307\202"
 508      2162D079 
 508      C5CF44DF 
 508      08EAD837 
 508      82
 509 15a4 1329A535 		.ascii	"\023)\2455\3543Y/\372\266\350\311L\017\373&QC\330\273"
 509      EC33592F 
 509      FAB6E8C9 
 509      4C0FFB26 
 509      5143D8BB 
 510 15b8 CFFB8F7B 		.ascii	"\317\373\217{i\2047up_T\007/)\310'\321\357\254E\027"
 510      69843775 
 510      705F5407 
 510      2F29C827 
 510      D1EFAC45 
 511 15cd 15F405C5 		.ascii	"\025\364\005\305\256\356\345\213\272WS8{\337B\364\353"
 511      AEEEE58B 
 511      BA575338 
 511      7BDF42F4 
 511      EB
 512 15de EC3E70E1 		.ascii	"\354>p\341\005\352\275~\305\253\216\207\350\312\350"
 512      05EABD7E 
 512      C5AB8E87 
 512      E8CAE8
 513 15ed 6ADD05B9 		.ascii	"j\335\005\271\030=\276\032\372Vj\272\035\343y\346\201"
 513      183DBE1A 
 513      FA566ABA 
 513      1DE379E6 
 513      81
 514 15fe 07E5B98D 		.ascii	"\007\345\271\215J\374\2341=}\227&\361\233\211\272\034"
 514      4AFC9C31 
 514      3D7D9726 
 514      F19B89BA 
 514      1C
 515 160f 8B1A5D86 		.ascii	"\213\032]\206\207\310 \351?\320\255\003\027\365Y\355"
 515      87C820E9 
 515      3FD0AD03 
 515      17F559ED 
 516 161f E5D9A7D1 		.ascii	"\345\331\247\321\266\024kT\212\205|kN\000h\000<4\204"
 516      B6146B54 
 516      8A857C6B 
 516      4E006800 
 516      3C3484
 517 1632 DE12F535 		.ascii	"\336\022\3655H<\204\256(\336\224\241!\352$\307\307\303"
 517      483C84AE 
 517      28DE94A1 
 517      21EA24C7 
 517      C7C3
 518 1644 3AF6F1F0 		.ascii	":\366\361\360\335zk\247\232z\305\233\276\016,(9\240"
 518      DD7A6BA7 
 518      9A7AC59B 
 518      BE0E2C28 
 518      39A0
 519 1656 71EB9511 		.ascii	"q\353\225\021\207WH\272\002zpf\377\036\017W\257\\\205"
 519      875748BA 
 519      027A7066 
 519      FF1E0F57 
ARM GAS  /tmp/cccmr49S.s 			page 42


 519      AF5C85
 520 1669 BE8769DF 		.ascii	"\276\207i\337\327\250\235#\016;\033\006\356\035T\270"
 520      D7A89D23 
 520      0E3B1B06 
 520      EE1D54B8 
 521 1679 7AC52D3A 		.ascii	"z\305-:u\276%_\203\367\352\250#\022s\013Oj\337,\242"
 521      75BE255F 
 521      83F7EAA8 
 521      2312730B 
 521      4F6ADF2C 
 522 168e 8EB8CE1C 		.ascii	"\216\270\316\034\321:{\274OI\035a\215/\261(\316X\266"
 522      D13A7BBC 
 522      4F491D61 
 522      8D2FB128 
 522      CE58B6
 523 16a1 934FC549 		.ascii	"\223O\305I+\365\3025\360\202 {\224z\301F\274p\203z!"
 523      2BF5C235 
 523      F082207B 
 523      947AC146 
 523      BC70837A 
 524 16b6 3D3FFAA9 		.ascii	"=?\372\251B\374\361J\217B\274\343\033S\3205\020\371"
 524      42FCF14A 
 524      8F42BCE3 
 524      1B53D035 
 524      10F9
 525 16c8 4BBE151A 		.ascii	"K\276\025\032L\031\364\020\203\263\234\300\343\034x"
 525      4C19F410 
 525      83B39CC0 
 525      E31C78
 526 16d7 9C826B1E 		.ascii	"\234\202k\036\365\225{\211\301eN\377#\347&\007\276I"
 526      F5957B89 
 526      C1654EFF 
 526      23E72607 
 526      BE49
 527 16e9 C18B759D 		.ascii	"\301\213u\235\367\234\300\267\235\300\2678\360-\012"
 527      F79CC0B7 
 527      9DC0B738 
 527      F02D0A
 528 16f8 6E4EDA59 		.ascii	"nN\332Y!\027\203I\304\005\360m\016|\233\202\323\016"
 528      21178349 
 528      C405F06D 
 528      0E7C9B82 
 528      D30E
 529 170a EE2EF416 		.ascii	"\356.\364\026\203\257;\201'80\371\253\016\330b\016\010"
 529      83AF3B81 
 529      273830F9 
 529      AB0ED862 
 529      0E08
 530 171c 0E0B362B 		.ascii	"\016\0136+\177\363\207\277\274\265A\366\323\367\336"
 530      7FF387BF 
 530      BCB541F6 
 530      D3F7DE
 531 172b F3DF1014 		.ascii	"\363\337\020\024\2741\370\313\257\375\303M\376F\263"
 531      BC31F8CB 
 531      AFFDC34D 
 531      FE46B3
 532 173a BFC9A8F7 		.ascii	"\277\311\250\367\327\007m1\277\247\227\371l\0116\232"
ARM GAS  /tmp/cccmr49S.s 			page 43


 532      D7076D31 
 532      BFA797F9 
 532      6C09369A 
 533 174a 23034302 		.ascii	"#\003C\002\314\301\241\006c\200\371\025}P\200\323-\025"
 533      CCC1A106 
 533      6380F915 
 533      7D5080D3 
 533      2D15
 534 175c 080B337C 		.ascii	"\010\0133|o&\177#\214\206-\236\246\037L\244!\300\254"
 534      6F267F23 
 534      8C862D9E 
 534      A61F4CA4 
 534      21C0AC
 535 176f 8E0C0E33 		.ascii	"\216\014\0163\177\260>\300\254\011\010p\\\376\334?\322"
 535      7FB03EC0 
 535      AC090870 
 535      5CFEDC3F 
 535      D2
 536 1780 64F40F0E 		.ascii	"d\364\017\016\323\207Dn2\370\207\031\266\206\004o\364"
 536      D387446E 
 536      32F88719 
 536      B686046F 
 536      F4
 537 1791 0F0DD407 		.ascii	"\017\015\324\007\005\207\031\374\0036\031\276\015\214"
 537      058719FC 
 537      033619BE 
 537      0D8C
 538 179f 0C310798 		.ascii	"\0141\007\230\177\2100\230\336\013\222\371J\241A\276"
 538      7F883098 
 538      DE0B92F9 
 538      4AA141BE 
 539 17af 7F80C9BC 		.ascii	"\177\200\311\274\011$\002\304o\205\362\016\270>\210"
 539      092402C4 
 539      6F85F20E 
 539      B83E88
 540 17be 68C24952 		.ascii	"h\302IR\203v\233\014!\346@\270\37062L\037@"
 540      83769B0C 
 540      21E640B8 
 540      F836324C 
 540      1F40
 541 17d0 F525574A 		.ascii	"\365%WJ\242w\240\321w59\372\240M C\243\017\372\317?"
 541      A277A0D1 
 541      773539FA 
 541      A04D2043 
 541      A30FFACF 
 542 17e5 FF3AFC6B 		.ascii	"\377:\374k\203\371\013-\273\374\223\301\004\214B\037"
 542      83F90B2D 
 542      BBFC93C1 
 542      048C421F 
 543 17f5 1468F4D4 		.ascii	"\024h\364\324\007}\375\203\351\363\300\020\363\333\253"
 543      077DFD83 
 543      E9F3C010 
 543      F3DBAB
 544 1804 6B0482C0 		.ascii	"k\004\202\300\207\277\336\270yC\220A\377\335\206\220"
 544      87BFDEB8 
 544      79439041 
 544      FFDD8690 
ARM GAS  /tmp/cccmr49S.s 			page 44


 545 1814 4093E98B 		.ascii	"@\223\351\213\237\255\362\310&\303\306\310\315\360\220"
 545      9FADF2C8 
 545      26C3C6C8 
 545      CDF090
 546 1823 17389E18 		.ascii	"\0278\236\030d\010\0150{\362\327Z\243!p\323\017\001"
 546      64080D30 
 546      7BF2D75A 
 546      A32170D3 
 546      0F01
 547 1835 21C126F0 		.ascii	"!\301&\360\2327\334\026x\037s\020aL\001\177\2174D\032"
 547      9A37DC16 
 547      781F7310 
 547      614C017F 
 547      8F34441A 
 548 1849 58E49C6E 		.ascii	"X\344\234n\251\031\307\304\261ke\004\215%\374!\241T"
 548      A919C7C4 
 548      B16B6504 
 548      8D25FC21 
 548      A154
 549 185b 99238CC1 		.ascii	"\231#\214\301\341\001\346\217V\250\027\021n4\233\374"
 549      E101E68F 
 549      56A81711 
 549      6E349BFC 
 550 186b 7FF5A7DF 		.ascii	"\177\365\247\337o\370\375\367\376\372\360\320\210\340"
 550      6FF8FDF7 
 550      FEFAF0D0 
 550      88E0
 551 1879 1083D1E4 		.ascii	"\020\203\321\344\377\233\015\033@c\207\317\251\224\340"
 551      FF9B0D1B 
 551      406387CF 
 551      A994E0
 552 1888 70953E3C 		.ascii	"p\225><\314\014B\275\310C\220wf\275\371{\265\321\260"
 552      CC0C42BD 
 552      C8439077 
 552      66BDF97B 
 552      B5D1B0
 553 189b 39D00896 		.ascii	"9\320\010\226\374\363\013D\007\351\303\215\006\220\205"
 553      FCF30B44 
 553      07E9C38D 
 553      069085
 554 18aa 4DEB3E02 		.ascii	"M\353>\002\372%\320\307@\237`\323\372\367\201\326\001"
 554      FA25D0C7 
 554      409F60D3 
 554      FAF781D6 
 554      01
 555 18bb AD07FA00 		.ascii	"\255\007\372\000\350C\240_\000\001n=\340\326\003n=\340"
 555      E843A05F 
 555      00016E3D 
 555      E0D6036E 
 555      3DE0
 556 18cd 3E00DC07 		.ascii	">\000\334\007\353\344\306\017\345\306_\310\215\037\311"
 556      EBE4C60F 
 556      E5C65FC8 
 556      8D1FC9
 557 18dc 8DBF941B 		.ascii	"\215\277\224\033?\226\033?\301\306u\357\003\255\223"
 557      3F961B3F 
 557      C1C675EF 
ARM GAS  /tmp/cccmr49S.s 			page 45


 557      03AD93
 558 18eb 8718FFED 		.ascii	"\207\030\377\355e\224\010\330\362\313P\242\210q\335"
 558      659408D8 
 558      F2CB50A2 
 558      8871DD
 559 18fa 071E1101 		.ascii	"\007\036\021\001`\203\212\370j+\014\200\210\200\360"
 559      60838AF8 
 559      6A2B0C80 
 559      8880F0
 560 1909 904D0623 		.ascii	"\220M\006#\361]`\250Ac2\177\027\030\022\2749\214\033"
 560      F15D60A8 
 560      4163327F 
 560      171812BC 
 560      398C1B
 561 191c 001F7DC8 		.ascii	"\000\037}\310\017\000z\031\001\271\373]Hph\260Ym6\231"
 561      0F007A19 
 561      01B9FB5D 
 561      487068B0 
 561      596D3699 
 562 1930 03CD1019 		.ascii	"\003\315\020\031\025i\374\030\342\300`p\245\"(hS\231"
 562      1569FC18 
 562      E2C06070 
 562      A5222868 
 562      5399
 563 1942 43C33719 		.ascii	"C\3037\031(\377mH\340f\223\312l4|k\012 \001\"\027\236"
 563      28FF6D48 
 563      E06693CA 
 563      6C347C6B 
 563      0A200122 
 564 1958 665348B0 		.ascii	"fSH\260\336\0007<i\304\014\241\021\244\211\014?\217"
 564      DE00373C 
 564      69C40CA1 
 564      11A4890C 
 564      3F8F
 565 196a 50D36678 		.ascii	"P\323fx\216\033v \231\273R\0327\375\000Mj\303\367\301"
 565      8E1B7620 
 565      99BB521A 
 565      37FD004D 
 565      6AC3F7C1 
 566 197e 663DC856 		.ascii	"f=\310Vn5\207o\374[\304\253\\.\200T\203\321\020\246"
 566      6E35876F 
 566      FC5BC4AB 
 566      5C2E8054 
 566      83D110A6 
 567 1992 873E3DB6 		.ascii	"\207>=\266\232\315\306\010-I5Ch`D\020\370@\305e\216"
 567      9ACDC608 
 567      2D493543 
 567      68604410 
 567      F840C565 
 568 19a7 873E0CD2 		.ascii	"\207>\014\322\315\303\024\000\177A\000\264G\250\001"
 568      CDC31400 
 568      7F4100B4 
 568      47A801
 569 19b6 171A0971 		.ascii	"\027\032\011qV\2052\014\374\015\337\032\006\356\241"
 569      5685320C 
 569      FC0DDF1A 
 569      06EEA1
ARM GAS  /tmp/cccmr49S.s 			page 46


 570 19c5 77A1E350 		.ascii	"w\241\343P\226Z[\315\241\346\357#\274\014[\014a\346"
 570      965A5BCD 
 570      A1E6EF23 
 570      BC0C5B0C 
 570      61E6
 571 19d7 D040D377 		.ascii	"\320@\323w\320b\330J.pD@\244\316\221\240,\241}D)K\356"
 571      D062D84A 
 571      2E704440 
 571      A4CE91A0 
 571      2CA17D44 
 572 19ee 80955B03 		.ascii	"\200\225[\003\203\315\301a\233\301\215`\005S\206^\302"
 572      83CDC161 
 572      9BC18D60 
 572      0553865E 
 572      C2
 573 19ff 0D438421 		.ascii	"\015C\204!\014\252\302f@A\027\004\257!n\012\014\241"
 573      0CAAC266 
 573      40411704 
 573      AF216E0A 
 573      0CA1
 574 1a11 59083723 		.ascii	"Y\0107#\302\303C^\245\265)\324\020h\2124\032B\015\304"
 574      C2C3435E 
 574      A5B529D4 
 574      10688A34 
 574      1A420DC4 
 575 1a25 0E95D14C 		.ascii	"\016\225\321L\355Ql4\230\300\352p\243\311\254\200ai"
 575      ED516C34 
 575      98C0EA70 
 575      A3C9AC80 
 575      6169
 576 1a37 5646D2DB 		.ascii	"VF\322\333(Lm4\263\212\246\321G\206F\206\004\232\203"
 576      284C6D34 
 576      B38AA6D1 
 576      47864686 
 576      049A83
 577 1a4a B718DE5A 		.ascii	"\267\030\336Ze\310\232I\242p!4\255V\016@M@\256Z0\014"
 577      65C89A49 
 577      A2702134 
 577      AD560E40 
 577      4D40AE5A 
 578 1a60 549691F9 		.ascii	"T\226\221\371Ti\244#\312\303H\363\317\310\345\237\221"
 578      5469A423 
 578      CAC348F3 
 578      CFC8E59F 
 578      91
 579 1a71 E59F27DC 		.ascii	"\345\237'\334\2154B\360\314\036Fb\374\217\235\312\264"
 579      8D3442F0 
 579      CC1E4662 
 579      FC8F9DCA 
 579      B4
 580 1a82 C3A5AFBB 		.ascii	"\303\245\257\273\326o\326\240\201*\310\025n(\210\344"
 580      D66FD6A0 
 580      812AC815 
 580      6E2888E4 
 581 1a92 8E8E2B36 		.ascii	"\216\216+6\264\376\260P\210\357xF\004\206\005\353\211"
 581      B4FEB050 
 581      88EF7846 
ARM GAS  /tmp/cccmr49S.s 			page 47


 581      048605EB 
 581      89
 582 1aa3 E755C126 		.ascii	"\347U\301&#I\004uH\270\376;r\2017m\334\254\011\015\204"
 582      23490475 
 582      48B8FE3B 
 582      7281376D 
 582      DCAC090D 
 583 1ab8 84A3A17B 		.ascii	"\204\243\241{\305\034\032\240\207\021\261\321\010\216"
 583      C51C1AA0 
 583      8711B1D1 
 583      088E
 584 1ac6 0B8761A1 		.ascii	"\013\207a\241\014\377\366[\250\233rs\250\356;\2031\314"
 584      0CFFF65B 
 584      A89B7273 
 584      A8EE3B83 
 584      31CC
 585 1ad8 10C21C05 		.ascii	"\020\302\034\005\011\025\026\020l\374\273:\214Xg\332"
 585      09151610 
 585      6CFCBB3A 
 585      8C5867DA 
 586 1ae8 AAD7C073 		.ascii	"\252\327\300s\306`\3209h\223\343\022\272Z\255VR9\340"
 586      C660D039 
 586      6893E312 
 586      BA5AAD56 
 586      5239E0
 587 1afb 2FAD58AE 		.ascii	"/\255X\256\\\037\244\016\240\245> \300\333q\361\336"
 587      5C1FA40E 
 587      A0A53E20 
 587      C0DB71F1 
 587      DE
 588 1b0c 471F7CF2 		.ascii	"G\037|\362\211\227P\320e\242\226\017\337\377\310[\\"
 588      899750D0 
 588      65A2960F 
 588      DFFFC85B 
 588      5C
 589 1b1d DF65FF07 		.ascii	"\337e\377\007\224&\371g"
 589      9426F967 
 590              		.text
 591              		.section	.gnu.lto_.symtab.b32d4ae9cfe1f72e,"",%progbits
 592 0000 5F76745F 		.ascii	"_vt_init\000\000\000\000\000\000\000\000\000\000\000"
 592      696E6974 
 592      00000000 
 592      00000000 
 592      000000
 593 0013 00AC0000 		.ascii	"\000\254\000\000\000chVTDoSetI\000\000\000\000\000\000"
 593      00636856 
 593      54446F53 
 593      65744900 
 593      00000000 
 594 0028 00000000 		.ascii	"\000\000\000\000\000\000\331\000\000\000chVTDoReset"
 594      0000D900 
 594      00006368 
 594      5654446F 
 594      52657365 
 595 003d 49000000 		.ascii	"I\000\000\000\000\000\000\000\000\000\000\000\000\335"
 595      00000000 
 595      00000000 
ARM GAS  /tmp/cccmr49S.s 			page 48


 595      00DD
 596 004b 00000063 		.ascii	"\000\000\000ch\000\000\002\000\000\000\000\000\000\000"
 596      68000002 
 596      00000000 
 596      000000
 597 005a 00004F02 		.ascii	"\000\000O\002\000\000chSysHalt\000\000\002\000\000\000"
 597      00006368 
 597      53797348 
 597      616C7400 
 597      00020000 
 598 006f 00000000 		.ascii	"\000\000\000\000\000\000\350\000\000\000chDbgCheckC"
 598      0000E800 
 598      00006368 
 598      44626743 
 598      6865636B 
 599 0084 6C617373 		.ascii	"lassI\000\000\002\000\000\000\000\000\000\000\000\000"
 599      49000002 
 599      00000000 
 599      00000000 
 599      00
 600 0095 EA000000 		.ascii	"\352\000\000\000"
 601              		.text
 602              		.section	.gnu.lto_.opts,"",%progbits
 603 0000 272D666E 		.ascii	"'-fno-trapv' '-fno-strict-overflow' '-mcpu=cortex-m"
 603      6F2D7472 
 603      61707627 
 603      20272D66 
 603      6E6F2D73 
 604 0033 34272027 		.ascii	"4' '-mfloat-abi=hard' '-mfpu=fpv4-sp-d16' '-mno-thu"
 604      2D6D666C 
 604      6F61742D 
 604      6162693D 
 604      68617264 
 605 0066 6D622D69 		.ascii	"mb-interwork' '-mthumb' '-ggdb' '-O0' '-Werror' '-f"
 605      6E746572 
 605      776F726B 
 605      2720272D 
 605      6D746875 
 606 0099 6F6D6974 		.ascii	"omit-frame-pointer' '-falign-functions=16' '-ffunct"
 606      2D667261 
 606      6D652D70 
 606      6F696E74 
 606      65722720 
 607 00cc 696F6E2D 		.ascii	"ion-sections' '-fdata-sections' '-fno-common' '-flt"
 607      73656374 
 607      696F6E73 
 607      2720272D 
 607      66646174 
 608 00ff 6F272027 		.ascii	"o' '-fsingle-precision-constant'\000"
 608      2D667369 
 608      6E676C65 
 608      2D707265 
 608      63697369 
 609              		.text
 610              		.comm	__gnu_lto_v1,1,1
 611              		.comm	__gnu_lto_slim,1,1
 612              		.ident	"GCC: (15:4.9.3+svn231177-1) 4.9.3 20150529 (prerelease)"
ARM GAS  /tmp/cccmr49S.s 			page 49


ARM GAS  /tmp/cccmr49S.s 			page 50


DEFINED SYMBOLS
                            *ABS*:0000000000000000 chvt.c
                            *COM*:0000000000000001 __gnu_lto_v1
                            *COM*:0000000000000001 __gnu_lto_slim

NO UNDEFINED SYMBOLS
