ARM GAS  /tmp/cc3siyam.s 			page 1


   1              		.syntax unified
   2              		.cpu cortex-m4
   3              		.eabi_attribute 27, 1
   4              		.eabi_attribute 28, 1
   5              		.fpu fpv4-sp-d16
   6              		.eabi_attribute 20, 1
   7              		.eabi_attribute 21, 1
   8              		.eabi_attribute 23, 3
   9              		.eabi_attribute 24, 1
  10              		.eabi_attribute 25, 1
  11              		.eabi_attribute 26, 1
  12              		.eabi_attribute 30, 6
  13              		.eabi_attribute 34, 1
  14              		.eabi_attribute 18, 4
  15              		.thumb
  16              		.file	"crt1.c"
  17              		.text
  18              	.Ltext0:
  19              		.section	.gnu.lto_.inline.98cd82e0c1237067,"",%progbits
  20 0000 789C6366 		.ascii	"x\234cf\300\016b\2404+\003\0033\023\003\003\023\323"
  20      C00E62A0 
  20      342B0303 
  20      33130303 
  20      13D3
  21 0012 02790616 		.ascii	"\002y\006\026\006&\220\020#\206\010\023\206\0103\230"
  21      06269010 
  21      23860813 
  21      86083398 
  22 0022 0261A800 		.ascii	"\002a\250\000\013\203\2100P@\345\303\012&\230\020\003"
  22      0B838830 
  22      5040E5C3 
  22      0A269810 
  22      03
  23 0033 00DE4804 		.ascii	"\000\336H\004\320"
  23      D0
  24              		.text
  25              		.section	.gnu.lto___core_init.98cd82e0c1237067,"",%progbits
  26 0000 789C6366 		.ascii	"x\234cf\300\004\242@\234\007\304\226 \0163\003#\023"
  26      C004A240 
  26      9C07C496 
  26      200E3303 
  26      2313
  27 0012 03103332 		.ascii	"\003\02032\0029\214\014\365L\214\365\214/\231>21N8\260"
  27      02398C0C 
  27      F54C8CF5 
  27      8C2F993E 
  27      32314E38 
  28 0027 7A06B7FA 		.ascii	"z\006\267\372\322\206\206\206\017M\227%Z%~\002\225}"
  28      D2868686 
  28      0F4D9725 
  28      5A257E02 
  28      957D
  29 0039 668298C0 		.ascii	"f\202\230\300\270\234Q\235\001\250\346c\313\337\353"
  29      B89C519D 
  29      01A8E663 
  29      CBDFEB
  30 0048 DC6C2D40 		.ascii	"\334l-@5\002\0209\306\025\214l \203\326\013\035h\370"
ARM GAS  /tmp/cc3siyam.s 			page 2


  30      35021039 
  30      C6158C6C 
  30      2083D60B 
  30      1D68F8
  31 005b FF7FF19C 		.ascii	"\377\177\361\2347\227Y\200\334'`mO\231\200\024\363="
  31      37975980 
  31      DC27606D 
  31      4F998014 
  31      F33D
  32 006d 46469022 		.ascii	"FF\220\"\220\300\023&\240\034P\314\\OO\3379#3)\323?"
  32      90C01326 
  32      A01C50CC 
  32      5C4F4FDF 
  32      39233329 
  33 0083 583FBF58 		.ascii	"X?\277X?9?77?O\277 \277\250\244X\3371\310\327\331\267"
  33      3F393F37 
  33      373F4FBF 
  33      20BFA8A4 
  33      58DF31C8 
  34 009a 02245690 		.ascii	"\002$V\220\231\223ZT\254\357\356\354\254\237\\Tb\250"
  34      99935A54 
  34      ACEFEEEC 
  34      AC9F5C54 
  34      62A8
  35 00ac 97CC0000 		.ascii	"\227\314\000\000\220\3334c"
  35      90DB3463 
  36              		.text
  37              		.section	.gnu.lto___early_init.98cd82e0c1237067,"",%progbits
  38 0000 789C6366 		.ascii	"x\234cf\300\004\242@\234\003\304\226 \0163\003#\023"
  38      C004A240 
  38      9C03C496 
  38      200E3303 
  38      2313
  39 0012 03103332 		.ascii	"\003\02032\0029\214\014\365L\214\365\214/\231>21N8\260"
  39      02398C0C 
  39      F54C8CF5 
  39      8C2F993E 
  39      32314E38 
  40 0027 7A06B7FA 		.ascii	"z\006\267\372\322\206\206\206\017\233\256K\264J\374"
  40      D2868686 
  40      0F9BAE4B 
  40      B44AFC
  41 0036 042AFBCC 		.ascii	"\004*\373\314\0041\201q9\243:\003P\315\307\226\277\327"
  41      04318171 
  41      39A33A03 
  41      50CDC796 
  41      BFD7
  42 0048 B9D95A80 		.ascii	"\271\331Z\200j\004 r\214+\030\331@\006\255\027:\320"
  42      6A042072 
  42      8C2B18D9 
  42      4006AD17 
  42      3AD0
  43 005a F0FFFFE3 		.ascii	"\360\377\377\3439\022@\316\023\260\246\247L@\212\371"
  43      391240CE 
  43      13B0A6A7 
  43      4C408AF9 
  44 006a 1E232348 		.ascii	"\036##H\011H\340\011\023P\016(f\256\247\247\357\234"
ARM GAS  /tmp/cc3siyam.s 			page 3


  44      0948E009 
  44      13500E28 
  44      66AEA7A7 
  44      EF9C
  45 007c 919994E9 		.ascii	"\221\231\224\351\037\254\237_\254\237\234\237\233\233"
  45      1FAC9F5F 
  45      AC9F9C9F 
  45      9B9B
  46 008a 9FA75F90 		.ascii	"\237\247_\220_TR\254\357\030\344\353\354[\001\022+\310"
  46      5F5452AC 
  46      EF18E4EB 
  46      EC5B0112 
  46      2BC8
  47 009c CC492D2A 		.ascii	"\314I-*\326wwv\326O.*1\324Kf\000\000\363&3*"
  47      D6777776 
  47      D64F2E2A 
  47      31D44B66 
  47      0000F326 
  48              		.text
  49              		.section	.gnu.lto___late_init.98cd82e0c1237067,"",%progbits
  50 0000 789C6366 		.ascii	"x\234cf\300\004\242@\234\003\304\226 \0163\003#\023"
  50      C004A240 
  50      9C03C496 
  50      200E3303 
  50      2313
  51 0012 03103332 		.ascii	"\003\02032\0029\214\014\365L\214\365\214/\231>21N8\260"
  51      02398C0C 
  51      F54C8CF5 
  51      8C2F993E 
  51      32314E38 
  52 0027 7A06B7FA 		.ascii	"z\006\267\372\322\206\206\206\017\223nK\264J\374\004"
  52      D2868686 
  52      0F936E4B 
  52      B44AFC04 
  53 0037 2AFBCC04 		.ascii	"*\373\314\0041\201q9\243:\003P\315\307\226\277\327\271"
  53      31817139 
  53      A33A0350 
  53      CDC796BF 
  53      D7B9
  54 0049 D95A806A 		.ascii	"\331Z\200j\004 r\214+\030\331@\006\255\027:\320\360"
  54      0420728C 
  54      2B18D940 
  54      06AD173A 
  54      D0F0
  55 005b FFFFE239 		.ascii	"\377\377\3429\022@\316\023\260\246\247L@\212\371\036"
  55      1240CE13 
  55      B0A6A74C 
  55      408AF91E 
  56 006b 23234809 		.ascii	"##H\011H\340\011\023P\016(f\256\247\247\357\234\221"
  56      48E00913 
  56      500E2866 
  56      AEA7A7EF 
  56      9C91
  57 007d 9994E91F 		.ascii	"\231\224\351\037\254\237_\254\237\234\237\233\233\237"
  57      AC9F5FAC 
  57      9F9C9F9B 
  57      9B9F
ARM GAS  /tmp/cc3siyam.s 			page 4


  58 008b A75F905F 		.ascii	"\247_\220_TR\254\357\030\344\353\354[\001\022+\310\314"
  58      5452ACEF 
  58      18E4EBEC 
  58      5B01122B 
  58      C8CC
  59 009d 492D2AD6 		.ascii	"I-*\326wwv\326O.*1\324Kf\000\000\313\2262\316"
  59      777776D6 
  59      4F2E2A31 
  59      D44B6600 
  59      00CB9632 
  60              		.text
  61              		.section	.gnu.lto___default_exit.98cd82e0c1237067,"",%progbits
  62 0000 789C6366 		.ascii	"x\234cf\300\0042@\234\014\304\226 \0163\003#\023\003"
  62      C0043240 
  62      9C0CC496 
  62      200E3303 
  62      231303
  63 0013 10834946 		.ascii	"\020\203IF\206z&\306z&&\210\272\227L\037\231\030'\034"
  63      867A26C6 
  63      7A262688 
  63      BA974C1F 
  63      9918271C 
  64 0027 583D835B 		.ascii	"X=\203[}iCC\303\207Gw%Z%~\002%?C\0250.gTg\000\252\371"
  64      7D694343 
  64      C3874777 
  64      255A257E 
  64      02253F43 
  65 0044 D8F2F73A 		.ascii	"\330\362\367:7[\013P\215\000D\216q\005#\033#\220^/t"
  65      375B0B50 
  65      8D00448E 
  65      7105231B 
  65      23905E2F 
  66 0059 A0E1FFFF 		.ascii	"\240\341\377\377\307s\367\334g\001r\237\200\265=\001"
  66      C773F7DC 
  66      6701729F 
  66      80B53D01 
  67 0069 19CFFC84 		.ascii	"\031\317\374\204\211\021l\204\271\236\236\276sFfR\246"
  67      89116C84 
  67      B99E9EBE 
  67      73466652 
  67      A6
  68 007a 7FB07E7E 		.ascii	"\177\260~~\261~r~nn~\236~A~QI\261\276c\220\257\263o"
  68      B17E727E 
  68      6E6E7E9E 
  68      7E417E51 
  68      49B1BE63 
  69 0092 0548AC20 		.ascii	"\005H\254 3'\265\250X\337\335\331Y?\271\250\304P/\231"
  69      3327B5A8 
  69      58DFDDD9 
  69      593FB9A8 
  69      C4502F99 
  70 00a6 0100176E 		.ascii	"\001\000\027n3X"
  70      3358
  71              		.text
  72              		.section	.gnu.lto___init_ram_areas.98cd82e0c1237067,"",%progbits
  73 0000 789C8D54 		.ascii	"x\234\215T\335oTU\020?s\316\275w\357\335\2576<\021^"
  73      DD6F5455 
ARM GAS  /tmp/cc3siyam.s 			page 5


  73      103F73CE 
  73      BD77EFDD 
  73      AF363C11 
  74 0015 30D9077C 		.ascii	"0\331\007|\241W}\321\364\301\004\373\240/\325\004\377"
  74      A1577DD1 
  74      F4C104FB 
  74      A02FD504 
  74      FF
  75 0026 01B49AD8 		.ascii	"\001\264\232\330D\350\246\335\007\037l\270\375\200\006"
  75      44E8A6DD 
  75      071F6CB8 
  75      FD8006
  76 0035 12A00124 		.ascii	"\022\240\001$\253\244\"\361\243\255m\251\265\002\273"
  76      ABA422F1 
  76      A3AD6DA9 
  76      B502BB
  77 0044 2DC84A0B 		.ascii	"-\310J\013[`\201\020\226\232\240AB\332\002\211\232."
  77      5B608110 
  77      969AA041 
  77      42DA0289 
  77      9A2E
  78 0056 2B6C576D 		.ascii	"+lWm\312\314\234\255Y\226\226\270\311\236{\317\334\231"
  78      CACC9CAD 
  78      599696B8 
  78      C99E7BCF 
  78      DC99
  79 0068 DF6F7E73 		.ascii	"\337o~s\316\214\022O\377b\370\257\267\204x\2156\001"
  79      CE8C124F 
  79      FF62F8AF 
  79      B784788D 
  79      3601
  80 007a 0152E01F 		.ascii	"\001R\340\037\024\256\012L\\\015^Mi\010\341I\364\363"
  80      14AE0A4C 
  80      5C0D5E4D 
  80      6908E149 
  80      F4F3
  81 008c 0C0B6CB4 		.ascii	"\014\013l\264\370x\265\245\217\354\016\331\035\251\350"
  81      F878B5A5 
  81      8FEC0ED9 
  81      1DA9E8
  82 009b DD4FEF7E 		.ascii	"\335O\357~\000\204\003\261]*\303\264|\266\343\207\355"
  82      008403B1 
  82      5D2AC3B4 
  82      7CB6E387 
  82      ED
  83 00ac 86D28CA6 		.ascii	"\206\322\214\246~\330\372q_\346$t\247\006\342\201\015"
  83      7ED8FA71 
  83      5FE62474 
  83      A706E281 
  83      0D
  84 00bd 5F7B9E37 		.ascii	"_{\2367\337\236[\273cm\021\263\310K\355\000\275\260"
  84      DF9E5BBB 
  84      636D11B3 
  84      C84BED00 
  84      BDB0
  85 00cf 41A0CFF0 		.ascii	"A\240\317\360@\366sP\265@\357\311c\177]\016\334\223"
  85      40F67350 
ARM GAS  /tmp/cc3siyam.s 			page 6


  85      B540EFC9 
  85      637F5D0E 
  85      DC93
  86 00e1 4509CFD1 		.ascii	"E\011\317\321vl\377T\334\242-f\211\333_\276Y\334%#G"
  86      766CFF54 
  86      DCA22D66 
  86      89DB5FBE 
  86      59DC2523 
  87 00f6 3DAFFDF6 		.ascii	"=\257\375\366\356\364\225\2407\345u\336^ZZ_\224\012"
  87      EEF495A0 
  87      37E575DE 
  87      5E5A5A5F 
  87      940A
  88 0108 FA40212E 		.ascii	"\372@!.\364\303:\370\026\326\225J\200!\271\316\305\237"
  88      F4C33AF8 
  88      16D6954A 
  88      8021B9CE 
  88      C59F
  89 011a 03562726 		.ascii	"\003V'&P\015\003\020\321\3440\010\026\312\260\360\373"
  89      500D0310 
  89      D1E43008 
  89      16CAB0F0 
  89      FB
  90 012b CDC99E03 		.ascii	"\315\311\236\003\246\206\374\254+\035\334\361\037\244"
  90      A686FCAC 
  90      2B1DDCF1 
  90      1FA4
  91 0139 219EC683 		.ascii	"!\236\306\203!\210`\314\221\356b\312\3201\237\336\275"
  91      218860CC 
  91      91EE62CA 
  91      D0319FDE 
  91      BD
  92 014a 581663AE 		.ascii	"X\026c\256\024s\254\"\346\213\276\336\235\346\263C\206"
  92      1473AC22 
  92      E68BBEDE 
  92      9DE6B343 
  92      86
  93 015b 2142C962 		.ascii	"!B\311bX[jO6\244^\345\332t$\332\316\0045\355\236\273"
  93      585B6A4F 
  93      36A45EE5 
  93      DA7424DA 
  93      CE0435ED 
  94 0171 E932F526 		.ascii	"\3512\365&|\267\222z\030a\210\205\276]\247\245\332\304"
  94      7CB7927A 
  94      18618885 
  94      BE5DA7A5 
  94      DAC4
  95 0183 10E97F1F 		.ascii	"\020\351\177\037\335\010\353,\366\366Ze\000\337\257"
  95      DD08EB2C 
  95      F6F65A65 
  95      00DFAF
  96 0192 08300A91 		.ascii	"\0100\012\221\3415)oiit\362zWd\\V\201\240\274$C+\376"
  96      E135296F 
  96      696974F2 
  96      7A57645C 
  96      5681A0BC 
  97 01aa 6EF06AB2 		.ascii	"n\360j\262\335b\273\217-\266@X\007\027\303\317\373\000"
ARM GAS  /tmp/cc3siyam.s 			page 7


  97      DD62BB8F 
  97      2DB64058 
  97      0717C3CF 
  97      FB00
  98 01bc 7F0B9235 		.ascii	"\177\013\2225\304\2060\207\0101\303\267aV\342C\335\204"
  98      C4863087 
  98      0831C3B7 
  98      6156E243 
  98      DD84
  99 01ce F6475DD3 		.ascii	"\366G]\323\211\030\235OA\232\230\360\241}\331\204j\375"
  99      89189D4F 
  99      419A98F0 
  99      A17DD984 
  99      6AFD
 100 01e0 C78B7B76 		.ascii	"\307\213{vQZ\213R\037\352o3W\257\331t-,\336\366\357"
 100      515A8B52 
 100      1FEA6F33 
 100      57AFD974 
 100      2D2CDEF6 
 101 01f5 3B98801E 		.ascii	";\230\200\0368\334\326M^>\370\001Z\3418\251\240\272"
 101      38DCD64D 
 101      5E3EF801 
 101      5AE138A9 
 101      A0BA
 102 0207 CFF4C503 		.ascii	"\317\364\305\003\014\220z\003\375\341\004:\242\262\223"
 102      0C907A03 
 102      FDE1043A 
 102      A2B293
 103 0216 D0CAAC4A 		.ascii	"\320\312\254J\263\236\310\235\317\253\212\333\202\351"
 103      B39EC89D 
 103      CFAB8ADB 
 103      82E9
 104 0224 529E7C59 		.ascii	"R\236|Y0\"A)Y\345\344\212\011\216/\034\371#D\344\236"
 104      30224129 
 104      59E5E48A 
 104      098E2F1C 
 104      F92344E4 
 105 0239 97728BD2 		.ascii	"\227r\213\322.H\200d\211\374\317\263{\377\256\3328\340"
 105      2E488064 
 105      89FCCFB3 
 105      7BFFAEDA 
 105      38E0
 106 024b 5517A503 		.ascii	"U\027\245\003c\310\374\200\305\3028l\024\304:\222\316"
 106      63C8FC80 
 106      C5C2386C 
 106      14C43A92 
 106      CE
 107 025c 2B0DECAB 		.ascii	"+\015\354\253@\252y\026\322)F\342><\215Hb\016\000\253"
 107      40AA7916 
 107      D22946E2 
 107      3E3C8D48 
 107      620E00AB 
 108 0270 250773F7 		.ascii	"%\007s\367\360\031v2\017\267\2402\243T\317\335\323\311"
 108      F0197632 
 108      0FB7A032 
 108      A354CFDD 
 108      D3C9
ARM GAS  /tmp/cc3siyam.s 			page 8


 109 0282 57348753 		.ascii	"W4\207S\236\274\371D\362P\224\376\202\224\360#\321\301"
 109      9EBCF944 
 109      F25094FE 
 109      8294F023 
 109      D1C1
 110 0294 19AA11C6 		.ascii	"\031\252\021\306\356?\032\242\310\212\324|\354\253J"
 110      EE3F1AA2 
 110      C88AD47C 
 110      ECAB4A
 111 02a3 BE29F445 		.ascii	"\276)\364Eht\357\210\357\274\225|AS\261\003]$6\317%"
 111      6874EF88 
 111      EFBC957C 
 111      4153B103 
 111      5D2436CF 
 112 02b8 5FD2E600 		.ascii	"_\322\346\000q\350\3735K\031\350\322gFM\375\331~2\243"
 112      71E8FB35 
 112      4B19E8D2 
 112      67464DFD 
 112      D97E32A3 
 113 02cc D50BF013 		.ascii	"\325\013\360\023\027\200;\371,\026\340\006t^\351\330"
 113      17803BF9 
 113      2C16E006 
 113      745EE9D8 
 114 02dc 56C22848 		.ascii	"V\302(H\236Fs \361\270\324\257\271\217\221\326\310\344"
 114      9E467320 
 114      F1B8D4AF 
 114      B98F91D6 
 114      C8E4
 115 02ee DF9B0385 		.ascii	"\337\233\003\205eV\277\223\301o\234\312o\301\233\207"
 115      6556BF93 
 115      C16F9CCA 
 115      6FC19B87 
 116 02fe E7AA6669 		.ascii	"\347\252fi\320Q\"\363\363\331/\325\252z\215\222\336"
 116      D05122F3 
 116      F3D92FD5 
 116      AA7A8D92 
 116      DE
 117 030f 09A42EAF 		.ascii	"\011\244.\257#\016E\230\\\026:=V\322\037\242\200e\241"
 117      230E4598 
 117      5C163A3D 
 117      56D21FA2 
 117      8065A1
 118 0322 7649E848 		.ascii	"vI\350HvYh\360\377\012=\307BI\020\234\257\020\032,\320"
 118      765968F0 
 118      FF0A3DC7 
 118      4249109C 
 118      AF101A2C 
 119 0337 11935003 		.ascii	"\021\223P\003%[x\010!\337 \237\274\303|\230\316\235"
 119      255B7808 
 119      21DF209F 
 119      BCC37C98 
 119      CE9D
 120 0349 5AED1A46 		.ascii	"Z\355\032F|D\276tg!\037\344aZ- \215t\010\227\351\030"
 120      7C44BE74 
 120      67211FE4 
 120      615A2D20 
 120      8D740897 
ARM GAS  /tmp/cc3siyam.s 			page 9


 121 035f EF51BADD 		.ascii	"\357Q\272\335\302\253\266[e\177M\225\365\327W\237\034"
 121      C2ABB65B 
 121      657F4D95 
 121      F5D7579F 
 121      1C
 122 0370 1A340934 		.ascii	"\0324\0114`\323\366\302D\377\311*w\310\353\366R\265"
 122      60D3F6C2 
 122      44FFC92A 
 122      77C8EBF6 
 122      52B5
 123 0382 280C2E60 		.ascii	"(\014.`\034\\\324\023\205\006\370Db\310\321\335\370"
 123      1C5CD413 
 123      8506F844 
 123      62C8D1DD 
 123      F8
 124 0393 3C4DED4B 		.ascii	"<M\355K\340\242\264\0147#\225\012\253\251n\341\320\313"
 124      E0A2B40C 
 124      3723950A 
 124      ABA96EE1 
 124      D0CB
 125 03a5 BDA9BB8E 		.ascii	"\275\251\273\216\306\003\336s\314\343\345\232\032\267"
 125      C603DE73 
 125      CCE3E59A 
 125      1AB7
 126 03b3 EE83C677 		.ascii	"\356\203\306w\033\337z\333mjq\033\232\266nm\332\346"
 126      1BDF7ADB 
 126      6D6A711B 
 126      9AB66E6D 
 126      DAE6
 127 03c5 469B9A63 		.ascii	"F\233\232c-\356\246\315\365u\365\037\221-\332\370\341"
 127      2DEEA6CD 
 127      F575F51F 
 127      912DDAF8 
 127      E1
 128 03d6 FBCD2DEE 		.ascii	"\373\315-\356\353uunCs\354\305\232\006\241\232\337\211"
 128      EB75756E 
 128      4373ECC5 
 128      9A06A19A 
 128      DF89
 129 03e8 CA5814A2 		.ascii	"\312X\024\242\217\001n\371:\302"
 129      8F016EF9 
 129      3AC2
 130              		.text
 131              		.section	.gnu.lto_.symbol_nodes.98cd82e0c1237067,"",%progbits
 132 0000 789C55C8 		.ascii	"x\234U\310GRBa\024\005\341\323\377\343)\202\001\305"
 132      47524261 
 132      1405E1D3 
 132      FFE32982 
 132      01C5
 133 0012 8C8A3B61 		.ascii	"\214\212;aiWE\214\250\230\263P.\210\241\233\021\003"
 133      6957458C 
 133      A898B350 
 133      2E88A19B 
 133      1103
 134 0024 A79CF87A 		.ascii	"\247\234\370z\362Uu&\251\205\376J#\205\324\033J\021"
 134      F2557526 
 134      A985FE4A 
ARM GAS  /tmp/cc3siyam.s 			page 10


 134      2385D41B 
 134      4A11
 135 0036 FA189495 		.ascii	"\372\030\224\225\276\024\024\306\267\"\025\306\217\""
 135      BE1414C6 
 135      B72215C6 
 135      8F22
 136 0044 2B8C1DA2 		.ascii	"+\214\035\242\364\177\344\237\322{\212,\337\205Z(\337"
 136      F47FE49F 
 136      D27B8A2C 
 136      DF855A28 
 136      DF
 137 0055 23993699 		.ascii	"#\2316\231\331\247d:\344\346\200\011s\310\2449\242l"
 137      D9A7643A 
 137      E4E68009 
 137      73C8A439 
 137      A26C
 138 0067 8E993227 		.ascii	"\216\2312'T\314)U\323e\332\2341c\316\2315\027\314\231"
 138      54CC2955 
 138      D365DA9C 
 138      3163CE99 
 138      3517CC99 
 139 007b 1E3573C9 		.ascii	"\0365s\311\274\271b\301\\S77,\232[\226\314\035\313\346"
 139      BCB962C1 
 139      5C533737 
 139      2C9A5B96 
 139      CC1DCBE6 
 140 008f 9E15F3C0 		.ascii	"\236\025\363\300\252yd\315<\261n\236i\230\0276\314+"
 140      AA7964CD 
 140      3CB16E9E 
 140      69981736 
 140      CC2B
 141 00a1 9BE68D2D 		.ascii	"\233\346\215-\323\247i\006l\217\321/J\300Cr"
 141      D3A76906 
 141      6C8FD12F 
 141      4AC04372 
 142              		.text
 143              		.section	.gnu.lto_.refs.98cd82e0c1237067,"",%progbits
 144 0000 789C25C1 		.ascii	"x\234%\301[\002\201P\024\000\300\323\344\022\362*\344"
 144      5B028150 
 144      1400C0D3 
 144      E412F22A 
 144      E4
 145 0011 9124598D 		.ascii	"\221$Y\215\375\357\247\217f\362\210\370\307\314B\312"
 145      FDEFA78F 
 145      66F288F8 
 145      C7CC42CA 
 146 0021 A4BA4F96 		.ascii	"\244\272O\226V\012k\033[\245\235\275\203\243\223J\355"
 146      560A6B1B 
 146      5BA59DBD 
 146      83A3934A 
 146      ED
 147 0032 ECE2AA71 		.ascii	"\354\342\252qs\367\360\324z\351\274\365>\006_\243_L"
 147      73F7F0D4 
 147      7AE9BCF5 
 147      3E065FA3 
 147      5F4C
 148 0044 7A27038C 		.ascii	"z'\003\214"
ARM GAS  /tmp/cc3siyam.s 			page 11


 149              		.text
 150              		.section	.gnu.lto_.decls.98cd82e0c1237067,"",%progbits
 151 0000 789C8598 		.ascii	"x\234\205\230kP\024W\026\307\347\316\035\006\030\206"
 151      6B501457 
 151      16C7E7CE 
 151      1D061886 
 152 0010 C1D2CAA3 		.ascii	"\301\322\312\243\334\252\254\301-k\037YY_X\265_\222"
 152      DCAAACC1 
 152      2D6B1F59 
 152      595F58B5 
 152      5F92
 153 0022 5D6B2BA9 		.ascii	"]k+\251\255\2746[\373i?L\021\302V\250 da\254\304\255"
 153      ADBC365B 
 153      FB693F4C 
 153      11C256A8 
 153      206461AC 
 154 0038 4AD5C823 		.ascii	"J\325\310#\216h\000\021\020Tp\020\020\003\303\033\344"
 154      8E680011 
 154      10547010 
 154      1003C31B 
 154      E4
 155 0049 2D200828 		.ascii	"- \010(\002\"  \217\014D\004\004\004\001\243\004u\366"
 155      02222020 
 155      8F0C4404 
 155      040401A3 
 155      0475F6
 156 005c F4BDA77B 		.ascii	"\364\275\247{\230n\334\355\252\303\355\333}\316\357"
 156      986EDCED 
 156      AAC3EDDB 
 156      7DCEEF
 157 006b 9CBEFF7B 		.ascii	"\234\276\377{o\323CU*U\013Q\251\034p\370\277\242R\035"
 157      6FD34355 
 157      2A550B51 
 157      A91C70F8 
 157      BFA2521D 
 158 007f A02A9516 		.ascii	"\240*\225\026\256}\254r\036n`\205`%`\345`\325`\265`"
 158      AE7DAC72 
 158      1E6E6085 
 158      602560E5 
 158      60D560B5 
 159 0094 6F82BD0F 		.ascii	"o\202\275\017\261c\320\216\203\335\003\233\002\233\005"
 159      B163D08E 
 159      83DD039B 
 159      029B05
 160 00a3 7B08F608 		.ascii	"{\010\366\010l\005l\025\354\031\230\003L\015\376\356"
 160      6C056C15 
 160      EC199803 
 160      4C0DFEEE 
 161 00b3 603A306F 		.ascii	"`:0o\260M`\257\200\275\016\366\013\2607\300\266\203"
 161      B04D60AF 
 161      80BD0EF6 
 161      0BB037C0 
 161      B683
 162 00c5 ED00FB0D 		.ascii	"\355\000\373\015\330[`\273\300\366\202\355\007\373#"
 162      D85B60BB 
 162      C0F682ED 
 162      07FB23
ARM GAS  /tmp/cc3siyam.s 			page 12


 163 00d4 D8DB607F 		.ascii	"\330\333`\177\006\373\013\330{D\345r\010u\222u\365\023"
 163      06FB0BD8 
 163      7B44E572 
 163      08759275 
 163      F513
 164 00e6 BC263F4A 		.ascii	"\274&?J6\360+\331\300\257|\003\277\362\015\374\2527"
 164      36F02BD9 
 164      C0AF7C03 
 164      BFF20DFC 
 164      AA37
 165 00f8 F0ABDEC0 		.ascii	"\360\253\336\300O\0307=\372\031\360\374\003\302\307"
 165      4F18373D 
 165      FA19F0FC 
 165      03C2C7
 166 0107 B215EC43 		.ascii	"\262\025\354C8\037\206\266\037\354#8o\201\366\257`\032"
 166      381F86B6 
 166      1FEC2338 
 166      6F81F6AF 
 166      601A
 167 0119 B02EB06E 		.ascii	"\260.\260n\260\233`\2670G-\266\357\313\306\341\221\232"
 167      B09B60B7 
 167      30472DB6 
 167      EFCBC6E1 
 167      919A
 168 012b 5417AE74 		.ascii	"T\027\256tzM\253\211A\267M\350\326$\266\247j\241\253"
 168      7A4DAB89 
 168      41B74DE8 
 168      D624B6A7 
 168      6AA1AB
 169 013e D769846E 		.ascii	"\327i\204n\355\332D\237\346\265d3\034\011Q\346M\032"
 169      EDDA449F 
 169      E6B56433 
 169      1C0951E6 
 169      4D1A
 170 0150 F2F1AB24 		.ascii	"\362\361\253$\227l%\227\310V ~O^\203\277\377\324p\322"
 170      976C2597 
 170      C856207E 
 170      4F5E83BF 
 170      FFD470D2 
 171 0164 DD8CDE56 		.ascii	"\335\214\336V\017\012\322\301yV\352x\237\356\255<\010"
 171      0F0AD2C1 
 171      7956EA78 
 171      9FEEAD3C 
 171      08
 172 0175 B3981B17 		.ascii	"\263\230\033\027\2113\335\335(\313\222\017}\2059\305"
 172      8933DDDD 
 172      28CB920F 
 172      7D8539C5 
 173 0185 74CD2E51 		.ascii	"t\315.Q\215ZEl\204\362\273\361\261W\352}\266e\230\255"
 173      8D5A456C 
 173      84F2BBF1 
 173      B157EA7D 
 173      B66598AD 
 174 0199 D6C59AE2 		.ascii	"\326\305\232\342X\232f\266^5\277p8\010KE\362\010%\371"
 174      589A66B6 
 174      5E35BF70 
 174      38084B45 
ARM GAS  /tmp/cc3siyam.s 			page 13


 174      F20825F9 
 175 01ad E42D4859 		.ascii	"\344-HY@4*\241\313\007\261\220l\203\330\253'\227\346"
 175      40342AA1 
 175      CB07B190 
 175      6C83D8AB 
 175      2797E6
 176 01c0 09FDE425 		.ascii	"\011\375\344%\344#cm\031\006F\266\326\346h\333\023\032"
 176      E423636D 
 176      190646B6 
 176      D6E668DB 
 176      131A
 177 01d2 1D8EB719 		.ascii	"\035\216\267\031\264H\202\026\013\320\"\021Z\302\240"
 177      B4488216 
 177      0BD02211 
 177      5AC2A0
 178 01e1 2977D2A7 		.ascii	")w\322\247<\251\361%\320\352\221i+\341\320!\027h\251"
 178      3CA9F125 
 178      D0EA9169 
 178      2BE1D021 
 178      1768A9
 179 01f4 042D13A0 		.ascii	"\004-\023\240\245\"\264\234A\213\307\342\226\334\351"
 179      A522B49C 
 179      418BC7E2 
 179      96DCE9
 180 0203 170C3A34 		.ascii	"\027\014:4>\323\347N\377\303\316\317\247f\014\350\205"
 180      3ED3E74E 
 180      FFC3CECF 
 180      A7660CE8 
 180      85
 181 0214 0497C504 		.ascii	"\004\227\305\004cCI5\236bJRI\230&\315'\023\307\325B"
 181      63434935 
 181      9E624A52 
 181      499826CD 
 181      2713C7D5 
 182 0229 D64CEB43 		.ascii	"\326L\353C\227\254\025R\326*!k\205\230\265\232e-\277"
 182      97AC1552 
 182      D62A216B 
 182      8598B59A 
 182      652DBF
 183 023c 707FD49D 		.ascii	"p\177\324\235F\021\226\252\274*\251\013\207\303\222"
 183      461196AA 
 183      BC2AA90B 
 183      87C392
 184 024b AB6D374B 		.ascii	"\253m7K\214\032\221\001q5\"\240\226\001\222\353\316"
 184      8C1A9101 
 184      713522A0 
 184      960192EB 
 184      CE
 185 025c 257AB299 		.ascii	"%z\262\231bf\214\216\211\247\313z6U6\011\335\206+O["
 185      62668C8E 
 185      89A7CB7A 
 185      36553609 
 185      DD862B4F 
 186 0271 753489F3 		.ascii	"u4\211\363OX\354\327u4\235w\216\\\254=\341\016\216o"
 186      4F58ECD7 
 186      75349D77 
 186      8E5CAC3D 
ARM GAS  /tmp/cc3siyam.s 			page 14


 186      E10E8E6F 
 187 0285 EAD843FD 		.ascii	"\352\330C\375pv5\333\223u\205\355\304\007.\251\313V"
 187      707635DB 
 187      937585ED 
 187      C4072EA9 
 187      CB56
 188 0297 CF3713B2 		.ascii	"\3177\023\262C\227\015\023fq0g\342\275(\363;\244\231"
 188      43970D13 
 188      66713067 
 188      E2BD28F3 
 188      3BA499
 189 02aa E8488354 		.ascii	"\350H\203T\016\213\026\016\213\331\034)LF\317\367T\322"
 189      0E8B160E 
 189      8BD91C29 
 189      4C46CFF7 
 189      54D2
 190 02bc 542457C9 		.ascii	"T$W\311\016p`\256\244\021.6\301E\340\246Y\314m^D\267"
 190      0E7060AE 
 190      A4112E36 
 190      C145E0A6 
 190      59CC6D5E 
 191 02d2 63C3986B 		.ascii	"c\303\230k\033\304\260\002\012\217&\276j6kH\013\024"
 191      1BC4B002 
 191      0A8F26BE 
 191      6A366B48 
 191      0B14
 192 02e4 70C55900 		.ascii	"p\305Y\000\324#M\343S\225\275y\036\372X\011\313|\235"
 192      D4234DE3 
 192      5395BD79 
 192      1EFA5809 
 192      CB7C9D
 193 02f7 0BA395E8 		.ascii	"\013\243\225\350\321\361\330\265GE\032\272\212\243R"
 193      D1F1D8B5 
 193      47451ABA 
 193      8AA352
 194 0306 D174DF40 		.ascii	"\321t\337@-|\211\\\236LKu\243\211\274\223\235\234bs"
 194      2D7C895C 
 194      9E4C4B75 
 194      A389BC93 
 194      9D9C6273 
 195 031a 6363E921 		.ascii	"cc\351!t\2559\005\013Z\232\316\356i{2\207\276\367!\276"
 195      74AD3905 
 195      0B5A9ACE 
 195      EE697B32 
 195      87BEF721 
 196 032f 5B7C7D7D 		.ascii	"[|}}wX!\343b\315\330\014\021\226\006\021\362\220\353"
 196      775821E3 
 196      62CDD80C 
 196      11960611 
 196      F290EB
 197 0342 506127D9 		.ascii	"Pa'\331\342|\256\033\254\204\337\302\037\325I\266p\315"
 197      E27CAE1B 
 197      AC84DFC2 
 197      1FD549B6 
 197      70CD
 198 0354 E677603A 		.ascii	"\346w`:\324\301\375zvK\360\206g\"=0\000]\304\227t\203"
 198      D4C1FD7A 
ARM GAS  /tmp/cc3siyam.s 			page 15


 198      764BF086 
 198      67223D30 
 198      005DC497 
 199 036a DD04BB45 		.ascii	"\335\004\273E|\331\363\011I\254\363\245\346w\242)\313"
 199      7CD9F309 
 199      49ACF3A5 
 199      E677A229 
 199      CB
 200 037b D026CFF0 		.ascii	"\320&\317\360k)\001s}\350tm\337\3205\227H\276O\235\276"
 200      6B290173 
 200      7DE8746D 
 200      DFD03597 
 200      48BE4F9D 
 201 0390 1D1B17CE 		.ascii	"\035\033\027\316\235\005!\354s\273=\004\017\2258#\245"
 201      9D0521EC 
 201      73BB3D04 
 201      0F953823 
 201      A5
 202 03a1 E15F5C2E 		.ascii	"\341_\\.\037\367\240yl|\324\265cV\207\216\354\330\302"
 202      1FF7A079 
 202      6C7CD4B5 
 202      6356878E 
 202      ECD8C2
 203 03b4 4256B584 		.ascii	"BV\265\204\364\001\364\266S7\201\300\216\215F\203\364"
 203      F401F4B6 
 203      533781C0 
 203      8E8D4683 
 203      F4
 204 03c5 C220FCBF 		.ascii	"\302 \374\277\001\021v\246\206\265t\303\026$X_FP\275"
 204      011176A6 
 204      86B574C3 
 204      1624585F 
 204      4650BD
 205 03d8 2CBCA3C3 		.ascii	",\274\243\303\366:_:L_q)\351q)=\311\262\317\022\326"
 205      F63A5F3A 
 205      4C5F7129 
 205      E971293D 
 205      C9B2CF12 
 206 03ed 7717BAB3 		.ascii	"w\027\272\263Uu\355^:\013\356\2720\273\364\353'\327"
 206      5575ED5E 
 206      3A0BEEBA 
 206      30BBF4EB 
 206      27D7
 207 03ff 90300F61 		.ascii	"\2200\017a`\311 \233\344$\306\232ov\337\234\200\017"
 207      60C9209B 
 207      E424C69A 
 207      6F76DF9C 
 207      800F
 208 0411 B74DC39E 		.ascii	"\267M\303\236\377\016\270\0170\367\273d\263\030$x?n"
 208      FF0EB80F 
 208      30F7BB64 
 208      B3182478 
 208      3F6E
 209 0423 5869F158 		.ascii	"Xi\361X\357\335\377\277\274\243\212\373r\274i\015\237"
 209      EFDDFFBF 
 209      BCA38AFB 
 209      72BC690D 
ARM GAS  /tmp/cc3siyam.s 			page 16


 209      9F
 210 0434 A429B349 		.ascii	"\244)\263IQ:\332\302;\253\247*;\364\3333\315\366H\273"
 210      513ADAC2 
 210      3BABA72A 
 210      3BF4DB33 
 210      CDF648BB 
 211 0448 25EB86DE 		.ascii	"%\353\206\336\332\016\203\357p\374\222-\204Q>\370\353"
 211      DA0E83EF 
 211      70FC922D 
 211      84513EF8 
 211      EB
 212 0459 6A1EE55B 		.ascii	"j\036\345[\011\304=\253Nrx~\263\006\357\005{}\024\237"
 212      09C43DAB 
 212      4E72787E 
 212      B306EF05 
 212      7B7D149F 
 213 046d C163643B 		.ascii	"\301cd;\273\025;6\032\343M\0078\377\305\321\354^\"\362"
 213      BB153B36 
 213      1AE34D07 
 213      38FFC5D1 
 213      EC5E22F2 
 214 0481 7B5DF976 		.ascii	"{]\371v\005\337.\361\237\257%\016j\220\237e`\374q\344"
 214      05DF2EF1 
 214      9FAF250E 
 214      6A909F65 
 214      60FC71E4 
 215 0495 5757A6AF 		.ascii	"WW\246\257\270\323I\316_;\336\222\354\215\374\250aW"
 215      B8D349CE 
 215      5F3BDE92 
 215      EC8DFCA8 
 215      6157
 216 04a7 FE8F0AFE 		.ascii	"\376\217\012\376\217\022?\17719\336M\344\277\312\370"
 216      8F123F7F 
 216      3139DE4D 
 216      E4BFCAF8 
 217 04b7 F790FF6D 		.ascii	"\367\220\377mq\326\023\035]\341\374\366\204\326S\342"
 217      71D6131D 
 217      5DE1FCF6 
 217      84D653E2 
 218 04c7 F84405A6 		.ascii	"\370D\005\246\2313#\315fa\223e\011\356+\022\334\227"
 218      993323CD 
 218      66619365 
 218      09EE2B12 
 218      DC97
 219 04d9 12FC7C63 		.ascii	"\022\374|c\351;/L\320\374\006K0\205\011\036\330\342"
 219      E93B2F4C 
 219      D0FC064B 
 219      3085091E 
 219      D8E2
 220 04eb 33B4FEE5 		.ascii	"3\264\376\345f\213u\033\223M\230l?\220o\330\204\233"
 220      668B751B 
 220      934D986C 
 220      3F906FD8 
 220      849B
 221 04fd 80569874 		.ascii	"\200V\230t\223\320\302\304#\323\344\033VF[\326c\037"
 221      93D0C2C4 
 221      23D3E41B 
ARM GAS  /tmp/cc3siyam.s 			page 17


 221      56465BD6 
 221      631F
 222 050f 0A2B8EED 		.ascii	"\012+\216\355Z=\267c\014\274\246\343r\315\036(Jz \225"
 222      5A3DB763 
 222      0CBCA6E3 
 222      72CD1E28 
 222      4A7A2095 
 223 0523 34D33219 		.ascii	"4\3232\031\353\316Kj@\315f\261\244\326\336\301)\017"
 223      EBCE4B6A 
 223      40CD66B1 
 223      A4D6DEC1 
 223      290F
 224 0535 7A9AF317 		.ascii	"z\232\363\027R\2623\274E\276L\263y\005\177^\342[\223"
 224      52B233BC 
 224      45BE4CB3 
 224      79057F5E 
 224      E25B93
 225 0548 5253BC91 		.ascii	"RS\274\221\217\232=D\376p{\324cO\232\303\371\303\371"
 225      8F9A3D44 
 225      FE707BD4 
 225      634F9AC3 
 225      F9C3F9
 226 055b 2F2245BE 		.ascii	"/\"E\276\\\263E\005\177Q\342\027\345=\317&\"\237k\366"
 226      5CB34505 
 226      7F51E217 
 226      E53DCF26 
 226      229F6BF6 
 227 056f 08F917C6 		.ascii	"\010\371\027\306\034Y>\264\234\363\263\006\216\034\367"
 227      1C593EB4 
 227      9CF3B306 
 227      8E1CF7
 228 057e 11F972CD 		.ascii	"\021\371r\315\226\025\011\226\245\0047\372--:L\200\232"
 228      96150996 
 228      A50437FA 
 228      2D2D3A4C 
 228      809A
 229 0590 AD608293 		.ascii	"\255`\202\223K\3516\037\231fs\250\331\002j\266\204\232"
 229      4BE9361F 
 229      996673A8 
 229      D9026AB6 
 229      849A
 230 05a2 3DE69A9D 		.ascii	"=\346\232\235\031\230\\\241l\267P\013\335\212\316\013"
 230      19985CA1 
 230      6CB7500B 
 230      DD8ACE0B 
 231 05b2 AB1ADAC2 		.ascii	"\253\032\332\302K\234\351\035[\306\022\343\344\022>"
 231      4B9CE91D 
 231      5BC612E3 
 231      E4123E
 232 05c1 5554F854 		.ascii	"UT\370T\252p)uj\011\227\305\015\224p\025+\254\311\231"
 232      AA702975 
 232      6A0997C5 
 232      0D947015 
 232      2BACC999 
 233 05d5 1F72A303 		.ascii	"\037r\243\003\234o\357\215\253\324\211|\231\204k\012"
 233      9C6FEF8D 
 233      ABD4897C 
ARM GAS  /tmp/cc3siyam.s 			page 18


 233      99846B0A 
 234 05e5 FE9AC49F 		.ascii	"\376\232\304\237\353q\364y \037%|\206\374\357\256\326"
 234      EB71F479 
 234      201F257C 
 234      86FCEFAE 
 234      D6
 235 05f6 9579D249 		.ascii	"\225y\322I\316\257\213\177\260\011\361r\005_(\360/\234"
 235      CEAF8B7F 
 235      B009F172 
 235      055F28F0 
 235      2F9C
 236 0608 BB465BE1 		.ascii	"\273F[\341\032\025\361\\A\007\342m\266\306,5]\341\370"
 236      1A15F15C 
 236      4107E26D 
 236      B6C62C35 
 236      5DE1F8
 237 061b A9AEEE18 		.ascii	"\251\256\356\030\255\310\227+xD-O\000W\304\361\231\037"
 237      ADC8972B 
 237      78442D4F 
 237      0057C4F1 
 237      991F
 238 062d 1EF2C104 		.ascii	"\036\362\301\004\250`\244\232'\350\035\271XFd\012\376"
 238      A860A49A 
 238      27E81DB9 
 238      5846640A 
 238      FE
 239 063e 8C0A3E47 		.ascii	"\214\012>G\005\315j\256`\224\232)\030W\230\275\354\303"
 239      05CD6AAE 
 239      60949A29 
 239      185798BD 
 239      ECC3
 240 0650 14A44277 		.ascii	"\024\244Bwt`\246\307\235FkX\211G\213Rz\334x\211ir\005"
 240      7460A6C7 
 240      9D466B58 
 240      89478B52 
 240      7ADC7889 
 241 0667 BF5554F8 		.ascii	"\277UT\370\255T\341L\323\235\034T\260\023\025<\212\025"
 241      AD54E14C 
 241      D39D1C54 
 241      B013153C 
 241      8A15
 242 0679 8EDAE22A 		.ascii	"\216\332\342*\324\3644\347\227\336[\210\241\"_\246\340"
 242      D4F434E7 
 242      97DE5B88 
 242      A1225FA6 
 242      E0
 243 068a 3105FF98 		.ascii	"1\005\377\230\304\317\260\345\315k\221\217\012\306\""
 243      C4CFB0E5 
 243      CD6B918F 
 243      0AC622
 244 0699 BFC86E3B 		.ascii	"\277\310n;\353Ms8\177abP\\$ir\011O(\370'$~~zA\261\207"
 244      EB4D7338 
 244      7F616250 
 244      5C246972 
 244      094F28F8 
 245 06b5 C8E7127E 		.ascii	"\310\347\022~\207\374\350g\366QJ\3139\3371\220\221\350"
 245      87FCE867 
ARM GAS  /tmp/cc3siyam.s 			page 19


 245      F6514ACB 
 245      39DF3190 
 245      91E8
 246 06c7 29F2E512 		.ascii	")\362\345\022\306+\022\304K\011\022\373#\377\206|T0"
 246      C62B12C4 
 246      4B0912FB 
 246      23FF867C 
 246      5430
 247 06d9 01F90DCB 		.ascii	"\001\371\015\3133\023j\231\202\0265W\360\270\232+\030"
 247      33136A99 
 247      82163557 
 247      F0B89A2B 
 247      18
 248 06ea 870A9EE4 		.ascii	"\207\012\236\344\012\212\337A\006\376\035\324Z\377\270"
 248      0A8ADF41 
 248      06FE1DD4 
 248      5AFFB8
 249 06f9 554D5B78 		.ascii	"UM[x\205\003\311\3472p\004\316\311\025LR\024\230$\025"
 249      8503C9E7 
 249      327004CE 
 249      C9154C52 
 249      14982415 
 250 070d 18991F67 		.ascii	"\030\231\037g\307W\307 *\230\214\025\346\024\2676\252"
 250      C757C720 
 250      2A988C15 
 250      E614B736 
 250      AA
 251 071e E900E73F 		.ascii	"\351\000\347?\351\3108KD\276L\301\323\012\376i\211\237"
 251      E9C8384B 
 251      44BE4CC1 
 251      D30AFE69 
 251      899F
 252 0730 9A903B8D 		.ascii	"\232\220;\215#<\210\012\246\"\377\322xl\235\206Nr~c"
 252      233C880A 
 252      A622FFD2 
 252      786C9D86 
 252      4E727E63 
 253 0744 FA722D6E 		.ascii	"\372r-n\243\347\344\012\236Q\360\317H\374\311\216\251"
 253      A3E7E40A 
 253      9E51F0CF 
 253      48FCC98E 
 253      A9
 254 0755 D7453C17 		.ascii	"\327E<\027\360,\342s\023\317\027x\321\025\216\217\234"
 254      F02CE273 
 254      13CF1778 
 254      D1158E8F 
 254      9C
 255 0766 2C5D90F0 		.ascii	",]\220\360r\001\323\025\374t\211\337>W\225\240\307\004"
 255      7201D315 
 255      FC7489DF 
 255      3E5795A0 
 255      C704
 256 0778 A8600626 		.ascii	"\250`\006&8\232\0337\340-S0\005\025LC\005\317\241\202"
 256      389A1B37 
 256      E02D5330 
 256      05154C43 
 256      05CFA182 
ARM GAS  /tmp/cc3siyam.s 			page 20


 257 078c E7B98273 		.ascii	"\347\271\202s\275gk\364LA7\241{<uv\320\213F\273\261"
 257      BD676BF4 
 257      4C4137A1 
 257      7B3C7576 
 257      D08B46BB 
 258 07a1 1293EAAE 		.ascii	"\022\223\352\256\325\340\032</W\360\202\242\302\013"
 258      D5E01A3C 
 258      2F57F082 
 258      A2C20B
 259 07b0 5285D125 		.ascii	"R\205\321%\375\265\270\015\015\243\202YX\341\362H\351"
 259      FDB5B80D 
 259      0DA38259 
 259      58E1F248 
 259      E9
 260 07c1 AC1B3DCD 		.ascii	"\254\033=\315\371E\335\347\016\213x\231\2009\012"
 260      F945DDE7 
 260      0E8B7899 
 260      80390A
 261 07d0 7C8E84BF 		.ascii	"|\216\204\277<\325\373+\244\243~\027\221\376\323\263"
 261      3CD5FB2B 
 261      A4A37E17 
 261      91FED3B3 
 262 07e0 B163F01A 		.ascii	"\261c\360\032\344\364\221\370\354~\034\340\363r\375"
 262      E4F491F8 
 262      EC7E1CE0 
 262      F372FD
 263 07ef 2E29F097 		.ascii	".)\360\227\234\343\233u\366\216F\344s\001\277G\376\\"
 263      9CE39B75 
 263      F68E46E4 
 263      7301BF47 
 263      FE5C
 264 0801 C78F273D 		.ascii	"\307\217'=i9\347;\342\353okE\276\\\300|E\202|)A\354"
 264      6939E73B 
 264      E2EB6F6B 
 264      45BE5CC0 
 264      7C45827C 
 265 0818 5455AD01 		.ascii	"TU\255\001\023\240\2006L\220\360\334\322/\337D\263Q"
 265      13A08036 
 265      4C90F0DC 
 265      D22FDF44 
 265      B351
 266 082a C05C1430 		.ascii	"\300\\\0240\017\005,\340\002&\306TU\031\230\200Z\241"
 266      0F052CE0 
 266      0226C654 
 266      55199880 
 266      5AA1
 267 083c 7BF34CEF 		.ascii	"{\363L\357\2627m\341%\016f\266e{\360\022\363\344\002"
 267      B2376DE1 
 267      250E66B6 
 267      657BF012 
 267      F3E402
 268 084f 162B2A2C 		.ascii	"\026+*,\226*l\230\266\333p\233\037C\001K\260\302\310"
 268      962A6C98 
 268      B6DB709B 
 268      1F43014B 
 268      B0C2C8
 269 0862 C1862878 		.ascii	"\301\206(x\015r~b\347\014l\256\310\227)X\246\340\227"
ARM GAS  /tmp/cc3siyam.s 			page 21


 269      0D727E62 
 269      E70C6CAE 
 269      C8972958 
 269      A6E097
 270 0875 49FCF2C1 		.ascii	"I\374\362\301\251\036\\\202c(a9\362\263\313\316^\327"
 270      A91E5C82 
 270      63286139 
 270      F2B3CBCE 
 270      5ED7
 271 0887 D249AC3F 		.ascii	"\322I\254?\246\260W\203|\271\204\227\025\374\313\022"
 271      A6B05783 
 271      7CB98497 
 271      15FCCB12 
 272 0897 3F6962B9 		.ascii	"?ib\271[\342s\011+\221\277\320y\353\271;]\341\374\343"
 272      5BE27309 
 272      2B91BFD0 
 272      79EBB93B 
 272      5DE1FCE3 
 273 08ab 4D95335A 		.ascii	"M\2253Z\221/\227\260Z\221\240ZJ\320t\275g\004\337\002"
 273      912F97B0 
 273      5A91A05A 
 273      4AD074BD 
 273      6704DF02 
 274 08bf 6328610D 		.ascii	"c(a\015&x\224x\341\3372\005KQ\301\012T\260\012\025\254"
 274      26789478 
 274      E1DF3205 
 274      4B51C10A 
 274      54B00A15 
 275 08d4 E50A8A9F 		.ascii	"\345\012\212\2375\006\376Ys)u\240PM\243\265\374G\201"
 275      3506FE59 
 275      732975A0 
 275      504DA3B5 
 275      FC4781
 276 08e7 A5057104 		.ascii	"\245\005q\004\012\344\012^Q\024xE*p:6\345\016\316\261"
 276      0AE40A5E 
 276      51147845 
 276      2A703A36 
 276      E50ECEB1 
 277 08fb 1954B001 		.ascii	"\031T\260\001\013\214\355\356\250\205\377E9\177\372"
 277      0B8CEDEE 
 277      A885FF45 
 277      397FFA
 278 090a 6E67BA97 		.ascii	"ng\272\227\310\227)\330\244\3407I\374\237l\025\225\370"
 278      C89729D8 
 278      A4E03749 
 278      FC9F6C15 
 278      95F8
 279 091c 7D32830A 		.ascii	"}2\203\012^\025\227\270m\356(\2459\234oi\313\\\302\327"
 279      5E1597B8 
 279      6DEE28A5 
 279      399C6F69 
 279      CB5CC2D7 
 280 0930 54815CC1 		.ascii	"T\201\\\301\026\005\277E\342?\357\233\276\244\021\371"
 280      1605BF45 
 280      E23FEF9B 
 280      BEA411F9 
 281 0940 5CC16BC8 		.ascii	"\\\301k\310\2676\3247\353i9\347\027\334\035.\021\307"
ARM GAS  /tmp/cc3siyam.s 			page 22


 281      B736D437 
 281      EB6939E7 
 281      17DC1D2E 
 281      11C7
 282 0952 47A1609B 		.ascii	"G\241`\233\"A\233\363-\020\031?\201\012\316\240\202"
 282      22419BF3 
 282      2D10193F 
 282      810ACEA0 
 282      82
 283 0963 ED98607A 		.ascii	"\355\230`z`\326\242\223I\330\210\0226\243\204\255(\341"
 283      60D6A293 
 283      49D88812 
 283      36A384AD 
 283      28E1
 284 0975 752E61C3 		.ascii	"u.a\303\355\274aO\026\322H\3100\331\014\237\375d\206"
 284      EDBC614F 
 284      16D248C8 
 284      30D90C9F 
 284      FD6486
 285 0988 F893DF6D 		.ascii	"\370\223\337m%?A\363\004\012\210V\373\223\030\365V\222"
 285      253F41F3 
 285      040A8856 
 285      FB9318F5 
 285      5692
 286 099a 08ED2968 		.ascii	"\010\355)h\255\320fB[\010m\021\264u\320\326C{C\355\317"
 286      ADD06642 
 286      5B086D11 
 286      B475D0D6 
 286      437B43ED 
 287 09af DE22F732 		.ascii	"\336\"\3672\356\010o\317[V{]\363Gfq\334\004\366\010"
 287      EE086FCF 
 287      5B567B5D 
 287      F3476671 
 287      DC04F608 
 288 09c3 FE07E8FC 		.ascii	"\376\007\350\374\034\035\021\376\003$\035\020In\252"
 288      1C1D11FE 
 288      03241D10 
 288      496EAA
 289 09d2 B7B36199 		.ascii	"\267\263a\231\267\321\365?\274\364\257\373\005\001\276"
 289      B7D1F53F 
 289      BCF4AFFB 
 289      0501BE
 290 09e1 F5D5EC87 		.ascii	"\365\325\354\207\027\241\025VcO\306\210a\275\263\220"
 290      17A11556 
 290      634FC688 
 290      61BDB390 
 291 09f1 C4E9DC85 		.ascii	"\304\351\334\205\316]\314\371\351\325\250d\265\350l"
 291      CE5DCCF9 
 291      E9D5A864 
 291      B5E86C
 292 0a00 79D94F3A 		.ascii	"y\331O:\244\033\202\274\214\306\300\260\360 cph\260"
 292      A41B82BC 
 292      8CC6C0B0 
 292      F0206370 
 292      68B0
 293 0a12 49FBEE87 		.ascii	"I\373\356\207\377\330v@\245\371*(\340\213\375;w\372"
 293      FFD87640 
ARM GAS  /tmp/cc3siyam.s 			page 23


 293      A5F92A28 
 293      E08BFD3B 
 293      77FA
 294 0a24 1DF83CF8 		.ascii	"\035\370<\370\323\340\217\376\356\027\026\341\027\030"
 294      D3E08FFE 
 294      EE1716E1 
 294      1718
 295 0a32 76F06058 		.ascii	"v\360`X\250\337\227a\341\246\010\277?}\362\301\201\017"
 295      A8DF9761 
 295      E1A608BF 
 295      3F7DF2C1 
 295      810F
 296 0a44 BE16AE7D 		.ascii	"\276\026\256}\031\034\022\024\036\341\367\356\201\003"
 296      191C1214 
 296      1EE1F7EE 
 296      8103
 297 0a52 7E81E1A6 		.ascii	"~\201\341\246];\003Uz\2431( <\3440\003\002<$\300\304"
 297      5D3B0355 
 297      7AA33128 
 297      203CE430 
 297      03023C24 
 298 0a68 E106A3F1 		.ascii	"\341\006\243\361\263\240\177\005\034\0121\031\203\276"
 298      B3A07F05 
 298      1C0A3119 
 298      83BE
 299 0a76 0E367984 		.ascii	"\0166y\204BV\323\241\360\320MFv\333\030\036p\320\030"
 299      4256D3A1 
 299      F0D04D46 
 299      76DB181E 
 299      70D018
 300 0a89 101E1410 		.ascii	"\020\036\024\020\341q(8\324\264g\267\321\2443\032\305"
 300      E1712838 
 300      D4B467B7 
 300      D1A4331A 
 300      C5
 301 0a9a D3DFFB1D 		.ascii	"\323\337\373\035\212\010\367\013\016\015\0149\364Y\220"
 301      8A08F70B 
 301      0E0D0C39 
 301      F45990
 302 0aa9 5F68D057 		.ascii	"_h\320W!\301\237\372\035\014\010\374<84\310O\342\232"
 302      21C19FFA 
 302      1D0C08FC 
 302      3C3834C8 
 302      4FE29A
 303 0abc 0E7F1914 		.ascii	"\016\177\031\024\261\363s\225\357F\336\021\207#\374"
 303      B1F37395 
 303      EF46DE11 
 303      8723FC
 304 0acb 8C11A6CF 		.ascii	"\214\021\246\317\200\010.\006\226\323\024\364\265\211"
 304      80082E06 
 304      96D314F4 
 304      B589
 305 0ad9 25F5645D 		.ascii	"%\365d]\341L\027\030\002\365\263S}h\230Q\272\356#\324"
 305      E14C1718 
 305      02F5B353 
 305      7D689851 
 305      BAEE23D4 
ARM GAS  /tmp/cc3siyam.s 			page 24


 306 0aed 27F58C26 		.ascii	"'\365\214&O\251\336\315F\241\366?\030\235D\243\367\372"
 306      4FA9DECD 
 306      46A1F63F 
 306      189D44A3 
 306      F7FA
 307 0aff 4B4603F6 		.ascii	"KF\003\3668\331\350\203\335\3200~\233\307\357R\306\357"
 307      38D9E883 
 307      DDD0307E 
 307      9BC7EF52 
 307      C6EF
 308 0b11 7289DFE5 		.ascii	"r\211\337\345\032\277K\026\277[\031\277\333%~\267k\374"
 308      1ABF4B16 
 308      BF5B19BF 
 308      DB257EB7 
 308      6BFC
 309 0b23 6E59FC1E 		.ascii	"nY\374\036e\374\036\227\370=\256\361{d\361{\225\361"
 309      65FC1E97 
 309      F83DAEF1 
 309      7B64F17B 
 309      95F1
 310 0b35 7B5DE2F7 		.ascii	"{]\342\367\272\306\357\225\305\357S\306\357s\211\337"
 310      BAC6EF95 
 310      C5EF53C6 
 310      EF7389DF 
 311 0b45 E71ABF4F 		.ascii	"\347\032\277O\026\357\257\214\367w\211\367w\215\367"
 311      16EFAF8C 
 311      F77789F7 
 311      778DF7
 312 0b54 97C5EF57 		.ascii	"\227\305\357W\306\357w\211\337\357\032\277_\212\377"
 312      C6EF7789 
 312      DFEF1ABF 
 312      5F8AFF
 313 0b63 2FCB2482 		.ascii	"/\313$\202\004"
 313      04
 314              		.text
 315              		.section	.gnu.lto_.symtab.98cd82e0c1237067,"",%progbits
 316 0000 5F5F636F 		.ascii	"__core_init\000\000\001\000\000\000\000\000\000\000"
 316      72655F69 
 316      6E697400 
 316      00010000 
 316      00000000 
 317 0015 0000AE00 		.ascii	"\000\000\256\000\000\000__early_init\000\000\001\000"
 317      00005F5F 
 317      6561726C 
 317      795F696E 
 317      69740000 
 318 002b 00000000 		.ascii	"\000\000\000\000\000\000\000\000\261\000\000\000__l"
 318      00000000 
 318      B1000000 
 318      5F5F6C
 319 003a 6174655F 		.ascii	"ate_init\000\000\001\000\000\000\000\000\000\000\000"
 319      696E6974 
 319      00000100 
 319      00000000 
 319      000000
 320 004d 00B40000 		.ascii	"\000\264\000\000\000__default_exit\000\000\001\000\000"
 320      005F5F64 
ARM GAS  /tmp/cc3siyam.s 			page 25


 320      65666175 
 320      6C745F65 
 320      78697400 
 321 0065 00000000 		.ascii	"\000\000\000\000\000\000\000\271\000\000\000__init_"
 321      000000B9 
 321      0000005F 
 321      5F696E69 
 321      745F
 322 0077 72616D5F 		.ascii	"ram_areas\000\000\000\000\000\000\000\000\000\000\000"
 322      61726561 
 322      73000000 
 322      00000000 
 322      00000000 
 323 008b 00BB0000 		.ascii	"\000\273\000\000\000__ram0_init_text__\000\000\002\000"
 323      005F5F72 
 323      616D305F 
 323      696E6974 
 323      5F746578 
 324 00a6 00000000 		.ascii	"\000\000\000\000\000\000\000\000\336\000\000\000__r"
 324      00000000 
 324      DE000000 
 324      5F5F72
 325 00b5 616D305F 		.ascii	"am0_init__\000\000\002\000\000\000\000\000\000\000\000"
 325      696E6974 
 325      5F5F0000 
 325      02000000 
 325      00000000 
 326 00ca 00E10000 		.ascii	"\000\341\000\000\000__ram0_clear__\000\000\002\000\000"
 326      005F5F72 
 326      616D305F 
 326      636C6561 
 326      725F5F00 
 327 00e2 00000000 		.ascii	"\000\000\000\000\000\000\000\344\000\000\000__ram0_"
 327      000000E4 
 327      0000005F 
 327      5F72616D 
 327      305F
 328 00f4 6E6F696E 		.ascii	"noinit__\000\000\002\000\000\000\000\000\000\000\000"
 328      69745F5F 
 328      00000200 
 328      00000000 
 328      000000
 329 0107 00E70000 		.ascii	"\000\347\000\000\000__ram1_init_text__\000\000\002\000"
 329      005F5F72 
 329      616D315F 
 329      696E6974 
 329      5F746578 
 330 0122 00000000 		.ascii	"\000\000\000\000\000\000\000\000\353\000\000\000__r"
 330      00000000 
 330      EB000000 
 330      5F5F72
 331 0131 616D315F 		.ascii	"am1_init__\000\000\002\000\000\000\000\000\000\000\000"
 331      696E6974 
 331      5F5F0000 
 331      02000000 
 331      00000000 
 332 0146 00EE0000 		.ascii	"\000\356\000\000\000__ram1_clear__\000\000\002\000\000"
ARM GAS  /tmp/cc3siyam.s 			page 26


 332      005F5F72 
 332      616D315F 
 332      636C6561 
 332      725F5F00 
 333 015e 00000000 		.ascii	"\000\000\000\000\000\000\000\361\000\000\000__ram1_"
 333      000000F1 
 333      0000005F 
 333      5F72616D 
 333      315F
 334 0170 6E6F696E 		.ascii	"noinit__\000\000\002\000\000\000\000\000\000\000\000"
 334      69745F5F 
 334      00000200 
 334      00000000 
 334      000000
 335 0183 00F40000 		.ascii	"\000\364\000\000\000__ram2_init_text__\000\000\002\000"
 335      005F5F72 
 335      616D325F 
 335      696E6974 
 335      5F746578 
 336 019e 00000000 		.ascii	"\000\000\000\000\000\000\000\000\371\000\000\000__r"
 336      00000000 
 336      F9000000 
 336      5F5F72
 337 01ad 616D325F 		.ascii	"am2_init__\000\000\002\000\000\000\000\000\000\000\000"
 337      696E6974 
 337      5F5F0000 
 337      02000000 
 337      00000000 
 338 01c2 00FC0000 		.ascii	"\000\374\000\000\000__ram2_clear__\000\000\002\000\000"
 338      005F5F72 
 338      616D325F 
 338      636C6561 
 338      725F5F00 
 339 01da 00000000 		.ascii	"\000\000\000\000\000\000\000\377\000\000\000__ram2_"
 339      000000FF 
 339      0000005F 
 339      5F72616D 
 339      325F
 340 01ec 6E6F696E 		.ascii	"noinit__\000\000\002\000\000\000\000\000\000\000\000"
 340      69745F5F 
 340      00000200 
 340      00000000 
 340      000000
 341 01ff 00020100 		.ascii	"\000\002\001\000\000__ram3_init_text__\000\000\002\000"
 341      005F5F72 
 341      616D335F 
 341      696E6974 
 341      5F746578 
 342 021a 00000000 		.ascii	"\000\000\000\000\000\000\000\000\007\001\000\000__r"
 342      00000000 
 342      07010000 
 342      5F5F72
 343 0229 616D335F 		.ascii	"am3_init__\000\000\002\000\000\000\000\000\000\000\000"
 343      696E6974 
 343      5F5F0000 
 343      02000000 
 343      00000000 
ARM GAS  /tmp/cc3siyam.s 			page 27


 344 023e 000A0100 		.ascii	"\000\012\001\000\000__ram3_clear__\000\000\002\000\000"
 344      005F5F72 
 344      616D335F 
 344      636C6561 
 344      725F5F00 
 345 0256 00000000 		.ascii	"\000\000\000\000\000\000\000\015\001\000\000__ram3_"
 345      0000000D 
 345      0100005F 
 345      5F72616D 
 345      335F
 346 0268 6E6F696E 		.ascii	"noinit__\000\000\002\000\000\000\000\000\000\000\000"
 346      69745F5F 
 346      00000200 
 346      00000000 
 346      000000
 347 027b 00100100 		.ascii	"\000\020\001\000\000__ram4_init_text__\000\000\002\000"
 347      005F5F72 
 347      616D345F 
 347      696E6974 
 347      5F746578 
 348 0296 00000000 		.ascii	"\000\000\000\000\000\000\000\000\025\001\000\000__r"
 348      00000000 
 348      15010000 
 348      5F5F72
 349 02a5 616D345F 		.ascii	"am4_init__\000\000\002\000\000\000\000\000\000\000\000"
 349      696E6974 
 349      5F5F0000 
 349      02000000 
 349      00000000 
 350 02ba 00180100 		.ascii	"\000\030\001\000\000__ram4_clear__\000\000\002\000\000"
 350      005F5F72 
 350      616D345F 
 350      636C6561 
 350      725F5F00 
 351 02d2 00000000 		.ascii	"\000\000\000\000\000\000\000\033\001\000\000__ram4_"
 351      0000001B 
 351      0100005F 
 351      5F72616D 
 351      345F
 352 02e4 6E6F696E 		.ascii	"noinit__\000\000\002\000\000\000\000\000\000\000\000"
 352      69745F5F 
 352      00000200 
 352      00000000 
 352      000000
 353 02f7 001E0100 		.ascii	"\000\036\001\000\000__ram5_init_text__\000\000\002\000"
 353      005F5F72 
 353      616D355F 
 353      696E6974 
 353      5F746578 
 354 0312 00000000 		.ascii	"\000\000\000\000\000\000\000\000#\001\000\000__ram5"
 354      00000000 
 354      23010000 
 354      5F5F7261 
 354      6D35
 355 0324 5F696E69 		.ascii	"_init__\000\000\002\000\000\000\000\000\000\000\000"
 355      745F5F00 
 355      00020000 
ARM GAS  /tmp/cc3siyam.s 			page 28


 355      00000000 
 355      0000
 356 0336 00260100 		.ascii	"\000&\001\000\000__ram5_clear__\000\000\002\000\000"
 356      005F5F72 
 356      616D355F 
 356      636C6561 
 356      725F5F00 
 357 034e 00000000 		.ascii	"\000\000\000\000\000\000\000)\001\000\000__ram5_noi"
 357      00000029 
 357      0100005F 
 357      5F72616D 
 357      355F6E6F 
 358 0363 6E69745F 		.ascii	"nit__\000\000\002\000\000\000\000\000\000\000\000\000"
 358      5F000002 
 358      00000000 
 358      00000000 
 358      00
 359 0374 2C010000 		.ascii	",\001\000\000__ram6_init_text__\000\000\002\000\000"
 359      5F5F7261 
 359      6D365F69 
 359      6E69745F 
 359      74657874 
 360 038f 00000000 		.ascii	"\000\000\000\000\000\000\0001\001\000\000__ram6_ini"
 360      00000031 
 360      0100005F 
 360      5F72616D 
 360      365F696E 
 361 03a4 745F5F00 		.ascii	"t__\000\000\002\000\000\000\000\000\000\000\000\000"
 361      00020000 
 361      00000000 
 361      000000
 362 03b3 34010000 		.ascii	"4\001\000\000__ram6_clear__\000\000\002\000\000\000"
 362      5F5F7261 
 362      6D365F63 
 362      6C656172 
 362      5F5F0000 
 363 03cb 00000000 		.ascii	"\000\000\000\000\000\0007\001\000\000__ram6_noinit_"
 363      00003701 
 363      00005F5F 
 363      72616D36 
 363      5F6E6F69 
 364 03e3 5F000002 		.ascii	"_\000\000\002\000\000\000\000\000\000\000\000\000:\001"
 364      00000000 
 364      00000000 
 364      003A01
 365 03f2 00005F5F 		.ascii	"\000\000__ra"
 365      7261
 366 03f8 6D375F69 		.ascii	"m7_init_text__\000\000\002\000\000\000\000\000\000\000"
 366      6E69745F 
 366      74657874 
 366      5F5F0000 
 366      02000000 
 367 0410 00003F01 		.ascii	"\000\000?\001\000\000__ram7_init__\000\000\002\000\000"
 367      00005F5F 
 367      72616D37 
 367      5F696E69 
 367      745F5F00 
ARM GAS  /tmp/cc3siyam.s 			page 29


 368 0428 00000000 		.ascii	"\000\000\000\000\000\000\000B\001\000\000__ram7_cle"
 368      00000042 
 368      0100005F 
 368      5F72616D 
 368      375F636C 
 369 043d 61725F5F 		.ascii	"ar__\000\000\002\000\000\000\000\000\000\000\000\000"
 369      00000200 
 369      00000000 
 369      00000000 
 370 044d 45010000 		.ascii	"E\001\000\000__ram7_noinit__\000\000\002\000\000\000"
 370      5F5F7261 
 370      6D375F6E 
 370      6F696E69 
 370      745F5F00 
 371 0466 00000000 		.ascii	"\000\000\000\000\000\000H\001\000\000"
 371      00004801 
 371      0000
 372              		.text
 373              		.section	.gnu.lto_.opts,"",%progbits
 374 0000 272D666E 		.ascii	"'-fno-trapv' '-fno-strict-overflow' '-mcpu=cortex-m"
 374      6F2D7472 
 374      61707627 
 374      20272D66 
 374      6E6F2D73 
 375 0033 34272027 		.ascii	"4' '-mfloat-abi=hard' '-mfpu=fpv4-sp-d16' '-mno-thu"
 375      2D6D666C 
 375      6F61742D 
 375      6162693D 
 375      68617264 
 376 0066 6D622D69 		.ascii	"mb-interwork' '-mthumb' '-ggdb' '-O0' '-Werror' '-f"
 376      6E746572 
 376      776F726B 
 376      2720272D 
 376      6D746875 
 377 0099 6F6D6974 		.ascii	"omit-frame-pointer' '-falign-functions=16' '-ffunct"
 377      2D667261 
 377      6D652D70 
 377      6F696E74 
 377      65722720 
 378 00cc 696F6E2D 		.ascii	"ion-sections' '-fdata-sections' '-fno-common' '-flt"
 378      73656374 
 378      696F6E73 
 378      2720272D 
 378      66646174 
 379 00ff 6F272027 		.ascii	"o' '-fsingle-precision-constant'\000"
 379      2D667369 
 379      6E676C65 
 379      2D707265 
 379      63697369 
 380              		.text
 381              		.comm	__gnu_lto_v1,1,1
 382              		.comm	__gnu_lto_slim,1,1
 383              		.ident	"GCC: (15:4.9.3+svn231177-1) 4.9.3 20150529 (prerelease)"
ARM GAS  /tmp/cc3siyam.s 			page 30


DEFINED SYMBOLS
                            *ABS*:0000000000000000 crt1.c
                            *COM*:0000000000000001 __gnu_lto_v1
                            *COM*:0000000000000001 __gnu_lto_slim

NO UNDEFINED SYMBOLS
