ARM GAS  /tmp/cco0cu8G.s 			page 1


   1              		.syntax unified
   2              		.cpu cortex-m4
   3              		.eabi_attribute 27, 1
   4              		.eabi_attribute 28, 1
   5              		.fpu fpv4-sp-d16
   6              		.eabi_attribute 20, 1
   7              		.eabi_attribute 21, 1
   8              		.eabi_attribute 23, 3
   9              		.eabi_attribute 24, 1
  10              		.eabi_attribute 25, 1
  11              		.eabi_attribute 26, 1
  12              		.eabi_attribute 30, 6
  13              		.eabi_attribute 34, 1
  14              		.eabi_attribute 18, 4
  15              		.thumb
  16              		.file	"hal.c"
  17              		.text
  18              	.Ltext0:
  19              		.section	.gnu.lto_.inline.6217adddf1fe02b6,"",%progbits
  20 0000 789C6366 		.ascii	"x\234cf\300\016\374\2414\023\003\0033\02031-\220g`\001"
  20      C00EFCA1 
  20      34130303 
  20      33103331 
  20      2D906760 
  21 0015 F1181818 		.ascii	"\361\030\030\030\031x.3\240\011q\341 \230\270Q\270\014"
  21      19782E33 
  21      A00971E1 
  21      2098B851 
  21      B80C
  22 0027 00B72203 		.ascii	"\000\267\"\003&"
  22      26
  23              		.text
  24              		.section	.gnu.lto_osalInit.6217adddf1fe02b6,"",%progbits
  25 0000 789C6366 		.ascii	"x\234cf\300\004\242@\\\000\304\312 \0163\003#\023\003"
  25      C004A240 
  25      5C00C4CA 
  25      200E3303 
  25      231303
  26 0013 10333202 		.ascii	"\02032\0029\214\014\365L\214\365\214/\231>21N8\260z"
  26      398C0CF5 
  26      4C8CF58C 
  26      2F993E32 
  26      314E38B0 
  27 0028 06B7FAD2 		.ascii	"\006\267\372\322\206\206\206\017\223>ndl\230\222\360"
  27      8686860F 
  27      933E6E64 
  27      6C9892F0 
  28 0038 13A8F033 		.ascii	"\023\250\3603\023\304\014\306\345\214\352\014@U\037"
  28      13C40CC6 
  28      E58CEA0C 
  28      40551F
  29 0047 5BFE5EE7 		.ascii	"[\376^\347fk\001\252\022\200\3101\256`d\003\031\265"
  29      666B01AA 
  29      1280C831 
  29      AE606403 
  29      19B5
  30 0059 5EE840C3 		.ascii	"^\350@\303\377\377\217\227\356\371\310\012\344>\001"
ARM GAS  /tmp/cco0cu8G.s 			page 2


  30      FFFF8F97 
  30      EEF9C80A 
  30      E43E01
  31 0068 6B7BCA04 		.ascii	"k{\312\004\244\230\35712\202\024\201\004\2360\001\345"
  31      A498EF31 
  31      32821481 
  31      049E3001 
  31      E5
  32 0079 80628A7A 		.ascii	"\200b\212zz\372\316\031\231I\231\376\301\372\371\305"
  32      7AFACE19 
  32      994999FE 
  32      C1FAF9C5 
  33 0089 FA198939 		.ascii	"\372\031\2119@\012H\024\225\200i\275\014\006\0005\230"
  33      400A4814 
  33      958069BD 
  33      0C060035 
  33      98
  34 009a 2E72     		.ascii	".r"
  35              		.text
  36              		.section	.gnu.lto_halInit.6217adddf1fe02b6,"",%progbits
  37 0000 789C75D1 		.ascii	"x\234u\321OK\002A\030\006\360yfu\225$\210 \210\210\350"
  37      4F4B0241 
  37      1806F079 
  37      66759524 
  37      88208888 
  38 0015 E6CDFD10 		.ascii	"\346\315\375\020\335\272\024\364\011\312\213B\020\344"
  38      DDBA14F4 
  38      09CA8B42 
  38      10E4
  39 0023 79712D0F 		.ascii	"yq-\017\235R\"D\212\352\020\221fi\377\016^\202\375\006"
  39      9D522244 
  39      8AEA1091 
  39      6669FF0E 
  39      5E82FD06 
  40 0037 12465DA2 		.ascii	"\022F]\242.\006\005\035\022\017\261\224\3303k\304B\356"
  40      2E06051D 
  40      120FB194 
  40      D8336BC4 
  40      42EE
  41 0049 C230FBCE 		.ascii	"\3020\373\316\373\233w\337\331\321\304\377g\214cZ\012"
  41      FB9B77DF 
  41      D9D1C4FF 
  41      678C635A 
  41      0A
  42 005a 31A5024D 		.ascii	"1\245\002M\200\257\220\000\003\210\264D\032o\262-\221"
  42      80AF9000 
  42      0388B444 
  42      1A6FB22D 
  42      91
  43 006b B72BC548 		.ascii	"\267+\305H\364\310\262\254\217\265Ff\336\206C\327\221"
  43      F4C8B2AC 
  43      8FB54666 
  43      DE8643D7 
  43      91
  44 007c FD123846 		.ascii	"\375\0228FT\020\265\263\335\207\210\236%\032\351\347"
  44      5410B5B3 
  44      DD87889E 
ARM GAS  /tmp/cco0cu8G.s 			page 3


  44      251AE9E7 
  45 008c 5082AE2A 		.ascii	"P\202\256*\325Fm\253\327;,\2747\003\014[\356\266\027"
  45      D5466DAB 
  45      D73B2CBC 
  45      37030C5B 
  45      EEB617
  46 009f C9497BC4 		.ascii	"\311I{\304\272\3759\254\234*\260\337\334\254J\363\313"
  46      BAFD39AC 
  46      9C2AB0DF 
  46      DCAC4AF3 
  46      CB
  47 00b0 DAB0C28E 		.ascii	"\332\260\302\216DG\022\243\014S8\264J~\303O\252\256"
  47      444712A3 
  47      0C5338B4 
  47      4A7EC34F 
  47      AAAE
  48 00c2 4FFE64D6 		.ascii	"O\376d\326\336\322\007J\255#5\312\012%S\205\334]]c\252"
  48      DED2074A 
  48      AD2335CA 
  48      0A255385 
  48      DC5D5D63 
  49 00d7 A85281AE 		.ascii	"\250R\201\256j\213\253\317\255\306m\370Ur\305\015\313"
  49      6A8BABCF 
  49      ADC66DF8 
  49      5572C50D 
  49      CB
  50 00e8 B9ED3AF6 		.ascii	"\271\355:\366\260\233\311+\025\304)L\234a\302\315\035"
  50      B09BC92B 
  50      15C4294C 
  50      9C61C2CD 
  50      1D
  51 00f9 B44AC508 		.ascii	"\264J\305\010\013\214\023\243J\345~\0245\230\216\324"
  51      0B8C13A3 
  51      4AE57E14 
  51      35988ED4 
  52 0109 DD8E8B83 		.ascii	"\335\216\213\203\373`\307\254\216s\317\331\356}e\220"
  52      FB60C7AC 
  52      8E73CFD9 
  52      EE7D6590 
  53 0119 F2C22377 		.ascii	"\362\302#wB~R\247\274\364\312!?\031\242\274\362\310"
  53      427E52A7 
  53      BCF4CA21 
  53      3F19A2BC 
  53      F2C8
  54 012b BAAF0C53 		.ascii	"\272\257\014S^\377\312'd\354\233YW\012u\217\274\037"
  54      5EFFCA27 
  54      64EC9B59 
  54      570A758F 
  54      BC1F
  55 013d FEB4C958 		.ascii	"\376\264\311X\314\230I$\227\222s\013\306J\312H,.\033"
  55      CC984924 
  55      9792730B 
  55      C64ACA48 
  55      2C2E1B
  56 0150 A9D5B89A 		.ascii	"\251\325\270\232cq\361\003o\302\302\241"
  56      6371F103 
  56      6FC2C2A1 
ARM GAS  /tmp/cco0cu8G.s 			page 4


  57              		.text
  58              		.section	.gnu.lto_.symbol_nodes.6217adddf1fe02b6,"",%progbits
  59 0000 789C4DC8 		.ascii	"x\234M\310;\012\302P\020\205\341\177\346\346q\005\013"
  59      3B0AC250 
  59      1085E17F 
  59      E6E67105 
  59      0B
  60 0011 B7E4CA26 		.ascii	"\267\344\312&E\020\301WT\254\015\230\245\244\266\264"
  60      4510C157 
  60      54AC0D98 
  60      A5A4B6B4 
  61 0021 13148295 		.ascii	"\023\024\202\225k\020\361\2520\247\371\370O\000\256"
  61      6B10F1AA 
  61      30A7F9F8 
  61      4F00AE
  62 0030 FCA60F31 		.ascii	"\374\246\0171h\316`\306\241\235\217\321\205\232\374"
  62      68CE60C6 
  62      A19D8FD1 
  62      859AFC
  63 003f 9F4B1BC9 		.ascii	"\237K\033\311\327\312\304\220\275\232~\177\252*\";\265"
  63      D7CAC490 
  63      BD9A7E7F 
  63      AA2A223B 
  63      B5
  64 0050 E07BAB96 		.ascii	"\340{\253\226\371n\324r\337\033\265\302\367J\255\364"
  64      F96ED472 
  64      DF1BB5C2 
  64      F74AADF4 
  65 0060 BD548BAE 		.ascii	"\275T\213\256\203\300\351\366\232\006\031\321'#C\262"
  65      83C0E9F6 
  65      9A0619D1 
  65      272343B2 
  66 0070 A4BE7F2C 		.ascii	"\244\276\177,\350\2229}2cH\006\352\331\363\030y\003"
  66      E892397D 
  66      32634806 
  66      EAD9F318 
  66      7903
  67 0082 343B3F3C 		.ascii	"4;?<"
  68              		.text
  69              		.section	.gnu.lto_.refs.6217adddf1fe02b6,"",%progbits
  70 0000 789C6366 		.ascii	"x\234cf```c\200\000FF&&f\006\000\000\273\000\023"
  70      60606063 
  70      80004646 
  70      26266606 
  70      0000BB00 
  71              		.text
  72              		.section	.gnu.lto_.decls.6217adddf1fe02b6,"",%progbits
  73 0000 789C9596 		.ascii	"x\234\225\226mLSW\030\307\357\341\224\026J\005#\211"
  73      6D4C5357 
  73      18C7EFE1 
  73      94164A05 
  73      2389
  74 0012 1A632662 		.ascii	"\032c&bB\334\342\350\202~\3307q\262\251\211S\022\267"
  74      42DCE2E8 
  74      827ED837 
  74      71B2A989 
  74      5312B7
ARM GAS  /tmp/cco0cu8G.s 			page 5


  75 0025 2CCB3ED4 		.ascii	",\313>\324J\2534\251\264i\313\246\337\256/\2138\337"
  75      4AAB34A9 
  75      B469CBA6 
  75      DFAE2F8B 
  75      38DF
  76 0037 AA0E23CE 		.ascii	"\252\016#\316\227:\321\002V\336\025\024\004\006\033"
  76      973AD102 
  76      56DE1514 
  76      04061B
  77 0046 A0802F53 		.ascii	"\240\200/S'\250\033\225\211\205)R\004\345E\261{\316"
  77      27A81B95 
  77      89852952 
  77      04E545B1 
  77      7BCE
  78 0058 39F7B697 		.ascii	"9\367\266\227Zu\273\311\323s\237s\377\347w\236\363\234"
  78      5A75BBC9 
  78      D3739F73 
  78      FFE7779E 
  78      F39C
  79 006a E7F65CCC 		.ascii	"\347\366\\\314q\\;\230\017\256\014%\307m\014\3438\014"
  79      715C3B98 
  79      0FAE0C25 
  79      C76D0CE3 
  79      380C
  80 007c 7E2A17B8 		.ascii	"~*\027\270\"\301\\`\205`\305`\245`\345`\347\300*\301"
  80      22C15C60 
  80      8560C560 
  80      A560E560 
  80      E7C02AC1 
  81 0090 9E810D83 		.ascii	"\236\201\015\203!\260Qn\342\345\022\372E\036\022\372"
  81      21B0516E 
  81      E2E512FA 
  81      451E12FA 
  82 00a0 822FC256 		.ascii	"\202/\302V\010\2721\260|\260\027`\003`^\260AI,\205\002"
  82      08BA31B0 
  82      7CB01760 
  82      03605EB0 
  82      41492C85 
  83 00b5 635898BB 		.ascii	"cX\230\273R\210\245\\\210\255\370\015\261\014\204\241"
  83      5288A55C 
  83      88ADF80D 
  83      B10C84A1 
  84 00c5 F385436D 		.ascii	"\363\205CmQ=a(Z\031G\334\013\373\232\017\312\301U)e"
  84      513D6128 
  84      5A1947DC 
  84      0BFB9A0F 
  84      CAC15529 
  85 00da C4AD7AD1 		.ascii	"\304\255z\321uS6-\233\207\313\276\205\237,C\251S\221"
  85      7553362D 
  85      9B87CBBE 
  85      859F2C43 
  85      A95391
  86 00ed 13CD4079 		.ascii	"\023\315@yh\006\020\363\3214\370\375F\306H\345\366\341"
  86      680610F3 
  86      D134F8FD 
  86      46C648E5 
  86      F6E1
ARM GAS  /tmp/cco0cu8G.s 			page 6


  87 00ff 0D380C91 		.ascii	"\0158\014\221\333\023\007\357\337T\316+\200QY|];\012"
  87      DB1307EF 
  87      DF54CE2B 
  87      8051597C 
  87      5D3B0A
  88 0112 CCD653DA 		.ascii	"\314\326S\332a\214;\312\3279\274\005\373\216N\315\341"
  88      618C3BCA 
  88      D739BC05 
  88      FB8E4ECD 
  88      E1
  89 0123 1D9BF957 		.ascii	"\035\233\371W>\037J&(T\2000:\215\346\321\244\300=\313"
  89      3E1F4A26 
  89      28548030 
  89      3A8DE6D1 
  89      A4C03DCB 
  90 0137 8E0BC5C1 		.ascii	"\216\013\305\301\270\256:\247'\006/\240\360\341\353"
  90      B8AE3AA7 
  90      27062FA0 
  90      F0E1EB
  91 0146 87B72380 		.ascii	"\207\267#\2008\034\336\227\336\016\025\337\314\327\371"
  91      381CDE97 
  91      DE0E15DF 
  91      CCD7F9
  92 0155 7C0B6934 		.ascii	"|\013i4\350\214\004qFD\024R\204\243b\353S\031\376\232"
  92      E88C0471 
  92      46441452 
  92      84A362EB 
  92      5319FE9A 
  93 0169 22DC0FAB 		.ascii	"\"\334\017\253G0 \334\274\267\271\341Q\362\336-\366"
  93      473020DC 
  93      BCB7B9E1 
  93      51F2DE2D 
  93      F6
  94 017a 5CDEEDF3 		.ascii	"\\\336\355\363\315b\220\"\011\244H\204\024SH\301\261"
  94      CD629022 
  94      09A44884 
  94      145348C1 
  94      B1
  95 018b 3DB71498 		.ascii	"=\267\024\230G\224R\260\277{0\212R\212\017u{`5\307\331"
  95      479452B0 
  95      BF7B308A 
  95      528A0F75 
  95      7B6035C7 
  96 01a0 6A18A544 		.ascii	"j\030\245DB)\021)\245\224RSYS\034\216\263\031elh\353"
  96      42291129 
  96      A5945253 
  96      59531C8E 
  96      B319656C 
  97 01b6 7E164BF1 		.ascii	"~\026K\361\305\357+P\020\245LB)\023)\345\224R\357\316"
  97      C5EF2B50 
  97      10A54C42 
  97      291329E5 
  97      9452EFCE 
  98 01ca 6D9F846B 		.ascii	"m\237\204k\030e\274\363a\276@\331\3559\025L9+\241\234"
  98      1865BCF3 
  98      61BE40D9 
  98      ED39154C 
ARM GAS  /tmp/cco0cu8G.s 			page 7


  98      392BA19C 
  99 01de 1529E728 		.ascii	"\025)\347(%\347l\027$\312\303(w\317\325\356R2Jg\323"
  99      25E76C17 
  99      24CAC328 
  99      77CFD5EE 
  99      52324A67 
 100 01f3 AB604A85 		.ascii	"\253`J\205\204R!R*)\245\272\177\347\365\010ZEuJ\002"
 100      84522152 
 100      2A29A5BA 
 100      7FE7F508 
 100      5A45754A 
 101 0208 CA6DB1E7 		.ascii	"\312m\261\347 ZFy\024\\5r\316\031M\237\273\251_Z\335"
 101      205A4679 
 101      145C3572 
 101      CE194D9F 
 101      BBA95F5A 
 102 021d F32C863E 		.ascii	"\363,\206>\237I\334\316\232\252\207rlg\305S[3\322\250"
 102      9F49DCCE 
 102      9AAA8772 
 102      6C67C553 
 102      5B33D2A8 
 103 0231 C42798B3 		.ascii	"\304'\230\2633\313}I\211]\314\331t\252j\247\002F\315"
 103      33CB7D49 
 103      895DCCD9 
 103      74AA6AA7 
 103      0246CD
 104 0244 56D262EA 		.ascii	"V\322b\352\374i47\222\272\344]\215\201\256\260\262\321"
 104      FC693437 
 104      92BAE45D 
 104      8D81AEB0 
 104      B2D1
 105 0256 630D0825 		.ascii	"c\015\010%(s\241\364\274\375\371]K\267\360\311\250\001"
 105      2873A1F4 
 105      BCFDF95D 
 105      4BB7F0C9 
 105      A801
 106 0268 2951AD3F 		.ascii	")Q\255?v:\232\\Y<\277\231Tu\344R\316_\323\250\036%\200"
 106      763A9A5C 
 106      593CBF99 
 106      5475E452 
 106      CE5FD3A8 
 107 027f 804A511D 		.ascii	"\200JQ\035t\376\002\235\300\315\311\342\233\242\220"
 107      74FE029D 
 107      C0CDC9E2 
 107      9BA290
 108 028e 3221E498 		.ascii	"2!\344\230\337B\214\241\001\264\355\3307\225\347e\350"
 108      DF428CA1 
 108      01B4EDD8 
 108      3795E765 
 108      E8
 109 029f 5708A026 		.ascii	"W\010\240&\020\000\304\343\177!^^>t^\205\2630]\3371"
 109      1000C4E3 
 109      7F215E5E 
 109      3E745E85 
 109      B3305DDF 
 110 02b4 FBE167E1 		.ascii	"\373\341g\341x7sN\014]\033\210\300\331\314\311\315>"
 110      7837734E 
ARM GAS  /tmp/cco0cu8G.s 			page 8


 110      0C5D1B88 
 110      C0D9CCC9 
 110      CD3E
 111 02c6 E00AA7F9 		.ascii	"\340\012\247\371\212 \356\317E\347\277\302G\330\243"
 111      8A20EECF 
 111      45E7BFC2 
 111      47D8A3
 112 02d5 7287AB09 		.ascii	"r\207\253\011\343\023\314i\351\032\031TQ\335d\342\326"
 112      E313CC69 
 112      E91A1954 
 112      51DD64E2 
 112      D6
 113 02e6 F79DDE11 		.ascii	"\367\235\336\021\215\235\354Y\336\311]\036\214]\314"
 113      8D9DEC59 
 113      DEC95D1E 
 113      8C5DCC
 114 02f5 C9196E6D 		.ascii	"\311\031nmd\0330\035\334\310\027wr\357(Ql<\275\022\342"
 114      641B301D 
 114      DCC81777 
 114      72EF2851 
 114      6C3CBD12 
 115 030a F7D2179E 		.ascii	"\367\322\027\236\347\223e\034\252\202\025U\323\327\375"
 115      E793651C 
 115      AA821555 
 115      D3D7FD
 116 0319 1A8A254B 		.ascii	"\032\212%K@\267a\275\177\240x\324\016v\035\354\006\330"
 116      40B761BD 
 116      7FA078D4 
 116      0E761DEC 
 116      06D8
 117 032b 2DB0DFC1 		.ascii	"-\260\337\301n\242x\2724\007$\312\333\333\367j\331\376"
 117      6EA278BA 
 117      340724CA 
 117      DBDBF76A 
 117      D9FE
 118 033d 2D7CEE74 		.ascii	"-|\356t\232\201f\310\000A\370\363v\211R?\230!\310\035"
 118      9A8166C8 
 118      0041F8F3 
 118      7689523F 
 118      9821C81D 
 119 0351 DBF3E5CD 		.ascii	"\333\363\345\315\037Qi[\260\264\225J\235\310\257\035"
 119      1F51695B 
 119      B0B4954A 
 119      9DC8AF1D 
 120 0361 778ADACB 		.ascii	"w\212\332\313\241\261\022\355\016?\367J\260\366jP\010"
 120      A1B112ED 
 120      0E3FF74A 
 120      B0F66A50 
 120      08
 121 0372 3E3FB625 		.ascii	">?\266%t\010\001i\277_\332\030,\235\353W\2222p\3679"
 121      74080169 
 121      BF5FDA18 
 121      2C9DEB57 
 121      923270F7 
 122 0387 E5F08F01 		.ascii	"\345\360\217\001\012N|}8\177\216\334\243\316+\360\027"
 122      0A4E7C7D 
 122      387F8EDC 
ARM GAS  /tmp/cco0cu8G.s 			page 9


 122      A3CE2BF0 
 122      17
 123 0398 C6404D21 		.ascii	"\306@M!Al%P\204\365m=\2552\024\233\020jw\320\035\330"
 123      416C2550 
 123      84F56D3D 
 123      AD32149B 
 123      106A77D0 
 124 03ae 94FFB341 		.ascii	"\224\377\263A4\262\235\206\010\324\001\203.\006\212"
 124      34B29D86 
 124      08D40183 
 124      2E068A
 125 03bd 93842916 		.ascii	"\223\204)\026\347\255\361\266\367p7+\030\367\270\275"
 125      E7ADF1B6 
 125      F770372B 
 125      18F7B8BD 
 126 03cd 3C1C3F66 		.ascii	"<\034?f\316\217\227\367\256\306\203\354~S\335\231\033"
 126      CE8F97F7 
 126      AEC683EC 
 126      7E53DD99 
 126      1B
 127 03de 0A5A491F 		.ascii	"\012ZI\037\023\327\345\262\037P\3401\366\314S\363\230"
 127      13D7E5B2 
 127      1F50E031 
 127      F6CC53F3 
 127      98
 128 03ef 0FA3CF52 		.ascii	"\017\243\317R\211\333[\333[\035\2057\311X\261\357.\035"
 128      89DB5BDB 
 128      5B1D8537 
 128      C958B1EF 
 128      2E1D
 129 0401 65278D99 		.ascii	"e'\215\231\270\207\332\263\242q\026{T^[\366\224Uq\026"
 129      B887DAB3 
 129      A271167B 
 129      545E5BF6 
 129      94557116 
 130 0415 F1233AED 		.ascii	"\361#:\355\265G\303Yu&\304O(\316\363\260\374\013tc\272"
 130      B547C359 
 130      7526C44F 
 130      28CEF3B0 
 130      FC0B7463 
 131 042a 85B5FF03 		.ascii	"\205\265\377\003k\177\004\353\354\005\353\001{\010\346"
 131      6B7F04EB 
 131      EC05EB01 
 131      7B08E6
 132 0439 017B1C28 		.ascii	"\001{\034(L\336]\235\277\202\344\234,\275\023\226N\306"
 132      4CDE5D9D 
 132      BF82E49C 
 132      2CBD1396 
 132      4EC6
 133 044b FA13E99E 		.ascii	"\372\023\351\236X>\274\243\371}Az?X\3325\241$xG\245"
 133      583EBCA3 
 133      F97D417A 
 133      3F58DA35 
 133      A1247847 
 134 0460 A8FC3358 		.ascii	"\250\3743X\371W\220\322%*\357\005+\257J\246\247{t$\237"
 134      F95790D2 
 134      252AEF05 
ARM GAS  /tmp/cco0cu8G.s 			page 10


 134      2BAF4AA6 
 134      A77B7424 
 135 0475 544F77A8 		.ascii	"TOw\250\352\341\335y\201\205\334\015&\315\2358\345="
 135      EAE1DD79 
 135      8185DC0D 
 135      26CD9D38 
 135      E53D
 136 0487 71CABF83 		.ascii	"q\312\277\203\205\017\220\264\314\320\361!W\205\002"
 136      850F90B4 
 136      CCD0F121 
 136      578502
 137 0496 EFA15B11 		.ascii	"\357\241[\021v\272\363\366.\025J\210\245\241\214A\271"
 137      76BAF3F6 
 137      2E154A88 
 137      A5A18C41 
 137      B9
 138 04a7 F4C3C8BE 		.ascii	"\364\303\310\276@\271t\213\345\022jW\320\023\330\214"
 138      40B9748B 
 138      E5126A57 
 138      D013D88C 
 139 04b7 FFBA3130 		.ascii	"\377\27210\363\356m\215#\321\261\002\311\361&\022\367"
 139      F3EE6D8D 
 139      23D1B102 
 139      C9F12612 
 139      F7
 140 04c8 2ECC7863 		.ascii	".\314xcg\203R\365\203\377\257\032y%\357\024\207\006"
 140      678352F5 
 140      83FFAF1A 
 140      7925EF14 
 140      8706
 141 04da 904A1076 		.ascii	"\220J\020v\015u\357\303\2620\326G\276c\240\357lw\353"
 141      0D75EFC3 
 141      B230D647 
 141      BE63A0EF 
 141      6C77EB
 142 04ed 36D51BBF 		.ascii	"6\325\033\277x\006\351\027\317S$|\362t\345\335\256R"
 142      7806E917 
 142      CF53247C 
 142      F274E5DD 
 142      AE52
 143 04ff E01CA16A 		.ascii	"\340\034\241jo\234,\224\323\303\323\335R\262Zrv\302"
 143      6F9C2C94 
 143      D3C3D3DD 
 143      52B25A72 
 143      76C2
 144 0511 20342439 		.ascii	" 4$9;\207\304\263\363\031=;\367\330\373\3404u2\310\275"
 144      3B87C4B3 
 144      F3193D3B 
 144      F7D8FBE0 
 144      347532C8 
 145 0526 8BF79FC6 		.ascii	"\213\367\237\306\260\023\370q\211;e\377\304/\223\347"
 145      B013F871 
 145      893B65FF 
 145      C42F93E7 
 146 0536 12CA7391 		.ascii	"\022\312s\2212L)\267=\017\216a\354a\224'\025\331\365"
 146      324C29B7 
 146      3D0F8E61 
ARM GAS  /tmp/cco0cu8G.s 			page 11


 146      EC619427 
 146      15D9F5
 147 0549 93E61CE7 		.ascii	"\223\346\034\347\275\274\267\267\255HU\271\231\257\337"
 147      BDBCB7B7 
 147      AD4855B9 
 147      99AFDF
 148 0558 CAF3AF16 		.ascii	"\312\363\257\026\3720\315\305\010\303H\336\236\021\006"
 148      FA30CDC5 
 148      08C348DE 
 148      9E1106
 149 0567 43A3680E 		.ascii	"C\243h\016\014/z~\255 J\232@2w \011c,\201\244\005q\335"
 149      0C2F7A7E 
 149      AD204A9A 
 149      40327720 
 149      09632C81 
 150 057f AD8E3D13 		.ascii	"\255\216=\023\262=8A\374B\020\2236\302d\325\032\227"
 150      B23D3841 
 150      FC421093 
 150      36C264D5 
 150      1A97
 151 0591 65186CF2 		.ascii	"e\030l\362%+\276\214[\314\315NLT/N7\2541\254\\\2456"
 151      252BBE8C 
 151      5BCCCD4E 
 151      4C542F4E 
 151      37AC31AC 
 152 05a8 59D5E95A 		.ascii	"Y\325\351Z\243\232(\324\026\033m\023\3239E:\0330\363"
 152      A39A28D4 
 152      161B6D13 
 152      D339453A 
 152      1B30F3
 153 05bb 75A5D592 		.ascii	"u\245\325\222F\332\3044Nn\265\021\315\254\3275\206\214"
 153      46DAC434 
 153      4E6EB511 
 153      CDACD735 
 153      868C
 154 05cd 3463A64E 		.ascii	"4c\246N\257\266\332\200\025\271\306\244\265\350\210"
 154      AFB6DA80 
 154      15B9C6A4 
 154      B5E888
 155 05dc 5299A8A6 		.ascii	"R\231\250\246\367d\002\253.\215t\305\275e\260.\215\010"
 155      F76402AB 
 155      2E8D74C5 
 155      BD65B02E 
 155      8D08
 156 05ee 0D49EF12 		.ascii	"\015I\357\022\202\202\010\265\357$j)q\212\325\266~~"
 156      828208B5 
 156      EF246A29 
 156      718AD5B6 
 156      7E7E
 157 0600 92669DD9 		.ascii	"\222f\235\331`\322X\365\266L\263\306\026\221i\310\260"
 157      60D258F5 
 157      B64CB3C6 
 157      169169C8 
 157      B0
 158 0611 419F4DA9 		.ascii	"A\237M\251\321\210\267\037\2523\255\026\377\320\014"
 158      D188B71F 
 158      AA33AD16 
ARM GAS  /tmp/cco0cu8G.s 			page 12


 158      FFD00C
 159 0620 FD7746C3 		.ascii	"\375wF\303\032\365zmZ\272!C\257\326\350\364k\265\231"
 159      1AF57A6D 
 159      5ABA2143 
 159      AFD6E8F4 
 159      6BB599
 160 0633 469BC6B6 		.ascii	"F\233\306\266\321\254\267\0024>\224\332\272\321\252"
 160      D1ACB702 
 160      343E94DA 
 160      BAD1AA
 161 0642 D6586D3A 		.ascii	"\326Xm: \202$|\275I\247\267\310Md\210Ea\262\232\365"
 161      2082247C 
 161      BD49A7B7 
 161      C84D6488 
 161      4561B29A 
 162 0657 7A9D25DC 		.ascii	"z\235%\334\234i\326Y\260Ig\221i\327Z\214\344'}\376\353"
 162      9C69D659 
 162      B0496791 
 162      69D75A8C 
 162      E4277DFE 
 163 066c 2B309B2C 		.ascii	"+0\233,6\253z\325\027\237\317OR/_\236\242^\222\272l"
 163      36AB7AD5 
 163      179FCF4F 
 163      522F5F9E 
 163      A25E92BA 
 164 0681 E5B7496A 		.ascii	"\345\267Ij\263\326\2501\032I>\345\251\213R\2646\255"
 164      B3D6A831 
 164      1A493EE5 
 164      A98B52B4 
 164      36AD
 165 0693 3CF513D6 		.ascii	"<\365\023\326,fM\012k>e\315R\322D\246.Z\276\330\224"
 165      2C664D0A 
 165      6B3E65CD 
 165      52D244A6 
 165      2E5ABED8 
 166 06a8 B1D6B06E 		.ascii	"\261\326\260n\222F\030\2571@\336T\351\022'\351\355!"
 166      924618AF 
 166      3140DE54 
 166      E91227E9 
 166      ED21
 167 06ba D0DFCF16 		.ascii	"\320\337\317\026l\330\240N\367G0\205\300\304\264\244"
 167      6CD8A04E 
 167      F7473085 
 167      C0C4B4A4 
 168 06ca D109FE05 		.ascii	"\321\011\376\005>(\022\271"
 168      3E2812B9 
 169              		.text
 170              		.section	.gnu.lto_.symtab.6217adddf1fe02b6,"",%progbits
 171 0000 68616C49 		.ascii	"halInit\000\000\000\000\000\000\000\000\000\000\000"
 171      6E697400 
 171      00000000 
 171      00000000 
 171      0000
 172 0012 00AE0000 		.ascii	"\000\256\000\000\000pal_default_config\000\000\002\000"
 172      0070616C 
 172      5F646566 
 172      61756C74 
ARM GAS  /tmp/cco0cu8G.s 			page 13


 172      5F636F6E 
 173 002d 00000000 		.ascii	"\000\000\000\000\000\000\000\000\371\000\000\000stI"
 173      00000000 
 173      F9000000 
 173      737449
 174 003c 6E697400 		.ascii	"nit\000\000\002\000\000\000\000\000\000\000\000\000"
 174      00020000 
 174      00000000 
 174      000000
 175 004b B0000000 		.ascii	"\260\000\000\000boardInit\000\000\002\000\000\000\000"
 175      626F6172 
 175      64496E69 
 175      74000002 
 175      00000000 
 176 005f 00000000 		.ascii	"\000\000\000\000\000\262\000\000\000sdcInit\000\000"
 176      00B20000 
 176      00736463 
 176      496E6974 
 176      0000
 177 0071 02000000 		.ascii	"\002\000\000\000\000\000\000\000\000\000\264\000\000"
 177      00000000 
 177      0000B400 
 177      00
 178 007e 00693263 		.ascii	"\000i2cInit\000\000\002\000\000\000\000\000\000\000"
 178      496E6974 
 178      00000200 
 178      00000000 
 178      0000
 179 0090 0000B600 		.ascii	"\000\000\266\000\000\000adcInit\000\000\002\000\000"
 179      00006164 
 179      63496E69 
 179      74000002 
 179      0000
 180 00a2 00000000 		.ascii	"\000\000\000\000\000\000\000\270\000\000\000_pal_ll"
 180      000000B8 
 180      0000005F 
 180      70616C5F 
 180      6C6C
 181 00b4 645F696E 		.ascii	"d_init\000\000\002\000\000\000\000\000\000\000\000\000"
 181      69740000 
 181      02000000 
 181      00000000 
 181      0000
 182 00c6 F5000000 		.ascii	"\365\000\000\000hal_lld_init\000\000\002\000\000\000"
 182      68616C5F 
 182      6C6C645F 
 182      696E6974 
 182      00000200 
 183 00dc 00000000 		.ascii	"\000\000\000\000\000\000\367\000\000\000"
 183      0000F700 
 183      0000
 184              		.text
 185              		.section	.gnu.lto_.opts,"",%progbits
 186 0000 272D666E 		.ascii	"'-fno-trapv' '-fno-strict-overflow' '-mcpu=cortex-m"
 186      6F2D7472 
 186      61707627 
 186      20272D66 
ARM GAS  /tmp/cco0cu8G.s 			page 14


 186      6E6F2D73 
 187 0033 34272027 		.ascii	"4' '-mfloat-abi=hard' '-mfpu=fpv4-sp-d16' '-mno-thu"
 187      2D6D666C 
 187      6F61742D 
 187      6162693D 
 187      68617264 
 188 0066 6D622D69 		.ascii	"mb-interwork' '-mthumb' '-ggdb' '-O0' '-Werror' '-f"
 188      6E746572 
 188      776F726B 
 188      2720272D 
 188      6D746875 
 189 0099 6F6D6974 		.ascii	"omit-frame-pointer' '-falign-functions=16' '-ffunct"
 189      2D667261 
 189      6D652D70 
 189      6F696E74 
 189      65722720 
 190 00cc 696F6E2D 		.ascii	"ion-sections' '-fdata-sections' '-fno-common' '-flt"
 190      73656374 
 190      696F6E73 
 190      2720272D 
 190      66646174 
 191 00ff 6F272027 		.ascii	"o' '-fsingle-precision-constant'\000"
 191      2D667369 
 191      6E676C65 
 191      2D707265 
 191      63697369 
 192              		.text
 193              		.comm	__gnu_lto_v1,1,1
 194              		.comm	__gnu_lto_slim,1,1
 195              		.ident	"GCC: (15:4.9.3+svn231177-1) 4.9.3 20150529 (prerelease)"
ARM GAS  /tmp/cco0cu8G.s 			page 15


DEFINED SYMBOLS
                            *ABS*:0000000000000000 hal.c
                            *COM*:0000000000000001 __gnu_lto_v1
                            *COM*:0000000000000001 __gnu_lto_slim

NO UNDEFINED SYMBOLS
