ARM GAS  /tmp/cc79KAPA.s 			page 1


   1              		.syntax unified
   2              		.cpu cortex-m4
   3              		.eabi_attribute 27, 1
   4              		.eabi_attribute 28, 1
   5              		.fpu fpv4-sp-d16
   6              		.eabi_attribute 20, 1
   7              		.eabi_attribute 21, 1
   8              		.eabi_attribute 23, 3
   9              		.eabi_attribute 24, 1
  10              		.eabi_attribute 25, 1
  11              		.eabi_attribute 26, 1
  12              		.eabi_attribute 30, 6
  13              		.eabi_attribute 34, 1
  14              		.eabi_attribute 18, 4
  15              		.thumb
  16              		.file	"hal_lld.c"
  17              		.text
  18              	.Ltext0:
  19              		.section	.gnu.lto_.inline.7584be6f3638e6e3,"",%progbits
  20 0000 789C6366 		.ascii	"x\234cf\300\016<\24043\003\003?\037\003\003\223\324"
  20      C00E3CA0 
  20      34330303 
  20      3F1F0303 
  20      93D4
  21 0012 835B8C0C 		.ascii	"\203[\214\014,\014L 1F\006Q5\240\220\322\202\231Lp!"
  21      2C0C4C20 
  21      31460651 
  21      35A090D2 
  21      82994C70 
  22 0027 2E18C1C4 		.ascii	".\030\301\304p\210\341 \210n`\274\360\235\035&\317\000"
  22      7088E120 
  22      886E60BC 
  22      F09D1D26 
  22      CF00
  23 0039 001AA007 		.ascii	"\000\032\240\007\334"
  23      DC
  24              		.text
  25              		.section	.gnu.lto_hal_lld_backup_domain_init.7584be6f3638e6e3,"",%progbits
  26 0000 789C9555 		.ascii	"x\234\225UMHTQ\024\276\347\2767o\376\263Z\211-\012\\"
  26      4D485451 
  26      14BEE7BE 
  26      376FFEB3 
  26      5A892D0A 
  27 0015 488B71C0 		.ascii	"H\213q\300\\gP\324*\012l\037\375,\024\004%[\270\363"
  27      5C6750D4 
  27      2A0A6C1F 
  27      FD2C1404 
  27      255BB8F3 
  28 0029 8E338610 		.ascii	"\2163\206\020\225h\224\021\242-\"\177\362'\3151\177"
  28      95689411 
  28      A22D227F 
  28      F227CD31 
  28      7F
  29 003a D2A7993F 		.ascii	"\322\247\231?\245\231YDB6\304\010\271\010\236e4\203"
  29      A5995944 
  29      4236C408 
  29      B9089E65 
ARM GAS  /tmp/cc79KAPA.s 			page 2


  29      3483
  30 004c E5EBDC77 		.ascii	"\345\353\334w'\307\336\314T3\360\316\233{\317\371\276"
  30      27C7DECC 
  30      5433F0CE 
  30      9B7BCFF9 
  30      BE
  31 005d EF9C73CF 		.ascii	"\357\234s\317\235\221H\342g?>\363\012!\371|a!@\011>"
  31      9D9148E2 
  31      673F3EF3 
  31      0A21F97C 
  31      61214009 
  32 0072 54228451 		.ascii	"T\"\204Q\031\215,\001\276@\006@7\220J*\311P\011\253"
  32      198D2C01 
  32      BE400640 
  32      37904A2A 
  32      C95009AB 
  33 0086 748D42AD 		.ascii	"t\215B\255\332\336\340\314\271\313\030\323>vX\2533\243"
  33      DADEE0CC 
  33      B9CB18D3 
  33      3E7658AB 
  33      33A3
  34 0098 08FD4A05 		.ascii	"\010\375J\005+\334\203\034\2021k\201\237o\235J\000c"
  34      2BDC831C 
  34      82316B81 
  34      9F6F9D4A 
  34      0063
  35 00aa 760A1FB4 		.ascii	"v\012\037\264\200\202Tn\364\015t\256\3179?\321(\205"
  35      8082546E 
  35      F40D74AE 
  35      CF393FD1 
  35      2885
  36 00bc 7D3C74B0 		.ascii	"}<t\260n\272A\341K\324\305eSmT\225\263\3570V\025\212"
  36      6EBA41E1 
  36      4BD4C565 
  36      536D5495 
  36      B3EF3056 
  37 00d2 06C327D5 		.ascii	"\006\303'\325@3\333\324u\210bjH\004\255\220\005m\220"
  37      4033DBD4 
  37      7588626A 
  37      4804AD90 
  37      056D90
  38 00e5 152B02DA 		.ascii	"\025+\002\332!\373\017\014\273u\275\231\326\250\272"
  38      21FB0F0C 
  38      BB75BD99 
  38      D6A8BA
  39 00f4 5E900270 		.ascii	"^\220\002p\337\000,M4\326[\022\000r2@G\272\200NSJ\315"
  39      DF002C4D 
  39      34D65B12 
  39      00723240 
  39      47BA804E 
  40 010b 3F7A5A0E 		.ascii	"?zZ\016mUaI\006\351JW\243\333\004P\333\266k$\205<0\245"
  40      6D556149 
  40      06E94A57 
  40      A3DB0450 
  40      DBB66B24 
  41 0123 15DAECDE 		.ascii	"\025\332\354\336\336\335\244y\365\230K\321\377YJ\257"
  41      DEDDA479 
ARM GAS  /tmp/cc79KAPA.s 			page 3


  41      F5984BD1 
  41      FF594AAF 
  42 0133 5966C63F 		.ascii	"Yf\306?\345\252\236f\201\220\256\357Mq&\017\323=\304"
  42      E5AA9E66 
  42      8190AEEF 
  42      4D71260F 
  42      D33DC4
  43 0146 BE74FB15 		.ascii	"\276t\373\025L\027\320\017\331]\273U\246\353\275\375"
  43      4C17D00F 
  43      D95DBB55 
  43      A6EBBDFD 
  44 0156 CB91BC5D 		.ascii	"\313\221\274];\200`*\224\033\011\215,scAcQ\3707+76\276"
  44      3B80602A 
  44      941B098D 
  44      2C736341 
  44      6351F837 
  45 016e B473E3E0 		.ascii	"\264s\343\340qNn\\\334\341\346\206\220\260qEV(\276\244"
  45      714E6E5C 
  45      DCE1E686 
  45      90B07145 
  45      5628BEA4 
  46 0182 25A8D2B4 		.ascii	"%\250\322\264\341=\374R|\307\313B\301\377j\361\010\277"
  46      E13DFC52 
  46      7CC7CB42 
  46      C1FF6AF1 
  46      08BF
  47 0194 03120BF9 		.ascii	"\003\022\013\371\230L\340\021\246\202Ae\"\202\306\326"
  47      984CE011 
  47      A6824165 
  47      2282C6D6 
  48 01a4 E341101B 		.ascii	"\343A\020\033\022B>\204\347\027l\006\206\360{\323\027"
  48      12423E84 
  48      E7176C06 
  48      86F07BD3 
  48      17
  49 01b5 69FAEC6E 		.ascii	"i\372\354n\204\333x0\006b\200\027\203\373\341\331\313"
  49      84DB7830 
  49      06628017 
  49      83FBE1D9 
  49      CB
  50 01c6 419BA79D 		.ascii	"A\233\247\235\005|\266(\265\302 4\302\027#\023\030\002"
  50      057CB628 
  50      B5C22034 
  50      C2172313 
  50      1802
  51 01d8 0F72FAD7 		.ascii	"\017r\372\327\025\301)\013\332\241\331\326.\312ie\206"
  51      15C1290B 
  51      DAA1D9D6 
  51      2ECA6965 
  51      86
  52 01e9 6D1916BA 		.ascii	"m\031\026\272u\206n\202\012\244Ry\034W\031\001\017r"
  52      75866E82 
  52      0AA45279 
  52      1C571901 
  52      0F72
  53 01fb F362B4DA 		.ascii	"\363b\264\332\203B\311\202\200\310\320\373E\231\313"
  53      8342C982 
ARM GAS  /tmp/cc79KAPA.s 			page 4


  53      80C8D0FB 
  53      4599CB
  54 020a 589856C3 		.ascii	"X\230V\303+\036\375\263Be{\205\026s\2056$\001\325\254"
  54      2B1EFDB3 
  54      42657B85 
  54      16738536 
  54      2401D5AC 
  55 021e 0D5C7ACC 		.ascii	"\015\\z\314\2206~\265\306E\201\221K\257\251 \265\012"
  55      90367EB5 
  55      C6458191 
  55      4BAFA920 
  55      B50A
  56 0230 DEC9D591 		.ascii	"\336\311\325\221\253.Q\242B\340\011\322\274\201\300"
  56      AB2E51A2 
  56      42E009D2 
  56      BC81C0
  57 023f 3B7F562C 		.ascii	";\177V,\010#\256i\013W\354\"\002S\233\210\315\305\012"
  57      0823AE69 
  57      0B57EC22 
  57      02539B88 
  57      CDC50A
  58 0252 6FB57176 		.ascii	"o\265qv\335\243\231\"\330\366;o-\224aj\221\21715\323"
  58      DDA39922 
  58      D8F63B6F 
  58      2D94616A 
  58      918F3135 
  59 0267 48D59622 		.ascii	"H\325\226\"\325\247\361T'\301\203\356\033\337ZZ\025"
  59      D5A7F154 
  59      27C183EE 
  59      1BDF5A5A 
  59      15
  60 0278 21CB75A7 		.ascii	"!\313u\247\304\020h/\013\204\230\375\177\304\354)\304"
  60      C410682F 
  60      0B8498FD 
  60      7FC4EC29 
  60      C4
  61 0289 A6E36233 		.ascii	"\246\343b3\206\330Vw\255\270\365\314(q\205\317\251\030"
  61      86D85677 
  61      ADB8F5CC 
  61      287185CF 
  61      A918
  62 029b CEF09824 		.ascii	"\316\360\230$D\035\246Yt\232g\321\2250\026\316Tc\361"
  62      441DA659 
  62      749A67D1 
  62      953016CE 
  62      5463F1
  63 02ae DCC8C1F8 		.ascii	"\334\310\301\370;\230\215\235Ml\370\334\202\247~\243"
  63      3B988D9D 
  63      4D6CF8DC 
  63      82A77EA3 
  64 02be 7FD56134 		.ascii	"\177\325a4@\337\320\365\014\002s\177\235?G*\241\027"
  64      40DFD0F5 
  64      0C02737F 
  64      9D3F472A 
  64      A117
  65 02d0 71A1793E 		.ascii	"q\241y>\177n\262\014>\365\3461\316\302O2\314\033\201"
  65      7F6EB20C 
ARM GAS  /tmp/cc79KAPA.s 			page 5


  65      3EF5E631 
  65      CEC24F32 
  65      CC1B81
  66 02e3 EEBCDC5C 		.ascii	"\356\274\334\\\357\341\242\342\263\305'\012\275\245"
  66      EFE1A2E2 
  66      B3C5270A 
  66      BDA5
  67 02f1 E5DEA233 		.ascii	"\345\336\2423%\336\262\322\013\027\313\275\205\247\216"
  67      25DEB2D2 
  67      0B17CBBD 
  67      85A78E
  68 0300 1FC813F6 		.ascii	"\037\310\023\366h~E\005\367\234.)9\237{\216\374\002"
  68      687E4505 
  68      F79C2E29 
  68      399F7B8E 
  68      FC02
  69 0312 C83E6158 		.ascii	"\310>aX"
  70              		.text
  71              		.section	.gnu.lto_hal_lld_init.7584be6f3638e6e3,"",%progbits
  72 0000 789C9556 		.ascii	"x\234\225V[l\014Q\030>\377\231\331\331m\327\366\252"
  72      5B6C0C51 
  72      183EFF99 
  72      D9D96DD7 
  72      F6AA
  73 0012 422321E9 		.ascii	"B#!\351C\237\266\253\305\223\007\021\211\007\211\220"
  73      439FB6AB 
  73      C5930711 
  73      89078990 
  74 0022 F02E2E0F 		.ascii	"\360..\017$M*\210xi:m\027M\210TI\024)\255K\250\322\242"
  74      244D2A88 
  74      78693A6D 
  74      174D8854 
  74      491429AD 
  75 003a 94BAD4A2 		.ascii	"\224\272\324\242(Zm\025\245z\243[T\\JK\273A\307\371"
  75      285A6D15 
  75      A57AA35B 
  75      545C4A4B 
  75      BB41C7F9 
  76 004e CFEC9A76 		.ascii	"\317\354\232vfg\233\231d\376\2353\347\377\276\357\377"
  76      66679B99 
  76      64FE9D33 
  76      E7FFBEEF 
  76      FF
  77 005f FE397B66 		.ascii	"\3769{f\004b<f\262\363\260\223\220%8\020\011P\302N\020"
  77      04623C66 
  77      B2F3B093 
  77      90253810 
  77      0950C24E 
  78 0074 581400D8 		.ascii	"X\024\000\330- 9T\200\034\030\240\337)\024\372*\212"
  78      2D203954 
  78      801C18A0 
  78      DF2914FA 
  78      2A8A
  79 0086 9DA9A764 		.ascii	"\235\251\247dY\036<~k\372\216\351\001\226=DU\"8\015"
  79      591E3C7E 
  79      6BFA8EE9 
  79      01963D44 
ARM GAS  /tmp/cc79KAPA.s 			page 6


  79      5522380D 
  80 009a A984E57C 		.ascii	"\251\204\345|\367\376mwJ^\226\023\247\316\301\031\220"
  80      F7FE6D77 
  80      4A5E9613 
  80      A7CEC119 
  80      90
  81 00ab 18D30C36 		.ascii	"\030\323\0146W[9\334\344\374H\003\024fc\352\365\242"
  81      575B39DC 
  81      E4FC4803 
  81      146663EA 
  81      F5A2
  82 00bd 86620987 		.ascii	"\206b\011\207T\304\341\261\302\200OL)\223\345\274\336"
  82      54C4E1B1 
  82      C2804F4C 
  82      2993E5BC 
  82      DE
  83 00ce AF7DFE15 		.ascii	"\257}\376\025>o\251<\246(\020\240\002\022A9$\303YH\016"
  83      3E6FA93C 
  83      A62810A0 
  83      02124139 
  83      24C35948 
  84 00e3 D60D1590 		.ascii	"\326\015\025\220\3020\215e\376k.a> \376]\335\3207\027"
  84      C2308D65 
  84      FE6B2E61 
  84      3E20FE5D 
  84      DDD03717 
  85 00f7 C7CB870E 		.ascii	"\307\313\207\016\224\322\002\237\242,\014P\021\316\201"
  85      94D2029F 
  85      A22C0C50 
  85      11CE81
  86 0106 10067F9E 		.ascii	"\020\006\177\236\3435\315\361\230\260\202\225V\001U"
  86      E335CDF1 
  86      98B08295 
  86      560155
  87 0115 3A40E9B7 		.ascii	":@\351\267\023;m\015\262\267WQf\231@.pHyw\343A*,\340"
  87      133B6D0D 
  87      B2B75751 
  87      6699402E 
  87      70487977 
  88 012e A69A8B2B 		.ascii	"\246\232\213+\232\2440\246.\2065u\311j\215\325V\001"
  88      9AA430A6 
  88      2E863575 
  88      C96A8DD5 
  88      5601
  89 0140 97F5A646 		.ascii	"\227\365\246F'5u\305\252F\015\007t\324\227\354\267\031"
  89      273575C5 
  89      AA460D07 
  89      74D497EC 
  89      B719
  90 0152 9D87035C 		.ascii	"\235\207\003\\\265\012\270f\265\244Z\275\355\300\244"
  90      B50AB866 
  90      B5A45ABD 
  90      EDC0A4
  91 0161 B6AF73C8 		.ascii	"\266\257s\310\231\332\376Cva\021\177\226u\277\312>\033"
  91      99DAFE43 
  91      7661117F 
  91      9675BFCA 
ARM GAS  /tmp/cc79KAPA.s 			page 7


  91      3E1B
  92 0173 F544B811 		.ascii	"\365D\270\021\366Y\336\264Z\343-\253\200:\275\251?\223"
  92      F659DEB4 
  92      5AE32DAB 
  92      803ABDA9 
  92      3F93
  93 0185 9ABA6D55 		.ascii	"\232\272mU\303g\365\321\334\261\012\270k\265\244{V\001"
  93      C367F5D1 
  93      DCB10AB8 
  93      6BB5A47B 
  93      5601
  94 0197 F5564BBA 		.ascii	"\365VK\272o\025\360\000R\252\022|\262\242T\377\334\267"
  94      6F15F000 
  94      52AA127C 
  94      B2A254FF 
  94      DCB7
  95 01a9 2BB59C4E 		.ascii	"+\265\234N\003\302j\241,\210\002^\211\030l\030$\274"
  95      03C26AA1 
  95      2C88025E 
  95      89186C18 
  95      24BC
  96 01bb 67C72B07 		.ascii	"g\307+\007\206(\014\321\030\23481\005\203\013\2071\030"
  96      86280CD1 
  96      189C3831 
  96      05830B87 
  96      3118
  97 01cd 62711887 		.ascii	"bq\030\207W\361\030\0220$b\230\212\023I\030\010\361"
  97      57F11812 
  97      30246298 
  97      8A134918 
  97      08F1
  98 01df F30DBC9F 		.ascii	"\363\015\274\237\262\037\241\003\362\006/\214\244\343"
  98      B21FA103 
  98      F2062F8C 
  98      A4E3
  99 01ed 963DC2B6 		.ascii	"\226=\302\266r\012\2437\272\332D\334\242\005y\260@f"
  99      720AA337 
  99      BADA44DC 
  99      A20579B0 
  99      4066
 100 01ff EF8787AC 		.ascii	"\357\207\207\254\350\016\270[\003j\016\276\025z\374"
 100      E80EB85B 
 100      036A0EBE 
 100      157AFC
 101 020e CDAD0E9E 		.ascii	"\315\255\016\236Cp\225_\031=\366\305U\002G\330\306m"
 101      4370955F 
 101      193DF6C5 
 101      550247D8 
 101      C66D
 102 0220 6324D080 		.ascii	"c$\320\2006\331}\177\343\356\032\207\273B\366\346:\002"
 102      36D97D7F 
 102      E3EE1A87 
 102      BB42F6E6 
 102      3A02
 103 0232 54824750 		.ascii	"T\202GP\002?\2704<\0067\343\314\333\244R\012!\015>6"
 103      023FB834 
 103      3C0637E3 
ARM GAS  /tmp/cc79KAPA.s 			page 8


 103      CCDBA452 
 103      0A210D3E 
 104 0247 100A6684 		.ascii	"\020\012f\204O4\302Fpc]G\002'\243\260.QaG,\201&\316"
 104      4F34C246 
 104      70635D47 
 104      0227A3B0 
 104      2E516147 
 105 025f 1BD21123 		.ascii	"\033\322\021#\353\210F\035@\231\247\232L\263*\023\262"
 105      EB88461D 
 105      4099A79A 
 105      4CB32A13 
 105      B2
 106 0270 2FB15B2D 		.ascii	"/\261[-\252\304`\313H\260A6}\307\214J63G\255\\\212\277"
 106      AAC460CB 
 106      48B04136 
 106      7DC78C4A 
 106      363347AD 
 107 0287 859F4D68 		.ascii	"\205\237Mh\221=r\351v3\3026\215\3609\270u\375pD&u\230"
 107      913D72E9 
 107      7633C236 
 107      8DF039B8 
 107      75FD7044 
 108 029e F4E385C6 		.ascii	"\364\343\205\306\371\222q\206\032P\370'\3507*H\033\222"
 108      F9927186 
 108      1A50F827 
 108      E8372A48 
 108      1B92
 109 02b0 89D637C4 		.ascii	"\211\3267\304i\220\2126\253\277\235k\361\217\212W\274"
 109      69908A36 
 109      ABBF9D6B 
 109      F18F8A57 
 109      BC
 110 02c1 21F9C392 		.ascii	"!\371\303\222J2E\345\031\336\363\371\227\364\377\221"
 110      4A3245E5 
 110      19DEF3F9 
 110      97F4FF91 
 111 02d1 C71078AD 		.ascii	"\307\020x\255j\025AXOQfB\035\232\320\033p3\372q\006"
 111      6A154158 
 111      4F516642 
 111      1D9AD01B 
 111      7033FA71 
 112 02e6 5C91FBE4 		.ascii	"\\\221\373\3442\351S\247F\3315\256O-\241>\305\350\373"
 112      32E953A7 
 112      46D935AE 
 112      4F2DA13E 
 112      C5E8FB
 113 02f9 126BA08E 		.ascii	"\022k\240\2161+\267\233s\013\310\3353a\241\304E\256"
 113      312BB79B 
 113      730BC8DD 
 113      3361A1C4 
 113      45AE
 114 030b 35CE8CB0 		.ascii	"5\316\214\260W#|kX(\361\221I\343M\032\360N\343\354\033"
 114      57237C6B 
 114      5828F191 
 114      49E34D1A 
 114      F04EE3EC 
 115 0320 BF50C682 		.ascii	"\277P\306\202~\023t\013%Q\337\220\251\006\251D\263\372"
ARM GAS  /tmp/cc79KAPA.s 			page 9


 115      7E13740B 
 115      2551DF90 
 115      A906A944 
 115      B3FA
 116 0332 FD5C4B44 		.ascii	"\375\\KD\255\376\211\013%I\345y\224\327\327\317\277"
 116      ADFE890B 
 116      2549E579 
 116      94D7D7CF 
 116      BF
 117 0343 4445F6A1 		.ascii	"DE\366\241*\003\201\367\021\027J\202\231\320\007M\350"
 117      2A0381F7 
 117      11174A82 
 117      99D0074D 
 117      E8
 118 0354 232E9424 		.ascii	"#.\224$\276\2252\223B'\344\373\306\354\310\206\260\243"
 118      BE953293 
 118      4227E4FB 
 118      C6ECC886 
 118      B0A3
 119 0366 6D7B2B69 		.ascii	"m{+i\366o\271@f0\373\020\376_`\000\262\331\016\354 "
 119      F66FB940 
 119      6630FB10 
 119      FE5F6000 
 119      B2D90EEC 
 120 037b 987920DA 		.ascii	"\230y \332,\023?\310?\0053\273!\327W\275\224g\022\334"
 120      2C133FC8 
 120      3F0533BB 
 120      21D757BD 
 120      946712DC 
 121 038f B8190B9B 		.ascii	"\270\031\013\233\316HK\363,\336\260q\355\306\345+=Y"
 121      CE484BF3 
 121      2CDEB071 
 121      EDC6E52B 
 121      3D59
 122 03a1 5B3C1BD6 		.ascii	"[<\033\326dz6em\336\272\305\263r\325\262\271\031j\\"
 122      647A3665 
 122      6DDEBAC5 
 122      B372D5B2 
 122      B9196A5C 
 123 03b5 326FFB76 		.ascii	"2o\373v\234Y\235\231\271>m\035\261m\313\312L\233\303"
 123      9C599D99 
 123      B93E6D1D 
 123      B16DCBCA 
 123      4C9BC3
 124 03c8 633A8F19 		.ascii	"c:\217\031\377\000y%\361\314"
 124      FF007925 
 124      F1CC
 125              		.text
 126              		.section	.gnu.lto_stm32_clock_init.7584be6f3638e6e3,"",%progbits
 127 0000 789C9559 		.ascii	"x\234\225Yip\024E\024\236\356\275w\263G8$D\356 \001"
 127      69701445 
 127      149EEEBD 
 127      77B34738 
 127      2444EE20 
 128 0015 315909E1 		.ascii	"1Y\011\341\020\220\323\362\237\245\245\376\361\227%"
 128      1090D3F2 
 128      9FA5A5FE 
ARM GAS  /tmp/cc79KAPA.s 			page 10


 128      F19725
 129 0024 58965651 		.ascii	"X\226VQ\245\245\376\360\237\223eI\210\242b8\3440\022"
 129      A5A5FEF0 
 129      9F936549 
 129      88A26238 
 129      E43012
 130 0037 51349000 		.ascii	"Q4\220\000!\334 \272\206@\010r(\020C\242@\224]\001\005"
 130      21DC20BA 
 130      86400872 
 130      281043A2 
 130      40945D01 
 131 004c 592E9328 		.ascii	"Y.\223(\270\366\353\236a\262=\333\031;Uy3\3353\357\275"
 131      B8F6EB9E 
 131      61B23DDB 
 131      193B5579 
 131      33DD33EF 
 132 0061 EFFBDEEB 		.ascii	"\357\373\336\353\336\231]\233b\376k#\377\236!\212R\014"
 132      DE995D9B 
 132      62FE6B23 
 132      FF9E218A 
 132      520C
 133 0073 833E0AC2 		.ascii	"\203>\012\302\012\371G6bm\230X\025\333\211\261\333\221"
 133      0AF94736 
 133      626D9858 
 133      15DB89B1 
 133      DB91
 134 0085 83CC38B0 		.ascii	"\203\3148\260\003f\2340\343D.2\343\302.\230q\303\214"
 134      03669C30 
 134      E3442E32 
 134      E3C22E98 
 134      71C38C
 135 0098 1B79C88C 		.ascii	"\033y\310\214\007{`\306\0133^\344#3>\354\203\231,\230"
 135      077B60C6 
 135      0B335EE4 
 135      23333EEC 
 135      83992C98 
 136 00ac C9427E32 		.ascii	"\311B~2\343\307~\230\011\300L\000\005\311L\020\007a"
 136      E3C77E98 
 136      09C04C00 
 136      05C94C10 
 136      0761
 137 00be 26043321 		.ascii	"&\0043!\224Mf\262\021\"\200\220\3626\266\331\035N\227"
 137      944D66B2 
 137      11228090 
 137      F236B6D9 
 137      1D4E97
 138 00d1 DBE3F565 		.ascii	"\333\343\365e\371\003\301P6z\333mc\320\035\354\340b"
 138      F903C150 
 138      367ADB6D 
 138      63D01DEC 
 138      E062
 139 00e3 070F3BF8 		.ascii	"\007\017;\370\330\301\317\016Av\270\214\257c\264$V\263"
 139      D8C1CF0E 
 139      4176B88C 
 139      AF63B424 
 139      56B3
 140 00f5 D297BF5E 		.ascii	"\322\227\277^U\325\344\272\226\234\2059\335\204\352"
ARM GAS  /tmp/cc79KAPA.s 			page 11


 140      55D5E4BA 
 140      969C8539 
 140      DD84EA
 141 0104 4DCC6E40 		.ascii	"M\314n@_\242|\205\334s=z\267\325\347\214\222{B\354\032"
 141      5FA27C85 
 141      DC733D7A 
 141      B7D5E78C 
 141      927B42EC 
 142 0119 AA464E02 		.ascii	"\252FN\002\244\001.\356\331|\353\230\357\022\356\306"
 142      A4012EEE 
 142      D97CEB98 
 142      EF12EEC6 
 143 0129 68180CF7 		.ascii	"h\030\014\367V\034^\351\204!\221\210\014\327.\351\216"
 143      561C5EE9 
 143      84219188 
 143      0CD72EE9 
 143      8E
 144 013a D9F33E55 		.ascii	"\331\363>U\325H\325\346\365\245\216\303j\264#\225\032"
 144      D548D5E6 
 144      F5A58EC3 
 144      6AB42395 
 144      1A
 145 014b DA4D4424 		.ascii	"\332MD$\201\320\006\224\2136\242\\MtT\203\362\322]\366"
 145      81D00694 
 145      8B36A25C 
 145      4D745483 
 145      F2D25DF6 
 146 015f F674B167 		.ascii	"\366t\261gr\251\345\\:\232\023\207\262\026\366\236f"
 146      72A9E55C 
 146      3A9A1387 
 146      B216F69E 
 146      66
 147 0170 13E7A3AE 		.ascii	"\023\347\243\256ZV\205\027\305R\251\031\002\207\315"
 147      5A568517 
 147      C552A919 
 147      0287CD
 148 017f D4A1BDB1 		.ascii	"\324\241\275\261r\251\303\344\340\310\344\260E\326\241"
 148      72A9C3E4 
 148      E0C8E4B0 
 148      45D6A1
 149 018e 8EA77124 		.ascii	"\216\247q$\321dEc\253l\222z\316!V[_=3Z\245\376\233J"
 149      D1644563 
 149      AB6C927A 
 149      CE21565B 
 149      5F3D335A 
 150 01a6 2181CB36 		.ascii	"!\201\3136\036\327\231\365\226\270\266\313\312\273C"
 150      1ED799F5 
 150      96B8B6CB 
 150      CABB43
 151 01b5 96C84E59 		.ascii	"\226\310NY\207]|c\265Y\366\342nY\026{dA\355\345\265"
 151      875D7C63 
 151      B559F6E2 
 151      6E59167B 
 151      6441EDE5 
 152 01ca 6D3F68A9 		.ascii	"m?h\251\355>\331$_\3615\337dY\363\375<\256s\326K\352"
 152      ED3ED924 
 152      5FF135DF 
ARM GAS  /tmp/cc79KAPA.s 			page 12


 152      6459F3FD 
 152      3CAE73D6 
 153 01e0 6B59B5BE 		.ascii	"kY\265\276\221%\022\223u\370\226\247q\376`\342\251\330"
 153      91251293 
 153      75F896A7 
 153      71FE60E2 
 153      A9D8
 154 01f2 3DEA1951 		.ascii	"=\352\031Q5\360>]\326\324\017\310Ro\224erP\326\341\020"
 154      35F03E5D 
 154      D6D40FC8 
 154      526F9465 
 154      7250D6E1 
 155 0207 4FE36FEB 		.ascii	"O\343o\353\316j\222Mr\230\357\254\032\313\316j\346q"
 155      CE6A924D 
 155      7298EFAC 
 155      1ACBCE6A 
 155      E671
 156 0219 2D2AB3C4 		.ascii	"-*\263\304uDV\336\357d\211\034\225u8\306\323(o\262\244"
 156      754456DE 
 156      EF64891C 
 156      957538C6 
 156      D3286FB2 
 157 022e 715C36C9 		.ascii	"q\\6\311\011\371\315\372{\036\327\007M\226\035\377\003"
 157      09F9CDFA 
 157      7B1ED707 
 157      4D961DFF 
 157      03
 158 023f EFB3EAA2 		.ascii	"\357\263\352\242e\307\237\224-\311)Y\362\247e\035Zx"
 158      65C79F94 
 158      2DC92959 
 158      F2A7651D 
 158      5A78
 159 0251 1A956925 		.ascii	"\032\225i%\311\370\350\360\243l\222V\371\222\234\341"
 159      C9F8E8F0 
 159      A36C9256 
 159      F9929CE1 
 160 0261 71EDBF68 		.ascii	"q\355\277h\331*m\262\270\332\345q\375\304\343\372\323"
 160      D92A6DB2 
 160      B8DAE571 
 160      FDC4E3FA 
 160      D3
 161 0272 BA557EE6 		.ascii	"\272U~\346}\026\227\367l\025g&\237\263\274\317\352\015"
 161      7D1697F7 
 161      6C156726 
 161      9FB3BCCF 
 161      EA0D
 162 0284 96FCCFC9 		.ascii	"\226\374\317\311\266\327yY\301:d\035~\341i\254i\266"
 162      B6D77959 
 162      C13A641D 
 162      7EE169AC 
 162      69B6
 163 0296 A4F1AB6C 		.ascii	"\244\361\253l\222\013\362\037\325q\036\327\306\313q"
 163      920BF21F 
 163      D5711ED7 
 163      C6CB71
 164 02a5 AB322664 		.ascii	"\2532&d\345\375M\226\310EY\207K\262\220.\313:\374.\013"
 164      E5FD4D96 
ARM GAS  /tmp/cc79KAPA.s 			page 13


 164      C8455987 
 164      4BB2902E 
 164      CB3AFC2E 
 165 02ba E90F5987 		.ascii	"\351\017Y\207+(oK\237\230\232Jmk9Y\026>\202\347 \205"
 165      2B286F4B 
 165      9F989A4A 
 165      6D6B3959 
 165      163E82E7 
 166 02d0 60C1C4D8 		.ascii	"`\301\304\330mpf\007\343 \306\341\004\343\202\241\033"
 166      6D706607 
 166      E320C6E1 
 166      04E382A1 
 166      1B
 167 02e1 CE3C60BC 		.ascii	"\316<`\2740\364\201\311\202\241\037L\000\206A0!\030"
 167      30F481C9 
 167      82A11F4C 
 167      00864130 
 167      2118
 168 02f3 66C3591F 		.ascii	"f\303Y\0378\353\013\246\037\014\373\203\271\017\206"
 168      38EB0BA6 
 168      1F0CFB83 
 168      B90F86
 169 0302 03C0E4C0 		.ascii	"\003\300\344\300p \230\\0\367\303\334 0\203a8\004\316"
 169      7020985C 
 169      30F7C3DC 
 169      20308361 
 169      3804CE
 170 0315 86821906 		.ascii	"\206\202\031\006\303\341`F\3000\017\314H\030>\000g\243"
 170      C3E16046 
 170      C0300FCC 
 170      48183E00 
 170      67A3
 171 0327 C0E4C370 		.ascii	"\300\344\303p4\2301`\036\204\271\261`\036\002F\005p"
 171      34983160 
 171      1E84B9B1 
 171      601E0246 
 171      0570
 172 0339 5608260C 		.ascii	"V\010&\014W\037\206\263q`\212`8\236\030g1\234M\0003"
 172      571F86B3 
 172      71608A60 
 172      389E1867 
 172      319C4D00 
 173 034e 112E4C02 		.ascii	"\021.L\0023\031\206\217\300\331\0240Sa8\015\314\243"
 173      3319868F 
 173      C0D91430 
 173      5361380D 
 173      CCA3
 174 0360 309C0E66 		.ascii	"0\234\016f\006\014g\202\231\005\303\331`\024%N_H\023"
 174      060C6782 
 174      9905C3D9 
 174      6014254E 
 174      5F4813
 175 0373 981C6CED 		.ascii	"\230\034l\355(\222\254k\235\013\257\240\235\344\325"
 175      2892AC6B 
 175      9D0BAFA0 
 175      9DE4D5
 176 0382 14A3AE7D 		.ascii	"\024\243\256}gO\331\341\215\323\246&\027\251v\005]%"
ARM GAS  /tmp/cc79KAPA.s 			page 14


 176      674FD9E1 
 176      8DD3A626 
 176      17A97605 
 176      5D25
 177 0394 5569470D 		.ascii	"UiG\015\311\252~p\023\271\343|\374\304\017nz\207\002"
 177      C9AA7E70 
 177      13B9E37C 
 177      FCC40F6E 
 177      7A8702
 178 03a7 EFA43BBA 		.ascii	"\357\244;\272\326^\365W\2425%\252\032svc\027\011\203"
 178      D65EF557 
 178      A23525AA 
 178      1A737663 
 178      170983
 179 03ba FE844A92 		.ascii	"\376\204J\222k\361\243\357\356t\027\324\250Q\262|\334"
 179      6BF1A3EF 
 179      EE7417D4 
 179      A851B27C 
 179      DC
 180 03cb E81AAA44 		.ascii	"\350\032\252D7hn\224D\005\344rs\344B\202\276\354:\310"
 180      37686E94 
 180      4405E472 
 180      73E44282 
 180      BEEC3AC8 
 181 03df CBB08A14 		.ascii	"\313\260\212\024t\235\346\212$\227\234\305\014\021\274"
 181      749DE68A 
 181      24979CC5 
 181      0C11BC
 182 03ee 532F3879 		.ascii	"S/8y\3521\270\311\256v\224\000\240\033\032\240\016?"
 182      EA31B8C9 
 182      AE769400 
 182      A01B1AA0 
 182      0E3F
 183 0400 0FC89E09 		.ascii	"\017\310\236\011\220\207DA73\002\272E\001\321\357\000"
 183      90874441 
 183      373302BA 
 183      4501D1EF 
 183      00
 184 0411 6E5340AD 		.ascii	"nS@\255\015\265\317A \267\252\222\236\374KC\223\214"
 184      0DB5CF41 
 184      20B7AA92 
 184      9EFC4B43 
 184      938C
 185 0423 D7DB181C 		.ascii	"\327\333\030\034\233\246F\34456\266\353\352\354Dl\302"
 185      9BA646E4 
 185      3536B6EB 
 185      EAEC446C 
 185      C2
 186 0434 D1233FA2 		.ascii	"\321#?\242b\330\315b\224\270!y'MN\337\377\273P\001\011"
 186      62D8CD62 
 186      94B82179 
 186      274D4EDF 
 186      FFBB5001 
 187 0449 B2E09693 		.ascii	"\262\340\226\223\005\321\3424U^\252\247\225p\020e\272"
 187      05D1E234 
 187      555EAAA7 
 187      95701065 
ARM GAS  /tmp/cc79KAPA.s 			page 15


 187      BA
 188 045a 599E0AA4 		.ascii	"Y\236\012\244qNOb\023%\371\333H\362\017*\350\204\257"
 188      714E4F62 
 188      1325F9DB 
 188      48F20F2A 
 188      E884AF
 189 046d 5548E16D 		.ascii	"UH\341mz\341\02374b.\236\210\333\224\303%\250\352\035"
 189      7AE11337 
 189      34622E9E 
 189      88DB94C3 
 189      25A8EA1D 
 190 0481 23C55DC6 		.ascii	"#\305]\306\243\2534\256\225\317\303\002\255nM\334\262"
 190      A3AB34AE 
 190      95CFC302 
 190      AD6E4DDC 
 190      B2
 191 0492 512644D5 		.ascii	"Q&D\325\177I\224\026\024=\263\340%\355\036rC\311\027"
 191      7F499416 
 191      143DB3E0 
 191      25ED1E72 
 191      43C917
 192 04a5 FB16BBE8 		.ascii	"\373\026\273\350\015$JJ\333\006\022PO\206\363\312I\015"
 192      0D244A4A 
 192      DB061250 
 192      4F86F3CA 
 192      490D
 193 04b7 A7972B80 		.ascii	"\247\227+\200\217\307\235e\302\355\023i\243b\000\016"
 193      8FC79D65 
 193      C2ED1369 
 193      A362000E 
 194 04c7 DFF3A012 		.ascii	"\337\363\240\022\314\200k\005\360\2638\211\343\221r"
 194      CC806B05 
 194      F0B33889 
 194      E39172
 195 04d6 3F457527 		.ascii	"?Eu'\225J\005\025\024\301\275\025\301+J\264\300H\024"
 195      954A0515 
 195      14C1BD15 
 195      C12B4AB4 
 195      C04814
 196 04e9 C5A4087E 		.ascii	"\305\244\010~\332U\337_\321D\012p\234\202<\247\220)"
 196      DA55DF5F 
 196      D1440A70 
 196      9C823CA7 
 196      9029
 197 04fb 5550946A 		.ascii	"UP\224j\241\221\252\224r\022\201\015\210\"\224\031\021"
 197      A191AA94 
 197      7212810D 
 197      88229419 
 197      11
 198 050c 1601D810 		.ascii	"\026\001\330\020\255\204C\257\304\325_\265Jd\363(\373"
 198      AD8443AF 
 198      C4D55FB5 
 198      4A64F328 
 198      FB
 199 051d 9872640B 		.ascii	"\230rd\013:\246\334H\361\216&|\251.F_\026\250sa\262"
 199      3AA6DC48 
 199      F18E267C 
ARM GAS  /tmp/cc79KAPA.s 			page 16


 199      A92E465F 
 199      16A87361 
 200 0532 DC4BA5CF 		.ascii	"\334K\245\317R\320\273\230vL\233\3361}{\264\210S\007"
 200      52D0BB98 
 200      764C9BDE 
 200      317D7BB4 
 200      885307
 201 0545 764D5FA3 		.ascii	"vM_\243\37589\373\363@\3573\001\355/\022c1\276\327\333"
 201      FD3839FB 
 201      F340EF33 
 201      01ED2F12 
 201      6331BED7 
 202 055a EFA5B7C8 		.ascii	"\357\245\267\310\000\026\247\376n\335R\266\203u\223"
 202      0016A7FE 
 202      6EDD52B6 
 202      837593
 203 0569 45FA7EAF 		.ascii	"E\372~\257\375\321O\224\345\003#\313\022\220|\000\333"
 203      FDD14F94 
 203      E50323CB 
 203      12907C00 
 203      DB
 204 057a 75AE69BB 		.ascii	"u\256i\273r\316\275-\270#\300\0056\366\334\034\201\326"
 204      72CEBD2D 
 204      B823C005 
 204      36F6DC1C 
 204      81D6
 205 058c 1F1A5A57 		.ascii	"\037\032ZW\340\202\236\233\245\233L-\305l\207\253\273"
 205      E0829E9B 
 205      A59B4C2D 
 205      C56C87AB 
 205      BB
 206 059d A3AB3790 		.ascii	"\243\2537\220S/\227W\357~\023\257\\\021\257e\006\257"
 206      532F9757 
 206      EF7E13AF 
 206      5C11AF65 
 206      06AF
 207 05af E5386D87 		.ascii	"\3458m\207\033\304\342\254\270]\275\301\251\355\377"
 207      1BC4E2AC 
 207      B85DBDC1 
 207      A9EDFF
 208 05be 64635FD1 		.ascii	"dc_\321\253|\003Ei>2\322\254\004\371\006\321\306p\351"
 208      AB7C0345 
 208      693E32D2 
 208      AC04F906 
 208      D1C670E9 
 209 05d2 8D7157EF 		.ascii	"\215qW\357\330\301<\225!\246\034\203\005*\2562R\254"
 209      D8C13C95 
 209      21A61C83 
 209      052AAE32 
 209      52AC
 210 05e4 D63BF667 		.ascii	"\326;\366g\255c\207\262@\237tm\212\3305.n\005\255\301"
 210      AD6387B2 
 210      409F746D 
 210      8AD8352E 
 210      6E05ADC1 
 211 05f8 E9BBDCD0 		.ascii	"\351\273\334\320\036=\353\326\2415\036\320\240\015\343"
 211      1E3DEBD6 
ARM GAS  /tmp/cc79KAPA.s 			page 17


 211      A1351ED0 
 211      A00DE3
 212 0607 541FCE43 		.ascii	"T\037\316C\035a\202:\\$\307\307\024\253\035\260V\246"
 212      1D61823A 
 212      5C24C7C7 
 212      14AB1DB0 
 212      56A6
 213 0619 AB9E47E2 		.ascii	"\253\236G\342X|\220\014\023E\375\304\210\272\026D\316"
 213      587C900C 
 213      1345FDC4 
 213      88BA1644 
 213      CE
 214 062a A34C3C1A 		.ascii	"\243L<\032\223d\343\005\215\311H\036\371\003\246\034"
 214      9364E305 
 214      8DC9481E 
 214      F903A61C 
 215 063a 23052257 		.ascii	"#\005\"W\031)>\305\334\007\311(\022\310\364\3111\252"
 215      19293EC5 
 215      DC07C928 
 215      12C8F4C9 
 215      31AA
 216 064c 87A65E1D 		.ascii	"\207\246^\035I\323<v1\337\374\340b^5\371\002(\353(\024"
 216      49D33C76 
 216      31DFFCE0 
 216      625E35F9 
 216      0228EB28 
 217 0661 F8EE1F7D 		.ascii	"\370\356\037}FWMYE\331g\364\243\300\375\336\351\350"
 217      46574D59 
 217      45D967F4 
 217      A3C0FDDE 
 217      E9E8
 218 0673 14057DAE 		.ascii	"\024\005}\256-\234\344\321m\032\361\321\\\011\307\360"
 218      2D9CE4D1 
 218      6D1AF1D1 
 218      5C09C7F0 
 219 0683 423C6812 		.ascii	"B<h\022b\214H\354\365F\273}\221^\302\261,N\305\236\266"
 219      628C48EC 
 219      F546BB7D 
 219      915EC2B1 
 219      2C4EC59E 
 220 0698 C55EFDC1 		.ascii	"\305^\375\301\211t\333\227\275\256\234\321\242<\325"
 220      8974DB97 
 220      BDAE9CD1 
 220      A23CD5
 221 06a7 469E0D50 		.ascii	"F\236\015P\324\261TJ\237.\345q\275\250\017\351\317\\"
 221      D4B1544A 
 221      9F2EE571 
 221      BDA80FE9 
 221      CF5C
 222 06b9 3A9782F4 		.ascii	":\227\202\364\034\036\270%\363#\326F\232\002\036;P\015"
 222      1C1EB825 
 222      F323D646 
 222      9A021E3B 
 222      500D
 223 06cb 5FD44216 		.ascii	"_\324B\026\350\366\376\324\015\235\014\331Dk\271\225"
 223      E8F6FED4 
 223      0D9D0CD9 
ARM GAS  /tmp/cc79KAPA.s 			page 18


 223      446BB995 
 224 06db 5378AFCA 		.ascii	"Sx\257\312q\370}\307\226\200\037v\030\300s75\200a^\354"
 224      71F87DC7 
 224      96801F76 
 224      18C07337 
 224      3580615E 
 225 06f0 874D2284 		.ascii	"\207M\"\204\005\245\336dh\260\231\0078\216\005*=q\351"
 225      05A5DE64 
 225      68B09907 
 225      388E052A 
 225      3D71E9
 226 0703 B24D573B 		.ascii	"\262MW;\244\240-\034\302q=\3720\240\257\355N\255\017"
 226      A4A02D1C 
 226      C2713DFA 
 226      30A0AFED 
 226      4EAD0F
 227 0716 8BFECFEE 		.ascii	"\213\376\317\356]$\000Wg\354\336[\251V\327\227\225\336"
 227      5D240057 
 227      67ECDE5B 
 227      A956D797 
 227      95DE
 228 0728 64BBB75A 		.ascii	"d\273\267Z\275\256\321\246\240z}\007?\024\325\264\030"
 228      BDAED1A6 
 228      A07A7D07 
 228      3F14D5B4 
 228      18
 229 0739 4F6EABDA 		.ascii	"On\253\332^\327L7#\247\332E\037\342\267am-\004\371g"
 229      5ED74C37 
 229      23A7DA45 
 229      1FE2B761 
 229      6D2D04F9 
 230 074e 66A7E999 		.ascii	"f\247\351\2319\247\033{I\030\264\035g\202\264\203B\202"
 230      39A71B7B 
 230      4918B41D 
 230      6782B483 
 230      4282
 231 0760 DFC3D04E 		.ascii	"\337\303\320N\012i\313\357+\033\331G`$\240\240]:\236"
 231      0A69CBEF 
 231      2B1BD947 
 231      6024A0A0 
 231      5D3A9E
 232 0773 63A7353C 		.ascii	"c\2475<\305\334\302\230\300\327j\242\251V\023D\015\273"
 232      C5DCC298 
 232      C0D76AA2 
 232      A9561344 
 232      0DBB
 233 0785 DBD0634F 		.ascii	"\333\320cO\372\302\230D\342\320\015B\274\014\212EQ\367"
 233      FAC29844 
 233      E2D00D42 
 233      BC0C8A45 
 233      51F7
 234 0797 1A51F7C1 		.ascii	"\032Q\367\3012\230D+\031\324\273\354X\\c2\231G\376\210"
 234      3298442B 
 234      19D4BBEC 
 234      585C6332 
 234      9947FE88 
 235 07ab 29C76441 		.ascii	")\307dA!\2772R\354\347\037y\246\220@\246g\234)$\304"
ARM GAS  /tmp/cc79KAPA.s 			page 19


 235      21BF3252 
 235      ECE71F79 
 235      A69040A6 
 235      679C2924 
 236 07c0 E7CB57D4 		.ascii	"\347\313W\324:\250\262d\211\177\215\365\026\013\351"
 236      3AA8B264 
 236      897F8DF5 
 236      160BE9
 237 07cf 2D       		.ascii	"-"
 238 07d0 D652CCEE 		.ascii	"\326R\314\356\235\312)<\215\307\371\250\011\3474\221"
 238      9DCA293C 
 238      8DC7F9A8 
 238      09E73491 
 239 07e0 16DF50A0 		.ascii	"\026\337P\240n\000\032KWx:\211C\027\247X\341\251\242"
 239      6E001A4B 
 239      57783A89 
 239      4317A758 
 239      E1A9A2
 240 07f3 A8DF1A51 		.ascii	"\250\337\032Q\033@\341\351\224H6#\242\241\236\301\261"
 240      1B40E1E9 
 240      94483623 
 240      A2A19EC1 
 240      B1
 241 0804 98C9B398 		.ascii	"\230\311\263\230e\3127S\224\357\000\315\007\277\326"
 241      65CA3753 
 241      94EF00CD 
 241      07BFD6
 242 0813 A2C67416 		.ascii	"\242\306t\026\263I\034\013\0263DQ\017\032Q\017\001\213"
 242      B3491C0B 
 242      16334451 
 242      0F1A510F 
 242      018B
 243 0825 D9CA3954 		.ascii	"\331\3129T\022k}\032\242\260\375\211\274J\222\235\244"
 243      126B7D1A 
 243      A2B0FD89 
 243      BC4A929D 
 243      A4
 244 0836 A8B0303C 		.ascii	"\250\2600<\347\345W\346\276\362\3443\341W\337\010\277"
 244      E7E557E6 
 244      BEF2E433 
 244      E157DF08 
 244      BF
 245 0847 FCC2FCF0 		.ascii	"\374\302\374\360k\257\276\376\346\033\341g\236}b|\021"
 245      6BAFBEFE 
 245      E61BE167 
 245      9E7D627C 
 245      11
 246 0858 B38F17BF 		.ascii	"\263\217\027\277\365\026\\y~\376\374\027\013\347)\377"
 246      F5165C79 
 246      7EFEFC17 
 246      0BE729FF 
 247 0868 01952A3D 		.ascii	"\001\225*=q"
 247      71
 248              		.text
 249              		.section	.gnu.lto_.symbol_nodes.7584be6f3638e6e3,"",%progbits
 250 0000 789C4D8B 		.ascii	"x\234M\213\261\011\2000\024\005//\012)\034\322M\276"
 250      B1098030 
ARM GAS  /tmp/cc79KAPA.s 			page 20


 250      14052F2F 
 250      0A291CD2 
 250      4DBE
 251 0012 8585859A 		.ascii	"\205\205\205\232\340\002\006\334\307J\\\300\326!\024"
 251      E00206DC 
 251      C74A5CC0 
 251      D62114
 252 0021 54F0AAC7 		.ascii	"T\360\252\307=\316\0035/\032d\220V0c\313]\205F\231\373"
 252      3DCE0335 
 252      2F1A6490 
 252      563063CB 
 252      5D854699 
 253 0036 CC9E038A 		.ascii	"\314\236\003\2122\375E\331\213\345\316\\\222\371\347"
 253      32FD45D9 
 253      8BE5CE5C 
 253      92F9E7
 254 0045 A06902DE 		.ascii	"\240i\002\336\301\021\3179xW\320N\367\340\0023\261\033"
 254      C111CF39 
 254      7857D04E 
 254      F7E00233 
 254      B11B
 255 0057 1D       		.ascii	"\035"
 256              		.text
 257              		.section	.gnu.lto_.refs.7584be6f3638e6e3,"",%progbits
 258 0000 789C6366 		.ascii	"x\234cf```d\200\002\000\000=\000\005"
 258      60606064 
 258      80020000 
 258      3D0005
 259              		.text
 260              		.section	.gnu.lto_.decls.7584be6f3638e6e3,"",%progbits
 261 0000 789CCD57 		.ascii	"x\234\315WkP\024W\026\356\333wf\230\031\0060\241\312"
 261      6B501457 
 261      16EEDB77 
 261      66981906 
 261      30A1CA
 262 0013 64ADEC16 		.ascii	"d\255\354\026\222*\312<t\024\334\255\255\375\263\232"
 262      922ACA3C 
 262      7414DCAD 
 262      ADFDB39A 
 263 0023 F1B98B09 		.ascii	"\361\271\213\0115\343nvk\177\260\010XL\011h\011\354"
 263      35E36E76 
 263      6B7FB008 
 263      584C0968 
 263      09EC
 264 0035 EABF167C 		.ascii	"\352\277\026|\200/\020\321\200\242L|0\274\301\301\220"
 264      802F10D1 
 264      80A24C7C 
 264      30BCC1C1 
 264      90
 265 0046 282A0405 		.ascii	"(*\004\005\321\020|`\304' >@D\304\030\225\227\260\347"
 265      D1107C60 
 265      C427203E 
 265      4044C418 
 265      9597B0E7 
 266 005a DE3BFDB0 		.ascii	"\336;\375\260\355\244v\377mW\235\271\367\364\371\316"
 266      EDA476FF 
 266      6D579DB9 
ARM GAS  /tmp/cc79KAPA.s 			page 21


 266      F7F4F9CE 
 267 006a D7E7DE73 		.ascii	"\327\347\336sN\367\035\314q\\\034\342\270\011\270~\365"
 267      4EF71DCC 
 267      715C1CE2 
 267      B809B87E 
 267      F5
 268 007b 16C7E5F3 		.ascii	"\026\307\345\363\034\247\203{\021\234|\021\275\014\244"
 268      1CA7837B 
 268      119C7C11 
 268      BD0CA4
 269 008a 02A40AC4 		.ascii	"\002\244\012\304\003\002.\334I\356\365\213`L^_\177\020"
 269      03022EDC 
 269      49EEF58B 
 269      604C5E5F 
 269      7F10
 270 009c 0BC87990 		.ascii	"\013\310y\220\251 \277\006\207f\030\277\005y\017\346"
 270      A920BF06 
 270      876618BF 
 270      05790FE6 
 271 00ac 18C63320 		.ascii	"\030\3063 S`\336\344\345+\343\336\274*48\011\327T/\017"
 271      5360DEE4 
 271      E52BE3DE 
 271      BC2A3438 
 271      09D7542F 
 272 00c1 E1FB0D8C 		.ascii	"\341\373\015\214\3050\352A&\301|\224`a\014\004A\336"
 272      C530EA41 
 272      26C17C94 
 272      60610C04 
 272      41DE
 273 00d3 675578F9 		.ascii	"gUx\371=\032\317 k\362\325x\206\030{\030\222\237E\326"
 273      3D1ACF20 
 273      6BF2D578 
 273      86187B18 
 273      929F45D6 
 274 00e7 100A7333 		.ascii	"\020\012s3\307\270\311\032H\360o\221=\204\351\030\307"
 274      C7B8C91A 
 274      48F06F91 
 274      3D84E918 
 274      C7
 275 00f8 D6331D74 		.ascii	"\3263\035t?\020=bk\253\322x\356S\036\035\253\370\351"
 275      3F103D62 
 275      6BABD278 
 275      EE531E1D 
 275      ABF8E9
 276 010b 7BDF5E1E 		.ascii	"{\337^\036\371\233\203\210z<\2739\327\000\252\305\254"
 276      F99B8388 
 276      7A3CBB39 
 276      D700AAC5 
 276      AC
 277 011c 236AED68 		.ascii	"#j\355h\367\025\335;\273\004\270\262\322\204I:\0241"
 277      F715DD3B 
 277      BB04B8B2 
 277      D284493A 
 277      1431
 278 012e 19B9D114 		.ascii	"\031\271\321\024T\204\246\000k1z\007~\377\241cL\005"
 278      5484A600 
 278      6B317A07 
ARM GAS  /tmp/cc79KAPA.s 			page 22


 278      7EFFA163 
 278      4C05
 279 0140 9EF38F74 		.ascii	"\236\363\217t\230Gd~0\367\316\025\363\307%\340\226."
 279      9847647E 
 279      30F7CE15 
 279      F3C725E0 
 279      962E
 280 0152 D4F762F9 		.ascii	"\324\367b\371q}\303C\367uA\373\205z\327`\313\255\224"
 280      717DC343 
 280      F77541FB 
 280      857AD760 
 280      CBAD94
 281 0165 3CC1952A 		.ascii	"<\301\225*\214OL \312\205J\020F\245\350c\272 \230S\037"
 281      8C4F4C20 
 281      CA854A10 
 281      46A5E863 
 281      BA209853 
 282 017a 548682C0 		.ascii	"T\206\202\300/3\353\361\327\010\177N\311;;G\267#\340"
 282      2F33EBF1 
 282      D7087F4E 
 282      C93B3B47 
 282      B723E0
 283 018d 70B9BAFA 		.ascii	"p\271\272\372N\307\326\257\027\306&&0c(W0\224\213\014"
 283      4EC7D6AF 
 283      17C62626 
 283      30632857 
 283      30948B0C 
 284 01a1 1594C1ED 		.ascii	"\025\224\301\355\276Z\256\3071\224!\267\250\245\301"
 284      BE5AAEC7 
 284      319421B7 
 284      A8A5C1
 285 01b0 9F32B84A 		.ascii	"\2372\270J\016\033\232\205\372\211\211?R\377J\205\177"
 285      0E1B9A85 
 285      FA89893F 
 285      52FF4A85 
 285      7F
 286 01c1 A5E85F45 		.ascii	"\245\350_E\375{.\275\272\353\217S\250\177\313\306\373"
 286      FD7B2EBD 
 286      BAEB8F53 
 286      A87FCBC6 
 286      FB
 287 01d2 17CCE0DF 		.ascii	"\027\314\340\337%\014\276J\253\360\313\365\010\0154"
 287      250CBE4A 
 287      ABF0CBF5 
 287      080D34
 288 01e1 0A8428CB 		.ascii	"\012\204(\313\021\005\313\021\221\305CY\352N\0155\231"
 288      1105CB11 
 288      91C54359 
 288      EA4E0D35 
 288      99
 289 01f2 B107519A 		.ascii	"\261\007Q\232\255\351]\347\314\270\226)\353\012k\267"
 289      ADE95DE7 
 289      CCB89629 
 289      EB0A6BB7 
 290 0202 FAC0CE4F 		.ascii	"\372\300\316O5\323\215\352\334;|\310DU\322\030\001p"
 290      35D38DEA 
 290      DC3B7CC8 
ARM GAS  /tmp/cc79KAPA.s 			page 23


 290      4455D218 
 290      0170
 291 0214 8BAF1E2E 		.ascii	"\213\257\036.8\215P\210\371\020l\353\340vw\367\2424"
 291      388D5088 
 291      F9106CEB 
 291      E07677F7 
 291      A234
 292 0226 610EFA06 		.ascii	"a\016\372\006\231\321Q\351y\324\233\\\351\202\220JR"
 292      99D151E9 
 292      79D49B5C 
 292      E982904A 
 292      52
 293 0237 665AC449 		.ascii	"fZ\304I\011C_\243\020\000P(\372\012n\326\300M\340\315"
 293      09435FA3 
 293      10005028 
 293      FA0A6ED6 
 293      C04DE0CD 
 294 024b 4B17CEFA 		.ascii	"K\027\316\372\"s\210\246\317q\015\037\032@\377\246\354"
 294      227388A6 
 294      CF710D1F 
 294      1A40FFA6 
 294      EC
 295 025c C982A043 		.ascii	"\311\202\240C\307 \200j9\000\210GJ\366\375\376\322\313"
 295      C720806A 
 295      39008847 
 295      4AF6FDFE 
 295      D2CB
 296 026e 66FC052B 		.ascii	"f\374\005+\211\372\321\362sdA\200\027F6N#\267.\015<"
 296      89FAD1F2 
 296      73644180 
 296      1746364E 
 296      23B72E0D 
 297 0283 ECD6BFFF 		.ascii	"\354\326\277\377\245\340:0\330\262\337I\213A \231\240"
 297      A5E03A30 
 297      D8B2DF49 
 297      8B412099 
 297      A0
 298 0294 9CB58C53 		.ascii	"\234\265\214SQn\265d+\321\011\022\325I\364>\370{\016"
 298      516EB564 
 298      2BD10912 
 298      D549F43E 
 298      F87B0E
 299 02a7 1EAE31D1 		.ascii	"\036\2561\321\332\235C\350\016\355\332]\246\247\265"
 299      DA9D43E8 
 299      0EEDDA5D 
 299      A6A7B5
 300 02b6 6B246AFF 		.ascii	"k$j\377\351\274a\214\335\354\351\205m\331{\002\314\260"
 300      E9BC618C 
 300      DDECE985 
 300      6DD97B02 
 300      CCB0
 301 02c8 C2B4FF6A 		.ascii	"\302\264\377j\205\340\221z\261\377n\000\256f\356uM\255"
 301      85E0917A 
 301      B1FF6E00 
 301      AE66EE75 
 301      4DAD
 302 02da 074CB886 		.ascii	"\007L\270\206*\272\216\262\243\027\002Pp`p\210KX\237"
ARM GAS  /tmp/cc79KAPA.s 			page 24


 302      2ABA8EB2 
 302      A3170250 
 302      70607088 
 302      4B589F
 303 02ed 363892F1 		.ascii	"68\222\361\344O\331i\302\241w\321\267\020v\003\204\335"
 303      E44FD969 
 303      C2A177D1 
 303      B7107603 
 303      84DD
 304 02ff 880265FA 		.ascii	"\210\002e\372i$\364\017\341\207\333A\333\310%\314\321"
 304      6924F40F 
 304      E187DB41 
 304      DBC825CC 
 304      D1
 305 0310 71E81498 		.ascii	"q\350\024\230\353\350\252\010\230\254\363,\204q\006"
 305      EBE8AA08 
 305      98ACF32C 
 305      847106
 306 031f 05A32614 		.ascii	"\005\243&\024L\367\217p\273N\226\032\232gR\336\323\232"
 306      4CF78F70 
 306      BB4E961A 
 306      9A6752DE 
 306      D39A
 307 0331 BC6E4241 		.ascii	"\274nBA\363\321u\274\324  \002\341\304\332\023\363\300"
 307      F3D175BC 
 307      D4202002 
 307      E1C4DA13 
 307      F3C0
 308 0343 6F7EE62E 		.ascii	"o~\346.6\242\300\020\255\000\3209x\356\317\305@\211"
 308      36A2C010 
 308      AD00D039 
 308      78EECFC5 
 308      4089
 309 0355 4FAD30A2 		.ascii	"O\2550\242f\000\324\313I&O\021\223\334x\247\342\251"
 309      6600D4CB 
 309      49264F11 
 309      93DC78A7 
 309      E2A9
 310 0367 C5B259AA 		.ascii	"\305\262Y\252\035\212\225\223v\036Yh\371\303\010\340"
 310      1D8A9593 
 310      761E5968 
 310      F9C308E0 
 311 0377 EE9E9E54 		.ascii	"\356\236\236T\013\315X=\315\321\321\272\352\037-4e\351"
 311      0BCD583D 
 311      CDD1D1BA 
 311      EA1F2D34 
 311      65E9
 312 0389 749FF7B4 		.ascii	"t\237\367\264\266g\350\361\000\333\364k\035]\365\276"
 312      B667E8F1 
 312      00DBF46B 
 312      1D5DF5BE 
 313 0399 78842942 		.ascii	"x\204)Bf\317z\214S1U2\262\323z\214x\023S*=\243\005&"
 313      66CF7A8C 
 313      53315532 
 313      B2D37A8C 
 313      7813532A 
 314 03b1 BC8529DF 		.ascii	"\274\205)\337u\017=c\204\223\210\272\257\251\361\262"
ARM GAS  /tmp/cc79KAPA.s 			page 25


 314      750F3D63 
 314      849388BA 
 314      AFA9F1B2 
 315 03c1 01E730DB 		.ascii	"\001\3470\333\323\2535\037\341}l\236\367\262\245)\200"
 315      D3AB351F 
 315      E17D6C9E 
 315      F7B2A529 
 315      80
 316 03d2 E2DEA5A5 		.ascii	"\342\336\245\245s-3\037\343Bf\033n\355\371\012\343*"
 316      732D331F 
 316      E342661B 
 316      6EEDF90A 
 316      E32A
 317 03e4 A688EF47 		.ascii	"\246\210\357G\013{?\266\025e\245\033\3611f{\276\267"
 317      0B7B3FB6 
 317      1565A51B 
 317      F131667B 
 317      BEB7
 318 03f6 6F3AA929 		.ascii	"o:\251)\301\273r\213Y\261\360\033\244\021 K\350\003"
 318      C1BB728B 
 318      59B1F01B 
 318      A411204B 
 318      E803
 319 0408 5A4EED4F 		.ascii	"ZN\355OsR\375\337\316\362f \210\365\215\\\0057\321\333"
 319      7352FDDF 
 319      CEF26620 
 319      88F58D5C 
 319      0537D1DB 
 320 041c A20F41B7 		.ascii	"\242\017A\267\012\271Y\376\270\201=\246\250\2735\333"
 320      0AB959FE 
 320      B8813DA6 
 320      A8BB35DB 
 321 042c 8F8640BB 		.ascii	"\217\206@\273\246\244c4M\217[\230\255\363eg\203\017"
 321      A6A46334 
 321      4D8F5B98 
 321      ADF36567 
 321      830F
 322 043e B5CD24EA 		.ascii	"\265\315$\352\331\303\225\005\006|\205\331\316>z\321"
 322      D9C39505 
 322      067C85D9 
 322      CE3E7AD1 
 323 044e 87F02DA6 		.ascii	"\207\360-\246\254\253/oc\300\337\023\365Ay\323A\177"
 323      ACAB2F6F 
 323      63C0DF13 
 323      F54179D3 
 323      417F
 324 0460 7C8FD9AE 		.ascii	"|\217\331\256\2737\3554\342\001\246\210MeaM\325\330"
 324      BB37ED34 
 324      E201A688 
 324      4D65614D 
 324      D5D8
 325 0472 BEF1A101 		.ascii	"\276\361\241\001\277`\266\211\232\334s~x\334\2733G\262"
 325      BF60B689 
 325      9ADC737E 
 325      78DCBB33 
 325      47B2
 326 0484 86FD2970 		.ascii	"\206\375)p\021M]sj\243\036\247\353\250\255\347T\277"
ARM GAS  /tmp/cc79KAPA.s 			page 26


 326      114D5D73 
 326      6AA31EA7 
 326      EBA8ADE7 
 326      54BF
 327 0496 C0535B04 		.ascii	"\300S[\004Q\267\335s\0354\342lf\313{\374 \323\200\363"
 327      51B7DD73 
 327      1D34E26C 
 327      66CB7BFC 
 327      20D380F3 
 328 04aa 99927E22 		.ascii	"\231\222~\"\247\220=\355oD\035\035/~\342\207\013\231"
 328      A7903DED 
 328      6F441D1D 
 328      2F7EE287 
 328      0B99
 329 04bc ADD42D4C 		.ascii	"\255\324-L\306Ul^UW\232\301p\377\244\251,\351(\012\300"
 329      C6556C5E 
 329      55579AC1 
 329      70FFA4A9 
 329      2CE9280A 
 330 04d1 C799ED6A 		.ascii	"\307\231\355j\343\215[~\370\014S\366f]\316c\005\020"
 330      E38D5B7E 
 330      F80C53F6 
 330      665DCE63 
 330      0510
 331 04e3 47D41D87 		.ascii	"G\324\035\207s6\362\270\225\331\012\266{\206\331\307"
 331      7336F2B8 
 331      95D90AB6 
 331      7B86D9C7 
 332 04f3 6D155147 		.ascii	"m\025QG\266V7\361\270\215\331\216\374\320\333n\246\266"
 332      B65637F1 
 332      B88DD98E 
 332      FCD0DB6E 
 332      A6B6
 333 0505 354475B5 		.ascii	"5Du\265\325\025[\360mf\333u\"?\233=\\\240z_\365\370"
 333      D5155BF0 
 333      6D66DB75 
 333      223F9B3D 
 333      5CA07A5F 
 334 051b 5D3DBE4B 		.ascii	"]=\276K\215A\3555\333\266\"\024\374\363W`\010\374\220"
 334      8D41ED35 
 334      DBB62214 
 334      FCF35760 
 334      08FC90
 335 052e 6EEEBA59 		.ascii	"n\356\272Yz\336\"x\373\271\015\272i7\257\350\347\313"
 335      7ADE2278 
 335      FBB90DBA 
 335      6937AFE8 
 335      E7CB
 336 0540 486E68DA 		.ascii	"Hnh\332\373\027\244\336oUc\247)\241\202\340\352\375"
 336      FB17A4DE 
 336      6F5563A7 
 336      29A182E0 
 336      EAFD
 337 0552 08905042 		.ascii	"\010\220PB\350\226\027)u\367m$\275~(\351-\211\364\212"
 337      E8961729 
 337      75F76D24 
 337      BD7E28E9 
ARM GAS  /tmp/cc79KAPA.s 			page 27


 337      2D89F48A 
 338 0566 9AF40715 		.ascii	"\232\364\007\0254\275\\\371\356y\015\372\\\035k\253"
 338      34BD5CF9 
 338      EE790DFA 
 338      5C1D6BAB 
 339 0576 44DBA019 		.ascii	"D\333\240\031\253\314\372XB\336S#\357+\003\020R]\243"
 339      ABCCFA58 
 339      42DE5323 
 339      EF2B0310 
 339      525DA3
 340 0589 144AFA64 		.ascii	"\024J\372d@\015}\254\016`\263\024\354\220\032;\254\242"
 340      400D7DAC 
 340      0E60B314 
 340      EC901A3B 
 340      ACA2
 341 059b ED9768EF 		.ascii	"\355\227h\357\252\241\335j\332WR\264O\325\330\301\327"
 341      AAA1DD6A 
 341      DA5752B4 
 341      4FD5D8C1 
 341      D7
 342 05ac B0C07B5B 		.ascii	"\260\300{[\342\275\252\275\265\212\204\215\213\011\373"
 342      E2BDAABD 
 342      B58A848D 
 342      8B09FB
 343 05bb 519DB067 		.ascii	"Q\235\260g\252,\214H\021\364ko\302\207\022\351\023\221"
 343      AA2C8C48 
 343      11F46B6F 
 343      C28712E9 
 343      1391
 344 05cd B4474DDA 		.ascii	"\264GM\332\253\"\275.\221^T\223\326\251\267`X\302>R"
 344      AB22BD2E 
 344      915E5493 
 344      D6A9B760 
 344      58C23E52 
 345 05e1 63FBD4D8 		.ascii	"c\373\324\330\207\022\266C\215\355T\2050 A\037h\327"
 345      8712B643 
 345      8DED5485 
 345      3020411F 
 345      68D7
 346 05f3 8182B643 		.ascii	"\201\202\266C\302\266\253\261\327T\264\217$\350\035"
 346      C2B6ABB1 
 346      D754B48F 
 346      24E81D
 347 0602 EDE4CAD0 		.ascii	"\355\344\312\320\033\022\364\222v/\312\320k\022\364"
 347      1B12F492 
 347      762FCAD0 
 347      6B12F4
 348 0611 82F67EC9 		.ascii	"\202\366~\311\3201\011\372D\273bdh\247\004\275\256\275"
 348      D03109FA 
 348      44BB6264 
 348      68A704BD 
 348      AEBD
 349 0623 2CC5160C 		.ascii	",\305\026\014I\330\207\332Y\220\313 c\272\267\014^\250"
 349      49D887DA 
 349      5990CB20 
 349      63BAB70C 
 349      5EA8
ARM GAS  /tmp/cc79KAPA.s 			page 28


 350 0635 CBE0A58C 		.ascii	"\313\340\245\214dG\001\201\036\005\276\003{\0135\021"
 350      64470181 
 350      1E05BE03 
 350      7B0B3511 
 351 0645 3439077C 		.ascii	"49\007|\301\207 \201\017Fcp\026\330\001\343f\220,\220"
 351      C1872081 
 351      0F466370 
 351      16D801E3 
 351      66902C90 
 352 0659 51D0C741 		.ascii	"Q\320\307A6\302|;\310N\220W\240o\2051\017$\023d=\310"
 352      36C27C3B 
 352      C84E9057 
 352      A06F8531 
 352      0F241364 
 353 066f 3A906D20 		.ascii	":\220m \031 9 [@\322ARA\262A6\200l\002\331\0032\001"
 353      19203920 
 353      5B40D241 
 353      5241B241 
 353      36806C02 
 354 0687 FEBB604C 		.ascii	"\376\273`L\003\311\345\025\347\216\026z\240\201\220"
 354      03C9E515 
 354      E78E167A 
 354      A08190
 355 0696 54071AFA 		.ascii	"T\007\032\372*\335R.\277JG\264;^\261{}\322\356ui\327"
 355      2ADD522E 
 355      BF4A47B4 
 355      3B5EB17B 
 355      7DD2EE75 
 356 06ac A5023B21 		.ascii	"\245\002;!a\177\322~\355\321\375\203SU\301\027\017\232"
 356      617FD27E 
 356      EDD1FD83 
 356      5355C117 
 356      0F9A
 357 06be 0D282490 		.ascii	"\015($\220\006\273-\301\210\362\001\373\275|H\"\221"
 357      06BB2DC1 
 357      88F201FB 
 357      BD7C4822 
 357      91
 358 06cf D34B6BAF 		.ascii	"\323Kk\257\321^\330\342\377\227\355&\337\341\314\352"
 358      D15ED8E2 
 358      FF97ED26 
 358      DFE1CCEA 
 359 06df 9306E529 		.ascii	"\223\006\345).\237W\236\342\366\361\354\024\007#9q\275"
 359      2E9F579E 
 359      E2F6F1EC 
 359      14072339 
 359      71BD
 360 06f1 B858E2AB 		.ascii	"\270X\342\253\004\223?=2x\277\027\274\237\202k\207j"
 360      04933F3D 
 360      3278BF17 
 360      BC9F826B 
 360      876A
 361 0703 DCFEF4C8 		.ascii	"\334\376\364\310\327\305\316\027'z\237\263\223\327{"
 361      D7C5CE17 
 361      277A9FB3 
 361      93D77B
 362 0712 F4985DBF 		.ascii	"\364\230]\277\341\005\217\007\330\207\266w{n\232\037"
ARM GAS  /tmp/cc79KAPA.s 			page 29


 362      E1058F07 
 362      D887B677 
 362      7B6E9A1F 
 363 0722 1E634A43 		.ascii	"\036cJC\363\316J_,\350\331\021\345|\237\333\20070\245"
 363      F3CE4A5F 
 363      2CE8D911 
 363      E57C9FDB 
 363      803730A5 
 364 0736 30E76546 		.ascii	"0\347eF\000\336\306\224\227\243\217\377\200\263\330"
 364      00DEC694 
 364      97A38FFF 
 364      80B3D8
 365 0745 7C774BF7 		.ascii	"|wK\367\016\037\274\233*\246WY\351'M(\320\373\025\016"
 365      0E1FBC9B 
 365      2AA65759 
 365      E9274D28 
 365      D0FB150E 
 366 0759 5166A180 		.ascii	"Qf\241\200\237\202\\<\211\265\310\233\202*HA9lI1H\005"
 366      9F825C3C 
 366      89B5C89B 
 366      822A4841 
 366      396C4931 
 367 076f 48254809 		.ascii	"H%H\011H\031H)/\237\310\273J\212\345\302;\310cJ\240"
 367      48194829 
 367      2F9FC8BB 
 367      4A8AE5C2 
 367      3BC8634A 
 368 0784 FD5D865A 		.ascii	"\375]\206Z*/V~\026\213~\351\025S)A\335jV\365\207\271"
 368      2A2F567E 
 368      168B7EE9 
 368      15532941 
 368      DD6A56F5 
 369 079a 428216AA 		.ascii	"B\202\026\252\241o\034\"\212%\354\001\315`e\326R\011"
 369      A16F1C22 
 369      8A25EC01 
 369      CD6065D6 
 369      5209
 370 07ac 79488D54 		.ascii	"yH\215T\277\343\312$\350am\250\342oIA1\351\342\2427"
 370      BFE3CA24 
 370      E8616DA8 
 370      E26F4941 
 370      31E9E2A2 
 371 07c1 BA181A68 		.ascii	"\272\030\032h\354f^\215\257\330@\3378\215\310"
 371      EC665E8D 
 371      AFD840DF 
 371      388DC8
 372 07d0 034C5FF2 		.ascii	"\003L_\362R\003\025i5\220\230:t\0042\366\277d\217\234"
 372      52031569 
 372      3590983A 
 372      740432F6 
 372      BF648F9C 
 373 07e4 C1CFEEDA 		.ascii	"\301\317\356\332\347\243\254[\317kE^\355\255[2N\211"
 373      E7A3AC5B 
 373      CF6B455E 
 373      EDAD5B32 
 373      4E89
 374 07f6 8B8A8F8C 		.ascii	"\213\212\217\214\217\217\211\\\026\025\275\"eUd\314"
ARM GAS  /tmp/cc79KAPA.s 			page 30


 374      8F8F895C 
 374      1615BD22 
 374      655564CC 
 375 0806 CA842867 		.ascii	"\312\204(gb\2443\321\231lX\370\351_\202l\\\350\214\031"
 375      62A433D1 
 375      996C58F8 
 375      E95F826C 
 375      5CE88C19 
 376 081a 565B9C73 		.ascii	"V[\234s\231\3633\207ue\222\025\360\326U+W''Y\035K\227"
 376      99F33387 
 376      75659215 
 376      F0D6552B 
 376      57272759 
 377 0831 8485B2DF 		.ascii	"\204\205\262\337\005\263\327\254\261z\231fDs\026\221"
 377      05B3D7AC 
 377      B17A9966 
 377      44731691 
 378 0841 94D04C4A 		.ascii	"\224\320LJJN\010\013\215\214\216_\031\275\202\336\360"
 378      4A4E080B 
 378      8D8C8E5F 
 378      19BD82DE 
 378      F0
 379 0852 8949885A 		.ascii	"\211I\210Z\014\343\354_&\016\017\237g\235\267d\356\277"
 379      0CE3EC5F 
 379      260E0F9F 
 379      679DB764 
 379      EEBF
 380 0864 42AD8C00 		.ascii	"B\255\214\000\274f\304q\306\024gb2h\311\346\310Hq:\335"
 380      BC66C471 
 380      C6146762 
 380      3268C9E6 
 380      C848713A 
 381 0879 9A92B4DA 		.ascii	"\232\222\264\332\352L\214\216O\211\211\265&\306\376"
 381      EA4C8C8E 
 381      4F8989B5 
 381      26C6FE
 382 0888 3BDEB9CC 		.ascii	";\336\271\314\232\020\025\035\347L\214\265F\306\304"
 382      9A10151D 
 382      E74C8CB5 
 382      46C6C4
 383 0897 2E8F4A89 		.ascii	".\217J\211O\216L^\273*6\011\030\202\265\320Ik\223\254"
 383      4F8E4C5E 
 383      BB2A3609 
 383      1882B5D0 
 383      496B93AC 
 384 08ab 9149C931 		.ascii	"\221I\3111\300\010\220\000\307\332\244\344\330\004\333"
 384      C0089000 
 384      C7DAA4E4 
 384      D804DB
 385 08ba CAD5B136 		.ascii	"\312\325\2616\022\266o\304\347\366\310\245\340?/v9o"
 385      12B66FC4 
 385      E7F6C8A5 
 385      E03F2F76 
 385      396F
 386 08cc B3639BC3 		.ascii	"\263c\233\303\036\366z\360\261k\222\255\266%\216\305"
 386      1EF67AF0 
 386      B16B92AD 
ARM GAS  /tmp/cc79KAPA.s 			page 31


 386      B6258EC5 
 387 08dc 0E085EB1 		.ascii	"\016\010^\261%4\362\345\263g\315Z\023\013\264\276v\233"
 387      2534F2E5 
 387      B367CD5A 
 387      130BB4BE 
 387      769B
 388 08ee 4DA4F189 		.ascii	"M\244\361\211\010\017\267-Xh\327\221\037l[l7\316]\364"
 388      080FB72D 
 388      5868D791 
 388      1F6C5B6C 
 388      37CE5DF4 
 389 0902 C92CBB63 		.ascii	"\311,\273c)\235\204\212\223021\331\347;\346\333\377"
 389      299D848A 
 389      93303231 
 389      D9E73BE6 
 389      DBFF
 390 0914 3A7FDE4C 		.ascii	":\177\336L\343\334\010\021\024\301@\222m\226\017!\230"
 390      E3DC0811 
 390      14C14092 
 390      6D960F21 
 390      98
 391 0925 FFA99D8C 		.ascii	"\377\251\235\214\241\3361\014F\011\021\352C\274\251"
 391      A1DE310C 
 391      460911EA 
 391      43BCA9
 392 0934 25822224 		.ascii	"%\202\"$K\230\211\370\206G\220{\304[\232\205\261\231"
 392      4B9889F8 
 392      8647907B 
 392      C45B9A85 
 392      B199
 393 0946 889B6D22 		.ascii	"\210\233m\"\014^k\204\210\023\255\277\325}2\317&\253"
 393      0C5E6B84 
 393      8813ADBF 
 393      D57D32CF 
 393      26AB
 394 0958 BFD33B1C 		.ascii	"\277\323;\034\266\205v3,tq\250\203,\323oA\370\\\307"
 394      B6857633 
 394      2C7471A8 
 394      832CD36F 
 394      41F85CC7 
 395 096c 227107F0 		.ascii	"\"q\007\360\\\233]\367\347\371\177\267\373|\026\261"
 395      5C9B5DF7 
 395      E7F97FB7 
 395      FB7C16B1 
 396 097c 948CBCC3 		.ascii	"\224\214\274\303\256\207\251\315n\240\277\263\376\003"
 396      AE87A9CD 
 396      6EA0BFB3 
 396      FE03
 397 098a D6309C1F 		.ascii	"\3260\234\037"
 398              		.text
 399              		.section	.gnu.lto_.symtab.7584be6f3638e6e3,"",%progbits
 400 0000 68616C5F 		.ascii	"hal_lld_init\000\000\000\000\000\000\000\000\000\000"
 400      6C6C645F 
 400      696E6974 
 400      00000000 
 400      00000000 
 401 0016 0000AE00 		.ascii	"\000\000\256\000\000\000stm32_clock_init\000\000\000"
ARM GAS  /tmp/cc79KAPA.s 			page 32


 401      00007374 
 401      6D33325F 
 401      636C6F63 
 401      6B5F696E 
 402 002f 00000000 		.ascii	"\000\000\000\000\000\000\000\000\000\260\000\000\000"
 402      00000000 
 402      00B00000 
 402      00
 403 003c 53797374 		.ascii	"SystemCoreClock\000\000\000\000\000\000\000\000\000"
 403      656D436F 
 403      7265436C 
 403      6F636B00 
 403      00000000 
 404 0054 000000BD 		.ascii	"\000\000\000\275\000\000\000dmaInit\000\000\002\000"
 404      00000064 
 404      6D61496E 
 404      69740000 
 404      0200
 405 0066 00000000 		.ascii	"\000\000\000\000\000\000\000\000\262\000\000\000"
 405      00000000 
 405      B2000000 
 406              		.text
 407              		.section	.gnu.lto_.opts,"",%progbits
 408 0000 272D666E 		.ascii	"'-fno-trapv' '-fno-strict-overflow' '-mcpu=cortex-m"
 408      6F2D7472 
 408      61707627 
 408      20272D66 
 408      6E6F2D73 
 409 0033 34272027 		.ascii	"4' '-mfloat-abi=hard' '-mfpu=fpv4-sp-d16' '-mno-thu"
 409      2D6D666C 
 409      6F61742D 
 409      6162693D 
 409      68617264 
 410 0066 6D622D69 		.ascii	"mb-interwork' '-mthumb' '-ggdb' '-O0' '-Werror' '-f"
 410      6E746572 
 410      776F726B 
 410      2720272D 
 410      6D746875 
 411 0099 6F6D6974 		.ascii	"omit-frame-pointer' '-falign-functions=16' '-ffunct"
 411      2D667261 
 411      6D652D70 
 411      6F696E74 
 411      65722720 
 412 00cc 696F6E2D 		.ascii	"ion-sections' '-fdata-sections' '-fno-common' '-flt"
 412      73656374 
 412      696F6E73 
 412      2720272D 
 412      66646174 
 413 00ff 6F272027 		.ascii	"o' '-fsingle-precision-constant'\000"
 413      2D667369 
 413      6E676C65 
 413      2D707265 
 413      63697369 
 414              		.text
 415              		.comm	__gnu_lto_v1,1,1
 416              		.comm	__gnu_lto_slim,1,1
 417              		.ident	"GCC: (15:4.9.3+svn231177-1) 4.9.3 20150529 (prerelease)"
ARM GAS  /tmp/cc79KAPA.s 			page 33


ARM GAS  /tmp/cc79KAPA.s 			page 34


DEFINED SYMBOLS
                            *ABS*:0000000000000000 hal_lld.c
                            *COM*:0000000000000001 __gnu_lto_v1
                            *COM*:0000000000000001 __gnu_lto_slim

NO UNDEFINED SYMBOLS
