ARM GAS  /tmp/ccuB6Unm.s 			page 1


   1              		.syntax unified
   2              		.cpu cortex-m4
   3              		.eabi_attribute 27, 1
   4              		.eabi_attribute 28, 1
   5              		.fpu fpv4-sp-d16
   6              		.eabi_attribute 20, 1
   7              		.eabi_attribute 21, 1
   8              		.eabi_attribute 23, 3
   9              		.eabi_attribute 24, 1
  10              		.eabi_attribute 25, 1
  11              		.eabi_attribute 26, 1
  12              		.eabi_attribute 30, 6
  13              		.eabi_attribute 34, 1
  14              		.eabi_attribute 18, 4
  15              		.thumb
  16              		.file	"main.c"
  17              		.text
  18              	.Ltext0:
  19              		.section	.gnu.lto_.inline.b641c54410eee384,"",%progbits
  20 0000 789C6366 		.ascii	"x\234cf\300\0164\2404#\003\003\2476\003\003\023\333"
  20      C00E34A0 
  20      34230303 
  20      A7360303 
  20      13DB
  21 0012 073D0616 		.ascii	"\007=\006\026\006&\260\020\027&\301\000\0006e\001\271"
  21      0626B010 
  21      1726C100 
  21      00366501 
  21      B9
  22              		.text
  23              		.section	.gnu.lto_main.b641c54410eee384,"",%progbits
  24 0000 789C9592 		.ascii	"x\234\225\222\317KTQ\024\307\317\367\334;\317\021)B"
  24      CF4B5451 
  24      14C7CFF7 
  24      DC3BCF11 
  24      2942
  25 0012 5AB90A66 		.ascii	"Z\271\012f\241\233\351/\020\332\266\214Vm\305U\213\244"
  25      A19BE92F 
  25      10DAB68C 
  25      566DC555 
  25      8BA4
  26 0024 7F40BAE9 		.ascii	"\177@\272\351\020\202\024b-\264\030\265\205\344\217"
  26      10821462 
  26      2DB418B5 
  26      85E48F
  27 0033 1CCD726A 		.ascii	"\034\315rjj\363\010\301\026\212\212\213B\002\005_\340"
  27      6AF308C1 
  27      168A8A8B 
  27      4202055F 
  27      E0
  28 0044 2C82F107 		.ascii	",\202\361\007\330C\354u\316{B\312\370\026^\270\347q"
  28      D843EC75 
  28      CE7B42CA 
  28      F8165EB8 
  28      E771
  29 0056 EFFD7CBF 		.ascii	"\357\375|\277\347\274s\257\241\372\221\323`\210\032"
  29      E7BC73AF 
ARM GAS  /tmp/ccuB6Unm.s 			page 2


  29      A1FA91D3 
  29      60881A
  30 0065 F56B094C 		.ascii	"\365k\011L2!\0330q\004=b\003\231\011^\345=F\245t\270"
  30      32211B30 
  30      71043D62 
  30      0399095E 
  30      E53D46A5 
  31 007b D2B4CB21 		.ascii	"\322\264\313!\323\015\222\345\347\301oC\236.auy<^\253"
  31      D30D92E5 
  31      E7C16F43 
  31      9E2E6175 
  31      793C5EAB 
  32 008f 7AADE3CE 		.ascii	"z\255\343\316\271\332\376\324\223\314\355\220\231\016"
  32      B9DAFED4 
  32      93CCED90 
  32      990E
  33 009d 98F0062D 		.ascii	"\230\360\006-\230@\213\230`\022\255J\356\025N\2767y"
  33      98408B98 
  33      6012AD4A 
  33      EE154EBE 
  33      3779
  34 00af 0521AF29 		.ascii	"\005!\257)!\007S\360 e\310\331\350@\350\333\334k\347"
  34      210753F0 
  34      2065C8D9 
  34      E840E8DB 
  34      DC6BE7
  35 00c2 7AB65FAE 		.ascii	"z\266_\256\005w\374\302\230\373\033E\010\245\220\363"
  35      0577FCC2 
  35      98FB1B45 
  35      08A590F3 
  36 00d2 663A308D 		.ascii	"f:0\215\3349\215\033~1\306}~\024\335J\021\274\215\005"
  36      DC398D1B 
  36      7E31C67D 
  36      7E14DD4A 
  36      11BC8D05 
  37 00e6 9B8BC5E7 		.ascii	"\233\213\305\347\231:\201\275H0sYA\011\271\331f\337"
  37      993A81BD 
  37      48307359 
  37      4109B9D9 
  37      66DF
  38 00f8 45D1C64E 		.ascii	"E\321\306N\2053 )\2045\030\011\326j \012\364\247\351"
  38      85332029 
  38      84351809 
  38      D66A200A 
  38      F4A7E9
  39 010b 973488CC 		.ascii	"\2274\210\314&zjsO\333\264\005G\322\032\306\321D\365"
  39      267A6A73 
  39      4FDBB405 
  39      47D21AC6 
  39      D144F5
  40 011e 4756DB6A 		.ascii	"GV\333j\234?\340\256\022f\305\\\250\207\011\302\247"
  40      9C3FE0AE 
  40      1266C55C 
  40      A88709C2 
  40      A7
  41 012f EBAF6524 		.ascii	"\353\257e$\033F4[\301\352z\242!m\360\302\237\321\337"
  41      1B46345B 
ARM GAS  /tmp/ccuB6Unm.s 			page 3


  41      C1EA7AA2 
  41      216DF0C2 
  41      9FD1DF
  42 0142 578A7825 		.ascii	"W\212x%m\313\250bN\313\223\375`\271\277\234\315O\273"
  42      6DCBA862 
  42      4ECB93FD 
  42      60B9BF9C 
  42      CD4FBB
  43 0155 C2E36CC8 		.ascii	"\302\343l\310\036\336\241\210\375\270\024\314#/\236"
  43      1EDEA188 
  43      FDB814CC 
  43      232F9E
  44 0164 BD875EE2 		.ascii	"\275\207^\342i\023\333\245\342\356\274U[\013\302\373"
  44      6913DBA5 
  44      E2EEBC55 
  44      5B0BC2FB 
  45 0174 24ED609C 		.ascii	"$\355`\234\266.\011\322\222|\370\237d\001y\261\246\237"
  45      B62E09D2 
  45      927CF89F 
  45      640179B1 
  45      A69F
  46 0186 E8F5BF5C 		.ascii	"\350\365\277\\W\027\305G6\236\225\270\373\330\3659\301"
  46      5717C547 
  46      369E95B8 
  46      FBD8F539 
  46      C1
  47 0197 1B0E58DE 		.ascii	"\033\016X\336\001\312\350\226Fec\262=\015\324\027\373"
  47      01CAE896 
  47      466563B2 
  47      3D0DD417 
  47      FB
  48 01a8 F10C7837 		.ascii	"\361\014x7\015\324\347\374\351\014x/\015\224\233A\345"
  48      0DD4E7FC 
  48      E90C782F 
  48      0D949B41 
  48      E5
  49 01b9 14D44B12 		.ascii	"\024\324K\022\241\011\264 \031\015\017:\356w\335\354"
  49      A109B420 
  49      190D0F3A 
  49      EE77DDEC 
  50 01c9 A47F80EF 		.ascii	"\244\177\200\357\003\231"
  50      0399
  51              		.text
  52              		.section	.gnu.lto_.symbol_nodes.b641c54410eee384,"",%progbits
  53 0000 789C4DC8 		.ascii	"x\234M\310\253\021\2000\020\204\341?w\021i\213\242\320"
  53      AB118030 
  53      1084E13F 
  53      7711698B 
  53      A2D0
  54 0012 17C16078 		.ascii	"\027\301`xv\000\202R\320H<3Hj`x\212\254\331\375V\201"
  54      76008252 
  54      D0483C33 
  54      486A6078 
  54      8AACD9FD 
  55 0028 9C3F5289 		.ascii	"\234?R\211A\277\200\031\353\030p\235\230\373\016b\274"
  55      41BF8019 
  55      EB18709D 
ARM GAS  /tmp/ccuB6Unm.s 			page 4


  55      98FB0E62 
  55      BC
  56 0039 DD8A49EA 		.ascii	"\335\212I\352FLS\327b>\261\342\231\2673\323{\355o\013"
  56      464C53D7 
  56      623EB1E2 
  56      99B733D3 
  56      7BED6F0B 
  57 004d 45790C41 		.ascii	"Ey\014AqL\317\340\002E> \225"
  57      714CCFE0 
  57      02453E20 
  57      95
  58              		.text
  59              		.section	.gnu.lto_.refs.b641c54410eee384,"",%progbits
  60 0000 789C6366 		.ascii	"x\234cf```d\200\002\000\000=\000\005"
  60      60606064 
  60      80020000 
  60      3D0005
  61              		.text
  62              		.section	.gnu.lto_.decls.b641c54410eee384,"",%progbits
  63 0000 789C8D54 		.ascii	"x\234\215T\355O[U\030\277Oo)\364\266\274(\311f\366\305"
  63      ED4F5B55 
  63      18BF4F6F 
  63      29F4B6BC 
  63      28C966F6 
  64 0015 D20F8D31 		.ascii	"\322\017\2151\263W`\177\300\244\010c\011\216\330\355"
  64      B357607F 
  64      C0A40863 
  64      098ED8ED 
  65 0025 0B9A34A5 		.ascii	"\013\2324\245\\l\023Z\015\275\215\360\355Hg\206\013"
  65      5C6C135A 
  65      0DBD8DF0 
  65      ED486786 
  65      0B
  66 0036 89ACDA39 		.ascii	"\211\254\3329\304\227\232U\312\012\203\016\360e\203"
  66      C4979A55 
  66      CA0A830E 
  66      F06583
  67 0045 4137DCE8 		.ascii	"A7\334\350x\217.&.&V\3700\315\226\310\324\230m\302\352"
  67      788F2E26 
  67      2E2656F8 
  67      30CD96C8 
  67      D4986DC2 
  68 005a 73CEA52F 		.ascii	"s\316\245/\314&z\322\337\275\3479\347w~\277\347\234"
  68      CC267AD2 
  68      DFBDE739 
  68      E7777EBF 
  68      E79C
  69 006c E7DCF21C 		.ascii	"\347\334\362\034\307\275\217Ha3\027p\\3p\234\012\343"
  69      C7BD8F48 
  69      61331770 
  69      5C33709C 
  69      0AE3
  70 007e 262EDB70 		.ascii	"&.\333p\230\033F\214\"b\210q\304$\367\357F9ZD\011B\217"
  70      981B468C 
  70      22628871 
  70      C424F7EF 
  70      46395A44 
ARM GAS  /tmp/ccuB6Unm.s 			page 5


  71 0095 388C5841 		.ascii	"8\214XAT \226\021q\304*b\004\2016\334B\216\366\344\216"
  71      54209611 
  71      71C42A62 
  71      048136DC 
  71      428EF6E4 
  72 00aa 6E6CC7E7 		.ascii	"nl\307\347\361vO\005\027G\377\\\326\375\242\202\022"
  72      F1764F05 
  72      1747FF5C 
  72      D6FDA282 
  72      12
  73 00bb C140C34B 		.ascii	"\301@\303K\201\304\031\015\206zAM\303\251\277\327o\252"
  73      81C4190D 
  73      867A414D 
  73      C3A9BFD7 
  73      6FAA
  74 00cd F70609B6 		.ascii	"\367\006\011\266>?)S\303a\001\"\260\017\206`\037\272"
  74      3E3F2953 
  74      C3610122 
  74      B00F8660 
  74      1FBA
  75 00df 9D83BDF8 		.ascii	"\235\203\275\370|E\255(\235=\363\363Ma\177\024\251="
  75      7C45AD28 
  75      9D3DF3F3 
  75      4D617F14 
  75      A93D
  76 00f1 245E9675 		.ascii	"$^\226u\330H\336\276\2426|BB\241\315\376Q)~\234l\245"
  76      D848DEBE 
  76      A2367C42 
  76      42A1CDFE 
  76      51297E9C 
  77 0107 523C5B0C 		.ascii	"R<[\014\257\362\020\205\375\224\207]\306\207a0\344\363"
  77      AFF21085 
  77      FD94875D 
  77      C6876130 
  77      E4F3
  78 0119 6DDA93E3 		.ascii	"m\332\223\343;\262\313wik\373\0075\377\004\320\376\311"
  78      3BB2CB77 
  78      696BFB07 
  78      35FF04D0 
  78      FEC9
  79 012b EDF83B3A 		.ascii	"\355\370;:\364J\222\315\245\005\351j\332\013\027\300"
  79      F44A92CD 
  79      A505E96A 
  79      DA0B17C0 
  80 013b 79C89A61 		.ascii	"y\310\232a_q\033enC\211\350\200\236\027\231\302\335"
  80      5F711B65 
  80      6E4389E8 
  80      809E1799 
  80      C2DD
  81 014d D0E25431 		.ascii	"\320\342T1S\350\333\032'5\212\002\023\030\313\021\030"
  81      53E8DB1A 
  81      27358A02 
  81      1318CB11 
  81      18
  82 015e 4B0BC498 		.ascii	"K\013\304\230\300\307\376\320o\300\3271\201{\337\366"
  82      C0C7FED0 
  82      6FC0D731 
ARM GAS  /tmp/ccuB6Unm.s 			page 6


  82      817BDFF6 
  83 016e 6EF14A0A 		.ascii	"n\361J\012Cg\207kN\371\373\302$\231J=\255dq!G\344BZ"
  83      4367876B 
  83      4EF9FBC2 
  83      24994A3D 
  83      AD647121 
  84 0186 649C89AC 		.ascii	"d\234\211\254\307#\267K\371\016&\022\214m,\251\231H"
  84      C723B74B 
  84      F90E2612 
  84      8C6D2CA9 
  84      9948
  85 0198 ECE1C628 		.ascii	"\354\341\306(\364\223\317\272\311\243T\012\024\221\211"
  85      F493CFBA 
  85      C9A3540A 
  85      149189
  86 01a7 1C9189B4 		.ascii	"\034\221\211\264\310$\023\011N\177\024\320\262r\022"
  86      C8241309 
  86      4E7F14D0 
  86      B27212
  87 01b6 26B4B87E 		.ascii	"&\264\270~\377\017=\253g\031\015?\210>\374\265\200\037"
  87      FF0F3DAB 
  87      67190D3F 
  87      883EFCB5 
  87      801F
  88 01c8 0036F7D6 		.ascii	"\0006\367\326\340To!\316U\010\354\034\177\032x\020\326"
  88      E0546F21 
  88      CE5508EC 
  88      1C7F1A78 
  88      10D6
  89 01da B2905EDB 		.ascii	"\262\220^\333R:4;s\377\272\300G\025zoO\362\206\300O"
  89      523A343B 
  89      73FFBAC0 
  89      47157A6F 
  89      4FF286C0 
  90 01ef B04035F1 		.ascii	"\260@5\361\340\3239\000\223\020\306\012m>\372|\375\220"
  90      E0D33900 
  90      9310C60A 
  90      6D3EFA7C 
  90      FD90
  91 0201 9F1C84CB 		.ascii	"\237\034\204\313 \300T&7\246K[\017!\335\264\214\332"
  91      20C05426 
  91      37A64B5B 
  91      0F21DDB4 
  91      8CDA
  92 0213 435CA688 		.ascii	"C\\\246\2100\015&$0*|\215\203\027q\020u\373{\310\274"
  92      300D2624 
  92      302A7C8D 
  92      83177110 
  92      75FB7BC8 
  93 0228 0E0453DE 		.ascii	"\016\004S\3365\263y\326\260\004~<\021\330C\210\032f"
  93      35B379D6 
  93      B0047E3C 
  93      11D84388 
  93      1A66
  94 023a 30814BD9 		.ascii	"0\201K\331\0040\237\314-\034\374.\360a\251\200\262\376"
  94      04309FCC 
  94      2D1CFC2E 
ARM GAS  /tmp/ccuB6Unm.s 			page 7


  94      F061A980 
  94      B2FE
  95 024c FF258B2B 		.ascii	"\377%\213+\346\317_\273U\314\277\253b\233\357^\273\273"
  95      E6CF5FBB 
  95      55CCBFAB 
  95      629BEF5E 
  95      BBBB
  96 025e 51CA9F56 		.ascii	"Q\312\237V\202;\357\335\331.\341\373\225 \034<=R\300"
  96      823BEFDD 
  96      D92EE1FB 
  96      95201C3C 
  96      3D52C0
  97 0271 4EB88886 		.ascii	"N\270\210\206\323\203'ft|\210\315iV\346n\205y0\032\313"
  97      D3832766 
  97      747C88CD 
  97      6956E66E 
  97      8579301A 
  98 0286 8D465388 		.ascii	"\215FS\210\034\367o\256\236\373\275!\340'\341\247 \216"
  98      1CF76FAE 
  98      9EFBBD21 
  98      E027E1A7 
  98      208E
  99 0298 A9CE61AA 		.ascii	"\251\316a\252\011(\317f\362\015\273\336\317\342\203"
  99      0928CF66 
  99      F20DBBDE 
  99      CFE283
 100 02a7 A3F4D042 		.ascii	"\243\364\320BD\223x\236Q\257\345\247F\350\223;\305\276"
 100      4493789E 
 100      51AFE5A7 
 100      46E8933B 
 100      C5BE
 101 02b9 13420EAA 		.ascii	"\023B\016\2529\370\002\011_\2629J\307=\301\"n\357\006"
 101      39F80209 
 101      5FB2394A 
 101      C73DC122 
 101      6EEF06
 102 02cc 18610171 		.ascii	"\030a\001q\0351\017Fv(\314a6\343p\345q\207gv\347\222"
 102      1D310F46 
 102      7628CC61 
 102      36E370E5 
 102      71876776 
 103 02e2 C830AFE6 		.ascii	"\3100\257\346e*\251\320r$/G4\004(\205K_\323t\031T\211"
 103      652AA9D0 
 103      72242F47 
 103      34042885 
 103      4B5FD374 
 104 02f9 C4DA4C31 		.ascii	"\304\332L1\230\312\031o\261\276\010\226Q\350\253l\311"
 104      98CA196F 
 104      B1BE0896 
 104      51E8AB6C 
 104      C9
 105 030a E822D6F2 		.ascii	"\350\"\326\362\355\011\226p+\377\265-\372\357\021|\373"
 105      ED099670 
 105      2BFFB52D 
 105      FAEF117C 
 105      FB
 106 031b 7B5E7F32 		.ascii	"{^\1772s\205\230I\366\357c\005\364\354\213\3017\222"
ARM GAS  /tmp/ccuB6Unm.s 			page 8


 106      73859849 
 106      F6EF6305 
 106      F4EC8BC1 
 106      3792
 107 032d C7FE5A8B 		.ascii	"\307\376Z\213\352r\311\364\013\313\222Ww\310\364\255"
 107      EA72C9F4 
 107      0BCB9257 
 107      77C8F4AD 
 108 033d A97FE998 		.ascii	"\251\177\351\230\301\302\025\272\355.\217\331\301=\331"
 108      C1C215BA 
 108      ED2E8FD9 
 108      C13DD9
 109 034c 22BDE6F2 		.ascii	"\"\275\346\362\330\334\222\335\353\353\220\334\222G"
 109      D8DC92DD 
 109      EBEB90DC 
 109      9247
 110 035a F60A3B81 		.ascii	"\366\012;\201\331\311\351\225Y\257l\227}^\255\362\302"
 110      D9C9E995 
 110      59AF6C97 
 110      7D5EADF2 
 110      C2
 111 036b 61ADC369 		.ascii	"a\255\303i\355\3626x\\r\205\331,Z\234\256\026\327\021"
 111      EDF23678 
 111      5C7285D9 
 111      2C5A9CAE 
 111      16D711
 112 037e ABF8BA57 		.ascii	"\253\370\272W\354\220E\227\307\321\356k\225D\207\323"
 112      EC904597 
 112      C7D1EE6B 
 112      954487D3 
 113 038e DB45B985 		.ascii	"\333E\271\205N{;e\032v3q4C\305>\022Kjk\352\033-\307"
 113      4E7B3B65 
 113      1A763371 
 113      3443C53E 
 113      124B6A6B 
 114 03a6 6C47BBDE 		.ascii	"lG\273\336\220j\245\266\"\237\313#WW\331d\301fKw\237"
 114      906AA5B6 
 114      229FCB23 
 114      5757D964 
 114      C1664B77 
 115 03bb 137DDE8E 		.ascii	"\023}\336\216\3142\217\364f\273\253Et\333\035N\227G"
 115      CC328FF4 
 115      66BBAB45 
 115      74DB1D4E 
 115      9747
 116 03cd 126DAD52 		.ascii	"\022m\255R\233\335\327.\333d\024\240\316\306|lLJ\304"
 116      9BDDD72E 
 116      DB6414A0 
 116      CEC67C6C 
 116      4C4AC4
 117 03e0 FDB4A222 		.ascii	"\375\264\242\"R4\015\265\226#\265/\252,/k^h\252\251"
 117      52340DB5 
 117      9623B52F 
 117      AA2C2F6B 
 117      5E68AAA9 
 118 03f4 AC6BA6AF 		.ascii	"\254k\246\257\252\272\346\352\335\311J\235\262hi\264"
 118      AABAE6EA 
ARM GAS  /tmp/ccuB6Unm.s 			page 9


 118      DDC94A9D 
 118      B26869B4 
 119 0404 365845EB 		.ascii	"6XE\353Q\3745VW\325\035\350\354\024\275\262\273\272"
 119      51FC3556 
 119      57D51DE8 
 119      EC14BDB2 
 119      BBBA
 120 0416 AAED4065 		.ascii	"\252\355@ee'=\253\177\000\036i\011\206"
 120      65273DAB 
 120      7F001E69 
 120      0986
 121              		.text
 122              		.section	.gnu.lto_.symtab.b641c54410eee384,"",%progbits
 123 0000 6D61696E 		.ascii	"main\000\000\000\000\000\000\000\000\000\000\000\000"
 123      00000000 
 123      00000000 
 123      00000000 
 124 0010 AB000000 		.ascii	"\253\000\000\000begin_measurements\000\000\002\000\000"
 124      62656769 
 124      6E5F6D65 
 124      61737572 
 124      656D656E 
 125 002b 00000000 		.ascii	"\000\000\000\000\000\000\000\256\000\000\000begin_s"
 125      000000AE 
 125      00000062 
 125      6567696E 
 125      5F73
 126 003d 74617475 		.ascii	"tatus\000\000\002\000\000\000\000\000\000\000\000\000"
 126      73000002 
 126      00000000 
 126      00000000 
 126      00
 127 004e B0000000 		.ascii	"\260\000\000\000chSysInit\000\000\002\000\000\000\000"
 127      63685379 
 127      73496E69 
 127      74000002 
 127      00000000 
 128 0062 00000000 		.ascii	"\000\000\000\000\000\262\000\000\000halInit\000\000"
 128      00B20000 
 128      0068616C 
 128      496E6974 
 128      0000
 129 0074 02000000 		.ascii	"\002\000\000\000\000\000\000\000\000\000\264\000\000"
 129      00000000 
 129      0000B400 
 129      00
 130 0081 00       		.ascii	"\000"
 131              		.text
 132              		.section	.gnu.lto_.opts,"",%progbits
 133 0000 272D666E 		.ascii	"'-fno-trapv' '-fno-strict-overflow' '-mcpu=cortex-m"
 133      6F2D7472 
 133      61707627 
 133      20272D66 
 133      6E6F2D73 
 134 0033 34272027 		.ascii	"4' '-mfloat-abi=hard' '-mfpu=fpv4-sp-d16' '-mno-thu"
 134      2D6D666C 
 134      6F61742D 
ARM GAS  /tmp/ccuB6Unm.s 			page 10


 134      6162693D 
 134      68617264 
 135 0066 6D622D69 		.ascii	"mb-interwork' '-mthumb' '-ggdb' '-O0' '-Werror' '-f"
 135      6E746572 
 135      776F726B 
 135      2720272D 
 135      6D746875 
 136 0099 6F6D6974 		.ascii	"omit-frame-pointer' '-falign-functions=16' '-ffunct"
 136      2D667261 
 136      6D652D70 
 136      6F696E74 
 136      65722720 
 137 00cc 696F6E2D 		.ascii	"ion-sections' '-fdata-sections' '-fno-common' '-flt"
 137      73656374 
 137      696F6E73 
 137      2720272D 
 137      66646174 
 138 00ff 6F272027 		.ascii	"o' '-fsingle-precision-constant'\000"
 138      2D667369 
 138      6E676C65 
 138      2D707265 
 138      63697369 
 139              		.text
 140              		.comm	__gnu_lto_v1,1,1
 141              		.comm	__gnu_lto_slim,1,1
 142              		.ident	"GCC: (15:4.9.3+svn231177-1) 4.9.3 20150529 (prerelease)"
ARM GAS  /tmp/ccuB6Unm.s 			page 11


DEFINED SYMBOLS
                            *ABS*:0000000000000000 main.c
                            *COM*:0000000000000001 __gnu_lto_v1
                            *COM*:0000000000000001 __gnu_lto_slim

NO UNDEFINED SYMBOLS
