ARM GAS  /tmp/ccgxGv02.s 			page 1


   1              		.syntax unified
   2              		.cpu cortex-m4
   3              		.eabi_attribute 27, 1
   4              		.eabi_attribute 28, 1
   5              		.fpu fpv4-sp-d16
   6              		.eabi_attribute 20, 1
   7              		.eabi_attribute 21, 1
   8              		.eabi_attribute 23, 3
   9              		.eabi_attribute 24, 1
  10              		.eabi_attribute 25, 1
  11              		.eabi_attribute 26, 1
  12              		.eabi_attribute 30, 6
  13              		.eabi_attribute 34, 1
  14              		.eabi_attribute 18, 4
  15              		.thumb
  16              		.file	"measure.c"
  17              		.text
  18              	.Ltext0:
  19              		.section	.gnu.lto_.inline.b2ee38c60cc50364,"",%progbits
  20 0000 789C6366 		.ascii	"x\234cf\300\016,\2414\023\003\003\207\"\230b`\001\223"
  20      C00E2CA1 
  20      34130303 
  20      87229862 
  20      600193
  21 0013 0C4CDC8C 		.ascii	"\014L\334\214p\002\254\200S\020H2-\220\207)`\343\007"
  21      7002AC80 
  21      53104832 
  21      2D908729 
  21      60E307
  22 0026 91002EC5 		.ascii	"\221\000.\305\001\223"
  22      0193
  23              		.text
  24              		.section	.gnu.lto_meas_thd.b2ee38c60cc50364,"",%progbits
  25 0000 789C6D50 		.ascii	"x\234mP[KTQ\030\335\353\333\3073\243'\255\244\207\232"
  25      5B4B5451 
  25      18DDEBDB 
  25      C733A327 
  25      ADA4879A 
  26 0014 A76010DF 		.ascii	"\247`\020\337\374'Fo>\213\016=\0112\322\343\340VO\224"
  26      FC27466F 
  26      3E8B0E3D 
  26      0932D2E3 
  26      E0564F94 
  27 0028 6021A2A0 		.ascii	"`!\242\240\2441!\241i3^\272\251\030\235\027\241\007"
  27      A43121A1 
  27      69335EBA 
  27      A9189D17 
  27      A107
  28 003a 25A2A08B 		.ascii	"%\242\240\213Wb\214z\010\224\223\014G\321\351\373\316"
  28      57628C7A 
  28      0894930C 
  28      47D1E9FB 
  28      CE
  29 004b 11C4A60D 		.ascii	"\021\304\246\015\373\262\366^\337\372\326^Z\225\217"
  29      FBB2F65E 
  29      DFFAD65E 
  29      5A958F
ARM GAS  /tmp/ccgxGv02.s 			page 2


  30 005a 24CF4652 		.ascii	"$\317FR\352\232\000K\201\217 h^u\270Bu\222\006\317\210"
  30      EA9A004B 
  30      818F2068 
  30      5E75B842 
  30      759206CF 
  31 006f FE8BF609 		.ascii	"\376\213\366\011\375\336\364\260S\377\304\030\2637\320"
  31      FDDEF4B0 
  31      53FFC418 
  31      B337D0
  32 007e 63DFB91A 		.ascii	"c\337\271\032p\221O\021\001\023\250g\212{\177\360\206"
  32      70914F11 
  32      0113A867 
  32      8A7B7FF0 
  32      86
  33 008f AE86E2E3 		.ascii	"\256\206\342\343b\376\317\232\363\223\002\302u\201K"
  33      62FECF9A 
  33      F39302C2 
  33      75814B
  34 009e 03EF866D 		.ascii	"\003\357\206m\201d\0114\337\327\207\234\272qc\272\315"
  34      81640934 
  34      DFD7879C 
  34      BA7163BA 
  34      CD
  35 00af 88C9F2B5 		.ascii	"\210\311\362\265\306$4\253\341)\022\230BB\361\225\302"
  35      C62434AB 
  35      E1291298 
  35      4242F195 
  35      C2
  36 00c0 34EA84DD 		.ascii	"4\352\204\335\377{b\305\322\227C\335\037\007\356\236"
  36      FF7B62C5 
  36      D29743DD 
  36      1F07EE9E 
  37 00d0 957CCC95 		.ascii	"\225|\314\225;\243\313\255\236\2335'\245\022\002\262"
  37      3BA3CBAD 
  37      9E9B3527 
  37      A51202B2 
  38 00e0 F0ECBC40 		.ascii	"\360\354\274@4\270b\337=\376\354\330.\373\276\204\034"
  38      34B862DF 
  38      3DFEECD8 
  38      2EFBBE84 
  38      1C
  39 00f1 929167E4 		.ascii	"\222\221g\344aC)\371\327\324\233\342\374EQ4;\271/\205"
  39      614329F9 
  39      D7D49BE2 
  39      FC455134 
  39      3BB92F85 
  40 0105 9B679215 		.ascii	"\233g\222\025\252\\\0173H\212\312L\255gJ%\277ou\241"
  40      AA5C0F33 
  40      488ACA4C 
  40      AD674A25 
  40      BF6F75A1 
  41 0119 862363B7 		.ascii	"\206#c\267\025L\025uU\010#\331%\336\364\006\\\357\355"
  41      154C1575 
  41      550823D9 
  41      25DEF406 
  41      5CEFED
  42 012c 15E92546 		.ascii	"\025\351%F\036}|\220\247\314\221\271g\342\001\331>q"
ARM GAS  /tmp/ccgxGv02.s 			page 3


  42      1E7D7C90 
  42      A7CC91B9 
  42      67E201D9 
  42      3E71
  43 013e 7FCC2253 		.ascii	"\177\314\"S\366\024;\246\310\371v\341\375\207\270\204"
  43      F6143BA6 
  43      C8F976E1 
  43      FD87B884 
  44 014e 160BE164 		.ascii	"\026\013\341d\227;\2121<\3542\302\212c\016\031\314\213"
  44      973B8A31 
  44      3CEC32C2 
  44      8A630E19 
  44      CC8B
  45 0160 337EDB2C 		.ascii	"3~\333,\0346q\275T\3439\223\302\236x\201L@\225\241\035"
  45      1C3671BD 
  45      54E33993 
  45      C29E7881 
  45      4C4095A1 
  46 0175 7D6AE76B 		.ascii	"}j\347k\353\177\355T\371b\030/#;\275\271\225\221\230"
  46      EB7FED54 
  46      F962182F 
  46      233BBDB9 
  46      959198
  47 0188 3476B2AC 		.ascii	"4v\262\254\362\012\211\200.\250\015\364x\353\263\241"
  47      F20A8980 
  47      2EA80DF4 
  47      78EBB3A1 
  48 0198 729153FD 		.ascii	"r\221S\375G\240\332\227\026x\315\002\001\325\250o\350"
  48      47A0DA97 
  48      1678CD02 
  48      01D5A86F 
  48      E8
  49 01a9 DEBAFB89 		.ascii	"\336\272\373\211\"2\025\345\257\234\014\302\014\253"
  49      223215E5 
  49      AF9C0CC2 
  49      0CAB
  50 01b7 DA52CD1D 		.ascii	"\332R\315\035\267\323\251\206\026\245\233\323\267\342"
  50      B7D3A986 
  50      16A59BD3 
  50      B7E2
  51 01c5 EDE95487 		.ascii	"\355\351T\207\340\277X\336\320\374"
  51      E0BF58DE 
  51      D0FC
  52              		.text
  53              		.section	.gnu.lto_begin_measurements.b2ee38c60cc50364,"",%progbits
  54 0000 789C658F 		.ascii	"x\234e\217\277J\003A\020\306\347\233\273\234!\261\020"
  54      BF4A0341 
  54      10C6E79B 
  54      BB9C21B1 
  54      10
  55 0011 C1E65EE0 		.ascii	"\301\346^\340:}\011\037\300\316Z$\245\215by\334\036"
  55      3A7D091F 
  55      C0CE5A24 
  55      A58D6279 
  55      DC1E
  56 0023 5C612596 		.ascii	"\\a%\226\001\377Ub4\232\344\021\026-\354\214\222B\013"
  56      01FF5562 
ARM GAS  /tmp/ccgxGv02.s 			page 4


  56      349AE411 
  56      162DEC8C 
  56      92420B
  57 0036 8D852768 		.ascii	"\215\205'hg8\020O\215\347\354^a\221\205a\231o~\363\315"
  57      6738104F 
  57      8DE7EC5E 
  57      61918561 
  57      996F7EF3 
  58 004b 8C43936F 		.ascii	"\214C\223oNb\021D\323&q\010L\022\020\201@\021#\302\033"
  58      4E621144 
  58      D3267108 
  58      4C121081 
  58      401123C2 
  59 0060 8F183BBA 		.ascii	"\217\030;\272\335\254\007GJ\251\367\213\253xI#\027."
  59      DDAC0747 
  59      4AA9F78B 
  59      AB784923 
  59      172E
  60 0072 E3D202C7 		.ascii	"\343\322\002\307\010H\240Q2\276\253{\211@3e\015-x\306"
  60      0848A051 
  60      32BEAB7B 
  60      89403365 
  60      0D2D78C6 
  61 0086 A93BAB55 		.ascii	"\251;\253UQ<\037\376\004\222\245\266\353\205\345s\036"
  61      513C1FFE 
  61      0492A5B6 
  61      EB85E573 
  61      1E
  62 0097 D054F77D 		.ascii	"\320T\367}6\23418\030lw8\374V[\252\23232\026\032'\010"
  62      369C3138 
  62      186C7738 
  62      FC565BAA 
  62      9A333216 
  63 00ae 274A3C36 		.ascii	"'J<6\036\242>\245\375\333\352+\347\306L\322V\234\354"
  63      1EA23EA5 
  63      FDDBEA2B 
  63      E7C64CD2 
  63      569CEC
  64 00c1 611FBBB1 		.ascii	"a\037\273\2612\224\203S\204h\303\267\265\307\364k\331"
  64      32948353 
  64      8468C3B7 
  64      B5C7F46B 
  64      D9
  65 00d2 F6EB05C1 		.ascii	"\366\353\005\301q&\234\035\213s\204R\276\031\366>\\"
  65      71269C1D 
  65      8B738452 
  65      BE19F63E 
  65      5C
  66 00e3 E3E47ED6 		.ascii	"\343\344~\326\010\035\370\242\015~\257/a\264JD\350Z"
  66      081DF8A2 
  66      0D7EAF2F 
  66      61B44A44 
  66      E85A
  67 00f5 E97F0D5D 		.ascii	"\351\177\015]\311\331\313\270\334\035=\231\024\3709"
  67      C9D9CBB8 
  67      DC1D3D99 
  67      14F839
ARM GAS  /tmp/ccgxGv02.s 			page 5


  68 0104 4FD110B1 		.ascii	"O\321\020\261.\\\253\2229Vn\220\345jk\215\225\215\315"
  68      2E5CAB92 
  68      39566E90 
  68      E56A6B8D 
  68      958DCD
  69 0117 F5C6FC2A 		.ascii	"\365\306\374*\375\001\316\253u\353"
  69      FD01CEAB 
  69      75EB
  70              		.text
  71              		.section	.gnu.lto_.symbol_nodes.b2ee38c60cc50364,"",%progbits
  72 0000 789C4D89 		.ascii	"x\234M\2111\016\202@\000\004\347\3668\245\260\360K\276"
  72      310E8240 
  72      0004E7F6 
  72      38A5B0F0 
  72      4BBE
  73 0012 6C292D50 		.ascii	"l)-PP|\2001\026>\304\332\212X[\370\016\242\"$\267\315"
  73      507C8031 
  73      163EC4DA 
  73      8A585BF8 
  73      0EA22224 
  74 0028 64662370 		.ascii	"df#pb\232v2\264\017\260\351o\333\025\251\025k\243\275"
  74      629A7632 
  74      B40FB0E9 
  74      6FDB15A9 
  74      156BA3BD 
  75 003c 1CE6E379 		.ascii	"\034\346\343y.I\265\302E\216\341(\353\177PU%\341\360"
  75      2E49B5C2 
  75      458EE128 
  75      EB7F5055 
  75      25E1F0
  76 004f 8DB93772 		.ascii	"\215\2717r\221{'\247\314#\013\256\257a\023I\334G\026"
  76      917B27A7 
  76      CC230BAE 
  76      AF611349 
  76      DC4716
  77 0062 BC7FD472 		.ascii	"\274\177\324r\354|\000\214\265)_"
  77      EC7C008C 
  77      B5295F
  78              		.text
  79              		.section	.gnu.lto_.refs.b2ee38c60cc50364,"",%progbits
  80 0000 789C6366 		.ascii	"x\234cf``\340c\200\000F\006&FF&&&fF& \033\000\002(\000"
  80      6060E063 
  80      80004606 
  80      26464626 
  80      26266646 
  81 001b 24       		.ascii	"$"
  82              		.text
  83              		.section	.gnu.lto_.decls.b2ee38c60cc50364,"",%progbits
  84 0000 789CBD7B 		.ascii	"x\234\275{{T\224W\266'\247N\275(\012H\307L\322\313\271"
  84      7B549457 
  84      B627A74E 
  84      BD280A48 
  84      C74CD2CB 
  85 0015 3D6DE86E 		.ascii	"=m\350nn\356\235$(\246\323\351?fu\034\264\257\351Nb"
  85      6EEE9D24 
  85      28A6D3E9 
  85      3F66751C 
ARM GAS  /tmp/ccgxGv02.s 			page 6


  85      B4AFE94E 
  86 002a 46EC7BBB 		.ascii	"F\354{\273\327]\263*\004Ja\302k\21221w\315\272S\202"
  86      D75DB32A 
  86      044A61C2 
  86      6B8A3231 
  86      77CDBA53 
  87 003f 80206FE5 		.ascii	"\200 o\345-Z\310C^\012\012\"/\021A\344\245\342[|\202"
  87      2D5AC843 
  87      5E0A0A22 
  87      2F1141E4 
  87      A5E25B7C 
  88 0054 A2F29047 		.ascii	"\242\362\220G!(/\205\331\347\234\257\276\357\253\342"
  88      21282F85 
  88      D9E79CAF 
  88      BEEFABE2 
  89 0064 C364CDAC 		.ascii	"\303d\315\2545,\267\365\355\363\375\276\275\367\331"
  89      352CB7F5 
  89      EDF3FDBE 
  89      BDF7D9
  90 0073 7B9F7D1E 		.ascii	"{\237}\036\365\025vpp\220#\007\207E\370[\375_\034\034"
  90      F5157670 
  90      70902307 
  90      8745F85B 
  90      FD5F1C1C 
  91 0087 36AA1D1C 		.ascii	"6\252\035\0340\264}\345 \374)\201\216\000U\000\325\003"
  91      30B47DE5 
  91      20FC2981 
  91      8E005500 
  91      D503
  92 0099 7502FDBB 		.ascii	"u\002\375\273\314\301!\021\010\3769$\303\177\0312\007"
  92      CCC12111 
  92      08FE3924 
  92      C37F1932 
  92      07
  93 00aa 9B3F8277 		.ascii	"\233?\202w\345\344\270\000i\2016\001\265p\3622\001\377"
  93      E5E4B800 
  93      69813601 
  93      B570F232 
  93      01FF
  94 00bc 6F403F00 		.ascii	"o@?\000\375/\240,\240w\241\275\035(\033\256k99rN\026"
  94      FD2FA02C 
  94      A077A1BD 
  94      1D281BAE 
  94      6B393972 
  95 00d2 D1D7C9E9 		.ascii	"\321\327\311\351G\234N\361\037\261M\315\351\333\017"
  95      479C4EF1 
  95      1FB14DCD 
  95      E9DB0F
  96 00e1 F77280D2 		.ascii	"\367r\200\322\2006:0\271\221p\035\317=\2039<\261\377"
  96      80363A30 
  96      B991701D 
  96      CF3D8339 
  96      3CB1FF
  97 00f4 0827CFDE 		.ascii	"\010'\317\336\376\011\031\252=:u\301iP\206\\4\253\010"
  97      FE0919AA 
  97      3D3A75C1 
  97      6950865C 
ARM GAS  /tmp/ccgxGv02.s 			page 7


  97      34AB08
  98 0107 5B97D29E 		.ascii	"[\227\322\236\241\004V\253\221\023\266\271\273&\015"
  98      A10456AB 
  98      9113B6B9 
  98      BB260D
  99 0116 C9E129B4 		.ascii	"\311\341)\264I\213\376\2256M\237n\235P\276\223j\202"
  99      498BFE95 
  99      364D9F6E 
  99      9D50BE93 
  99      6A82
 100 0128 BFA408D3 		.ascii	"\277\244\010\323\033r\364\325\333\3500Z\211\212\320"
 100      1B72F4D5 
 100      DBE8305A 
 100      898AD0
 101 0137 4A8095A0 		.ascii	"J\200\225\240w\340\377b$g\322\217\037\232/\320`\031"
 101      77E0FF62 
 101      2467D28F 
 101      1F9A2FD0 
 101      6019
 102 0149 22D77919 		.ascii	"\"\327y\031\017\256i\336/\201\347v\233\232z\220`By\345"
 102      0FAE69DE 
 102      2F81E776 
 102      9B9A7A90 
 102      604279E5 
 103 015d A96CD755 		.ascii	"\251l\327U\007LMfK\311\361\2573M\346p\323\302\342\""
 103      074C4D66 
 103      4BC9F1AF 
 103      334DE670 
 103      D3C2E222 
 104 0171 A2C25029 		.ascii	"\242\302P)\302\250\014\275O\240\344\232>\203\216\240"
 104      C2A80CBD 
 104      4FA0E49A 
 104      3E838EA0 
 105 0181 55F05CFD 		.ascii	"U\360\\\375\374\303k\362e-9J-\371W\316\220\363/_\335"
 105      FCC36BF2 
 105      652D394A 
 105      2DF957CE 
 105      90F32F5F 
 106 0196 92E35F50 		.ascii	"\222\343_PCr\032\313\3421\3503\233\373\032\312\224\355"
 106      43721ACB 
 106      E231E833 
 106      9BFB1ACA 
 106      94ED
 107 01a8 A6A6C5C5 		.ascii	"\246\246\305\305?\0208*\027\351*\267\352\252`\272\006"
 107      3F10382A 
 107      17E92AB7 
 107      EAAA60BA 
 107      06
 108 01b9 C26FA9F0 		.ascii	"\302o\251\360j\372\374\314\360\300\010\302\237\320\353"
 108      6AFAFCCC 
 108      F0C008C2 
 108      9FD0EB
 109 01c8 A3F75ABE 		.ascii	"\243\367Z\276\007w)5\304\212\031\222_\350\177Cs\307"
 109      07772935 
 109      C48A1992 
 109      5FE87F43 
 109      73C7
ARM GAS  /tmp/ccgxGv02.s 			page 8


 110 01da D5EE4B0A 		.ascii	"\325\356K\012\332N\232T\200\224\245=H\234\225!\215\373"
 110      DA4E9A54 
 110      8094A53D 
 110      489C9521 
 110      8DFB
 111 01ec 6ECE5EC7 		.ascii	"n\316^\307\215\016\274\265\250\032\271\003\226*G\225"
 111      8D0EBCB5 
 111      A81AB903 
 111      962A4795 
 112 01fc D058058D 		.ascii	"\320X\005\215\371\200\263\304\366\037\374;\223I\216"
 112      F980B3C4 
 112      F61FFC3B 
 112      93498E
 113 020b 4E200D3A 		.ascii	"N \015:\316\233\007X\253\367d\346s\231\265\010\271k"
 113      CE9B0758 
 113      ABF764E6 
 113      7399B508 
 113      B96B
 114 021d 287CB0BF 		.ascii	"(|\260\277\373?\020x\015\300\217\011px\232\341%\225"
 114      FB3F1078 
 114      0DC08F09 
 114      70789AE1 
 114      2595
 115 022f 9F94500E 		.ascii	"\237\224P\016}\030JO\015\022{\227\310\024\334[k\343"
 115      7D184A4F 
 115      0D127B97 
 115      C814DC5B 
 115      6BE3
 116 0241 DEC499E1 		.ascii	"\336\304\231\341)\214\367\"\352\223\306\201\244[\304"
 116      298CF722 
 116      EA93C681 
 116      A45BC4
 117 0250 BF7D264B 		.ascii	"\277}&K{k\2276\323\224k\015(<\204\352DN\256\263:\271"
 117      7B6B9736 
 117      D3946B0D 
 117      283C84EA 
 117      444EAEB3 
 118 0266 9E3AF9E2 		.ascii	"\236:\371\342\001s\225+.aRN7\316\234\323\340*\306\304"
 118      0173952B 
 118      2E61524E 
 118      37CE9CD3 
 118      E02AC6C4 
 119 027a EDEEEBD0 		.ascii	"\355\356\353\320\340S\214\331YX\037\247\002\347\276"
 119      E0538CD9 
 119      59581FA7 
 119      02E7BE
 120 0289 ABA1BA7B 		.ascii	"\253\241\272{\263g\363\035)K|\355J|R9{\260\205\367I"
 120      B367F31D 
 120      294B7CED 
 120      4A7C5239 
 120      7BB085F7 
 121 029e 6CDEC38D 		.ascii	"l\336\303\215\021\246OQ3\330\337(\370\344]\301%\341"
 121      11A64F51 
 121      33D8DF28 
 121      F8E45DC1 
 121      25E1
 122 02b0 4B5C7206 		.ascii	"K\\r\006\\\362.\347\222\323\320\330D]\"\313\334mjsb"
ARM GAS  /tmp/ccgxGv02.s 			page 9


 122      5CF22EE7 
 122      92D3D0D8 
 122      445D22CB 
 122      DC6D6A73 
 123 02c5 315CFACC 		.ascii	"1\\\372\314Y\211gXP\"R\336&Ai\001\003N\011\0064#!\210"
 123      59896758 
 123      502252DE 
 123      26416901 
 123      034E0906 
 124 02dd 3773AF45 		.ascii	"7s\257E\312\254\006g\014d\321 \236\003|\203\200oA\257"
 124      CAAC0667 
 124      0C64D120 
 124      9E037C83 
 124      806F41AF 
 125 02f1 B3B855D2 		.ascii	"\263\270U\322bt\357\366\211VG:\200\21146\202\357\347"
 125      6274EFF6 
 125      8956473A 
 125      80893436 
 125      82EFE7
 126 0304 A61F765D 		.ascii	"\246\037v]v\334\264\323\300\266YG\360\270\245fX\206"
 126      76DCB4D3 
 126      C0B65947 
 126      F0B8A566 
 126      5886
 127 0316 C799E7E7 		.ascii	"\307\231\347\347\207\252\0168\261\310\316\265\225\256"
 127      87AA0E38 
 127      B1C8CEB5 
 127      95AE
 128 0324 4B8E48CA 		.ascii	"K\216H\3127\365-.\376\222>\205:D\221\355\260F\266\223"
 128      37F52D2E 
 128      FE923E85 
 128      3A4491ED 
 128      B046B693 
 129 0338 46F67CDA 		.ascii	"F\366|\332\340FZd\2320\215`\323\221\253*Ze>!l\345\243"
 129      E0465A64 
 129      9A308D60 
 129      D391AB2A 
 129      5A653E21 
 130 034f A818276C 		.ascii	"\250\030'lfe\242!\267\261Y\215K\030\323\3355\371\000"
 130      6665A221 
 130      B7B1598D 
 130      4B18D3DD 
 130      35F900
 131 0362 E1138CB9 		.ascii	"\341\023\214\271\363\362Z\252\01471\346Rx\301\177\307"
 131      F3F25AAA 
 131      0C3731E6 
 131      5278C17F 
 131      C7
 132 0373 1DEC3AEB 		.ascii	"\035\354:\353\346\343)\014\342\376\244\221\021\366\306"
 132      E6E3290C 
 132      E2FEA491 
 132      11F6C6
 133 0382 D0C96E47 		.ascii	"\320\311nG|\225\335\353y9{B\205\0370\306Z\335\376\304"
 133      7C95DDEB 
 133      79397B42 
 133      851F30C6 
 133      5ADDFEC4 
ARM GAS  /tmp/ccgxGv02.s 			page 10


 134 0396 AA5B4B65 		.ascii	"\252[KeD\2063\036g\367F\256f\327i\351=\005ak\222Nti"
 134      4486331E 
 134      67F746AE 
 134      66D769E9 
 134      3D05616B 
 135 03ae C071E806 		.ascii	"\300q\350\006\364\352&\361\0144\236*\237\2608\223\306"
 135      F4EA26F1 
 135      0C349E2A 
 135      9FB03893 
 135      C6
 136 03bf 6BD0781D 		.ascii	"k\320x\035\\\326\203\250\240'S\361\205\230\264_\205"
 136      5CD683A8 
 136      A02753F1 
 136      8598B45F 
 136      85
 137 03d0 F6DFAC44 		.ascii	"\366\337\254D\267X\363\301\252+\263r\322|\031\232\257"
 137      B758F3C1 
 137      AA2BB372 
 137      D27C199A 
 137      AF
 138 03e1 00FC366B 		.ascii	"\000\3746ko\234\035\255T\221\366K\320\376\353\225\350"
 138      6F9C1DAD 
 138      5491F64B 
 138      D0FEEB95 
 138      E8
 139 03f2 0E6B3EDB 		.ascii	"\016k>\333\3608VI\232\273\241\371W+\321]\326lM\367\267"
 139      F0385649 
 139      9ABBA1F9 
 139      572BD15D 
 139      D66C4DF7 
 140 0407 59BA2774 		.ascii	"Y\272'te\235\301\224]$v\313N\357\015/sAj\367(\222\025"
 140      659DC194 
 140      5D2476CB 
 140      4EEF0D2F 
 140      73416AF7 
 141 041e 96F09DF8 		.ascii	"\226\360\235\370\347\016\350\375\225\350\037H,\373\220"
 141      E70EE8FD 
 141      95E81F48 
 141      2CFB90
 142 042d 9A44043D 		.ascii	"\232D\004=\200\344\270\207\344\350>\330\320kM\313\271"
 142      80E4B887 
 142      E4E83ED8 
 142      D06B4DCB 
 142      B9
 143 043e 3D03A13B 		.ascii	"=\003\241;a\\\000\310\301\0327>!\007;\367\025!I\251"
 143      615C00C8 
 143      C11A373E 
 143      21073BF7 
 143      152149A9 
 144 0452 A81F84BD 		.ascii	"\250\037\204\275Np_\251\257\032=\004\300E!w\211\016"
 144      4E705FA9 
 144      AF1A3D04 
 144      C0452177 
 144      890E
 145 0464 6BB9DF95 		.ascii	"k\271\337\225\377\342\225\034gc\352\365\212\323\245"
 145      FFE2951C 
 145      6763EAF5 
ARM GAS  /tmp/ccgxGv02.s 			page 11


 145      8AD3A5
 146 0473 318E3433 		.ascii	"1\21643\276\246\223K\244%FC\023CK#\331\035\367\330\025"
 146      BEA6934B 
 146      A4254643 
 146      13434B23 
 146      D91DF7D8 
 147 0488 E73268DA 		.ascii	"\3472h\332`\352\257\361\021vm\272SU\340\212k\030s\264"
 147      60EAAFF1 
 147      11766DBA 
 147      5355E08A 
 147      6B1873B4 
 148 049c 72EF0E7C 		.ascii	"r\357\016|\236]?\350\277\027I&,4L#A\025\306\\\035\255"
 148      9E5D3FE8 
 148      BF174926 
 148      2C344C23 
 148      4115C65C 
 149 04b2 2363000D 		.ascii	"#c\000\015qax\312\034\033gn\237\220\221\366A\026\206"
 149      716178CA 
 149      1C1B676E 
 149      9F9091F6 
 149      411686
 150 04c5 11DA2C2B 		.ascii	"\021\332,+\310\030\270\243Z\306\241c\\\277\307\241\337"
 150      C818B8A3 
 150      5AC6A163 
 150      5CBFC7A1 
 150      DF
 151 04d6 A3F60E6D 		.ascii	"\243\366\016mL\2347\020\207\216I9t\377\375\372\002\271"
 151      4C9C3710 
 151      878E4939 
 151      74FFFDFA 
 151      02B9
 152 04e8 B4432740 		.ascii	"\264C'@\330\353\004\367\315|\253F\026\000\014\010\016"
 152      D8EB04F7 
 152      CD7CAB46 
 152      16000C08 
 152      0E
 153 04f9 1D133974 		.ascii	"\035\0239tb\241\371\2603N\226S\007\354o\275\222\207"
 153      62A1F9B0 
 153      334E9653 
 153      07EC6FBD 
 153      9287
 154 050b 7026639A 		.ascii	"p&c\232kRj\235p\001c\356O\3476#\\\305\230\353\343cE"
 154      6B526A9D 
 154      700163EE 
 154      4FE73623 
 154      5CC598EB 
 155 0522 CEB88531 		.ascii	"\316\270\2051\235q\351G\325\370:cv/L\336\244\3119-x"
 155      9D71E947 
 155      D5F83A63 
 155      762F4CDE 
 155      A4C9392D 
 156 0537 70762075 		.ascii	"pv u\237\232\264\275\340<8\303<\330\325\035\333L\333"
 156      9F9AB4BD 
 156      E03C38C3 
 156      3CD8D51D 
 156      DB4CDB
 157 054a 9F330FCE 		.ascii	"\2373\017\3162\017\266E\316\237X.%\347\271\216\276\204"
ARM GAS  /tmp/ccgxGv02.s 			page 12


 157      320FB645 
 157      CE9F582E 
 157      25E7B98E 
 157      BE84
 158 055c 8ECED977 		.ascii	"\216\316\331w\364U\227\312\204\010d\251\377\352\217"
 158      F45597CA 
 158      840864A9 
 158      FFEA8F
 159 056b D5BC9023 		.ascii	"\325\274\220#w5\305\305\004\251\321\002\010\232\022"
 159      7735C5C5 
 159      04A9D102 
 159      089A12
 160 057a 1C326F75 		.ascii	"\0342ou\210\204\203_\201\256\345\364B/,\243{\346]\360"
 160      8884835F 
 160      81AEE5F4 
 160      422F2CA3 
 160      7BE65DF0 
 161 058e 30EB7E7E 		.ascii	"0\353~~jZ\231\202f\240\032X\305\300\\\335\2403Z\341"
 161      6A5A9982 
 161      66A01A58 
 161      C5C05CDD 
 161      A0335AE1 
 162 05a2 E6E6EE96 		.ascii	"\346\346\356\226L\013\246\311\364\251\334\001=\206\247"
 162      4C0BA6C9 
 162      F4A9DC01 
 162      3D86A7
 163 05b1 9FD072B9 		.ascii	"\237\320r\271S\266\202\312\335%sG\34127\024\011\024"
 163      53B682CA 
 163      DD257347 
 163      E1323714 
 163      0914
 164 05c3 2173A3A6 		.ascii	"!s\243\246\230\301\224\276\214\321N'S\306j\032\300g"
 164      98C194BE 
 164      8CD14E27 
 164      53C66A1A 
 164      C067
 165 05d5 602F7980 		.ascii	"`/y\200\263\353=\"\340\037WrH\363\376Q\005\340H\277"
 165      B3EB3D22 
 165      E01F5772 
 165      48F3FE51 
 165      05E048BF 
 166 05e9 166D7126 		.ascii	"\026mq&\031\017\244\335O8\242\0047\001\300\316MT_\346"
 166      190FA4DD 
 166      4F38A204 
 166      3701C0CE 
 166      4D545FE6 
 167 05fd 68A7D6D4 		.ascii	"h\247\326\324\276\232\3166\223\234\034~\226\240\032"
 167      BE9ACE36 
 167      939C1C7E 
 167      96A01A
 168 060c 0F13C349 		.ascii	"\017\023\303I_\347\206j\363\324\3709\355\270\2545\375"
 168      5FE7866A 
 168      F3D4F839 
 168      EDB8AC35 
 168      FD
 169 061d 60B712AD 		.ascii	"`\267\022\255p\227\352&\332\015\275{]O\251Y\007 *\321"
 169      7097EA26 
ARM GAS  /tmp/ccgxGv02.s 			page 13


 169      DA0DBD7B 
 169      5D4FA959 
 169      07202AD1 
 170 0631 008A92F1 		.ascii	"\000\212\222\361Q!6Z\323\364\325\350p\247\323\012N\274"
 170      5121365A 
 170      D3F4D5E8 
 170      70A7D30A 
 170      4EBC
 171 0643 7939F10E 		.ascii	"y9\361\016Kd\223\"\236\337S(\323\306\362\363\036\212"
 171      4B649322 
 171      9EDF5328 
 171      D3C6F2F3 
 171      1E8A
 172 0655 1175CA01 		.ascii	"\021u\312\001\305\312\264\0340\252\354^\233\034/\262"
 172      C5CAB41C 
 172      30AAEC5E 
 172      9B1C2FB2 
 173 0665 50165D7C 		.ascii	"P\026]|\271\007\341(\005\353^\221\351\245f\271\251;"
 173      B907E128 
 173      05EB5E91 
 173      E9A566B9 
 173      A93B
 174 0677 41263D75 		.ascii	"A&=u\367\365vi\300\323\3612\015\212\223-\235\210AGr"
 174      F7F57669 
 174      C0D3F132 
 174      0D8A932D 
 174      9D884147 
 175 068c 72F32E8C 		.ascii	"r\363.\214\223\251\016\224\332\260?\205\0253\023\345"
 175      93A90E94 
 175      DAB03F85 
 175      153313E5 
 176 069c BB1ECE4C 		.ascii	"\273\036\316Lji.\275A\013Xi\316\234\022g0\254\345~\322"
 176      6A692EBD 
 176      410B5869 
 176      CE9C1267 
 176      30ACE57E 
 177 06b1 9C333633 		.ascii	"\234363\346x^A5{\360S\302\216E\247_\227\341bv/\253\343"
 177      E6785E41 
 177      357BF053 
 177      C28E45A7 
 177      5F97E162 
 178 06c9 8E2BAE65 		.ascii	"\216+\256e\3271\265\361)\316l\036U\022>;\351J&S\340"
 178      D731B5F1 
 178      29CE6C1E 
 178      55123E3B 
 178      E94A2653 
 179 06de 4FD8E2E3 		.ascii	"O\330\342\343G\306d\270\223a\373\017v=q\305W9\313\006"
 179      47C664B8 
 179      9361FB0F 
 179      763D71C5 
 179      5739CB06 
 180 06f2 8E3C73C4 		.ascii	"\216<s\304\367\030s+a2I\215\0371\346F\342\323kZ\374"
 180      F718732B 
 180      6132498D 
 180      1F31E646 
 180      E2D36B5A 
 181 0707 94396966 		.ascii	"\2249if\350P\227\353rN:\270\214\223,OO\232\265\247L"
ARM GAS  /tmp/ccgxGv02.s 			page 14


 181      E85097EB 
 181      724E3AB8 
 181      8C932C4F 
 181      4F9AB5A7 
 182 071c 26353A00 		.ascii	"&5:\000~\312\221\366\323\301\263\317s\235p\211\222\352"
 182      7ECA91F6 
 182      D3C1B3CF 
 182      739D7089 
 182      92EA
 183 072e BCFAC832 		.ascii	"\274\372\3102\242\306\307\030\023s\2445SE\373d\246}"
 183      A2C6C718 
 183      1373A435 
 183      5345FB64 
 183      A67D
 184 0740 EA6F4DED 		.ascii	"\352oM\355q\245}\362#l\322\341\246sN\270\226a\257<\253"
 184      71A57DF2 
 184      236CD2E1 
 184      A6734EB8 
 184      9661AF3C 
 185 0755 35A9702B 		.ascii	"5\251p+edS\205\275uZ\344\256\2456\034\250\257r9Hl8,"
 185      65645385 
 185      BD755AE4 
 185      AEA5361C 
 185      A8AF7239 
 186 076d D3A202C1 		.ascii	"\323\242\002\301\206MZf\202(wD\253\035T\010}\202\235"
 186      864D5A66 
 186      82287744 
 186      AB1D5408 
 186      7D829D
 187 0780 0D0393B2 		.ascii	"\015\003\223\262X\\\231\240\304/\230\266\336KI\317T"
 187      585C99A0 
 187      C42F98B6 
 187      DE4B49CF 
 187      54
 188 0791 788E3111 		.ascii	"x\2161\021\027\272\367\310\361\002\307X\012Gd8\\\305"
 188      17BAF7C8 
 188      F102C758 
 188      0A476438 
 188      5CC5
 189 07a3 2AEE8B87 		.ascii	"*\356\213\207\223Z\034\305\230\310s\355\023\030\307"
 189      935A1CC5 
 189      98C873ED 
 189      1318C7
 190 07b2 32C65253 		.ascii	"2\306RS\335\251\306\011\214\311\234>\177\216\365\353"
 190      DDA9C609 
 190      8CC99C3E 
 190      7F8EF5EB 
 191 07c2 E73437AA 		.ascii	"\34747\252-\345*\234\302\356\015e\244\346"
 191      2DE52A9C 
 191      C2EE0D65 
 191      A4E6
 192 07d0 38E134C6 		.ascii	"8\3414\306XwdZ\266#\353\356|\006Y\234\305\356\035\032"
 192      5877645A 
 192      B623EBEE 
 192      7C06599C 
 192      C5EE1D1A 
 193 07e4 4D1E92E3 		.ascii	"M\036\222\343\003\214)zx\221f\203V\363\036\235\0062"
ARM GAS  /tmp/ccgxGv02.s 			page 15


 193      038C297A 
 193      78916683 
 193      56F31E9D 
 193      0632
 194 07f6 6E35AAF0 		.ascii	"n5\252\360!v\357\361\313\013{0.dL\357to3[n\255&\354"
 194      2176EFF1 
 194      CB0B7B30 
 194      2E644CEF 
 194      746F335B 
 195 080e E5D1A357 		.ascii	"\345\321\243W4\270\204\335\233n\316\252S\342\243\214"
 195      34B884DD 
 195      9B6ECEAA 
 195      53E2A38C 
 196 081e 89AFC96D 		.ascii	"\211\257\311mp\305\307\031\363\302t.\326\025W\253l2"
 196      70C5C719 
 196      F3C2742E 
 196      D61557AB 
 196      6C32
 197 0830 54CB3234 		.ascii	"T\31324vr\327\031-\256e\367\306Ou\344\270\342\006\316"
 197      7672D719 
 197      2DAE65F7 
 197      C64F75E4 
 197      B8E206CE 
 198 0844 FA6349B3 		.ascii	"\372cI\263.\024\270\221\260\203\023\2037\\\360ivo\357"
 198      2E14B891 
 198      B0831383 
 198      375CF069 
 198      766FEF
 199 0857 70D34317 		.ascii	"p\323C\027\334\314\230\201\306\021\223\214\002\277\242"
 199      DCCC9881 
 199      C611938C 
 199      02BFA2
 200 0866 3D3BDD1F 		.ascii	"=;\335\037\241\305\255\354\336\235\244\250\"G\334\316"
 200      A1C5ADEC 
 200      DE9DA4A8 
 200      2247DCCE 
 201 0876 98DD0DFB 		.ascii	"\230\335\015\373\012\231\352\277\022\266,7\263\332\021"
 201      0A99EABF 
 201      12B62C37 
 201      B3DA11
 202 0885 9F67F7C6 		.ascii	"\237g\367\306:\312\036\312\360%\225\315ZBK\327\022\377"
 202      3ACA1ECA 
 202      F02595CD 
 202      5A424BD7 
 202      12FF
 203 0897 B12BF2C6 		.ascii	"\261+\362\306S-r#\177+\334$\376\334I\271\264\224\236"
 203      532D7223 
 203      7F2BDC24 
 203      FEDC49B9 
 203      B4949E
 204 08aa 2EFB75F1 		.ascii	".\373u\361qS\323.LS\247\014R\247[\\1\223e\266E:\243"
 204      7153D32E 
 204      4C53A70C 
 204      52A75B5C 
 204      319365B6 
 205 08c1 5809C595 		.ascii	"X\011\305\225@+\355\241\307eBu\245\330b\036\333h\217"
 205      402BEDA1 
ARM GAS  /tmp/ccgxGv02.s 			page 16


 205      C7654275 
 205      A5D8621E 
 205      DB688F
 206 08d4 3D658F3D 		.ascii	"=e\217=\302c\317\332c[\354\261\231<\266\312\036{B0W"
 206      C263CFDA 
 206      635BECB1 
 206      993CB6CA 
 206      1E7B4230 
 207 08e9 5CC80FC9 		.ascii	"\\\310\017\311V\242<\270\205\362\271\007H!\177\004\311"
 207      56A23CB8 
 207      85F2B907 
 207      48217F04 
 207      C9
 208 08fa DF0385F6 		.ascii	"\337\003\205\366\012\320]\240~\240N\240\373@\367\200"
 208      0AD05DA0 
 208      7EA04EA0 
 208      FB40F780 
 209 090a AE015D07 		.ascii	"\256\001]\007\352\002\272\010\324\007\364\000\350&\320"
 209      EA02BA08 
 209      D407F400 
 209      E826D0
 210 0919 55A05EA0 		.ascii	"U\240^\240[@\347\201\356\000]\006\272\004t\001\3506"
 210      5B40E781 
 210      EE005D06 
 210      BA047401 
 210      E836
 211 092b D00DA087 		.ascii	"\320\015\240\207\242\251\320\\\306\333\335,\335G\301"
 211      A2A9D05C 
 211      C6DBDD2C 
 211      DD47C1
 212 093a CDA53CF4 		.ascii	"\315\245<\364\214=\264\311\336\035\273yl\261=\366=;"
 212      8C3DB4C9 
 212      DE1DBB79 
 212      6CB13DF6 
 212      3D3B
 213 094c 680E0FAD 		.ascii	"h\016\017\255\263\207\236G\266\026$\360\320\012{h\271"
 213      B3879E47 
 213      B61624F0 
 213      D00A7B68 
 213      B9
 214 095d BD05893C 		.ascii	"\275\005\211<\366\230tR\010b\313yh\233=\364\234\275"
 214      F6987452 
 214      0862CB79 
 214      689B3DF4 
 214      9CBD
 215 096f D8FD3CB6 		.ascii	"\330\375<\266\326\036[c\217]<l\305\026I:A\260\240\210"
 215      D61E5B63 
 215      8F5D3C6C 
 215      C516493A 
 215      41B0A088 
 216 0983 97DA209D 		.ascii	"\227\332 \235\225\002\364(\017m\2256V\200\226\360\320"
 216      9502F428 
 216      0F6D9536 
 216      568096F0 
 216      D0
 217 0994 D3D20113 		.ascii	"\323\322\001\023\2401<\264\304\036j\262\203\306\363"
 217      A0313CB4 
ARM GAS  /tmp/ccgxGv02.s 			page 17


 217      C41E6AB2 
 217      83C6F3
 218 09a3 D0A3D241 		.ascii	"\320\243\322A\020\240q<\364\210\364\030\0269\353\000"
 218      10A0713C 
 218      F488F418 
 218      1639EB00 
 219 09b3 8FAD974E 		.ascii	"\217\255\227N\003\0216\213\307VK\0176\0216\233\307\236"
 219      0311368B 
 219      C7564B0F 
 219      3611369B 
 219      C79E
 220 09c5 940E9860 		.ascii	"\224\016\230`n\015\017m\267\207v\330Acyh\251\264\277"
 220      6E0D0F6D 
 220      B78776D8 
 220      41637968 
 220      A9B4BF
 221 09d8 98056C05 		.ascii	"\230\005l\005\035M\226\206\335K\226\206d\3069{\352\240"
 221      1D4D9686 
 221      DD4B9686 
 221      64C6397B 
 221      EAA0
 222 09ea 8B7811D5 		.ascii	"\213x\021\325m\263\210z\314/\242\206\242#\377\204\027"
 222      6DB3887A 
 222      CC2FA286 
 222      A223FF84 
 222      17
 223 09fb 694DC53B 		.ascii	"iM\305;\233\216\307cX\377r\313\302\010ZMx\365\271`\317"
 223      9B8EC763 
 223      58FF72CB 
 223      C2085A4D 
 223      78F5B960 
 224 0a10 00574D86 		.ascii	"\000WM\206\240\232\014\212F;L\311\203o\225\263\312\012"
 224      A09A0C8A 
 224      463B4CC9 
 224      836F95B3 
 224      CA0A
 225 0a22 B2D1130E 		.ascii	"\262\321\023\016+\221\226\324\362\314Hb\371\200\224"
 225      2B9196D4 
 225      F2CC4862 
 225      F98094
 226 0a31 E52F53FB 		.ascii	"\345/S\373\243\3248B\315&\263\352\326IG\034\303\230"
 226      A3D43842 
 226      CD26B3EA 
 226      D649471C 
 226      C398
 227 0a43 AC8A9969 		.ascii	"\254\212\231i\015NfL{i\316\3278\223^\313\373\367WT\273"
 227      0D4E664C 
 227      7B69CED7 
 227      38935ECB 
 227      FBF75754 
 228 0a58 22F7952B 		.ascii	"\"\367\225+\351\221\312n\330\225M\300\342dT\206\005"
 228      E991CA6E 
 228      D8954DC0 
 228      E2645486 
 228      05
 229 0a69 C10E19D0 		.ascii	"\301\016\031\320>\363\007r\003.\325\364\223.|,)&\321"
 229      3EF30772 
ARM GAS  /tmp/ccgxGv02.s 			page 18


 229      032ED5F4 
 229      932E7C2C 
 229      2926D1
 230 0a7c E6610CFA 		.ascii	"\346a\014\372En9 \013\024\321q\031\3352<\334;\021\243"
 230      456E3920 
 230      0B14D171 
 230      19DD323C 
 230      DC3B11A3 
 231 0a90 D070E8DD 		.ascii	"\320p\350\335?\206\036\3305\331\256\021{\376\231L|\224"
 231      3F861ED8 
 231      35D9AE11 
 231      7BFE994C 
 231      7C94
 232 0aa2 36C97BFE 		.ascii	"6\311{\376z\177\362\031\204\017\260\356\234\032J\252"
 232      7A7FF219 
 232      840FB0EE 
 232      9C1A4AAA 
 233 0ab2 D7E002C6 		.ascii	"\327\340\002\306\354\263\324\3648\342\012\306L\\\310"
 233      ECB3D4F4 
 233      38E20AC6 
 233      4C5CC8
 234 0ac1 39EB826B 		.ascii	"9\353\202k\3256\247an\354x`6:f\227\206\262\213\326?"
 234      D536A761 
 234      6EEC7860 
 234      363A6697 
 234      86B28BD6 
 235 0ad6 BA5A4A6B 		.ascii	"\272ZJkJ\316\025\216\304\372\307\350\221\330<\3301-"
 235      4ACE158E 
 235      C4FAC7E8 
 235      91D83CD8 
 235      312D
 236 0ae8 2C96DCC4 		.ascii	",\226\334\304\007L\346\010\323\317v\256q@\373\240\037"
 236      074CE608 
 236      D3CF76AE 
 236      7140FBA0 
 236      1F
 237 0af9 24CDD01C 		.ascii	"$\315\320\034t\315\215[\377\315@\343,\355\234\254\364"
 237      74CD8D5B 
 237      FFCD40E3 
 237      2CED9CAC 
 237      F4
 238 0b0a 5AFE312D 		.ascii	"Z\3761-\177\376\330\262\227\036u\275\002\301/\004\301"
 238      7FFED8B2 
 238      971E75BD 
 238      02C12F04 
 238      C1
 239 0b1b F3B2D74A 		.ascii	"\363\262\327J~)-\371\304\330\235D^\362\201\372)\227"
 239      7E292DF9 
 239      C4D89D44 
 239      5EF281FA 
 239      2997
 240 0b2d 12B2C05B 		.ascii	"\022\262\300[\004\321\317\005\321\257^/zAR4\352\251"
 240      04D1CF05 
 240      D1AF5E2F 
 240      7A415234 
 240      EAA9
 241 0b3f 1D1D7315 		.ascii	"\035\035s\025Gd\321&\"&l\215Hx\321|%\306g\231\253_\276"
ARM GAS  /tmp/ccgxGv02.s 			page 19


 241      4764D126 
 241      22266C8D 
 241      4878D17C 
 241      25C66799 
 242 0b56 DA95EE8A 		.ascii	"\332\225\356\212\273\031\223~\271\347\244\034\3670&"
 242      BB19937E 
 242      B9E7A41C 
 242      F73026
 243 0b65 F64EF179 		.ascii	"\366N\361y\025\356\243\214,\245\177\252\000YW\321\266"
 243      15EEA38C 
 243      2CA57FAA 
 243      005957D1 
 243      B6
 244 0b76 C91485DD 		.ascii	"\311\024\205\335\321\333\23496g\007\261y\211\364\234"
 244      D1DB9C39 
 244      366707B1 
 244      7989F49C 
 245 0b86 37126B10 		.ascii	"7\022k\020l(\254\275{[8\"\354\273Y\360\337\244\205\356"
 245      6C28ACBD 
 245      7B5B3822 
 245      ECBB59F0 
 245      DFA485EE 
 246 0b9a 5E4EE860 		.ascii	"^N\350`D\027=H\214\006\241\021\202P\320!H\315\235\336"
 246      44173D48 
 246      8C06A111 
 246      8250D021 
 246      48CD9DDE 
 247 0bae 262D3576 		.ascii	"&-5v9\251OON}K\222'\006\244\206\013R\243\005\251\350"
 247      39A94F4F 
 247      4E7D4B92 
 247      2706A486 
 247      0B52A305 
 248 0bc4 76D9CDB3 		.ascii	"v\331\315\263\030\0173\337\\\270\236\021\351\214\237"
 248      180F33DF 
 248      5CB89E11 
 248      E98C9F
 249 0bd3 31DF5C7F 		.ascii	"1\337\\\177\025\265BZ_\3022\372\314/!\352\016(\036\264"
 249      15B5425A 
 249      5FC232FA 
 249      CC2F21EA 
 249      0E281EB4 
 250 0be7 C5496BEB 		.ascii	"\305Ik\353\177v\273H\213\347\230\266\375\321Ssr\034"
 250      7F76BB48 
 250      8BE798B6 
 250      FDD15373 
 250      721C
 251 0bf9 EE48B555 		.ascii	"\356H\265U\305\367Fbiu)\313\251[\240\352\222A]\222\264"
 251      C5F74662 
 251      697529CB 
 251      A95BA0EA 
 251      92415D92 
 252 0c0e BA07C38D 		.ascii	"\272\007\303\215\205r\034\353h\263\305sa[\274<Kf\236"
 252      85721CEB 
 252      68B3C573 
 252      615BBC3C 
 252      4B669E
 253 0c21 1C2733ED 		.ascii	"\034'3\355g\307j\2369KkO_N\373\"\325\236\006\332S\245"
ARM GAS  /tmp/ccgxGv02.s 			page 20


 253      67C76A9E 
 253      394B6B4F 
 253      5F4EFB22 
 253      D59E06DA 
 254 0c37 B537F7DC 		.ascii	"\2657\367\334\231P\341lG\233=\205\013\333Sd\015f>T\222"
 254      9950E16C 
 254      479B3D85 
 254      0BDB5364 
 254      0D663E54 
 255 0c4c AA14F153 		.ascii	"\252\024\361S\217\207\207_\326\233\264\270\200I\253"
 255      8F87875F 
 255      D69BB4B8 
 255      8049AB
 256 0c5b 3AD77BC1 		.ascii	":\327{\301\031\2271\343\027b&\"4\313}]q\000K\177]a\216"
 256      199731E3 
 256      17622622 
 256      34CB7D5D 
 256      71004B7F 
 257 0c72 C108E580 		.ascii	"\301\010\345\200\361\373\005\343kD\273\300\244\233\267"
 257      F1FB05E3 
 257      6B44BBC0 
 257      A49BB7
 258 0c81 16D4F838 		.ascii	"\026\324\3708Sw\255\370\222\031v\266\214\351\271u6G"
 258      5377ADF8 
 258      921976B6 
 258      8CE9B975 
 258      3647
 259 0c93 859B1953 		.ascii	"\205\233\031S\273\257\250U\213;\030\323RY\277\001\337"
 259      BBAFA855 
 259      8B3B18D3 
 259      5259BF01 
 259      DF
 260 0ca4 E5BCDD31 		.ascii	"\345\274\3351|_\205\0372\246mO\336\025%\036g\314\311"
 260      7C5F851F 
 260      32A66D4F 
 260      DE15251E 
 260      67CCC9
 261 0cb7 D1823405 		.ascii	"\321\2024\005\236f\266\337(17.\373UK\321r\266\303<\207"
 261      9E66B6DF 
 261      2831372E 
 261      FB554BD1 
 261      72B6C33C 
 262 0ccc 0E83ED85 		.ascii	"\016\203\355\205\322\266G>\251I\303\370\025S7s\361Q"
 262      D2B6473E 
 262      A949C3F8 
 262      15533773 
 262      F151
 263 0cde 890A8383 		.ascii	"\211\012\203\203\010stxb\237\002\3072\346\330\320\355"
 263      08737478 
 263      629F02C7 
 263      32E6D8D0 
 263      ED
 264 0cef 0F7032BD 		.ascii	"\017p2\275\226E66\014:s\005\314\274\007\304\037\005"
 264      96453636 
 264      0C3A7305 
 264      CCBC07C4 
 264      1F05
ARM GAS  /tmp/ccgxGv02.s 			page 21


 265 0d01 F165F827 		.ascii	"\361e\370'\236\350\037\301\222!\313\271[xP\213s\230"
 265      9EE81FC1 
 265      9221CBB9 
 265      5B78508B 
 265      7398
 266 0d13 B6033B6F 		.ascii	"\266\003;o\356U\340|\306,\344\305\325#\\\304\230\007"
 266      EE55E07C 
 266      C62CE4C5 
 266      D5235CC4 
 266      9807
 267 0d25 E5034332 		.ascii	"\345\003C2|\2221\031\027\343\257jq\033c\342\233\373"
 267      7C923119 
 267      17E3AF6A 
 267      711B63E2 
 267      9BFB
 268 0d37 AE28F065 		.ascii	"\256(\360e\306\024\337\272\321\246\302w\031\223\323"
 268      C614DFBA 
 268      D1A6C277 
 268      1993D3
 269 0d46 37F5C011 		.ascii	"7\365\300\021?d\314\375\263\3417\344x\2241\231\255\251"
 269      3F64CCFD 
 269      B3E137E4 
 269      78943199 
 269      ADA9
 270 0d58 534E789A 		.ascii	"SNx\2321\021\021\215\347\0248\334\2112\347\367\034\314"
 270      3111118D 
 270      E71438DC 
 270      8932E7F7 
 270      1CCC
 271 0d6a 94B12309 		.ascii	"\224\261#\011\312?\217\354k\327\342Xv\263\267\360\356"
 271      CA3F8FEC 
 271      6BD7E258 
 271      76B3B7F0 
 271      EE
 272 0d7b A21CE750 		.ascii	"\242\034\347PF\266\367\366\301h\331r\207\013\215\022"
 272      46B6F7F6 
 272      C168D972 
 272      870B8D12 
 273 0d8b 9DA56E9B 		.ascii	"\235\245n\233\245\003\342\0248\256A\302qd\20790\225"
 273      A503E214 
 273      38AE41C2 
 273      71648739 
 273      3095
 274 0d9d A8C0054C 		.ascii	"\250\300\005L\341\005K\365\0255.a\314xr\377\2343\256"
 274      E1054BF5 
 274      15352E61 
 274      CC7872FF 
 274      9C33AE
 275 0db0 60CC896B 		.ascii	"`\314\211k\351\3452|\202\231r\370\302x\264\334\032\230"
 275      E9E5327C 
 275      829972F8 
 275      C278B4DC 
 275      1A98
 276 0dc2 0408CC59 		.ascii	"\004\010\314Y\220\337\374S\003\323\"\035\230k=\375Q"
 276      90DFFC53 
 276      03D3221D 
 276      986B3DFD 
ARM GAS  /tmp/ccgxGv02.s 			page 22


 276      51
 277 0dd3 72DCC0D4 		.ascii	"r\334\300\324\335\256\217\232w\304\215L][\364\374\270"
 277      DDAE8F9A 
 277      77C48D4C 
 277      5D5BF4FC 
 277      B8
 278 0de4 CAAA6E8E 		.ascii	"\312\252n\216v\250\035\024\236\303?u\026k\303\222\263"
 278      76A81D14 
 278      9EC33F75 
 278      166BC392 
 278      B3
 279 0df5 D8DD5347 		.ascii	"\330\335SG\0334\270\215*Q\035\313\351\202\225\026\331"
 279      1B34B88D 
 279      2A511DCB 
 279      E9829516 
 279      D9
 280 0e06 EBBABBB9 		.ascii	"\353\272\273\271\321\005XI\257E[\313\026`\244\177\255"
 280      D1055849 
 280      AF455BCB 
 280      1660A47F 
 280      AD
 281 0e17 A0EE3C5E 		.ascii	"\240\356<^f\361\310\366\225yd\241I|}\332\036+,\326\370"
 281      66F1C8F6 
 281      957964A1 
 281      497C7DDA 
 281      1E2B2CD6 
 282 0e2c 6D2554B3 		.ascii	"m%T\263:\274\222[\207\0230Y\005^\004K\2730\354\001\201"
 282      3ABC925B 
 282      87133059 
 282      055E044B 
 282      BB30EC01 
 283 0e41 2E017502 		.ascii	".\001u\002uc\321\0360\213\327\321$\251C\264\226\315"
 283      7563D11E 
 283      308BD7D1 
 283      24A943B4 
 283      96CD
 284 0e53 C8232B42 		.ascii	"\310#+B\200H\035s\346\344%8\233vG(\251';8Q\274\303\354"
 284      80481D73 
 284      E6E42538 
 284      9B764728 
 284      A9273B38 
 285 0e6b 77EDD9BC 		.ascii	"w\355\331\274\3263\322^\370Gv$*\273w\263w\016\213OA"
 285      D633D25E 
 285      F8477624 
 285      2ABB77B3 
 285      770E8B4F 
 286 0e80 45BD4457 		.ascii	"E\275DW\240s?\245\243\3544\324W\215.\003\270^\2102\351"
 286      A0733FA5 
 286      A3EC34D4 
 286      578D2E03 
 286      B85E8832 
 287 0e95 8A356DEB 		.ascii	"\2125m\353\252\017/\250\360$\313\226\360\341L3\302\363"
 287      AA0F2FA8 
 287      F024CB96 
 287      F0E14C33 
 287      C2F3
 288 0ea7 8C791C75 		.ascii	"\214y\034u<G\216#\264\354\310$\341\376\011-\336C\231"
ARM GAS  /tmp/ccgxGv02.s 			page 23


 288      3C478E23 
 288      B4ECC824 
 288      E1FE092D 
 288      DE4399
 289 0eba 4F6F6445 		.ascii	"OodE^uA\3644\303\235\305\331M\353\376\026=\340X\341"
 289      5E7541F4 
 289      34C39DC5 
 289      D94DEBFE 
 289      163DE058 
 290 0ecf C635C3A5 		.ascii	"\3065\303\245\273\226rZ\255p\326\241u\247\177\264\205"
 290      BB96725A 
 290      AD70D6A1 
 290      75A77FB4 
 290      85
 291 0ee0 E5C644DF 		.ascii	"\345\306D\337\007u,76\301\366\022l\234\306\322[6\361"
 291      07752C37 
 291      36C1F612 
 291      6C9CC6D2 
 291      5B36F1
 292 0ef3 3102EFDF 		.ascii	"1\002\357\337\273\320\373\021\316\023\361rw\364\000"
 292      BBD0FB11 
 292      CE13F172 
 292      77F400
 293 0f02 7AFF4C14 		.ascii	"z\377L\024\346\212\321\011\013\3164\231\233\021Z\304"
 293      E68AD109 
 293      0BCE3499 
 293      9B115AC4 
 294 0f12 5A741DE4 		.ascii	"Zt\035\344\317-\343t\012/\231\250\371\015\203\357\221"
 294      CF2DE374 
 294      0A2F99A8 
 294      F90D83EF 
 294      91
 295 0f23 6B511EC0 		.ascii	"kQ\036\300\237\340\267\226\333\301\366u\034\276H\217"
 295      9FE0B796 
 295      DBC1F675 
 295      1CBE488F 
 296 0f33 D4C99A20 		.ascii	"\324\311\232 \2213\235\233X\331v\373}k\016Y2\242\207"
 296      91339D9B 
 296      58D976FB 
 296      7D6B0E59 
 296      32A287
 297 0f46 37EE82C5 		.ascii	"7\356\202\305J\017@R\205U\343\2105\022f\002\002\355"
 297      4A0F4052 
 297      8555E388 
 297      35126602 
 297      02ED
 298 0f58 7FCF0D94 		.ascii	"\177\317\015\224\027\200\253\264\367\206x\237'y<\236"
 298      1780ABB4 
 298      F786789F 
 298      27793C9E 
 299 0f68 0F4FDCE7 		.ascii	"\017O\334\347\334\221\004\356\030\000w\304\310E_\002"
 299      DC9104EE 
 299      180077C4 
 299      C8455F02 
 300 0f78 74775CA4 		.ascii	"tw\\\244\207\362)\320\273\322\345{GL\256\310\030\370"
 300      87F229D0 
 300      BBD2E57B 
ARM GAS  /tmp/ccgxGv02.s 			page 24


 300      474CAEC8 
 300      18F8
 301 0f8a 25A4FD2B 		.ascii	"%\244\375+\020\227)\030<-2\230\270\253\357\035\301\273"
 301      10972918 
 301      3C2D3298 
 301      B8ABEF1D 
 301      C1BB
 302 0f9c D9001B91 		.ascii	"\331\000\033\221"
 303 0fa0 1EAC34F9 		.ascii	"\036\2544\371\367\320\243\001+r\3725\310\241\0021r\\"
 303      F7D0A301 
 303      2B72FA35 
 303      C8A10231 
 303      725C
 304 0fb2 1A295A35 		.ascii	"\032)Z5\337\307\342\035\344#\266j\246~\037\235\250\370"
 304      DFC7E21D 
 304      E423B66A 
 304      A67E1F9D 
 304      A8F8
 305 0fc4 3359243E 		.ascii	"3Y$>\005D\212\320\2159k7R$\266\223\016\324-\304\207"
 305      05448AD0 
 305      8D396B37 
 305      5224B693 
 305      0ED42DC4 
 306 0fd9 89E0C341 		.ascii	"\211\340\303A\360\241\005(R\356\206n\303\347<P/P\232"
 306      F0A10528 
 306      52EE866E 
 306      C3E73C50 
 306      2F509A
 307 0fec E0575345 		.ascii	"\340WSE\371d\025\336I\035A\002\\\300\205\201OS\233\356"
 307      F96415DE 
 307      491D4102 
 307      5CC08581 
 307      4F539BEE 
 308 1000 99C06DF9 		.ascii	"\231\300m\371\277fn#k\224\203\257\3152\2239\203\272"
 308      BF666E23 
 308      6B9483AF 
 308      CD329339 
 308      83BA
 309 1012 8D6C5987 		.ascii	"\215lY\207\355\335\266\244r\336\035 _\335\220e[\206"
 309      EDDDB6A4 
 309      72DE1D20 
 309      5FDD9065 
 309      5B86
 310 1024 543E6662 		.ascii	"T>fb\373\324I\002\023I\221B\217a$\315q\251\023\007\335"
 310      FBD44902 
 310      13499142 
 310      8F6124CD 
 310      71A91307 
 311 1039 8E85EEDE 		.ascii	"\216\205\356\336\202n\216r\243\211=d\266\035~i\\\304"
 311      826E8E72 
 311      A3893D64 
 311      B61D7E69 
 311      5CC4
 312 104b 971B7EE0 		.ascii	"\227\033~\340\376\031\357\275\021\246\374\237\243Y\010"
 312      FE19EFBD 
 312      11A6FC9F 
 312      A35908
ARM GAS  /tmp/ccgxGv02.s 			page 25


 313 105a E60DE9E1 		.ascii	"\346\015\351\341'\330\017#`\352\027\265GMM;1]\326\357"
 313      27D80F23 
 313      60EA17B5 
 313      474D4D3B 
 313      315DD6EF 
 314 106e 91EA84A8 		.ascii	"\221\352\204\250\032\330\035\003\034\307,Y\2109\311"
 314      1AD81D03 
 314      1CC72C59 
 314      8839C9
 315 107d 604EBF60 		.ascii	"`N\277`\212\211;0%\0167\377\310\260\216oc\203\204\344"
 315      8A893B30 
 315      250E37FF 
 315      C8B08E6F 
 315      638384E4 
 316 1091 DF7EC94C 		.ascii	"\337~\311L\025y|\226O\325\375\222\351/\314#\226\214"
 316      15797C96 
 316      4FD5FD92 
 316      E92FCC23 
 316      968C
 317 10a3 C34F3E25 		.ascii	"\303O>%5\200\214\355cB5\036\027\017)\360\300\340\337"
 317      35808CED 
 317      6342351E 
 317      170F29F0 
 317      C0E0DF
 318 10b6 71059108 		.ascii	"q\005\221\010}j\257\337vF1\3655\226~I\247\037R\342\257"
 318      7D6AAFDF 
 318      764631F5 
 318      35967E49 
 318      A71F52E2 
 319 10cb 72EEE227 		.ascii	"r\356\342'\212\226\037q\330$\004]\312a\342Y'\035\202"
 319      8A961F71 
 319      D824045D 
 319      CA61E259 
 319      271D82
 320 10de 9D418465 		.ascii	"\235A\204eq\246\020p\002\200\037B\260'\200vB\246\014"
 320      71A61070 
 320      02801F42 
 320      B0278076 
 320      42A60C
 321 10f1 C1E714D0 		.ascii	"\301\347\024\320.\270\336\007\264\000\327c@w\200\366"
 321      2EB8DE07 
 321      B400D763 
 321      407780F6 
 322 1101 023F0C9F 		.ascii	"\002?\014\237\321\360\031\016t\017\256S\3413\002\350"
 322      D1F0190E 
 322      740FAE53 
 322      E13302E8 
 323 1111 255CEF86 		.ascii	"%\\\357\206\317(\240\233p\375\\4sA\315\354\377:\034"
 323      CF28A09B 
 323      70FD5C34 
 323      7341CDEC 
 323      FF3A1C
 324 1124 FC658262 		.ascii	"\374e\202buH\360\327\"^\372]\312S\233\0020\313\020\222"
 324      7548F0D7 
 324      225EFA5D 
 324      CA539B02 
 324      30CB1092 
ARM GAS  /tmp/ccgxGv02.s 			page 26


 325 1138 79BE5786 		.ascii	"y\276W\206_\233\347\\\020f~\303\005\001\212\011*\371"
 325      5F9BE75C 
 325      10667EC3 
 325      05018A09 
 325      2AF9
 326 114a 91844928 		.ascii	"\221\204I(e\011C\226\325\325\366E[|\220'\351\327>\010"
 326      65094396 
 326      D5D5F645 
 326      5B7C9027 
 326      E9D73E08 
 327 115e C2FF2FBF 		.ascii	"\302\377/\277Rsk\270\3746A\327v\332\233+>S\0269\370"
 327      52736BB8 
 327      FC3641D7 
 327      76DA9B2B 
 327      3E531639 
 328 1173 958D8349 		.ascii	"\225\215\203If\262h,\003A3\320)\001E\325&\036fj\311"
 328      66B2682C 
 328      034133D0 
 328      290145D5 
 328      261E666A 
 329 1188 B77366E9 		.ascii	"\267sf\351J&\024\275!:Z\211\323+\244gA\001\272\273\324"
 329      4A2614BD 
 329      213A5A89 
 329      D32BA467 
 329      4101BABB 
 330 119d 3AB04F48 		.ascii	":\260OH\373^\010T\266hd\217H\217,\321\320>Hm\200eI\356"
 330      FB5E0854 
 330      B668648F 
 330      488F2CD1 
 330      D03E486D 
 331 11b5 8FC4BFB8 		.ascii	"\217\304\277\270T\350Y\215\275\015\266\337\260\354\212"
 331      54E8598D 
 331      BD0DB6DF 
 331      B0EC8A
 332 11c4 303FA5F5 		.ascii	"0?\245\365<\013\354\315\266\307\332\177s\323\227\323"
 332      3C0BECCD 
 332      B6C7DA7F 
 332      73D397D3 
 333 11d4 25CCD727 		.ascii	"%\314\327'\245%\363\216\260\224O6\374\231\025[\262}"
 333      A525F38E 
 333      B0944F36 
 333      FC99155B 
 333      B27D
 334 11e6 2CE626A1 		.ascii	",\346&\241\345\\\014K\243A\321\234u\215\253\315\022"
 334      E55C0C4B 
 334      A341D19C 
 334      758DABCD 
 334      12
 335 11f7 739628C6 		.ascii	"s\226(\306d(\012i\000k$~\2319\273ZMgU\333%r>\233\356"
 335      64280A69 
 335      006B247E 
 335      9939BB5A 
 335      4D6755DB 
 336 1210 1ADE21C7 		.ascii	"\032\336!\307?#\222\267\315\261*D\227\025Ko\365\315"
 336      3F2392B7 
 336      CDB12A44 
 336      97154B6F 
ARM GAS  /tmp/ccgxGv02.s 			page 27


 336      F5CD
 337 1222 6D5313C7 		.ascii	"mS\023\307K\334\202\316Vx\221\342p_\362I\030\301\346"
 337      4BDC82CE 
 337      567891E2 
 337      705FF249 
 337      18C1E6
 338 1235 7732C831 		.ascii	"w2\3101\335\370\222\373\242\356\314\331du\012\353\016"
 338      DDF892FB 
 338      A2EECCD9 
 338      64750AEB 
 338      0E
 339 1246 75FC456E 		.ascii	"u\374EniG\316_\366J\315B\3730\037\244\022.\253&eZ4e"
 339      6947CE5F 
 339      F64ACD42 
 339      FB301FA4 
 339      122EAB26 
 340 125e 9F55E576 		.ascii	"\237U\345v\365\372e\361\227\004K\\^\305\311\345]n\177"
 340      F5FA65F1 
 340      97044B5C 
 340      5EC5C9E5 
 340      5D6E7F
 341 1271 36DF4B13 		.ascii	"6\337K\023\220T\225\362\3453\020\026\347\215U\315\235"
 341      905495F2 
 341      E5331016 
 341      E78D55CD 
 341      9D
 342 1282 8E7896AD 		.ascii	"\216x\226\255\324\357\347\\\034\303xQk\363F\232\226"
 342      D4EFE75C 
 342      1CC37851 
 342      6BF3469A 
 342      96
 343 1293 BD9176DB 		.ascii	"\275\221v\333T]\351\202\243\234\331w\361\235\331\260"
 343      545DE982 
 343      A39CD977 
 343      F19DD9B0 
 344 12a3 614D624C 		.ascii	"aMbL\322\203\224\253r\234\351ls\224\273\212\035\345"
 344      D28394AB 
 344      729CE96C 
 344      7394BB8A 
 344      1DE5
 345 12b5 A63F9DA9 		.ascii	"\246?\235\251RSvq\221\2746'\353\315\336\377\300z Z\021"
 345      52537671 
 345      91BC3627 
 345      EBCDDEFF 
 345      C07A205A 
 346 12ca DBFF362C 		.ascii	"\333\3776,\023\315r\015\332/\347k\364*\3616\322\024"
 346      13CD720D 
 346      DA2FE76B 
 346      F42AF136 
 346      D214
 347 12dc 6152BC47 		.ascii	"aR\274G=\2062\345\344\013|(r\253\270]d\216|%: \247\307"
 347      3D8632E5 
 347      E40B7C28 
 347      72ABB85D 
 347      648E7C25 
 348 12f4 ACB163E6 		.ascii	"\254\261c\3468,\034\340&\320\003\334C 7[\220\013j^#"
 348      382C1CE0 
ARM GAS  /tmp/ccgxGv02.s 			page 28


 348      26D003DC 
 348      4320375B 
 348      900B6A5E 
 349 1309 38575A70 		.ascii	"8WZpD\177\333e\376mI\373g\362%\236aoQu\277\330L\022"
 349      447FDB65 
 349      FE6D49FB 
 349      67F2259E 
 349      616F5175 
 350 1321 2C0F2CC8 		.ascii	",\017,\310\022,8$\027\266\374\341\365\323\31748\237"
 350      122C3824 
 350      17B6FCE1 
 350      F5D3CF34 
 350      389F
 351 1333 39ADF9F9 		.ascii	"9\255\371\371H\263\022\0273\246\361`\011,\002+\031s"
 351      48B31217 
 351      33A6F160 
 351      092C022B 
 351      1973
 352 1345 2569B84E 		.ascii	"%i\270N\211O1\246\360jJ\226\253\364\331\230\324\213"
 352      894F31A6 
 352      F06A4A96 
 352      ABF4D998 
 352      D48B
 353 1357 9B44CBA5 		.ascii	"\233D\313\245\221~W|\211=\276\360\250\345\337\361Uv"
 353      917E577C 
 353      893DBEF0 
 353      A8E5DFF1 
 353      5576
 354 1369 3D3399F5 		.ascii	"=3\231\365\026\356a\327\213{\022\033\024\370.c\"K\306"
 354      16EE61D7 
 354      8B7B121B 
 354      14F82E63 
 354      224BC6
 355 137c 35F801BB 		.ascii	"5\370\001\273\316\310J=\247\304O(\243\256\272p\254\\"
 355      CEC84A3D 
 355      A7C44F28 
 355      A3AEBA70 
 355      AC5C
 356 138e 89B86FA1 		.ascii	"\211\270o\241m\336\260\021v\320\025r6\025\235\004\307"
 356      6DDEB011 
 356      76D01572 
 356      36159D04 
 356      C7
 357 139f 1C83E9A3 		.ascii	"\034\203\351\243\012\350\004P5\320q\240J~\335\273+\302"
 357      0AE80450 
 357      35D071A0 
 357      4A7EDDBB 
 357      2BC2
 358 13b1 727BDAF2 		.ascii	"r{\332\362\237\270o\255\213\301O%\340'\362\274d\241"
 358      9FB86FAD 
 358      8BC14F25 
 358      E027F2BC 
 358      64A1
 359 13c3 84D23748 		.ascii	"\204\3227HK\037A\036\265G\332\254k\000:\304C\313\245"
 359      4B1F411E 
 359      B547DAAC 
 359      6B003AC4 
ARM GAS  /tmp/ccgxGv02.s 			page 29


 359      43CBA5
 360 13d6 A1A28A7A 		.ascii	"\241\242\212z\217\307\226J\032 \202\336\347\241e\366"
 360      8FC7964A 
 360      1A2082DE 
 360      E7A165F6 
 361 13e6 50939D05 		.ascii	"P\223\235\005\275<\364\2104TtDp\37309\"\000\314\322"
 361      BD3CF488 
 361      34547444 
 361      70FB3039 
 361      2200CCD2 
 362 13fa 17C6126A 		.ascii	"\027\306\022j+\027\034\221\373\012\212\033\206\202V"
 362      2B171C91 
 362      FB0A8A1B 
 362      868256
 363 1409 0B928A84 		.ascii	"\013\222\212\204\204\"\017\331.\272D\341@5\020\205\237"
 363      84220FD9 
 363      2EBA44E1 
 363      40351085 
 363      9F
 364 141a 1A11F295 		.ascii	"\032\021\362\225\331\374\363r\233\027\224j\345\342\012"
 364      D9FCF372 
 364      9B17946A 
 364      E5E20A
 365 1429 5727B77E 		.ascii	"W'\267~\237\220\232PQ\254\300\007\\h\216\244u\014\214"
 365      9F909A50 
 365      51ACC007 
 365      5C688EA4 
 365      750C8C
 366 143c D87C0B41 		.ascii	"\330|\013A:-<\325\300?5\030>\023\203p\001{*#?\367\270"
 366      3A2D3CD5 
 366      C03F3518 
 366      3E138370 
 366      017B2A23 
 367 1453 332E614C 		.ascii	"3.aLL\302`\265\032\037cL\337B\316\274\012\327SF\225"
 367      4CC260B5 
 367      1A1F634C 
 367      DF42CEBC 
 367      0AD75346 
 368 1468 7FE66C9B 		.ascii	"\177\346l\233\034q\307\002tu\025;?\363!\267\272\002"
 368      1C71C702 
 368      7475153B 
 368      3FF321B7 
 368      BA02
 369 147a 83503DF8 		.ascii	"\203P=\370\242e\271\244!U\220\316\357`\004:%\211\\~"
 369      A265B9A4 
 369      215590CE 
 369      EF60043A 
 369      25895C7E 
 370 148e 3FEC40D1 		.ascii	"?\354@\321\304um\340\2723\340\252f\240s@\255@g\305\033"
 370      C4756DE0 
 370      BA33E0AA 
 370      66A07340 
 370      AD4067C5 
 371 14a3 E3A7A5AC 		.ascii	"\343\247\245\254\336\223\257(\232856o\275\011\365\336"
 371      DE93AF28 
 371      9A383536 
 371      6FBD09F5 
ARM GAS  /tmp/ccgxGv02.s 			page 30


 371      DE
 372 14b4 3CFC54C1 		.ascii	"<\374T\301!OK!\337\347\201\203<\260Q\012(|\347x\257"
 372      214F4B21 
 372      DFE78183 
 372      3CB0510A 
 372      287CE778 
 373 14c9 94A44F8B 		.ascii	"\224\244O\213D\372\240\273U\317\257\310\3604\365\245"
 373      44FAA0BB 
 373      55CFAFC8 
 373      F034F5A5 
 374 14d9 EC5ECCED 		.ascii	"\354^\314\355vgk.\215|\253F\235 \263]\310\245\026\251"
 374      76676B2E 
 374      8D7CAB46 
 374      9D20B35D 
 374      C8A516A9 
 375 14ed 5CE24F07 		.ascii	"\\\342O\007:\300\011?\305!\2405\271\244:O-\375\216\234"
 375      3AC0093F 
 375      C521A035 
 375      B9A43A4F 
 375      2DFD8E9C 
 376 1501 488AC3EB 		.ascii	"H\212\303\353D<z\376xL.N\252.\233T<\317'\225\251\262"
 376      443C7AFE 
 376      784C2E4E 
 376      AA2E9B54 
 376      3CCF2795 
 377 1517 73B7238E 		.ascii	"s\267#\216ue_`M\025N;\342$\306\314E^\215\342\316t\351"
 377      75655F60 
 377      4D154E3B 
 377      E224C6CC 
 377      455E8DE2 
 378 152e F435953E 		.ascii	"\3645\225>4\212q\032\273\271+s\3619\306\207\030\223"
 378      348A711A 
 378      BBB92B73 
 378      F139C687 
 378      1893
 379 1540 355B5EEC 		.ascii	"5[^\354\204\013\031\323\237\270\373\221\023.a\314\313"
 379      840B19D3 
 379      9FB8FB91 
 379      132E61CC 
 379      CB
 380 1551 F47B8F5C 		.ascii	"\364{\217\\p9c\016\015,\316hq\025c\346{\313G4\370$c"
 380      7039630E 
 380      0D2CCE68 
 380      711563E6 
 380      7BCB4734 
 381 1568 C6AF9594 		.ascii	"\306\257\225\224C\312rF\244\355;\207\360i\306\344\\"
 381      43CA7246 
 381      A4ED3B87 
 381      F069C6E4 
 381      5C
 382 1579 9FCB54E0 		.ascii	"\237\313T\340\026\306\234\313N)q\301\035\224\321\266"
 382      16C69CCB 
 382      4E2971C1 
 382      1D94D1B6 
 383 1589 5E7A56EA 		.ascii	"^zV\352\210\254G[+hz\323\232X\363\276\250&\336\202\360"
 383      88AC475B 
 383      2B687AD3 
ARM GAS  /tmp/ccgxGv02.s 			page 31


 383      9A58F3BE 
 383      A826DE82 
 384 159e F4CB972C 		.ascii	"\364\313\227,\362\204:\023Sj\2553\327\354\241&\373J"
 384      F2843A13 
 384      536AAD33 
 384      D7ECA126 
 384      FB4A
 385 15b0 17C7636F 		.ascii	"\027\307co\332c\313\355\304\356\341\2417\354\241K\012"
 385      DA63CBED 
 385      C4EEE1A1 
 385      37ECA14B 
 385      0A
 386 15c1 682C8FBD 		.ascii	"h,\217\275.\215\025\304.\026[\241W\354\241\366\2656"
 386      2E8D15C4 
 386      2E165BA1 
 386      57ECA1F6 
 386      B536
 387 15d3 9E97DA23 		.ascii	"\236\227\332#m\254\010\273\300\213\275,)v\311\021`7"
 387      6DAC08BB 
 387      C08BBD2C 
 387      2976C911 
 387      6037
 388 15e5 CCD56C27 		.ascii	"\314\325l'\320\317\245\364\023\262w\202\034\354\003"
 388      D0CFA5F4 
 388      13B27782 
 388      1CEC03
 389 15f4 7A047417 		.ascii	"z\004t\027\250\027\350>\331\033\001=\000\272\003\364"
 389      A817E83E 
 389      D91B013D 
 389      00BA03F4 
 390 1604 58348171 		.ascii	"X4\201q\233\007\242\367\252\264\363\205\236'\362\320"
 390      9B07A2F7 
 390      AAB4F385 
 390      9E27F2D0 
 391 1614 DBD22115 		.ascii	"\333\322!\025\315\007/\213\311\200\356\227\232\017\322"
 391      CD072F8B 
 391      C980EE97 
 391      9A0FD2
 392 1623 0772E314 		.ascii	"\007r\343\024\3261\234\001cx\020$]\022\306p\277\324"
 392      D6319C01 
 392      63781024 
 392      5D12C670 
 392      BFD4
 393 1635 18B6F616 		.ascii	"\030\266\366\026\015\220]\372\377e\207\311\027\373\335"
 393      0D905DFA 
 393      FF6587C9 
 393      17FBDD
 394 1644 772E63F1 		.ascii	"w.c\361\240\034\264\031\224C\374\240\034\2714\336 \303"
 394      A01CB419 
 394      9443FCA0 
 394      1CB934DE 
 394      20C3
 395 1656 1769A23B 		.ascii	"\027i\242;g\366L\367+Do\260Y\017\366\033\023+\277e\033"
 395      67F64CF7 
 395      2B446FB0 
 395      590FF61B 
 395      132BBF65 
ARM GAS  /tmp/ccgxGv02.s 			page 32


 396 166b 0EF2666A 		.ascii	"\016\362fj\",}-\313:\020\312a\003}\257\230\274\221\377"
 396      222C7D2D 
 396      CB3A10CA 
 396      61037DAF 
 396      98BC91FF 
 397 167f 0831A8F4 		.ascii	"\0101\250\364\373\307\303G\210\243\311V#Cn'\322\356"
 397      FBC7C347 
 397      88A3C956 
 397      23436E27 
 397      D2EE
 398 1691 8D2793F9 		.ascii	"\215'\223\371\326\007\000%\273\377t\016\312o\364\355"
 398      D6070025 
 398      BBFF740E 
 398      CA6FF4ED 
 399 16a1 CF96FA12 		.ascii	"\317\226\372\022\272\273\3512\035*\017\272h/X\264\364"
 399      BABBE932 
 399      1D2A0FBA 
 399      682F58B4 
 399      F4
 400 16b2 16FBBD0B 		.ascii	"\026\373\275\013\356\223M$\272\300YL\374\376\034\374"
 400      EE934D24 
 400      BAC0594C 
 400      FCFE1CFC 
 401 16c2 3E027E7D 		.ascii	">\002~}\006\364\024h\014h\024h\012h\002\350\005\320"
 401      06F41468 
 401      0C681468 
 401      0A6802E8 
 401      05D0
 402 16d4 24D038D0 		.ascii	"$\3208\320\264x\222\231;\322\315\277\022]ho\301\222"
 402      B4789299 
 402      3BD2CDBF 
 402      125D686F 
 402      C192
 403 16e6 BD5FFB05 		.ascii	"\275_\373\005\206\216\205m\305\036{\337\332\037C\305"
 403      868E856D 
 403      C51E7BDF 
 403      DA1F43C5 
 404 16f6 962BB9AE 		.ascii	"\226+\271\256]\260\027l\377vP\337\330\221D\255\251h"
 404      5DB0176C 
 404      FF7650DF 
 404      D89144AD 
 404      A968
 405 1708 355DD916 		.ascii	"5]\331\026ph~=|\334nj\252\211'\231lY\222\311T\322\202"
 405      70687E3D 
 405      7CDC6E6A 
 405      AA892799 
 405      6C5992C9 
 406 171f A84387A5 		.ascii	"\250C\207\245\365\012\273\344,\316\377\220dhX\332\377"
 406      F50ABBE4 
 406      2CCEFF90 
 406      646858DA 
 406      FF
 407 1730 CC481824 		.ascii	"\314H\030$\273F\037\337UY\007I\351\005\0270a\026\340"
 407      BB461FDF 
 407      55590749 
 407      E9051730 
 407      6116E0
ARM GAS  /tmp/ccgxGv02.s 			page 33


 408 1743 1784F7EC 		.ascii	"\027\204\367\354-R\303\204\017\327\014\204\350\377%"
 408      2D52C384 
 408      0FD70C84 
 408      E8FF25
 409 1752 5C6451D4 		.ascii	"\\dQ\324\333\227k3\177\315\332\014\2259~\250\234)\213"
 409      DB976B33 
 409      7FCDDA0C 
 409      95397EA8 
 409      9C298B
 410 1765 AF53D19F 		.ascii	"\257S\321\2376A\033\367\323\246+\261\365\327\\\226\375"
 410      36411BF7 
 410      D3A62BB1 
 410      F5D75C96 
 410      FD
 411 1776 69D34B39 		.ascii	"i\323K9\371i\323\274\234\373iSstV\225\032_a3L\343\344"
 411      F969D3BC 
 411      9CFB6953 
 411      73745695 
 411      1A5F6133 
 412 178d C5700DF7 		.ascii	"\305p\015\367\243\265\307\261X\364\2435x\012\275\342"
 412      A3B5C7B1 
 412      58F4A335 
 412      780ABDE2 
 413 179d EB8403B9 		.ascii	"\353\204\003\271\246\266\242\005\371*x\260\241\360\230"
 413      A6B6A205 
 413      F92A78B0 
 413      A1F098
 414 17ac 02F7BBDA 		.ascii	"\002\367\273\332l\3406\332\3762m\243\360\313\264\273"
 414      6CE036DA 
 414      FE326DA3 
 414      F0CBB4BB 
 415 17bc 96A83AF9 		.ascii	"\226\250:\371r_\202F(\334\001\313fx\223b%\332\251\340"
 415      725F8246 
 415      28DC01CB 
 415      66789362 
 415      25DAA9E0 
 416 17d0 F644B717 		.ascii	"\366D\267\027+~QNv\325\341\012\015Z\024j\326FaO4\320"
 416      2B7E514E 
 416      76D5E10A 
 416      0D5A146A 
 416      D646614F 
 417 17e6 7AFE9A33 		.ascii	"z\376\2323\316y\203\332q0s\244@-\366!\371%\245\340\207"
 417      CE7983DA 
 417      713073A4 
 417      402DF621 
 417      F925A5E0 
 418 17fb 4885F0CA 		.ascii	"H\205\360\312\263l\254*\363&FZ\367e\320(\032\214\022"
 418      B36CAC2A 
 418      F326465A 
 418      F765D028 
 418      1A8C12
 419 180e 1E60BF1C 		.ascii	"\036`\277\034\212\316~\213l\022\243\240y\227Bx\257D"
 419      8ACE7E8B 
 419      6C12A3A0 
 419      79974278 
 419      AF44
 420 1820 A1E5CD91 		.ascii	"\241\345\315\221\370\341\350\235\302]\361J\332D\236"
ARM GAS  /tmp/ccgxGv02.s 			page 34


 420      F8E1E89D 
 420      C25DF14A 
 420      DA449E
 421 182f DBADA08D 		.ascii	"\333\255\240\215\365)\245\227\025\264\221\034\342\304"
 421      F529A597 
 421      15B4911C 
 421      E2C4
 422 183d B0C6B8D8 		.ascii	"\260\306\270\330'\371\032\332H\372\033\313\032#\315"
 422      27F91ADA 
 422      48FA1BCB 
 422      1A23CD
 423 184c 152DCE56 		.ascii	"\025-\316V\211{X\333\351{\243\266\277\000%\007LB?\343"
 423      897B58DB 
 423      E97BA3B6 
 423      BF002507 
 423      4C423FE3 
 424 1860 1524DE71 		.ascii	"\025$\336q\012.\336\361\003\273\346\024\270\200\271"
 424      0A2EDEF1 
 424      03BBE614 
 424      B880B9
 425 186f E8FCFCD8 		.ascii	"\350\374\374\330+%\215w_fA\233\326\314~\006J\237A\011"
 425      2B258D77 
 425      5F66419B 
 425      D6CC7E06 
 425      4A9F4109 
 426 1883 0A21DA70 		.ascii	"\012!\332p\315\242\235\250 \321N\214\250{\344\214O2"
 426      CDA29DA8 
 426      20D14E8C 
 426      A87BE48C 
 426      4F32
 427 1895 196575B7 		.ascii	"\031eu\267\032\344\277\312%9\323\230\370\314;\305\224"
 427      1AE4BFCA 
 427      2539D398 
 427      F8CC3BC5 
 427      94
 428 18a6 04EEB12C 		.ascii	"\004\356\261,\376\341\2274g\223\230\024~p8\220\026*"
 428      FEE19734 
 428      67939814 
 428      7E703890 
 428      162A
 429 18b8 2A59F12B 		.ascii	"*Y\361+x\272i2'Z\315VY\377B\244]\272_\361BN\317\014"
 429      78BA6932 
 429      275ACD56 
 429      59FF42A4 
 429      5DBA5FF1 
 430 18d0 66347435 		.ascii	"f4t5\364\264\267\213\361G\251\266\356\250:\223\223F"
 430      F4B4B78B 
 430      F147A9B6 
 430      EEA83A93 
 430      9346
 431 18e2 78A7016E 		.ascii	"x\247\001n\210\372\232\252 /\235\275\267\022\355S\320"
 431      88FA9AAA 
 431      202F9DBD 
 431      B712ED53 
 431      D0
 432 18f3 DDEBC5D4 		.ascii	"\335\353\305\324\350D\2477\223\270A\272\352\347\364"
 432      E844A737 
ARM GAS  /tmp/ccgxGv02.s 			page 35


 432      93B841BA 
 432      EAE7F4
 433 1902 0DA71448 		.ascii	"\015\247\024H\252\275\012\002OS\274i}\210\240;\342\356"
 433      AABD0A02 
 433      4F53BC69 
 433      7D88A03B 
 433      E2EE
 434 1914 C4237C8A 		.ascii	"\304#|\212u\253\247k\350K\350\025\3719n\305\327;M\346"
 434      75ABA76B 
 434      E84BE815 
 434      F9396EC5 
 434      D73B4DE6 
 435 1928 38AE53F0 		.ascii	"8\256S\360\014J\347:%HJ\347:\225A;5^4>`\363\222!\031"
 435      0C4AE73A 
 435      25484AE7 
 435      3A95413B 
 435      355E343E 
 436 1941 3D829599 		.ascii	"=\202\225\231,E\310'\311\210\363\373[m\206z\273M\232"
 436      2C45C827 
 436      C988F3FB 
 436      5B6D867A 
 436      BB4D9A
 437 1954 6671E02C 		.ascii	"fq\340,\012Nm\312\264\330L\241\2656\340l\016\234M\301"
 437      0A4E6DCA 
 437      B4D84CA1 
 437      B536E06C 
 437      0E9C4DC1 
 438 1968 1DDD31AD 		.ascii	"\035\3351\2556\3731\022V\001\274\237\003\357\247\340"
 438      36FB3112 
 438      5601BC9F 
 438      03EFA7E0 
 439 1978 EAF2AA47 		.ascii	"\352\362\252G66\223\216\012\340\034\016L>\325Az\237"
 439      3636938E 
 439      0AE01C0E 
 439      4C3ED541 
 439      7A9F
 440 198a 309DD1DF 		.ascii	"0\235\321\337O\371O_\376e\225\227\203\206\360\333\015"
 440      4FF94F5F 
 440      FE659597 
 440      8386F0DB 
 440      0D
 441 199b FA0F7D1D 		.ascii	"\372\017}\035\336\374F\277- X\3075\004\351\203\215a"
 441      DEFC46BF 
 441      2D2058C7 
 441      3504E983 
 441      8D61
 442 19ad AA8060E3 		.ascii	"\252\200`\343ZO\235\321Q\247\343\256>\360\330\036f\360"
 442      5A4F9DD1 
 442      51A7E3AE 
 442      3EF0D81E 
 442      66F0
 443 19bf 0808F60D 		.ascii	"\010\010\366\015\334\356\247\367\010\326\177\037\030"
 443      DCEEA7F7 
 443      08D67F1F 
 443      18
 444 19cc F08D4790 		.ascii	"\360\215G\220\217\257\177@\260\336C\347\247\337\352"
 444      8FAF7F40 
ARM GAS  /tmp/ccgxGv02.s 			page 36


 444      B0DE43E7 
 444      A7DFEA
 445 19db B33DD0A8 		.ascii	"\263=\320\2503\376\020\252\017\373\320\337\301M\012"
 445      33FE10AA 
 445      0FFBD0DF 
 445      C14D0A
 446 19ea 1DF64398 		.ascii	"\035\366C\230\207.\314\350\007\022\001\242\335\2467"
 446      872ECCE8 
 446      071201A2 
 446      DDA637
 447 19f9 EA420DFA 		.ascii	"\352B\015\3720\242\3241(\354\267\037\257Y\003\315\216"
 447      30A2D431 
 447      28ECB71F 
 447      AF5903CD 
 447      8E
 448 1a0a 80320604 		.ascii	"\2002\006\004\351uF\365vN\265F\247\263^\272\177\370"
 448      E97546F5 
 448      764EB546 
 448      A7B35EBA 
 448      7FF8
 449 1a1c A187977F 		.ascii	"\241\207\227\177\3007\001\233\274=B\302<\014F^\207\257"
 449      C037019B 
 449      BC3D42C2 
 449      3C0C465E 
 449      87AF
 450 1a2e 3F799053 		.ascii	"?y\220S\257\361\365\337\342\357\347\035\250\327\207"
 450      AFF1F5DF 
 450      E2EFE71D 
 450      A8D787
 451 1a3d FEE6354F 		.ascii	"\376\3465O\030\375\015z\037?\362\200\343g\236^\353\015"
 451      18FD0D7A 
 451      1F3FF280 
 451      E3679E5E 
 451      EB0D
 452 1a4f 01DFE90D 		.ascii	"\001\337\351\015\232\000O\3370\243\217\021\014\320@"
 452      9A004FDF 
 452      30A38F11 
 452      0CD040
 453 1a5e A3EE2F5F 		.ascii	"\243\356/_~\366\345g[\324\344\322{\313\246\257\010P"
 453      7EF6E567 
 453      5BD4E4D2 
 453      7BCBA6AF 
 453      0850
 454 1a70 B779C3BA 		.ascii	"\267y\303\272\365\177s&W\353\274\266|\366\317\033t["
 454      F57F7326 
 454      57EBBCB6 
 454      7CF6CF1B 
 454      745B
 455 1a82 FE2AE636 		.ascii	"\376*\3466\377\225>\371\371&\257?oX\277\312V\277\277"
 455      FF953EF9 
 455      F926AF3F 
 455      6F58BFCA 
 455      56BFBF
 456 1a95 4F206F00 		.ascii	"O o\000h\002\325\012\252\315\011\230\220\320\240\020"
 456      6802D50A 
 456      AACD0998 
 456      90D0A010 
ARM GAS  /tmp/ccgxGv02.s 			page 37


 457 1aa5 3FA277D3 		.ascii	"?\242w\323W_lZ\277A\007BVp\227\336_\374\327\277x\353"
 457      575F6C5A 
 457      BF410742 
 457      567097DE 
 457      5FFCD7BF 
 458 1abb D66FF8E7 		.ascii	"\326o\370\347\317\2746\374\314\246m\343&\357-\236Ku"
 458      CFBC36FC 
 458      CCA66DE3 
 458      26EF2D9E 
 458      4B75
 459 1acd 8486188C 		.ascii	"\204\206\030\214a\036\336[\276X\353\351\361\371\347"
 459      611EDE5B 
 459      BE58EBE9 
 459      F1F9E7
 460 1adc EB3D40D6 		.ascii	"\353=@\326wk\210F]`\240\037hU\205\204\352\2106'\337"
 460      776B8846 
 460      5D60A01F 
 460      68558584 
 460      EA883627 
 461 1af1 C010DF6F 		.ascii	"\300\020\337oua\241z\275\237\013\334\366\333n\374\301"
 461      7561A17A 
 461      BD9F0BDC 
 461      F6DB6EFC 
 461      C1
 462 1b02 F707DF40 		.ascii	"\367\007\337@0\303\305{\313z\335\372\277l\371\233\316"
 462      30C3C57B 
 462      CB7ADDFA 
 462      BF6CF99B 
 462      CE
 463 1b13 EB6F5E9F 		.ascii	"\353o^\237o\370\331\037\327yo\021\361:\317\267\354["
 463      6FF8D91F 
 463      D7796F11 
 463      F13ACFB7 
 463      EC5B
 464 1b25 D67CACFB 		.ascii	"\326|\254\373\275\206H\320Q\021\304W^!\301[\003\266"
 464      BD8648D0 
 464      5111C457 
 464      5E21C15B 
 464      03B6
 465 1b37 297DE907 		.ascii	")}\351\007\361\355\326@\237m\220\207J\275\301\020b\010"
 465      F1EDD640 
 465      9F6D9087 
 465      4ABDC110 
 465      6208
 466 1b49 53056D37 		.ascii	"S\005m7\352w@\254}\375u\364\322\225\213\211\356\177"
 466      EA7740AC 
 466      7DFD75F4 
 466      D2958B89 
 466      EE7F
 467 1b5b 6ED76F07 		.ascii	"n\327o\007#\336\200\0336Mj\306Aj\362w\224\241\272`\375"
 467      23DE801B 
 467      364D6AC6 
 467      416AF277 
 467      94A1BA60 
 468 1b70 0E237C40 		.ascii	"\016#|@:}\2472\206\032\002Bt\306\217\227\004\236\371"
 468      3A7DA732 
 468      861A0242 
ARM GAS  /tmp/ccgxGv02.s 			page 38


 468      74C68F97 
 468      049EF9
 469 1b83 64DDE62F 		.ascii	"d\335\346/\274\276\330\341\341\033\022\024\032\020\250"
 469      BCBED8E1 
 469      E11B1214 
 469      1A10A8
 470 1b92 378479FC 		.ascii	"7\204y\374\223\227\027\311\005.u\250\224\200\020\025"
 470      939717C9 
 470      052E75A8 
 470      94801015 
 471 1ba2 580CE618 		.ascii	"X\014\346\030\235\310Cd\014\370\032w\250\015\372m>\206"
 471      9DC84364 
 471      0CF81A77 
 471      A80DFA6D 
 471      3E86
 472 1bb4 209DF1EF 		.ascii	" \235\361\357\177D\264\277o\010\014,\177\007\034\266"
 472      7F44B4BF 
 472      6F080C2C 
 472      7F071CB6 
 473 1bc4 E663A0DF 		.ascii	"\346c\240\337\001}\002\364{\034\346\271\032h\015\220"
 473      017D02F4 
 473      7B1CE6B9 
 473      1A680D90 
 474 1bd4 27D05AA0 		.ascii	"'\320Z\240\217\200~\013\0048O\300y\002\316\023pk\001"
 474      8F807E0B 
 474      04384FC0 
 474      7902CE13 
 474      706B01
 475 1be7 B7768DCC 		.ascii	"\267v\215\314\360\221\314\360[\231\341c\231\341w2\303"
 475      F091CCF0 
 475      5B99E163 
 475      99E17732 
 475      C3
 476 1bf8 2732C3EF 		.ascii	"'2\303\357\261a\315j\2405\262@\303\177\376)F\350\276"
 476      B161CD6A 
 476      A035B240 
 476      C37FFE29 
 476      46E8BE
 477 1c0b FB5D1031 		.ascii	"\373]\0201\304\260f\255\"T\007}P\021_}\2577\300gH\240"
 477      C4B066AD 
 477      2254077D 
 477      50115F7D 
 477      AF37C067 
 478 1c21 9FDE20F7 		.ascii	"\237\336 \367\365\3671\020\007\372\004\3515a\306o}\002"
 478      F5F73110 
 478      07FA04E9 
 478      3561C66F 
 478      7D02
 479 1c33 03B60573 		.ascii	"\003\266\005sc\357\343\217\370\261G/Ca\360~\033\030"
 479      63EFE38F 
 479      F8B1472F 
 479      4361F07E 
 479      1B18
 480 1c45 10146054 		.ascii	"\020\024`T\033\271!\242\"7?\241u\202\273R\021\024\334"
 480      1BB921A2 
 480      22373FA1 
 480      7582BB52 
ARM GAS  /tmp/ccgxGv02.s 			page 39


 480      1114DC
 481 1c58 53195932 		.ascii	"S\031Y2\003OC\2562\032\364[I\340Cu\344\302\321\030\026"
 481      034F43AE 
 481      321AF45B 
 481      49E04375 
 481      E4C2D118 
 482 1c6d 18E0AB87 		.ascii	"\030\340\253\207\006G\0326}P(\271EF\276\"(l\033\340"
 482      06471A36 
 482      7D5028B9 
 482      4546BE22 
 482      286C1BE0 
 483 1c81 0C7E3FC0 		.ascii	"\014~?\300\205Z\277#\300\350\013\222\224\337\033C\276"
 483      855ABF23 
 483      C0E80B92 
 483      94DF1B43 
 483      BE
 484 1c92 F91FA16F 		.ascii	"\371\037\241or\341\007\031z\203>\330\0274(\2767\032"
 484      72E10719 
 484      7A833ED8 
 484      173428BE 
 484      371A
 485 1ca4 0DA15A48 		.ascii	"\015\241ZH\2070}\220O\250?t[\305%\213\3027\030j\222"
 485      87307D90 
 485      4FA83F74 
 485      5BC5258B 
 485      C237186A 
 486 1cb9 224C079F 		.ascii	"\"L\007\237 \000\356\207\302G\220qG\250\223\376;\250"
 486      2000EE87 
 486      C2479071 
 486      47A893FE 
 486      3BA8
 487 1ccb 73413E61 		.ascii	"sA>a\337\222\\\374\236\\\340P\335v\027k\256\005\006"
 487      DF925CFC 
 487      9E5CE050 
 487      DD76176B 
 487      AE0506
 488 1cde 84C193AE 		.ascii	"\204\301\223\256\242\354#-`\353\367>\001\306\200\340"
 488      A2EC232D 
 488      60EBF73E 
 488      01C680E0 
 489 1cee 6DE00CB0 		.ascii	"m\340\014\260\216)\241\227\320\240\017\325\007Cq\333"
 489      8E29A197 
 489      D0A00FD5 
 489      074371DB 
 490 1cfe 06285041 		.ascii	"\006(PA\360\032\322Y\237@\232P\320\030\032\022\022\370"
 490      F01AD259 
 490      9F409A50 
 490      D0181A12 
 490      12F8
 491 1d10 262D6EA2 		.ascii	"&-n\242Z\013.2\030\251\235\362o\364a\320\033\030\026"
 491      5A0B2E32 
 491      18A99DF2 
 491      6FF461D0 
 491      1B1816
 492 1d23 4679A04F 		.ascii	"Fy\240O\230Q\271\2356\243`\265\301\310J\242\306w{\320"
 492      9851B99D 
 492      36A360B5 
ARM GAS  /tmp/ccgxGv02.s 			page 40


 492      C1C84AA2 
 492      C6777BD0 
 493 1d37 F6401F23 		.ascii	"\366@\037#\024\252U\257\253k$\346\\ `\2101_\300g\310"
 493      14AA55AF 
 493      AB6B24E6 
 493      5C206088 
 493      315FC067 
 494 1d4c F7C17A83 		.ascii	"\367\301z\2032\210\216\026\267\327UR_\177R#\336}\015"
 494      32888E16 
 494      B7D75552 
 494      5F7F5223 
 494      DE7D0D
 495 1d5f 043AF823 		.ascii	"\004:\370#\010p6\251ntT+\231\023\035a\374\373\370\371"
 495      087036A9 
 495      6E74542B 
 495      99131D61 
 495      FCFBF8F9 
 496 1d73 19B8FC82 		.ascii	"\031\270\374\202ra\315/r)'\267\034\015;\374\202|H\352"
 496      7261CD2F 
 496      722927B7 
 496      1C0D3BFC 
 496      827C48EA 
 497 1d87 381AAD57 		.ascii	"8\032\255Wo\256\377b\235\316\033\362\307'H\267\005\206"
 497      6FAEFF62 
 497      9DCE1BF2 
 497      C72748B7 
 497      0586
 498 1d99 E97AFD56 		.ascii	"\351z\375V\231\327f\371\227\353\267l\306_\255\333,\377"
 498      99D766F9 
 498      97EBB76C 
 498      C65FADDB 
 498      2CFF
 499 1dab 6235F96F 		.ascii	"b5\371o\315\272\315\370\217^\233\327\332\232\004=\365"
 499      CDBACDF8 
 499      8F5E9BD7 
 499      DA9A043D 
 499      F5
 500 1dbc F0FAC2FB 		.ascii	"\360\372\302\3733o\250\205\254\034\376\361\243\035;"
 500      336FA885 
 500      AC1CFEF1 
 500      A31D3B
 501 1dcb 3CC28C41 		.ascii	"<\302\214Ak=\267~\264f\315\0162N\225aT\270<`\253\257"
 501      6B3DB77E 
 501      B466CD0E 
 501      324E9561 
 501      54B83C60 
 502 1de1 411910E6 		.ascii	"A\031\020\346\037\260\325\350\030\246\017\334\032\020"
 502      1FB0D5E8 
 502      18A60FDC 
 502      1A10
 503 1def EC07B67F 		.ascii	"\354\007\266\177\247\3675\206\030>\372\361\032\013f"
 503      A7F73586 
 503      183EFAF1 
 503      1A0B66
 504 1dfe 7EE7C944 		.ascii	"~\347\311D\353\300t\020\374&\317\350\230\012HF`\014"
 504      EBC07410 
 504      FC26CFE8 
ARM GAS  /tmp/ccgxGv02.s 			page 41


 504      980A4846 
 504      600C
 505 1e10 3BC8FFC6 		.ascii	";\310\377\306\035Nd\232\340z\204\2756\257\001\362\224"
 505      1D4E649A 
 505      E07A84BD 
 505      36AF01F2 
 505      94
 506 1e21 6F5AB779 		.ascii	"oZ\267y\015\371\317S\266~3\366\206F\357\315\236\330"
 506      0DF9CF53 
 506      B67E33F6 
 506      8646EFCD 
 506      9ED8
 507 1e33 CB6BB362 		.ascii	"\313k\263b\313\346\317\2747\310\377\3709\364\032\374"
 507      CBE6CFBC 
 507      37C8FFF8 
 507      39F41AFC 
 508 1e43 F8069B31 		.ascii	"\370\006\2331u\254\262B.)\303\002\376\015R\304\223\316"
 508      75ACB242 
 508      2E29C302 
 508      FE0D52C4 
 508      93CE
 509 1e55 BC64BADD 		.ascii	"\274d\272\335\346\353\353\001\345\352\203\340\220`\375"
 509      E6EBEB01 
 509      E5EA83E0 
 509      9060FD
 510 1e64 077A9F6F 		.ascii	"\007z\237o\002<>\372\360\367\037\256\345C\00431L\333"
 510      023C3EFA 
 510      F0F71FAE 
 510      E5430433 
 510      314CDB
 511 1e77 24538C5B 		.ascii	"$S\214[\267\007\373\352\214?\243\263\246\027\330i\324"
 511      B707FBEA 
 511      8C3FA3B3 
 511      A617D869 
 511      D4
 512 1e88 7B43EA04 		.ascii	"{C\352\004\370*\310\264\270\306\311\272t\200\344\377"
 512      F82AC8B4 
 512      B8C6C9BA 
 512      7480E4FF 
 513 1e98 3F26DFD0 		.ascii	"?&\337\320*"
 513      2A
 514              		.text
 515              		.section	.gnu.lto_.symtab.b2ee38c60cc50364,"",%progbits
 516 0000 62656769 		.ascii	"begin_measurements\000\000\000\000\000\000\000\000\000"
 516      6E5F6D65 
 516      61737572 
 516      656D656E 
 516      74730000 
 517 001b 000000B0 		.ascii	"\000\000\000\260\000\000\000I2CD1\000\000\002\000\000"
 517      00000049 
 517      32434431 
 517      00000200 
 517      00
 518 002c 00000000 		.ascii	"\000\000\000\000\000\000\000\221\002\000\000get_pre"
 518      00000091 
 518      02000067 
 518      65745F70 
ARM GAS  /tmp/ccgxGv02.s 			page 42


 518      7265
 519 003e 73737572 		.ascii	"ssure\000\000\002\000\000\000\000\000\000\000\000\000"
 519      65000002 
 519      00000000 
 519      00000000 
 519      00
 520 004f BB000000 		.ascii	"\273\000\000\000chThdSleep\000\000\002\000\000\000\000"
 520      63685468 
 520      64536C65 
 520      65700000 
 520      02000000 
 521 0064 00000000 		.ascii	"\000\000\000\000\000\312\000\000\000ms5611_configur"
 521      00CA0000 
 521      006D7335 
 521      3631315F 
 521      636F6E66 
 522 007c 65000002 		.ascii	"e\000\000\002\000\000\000\000\000\000\000\000\000~\002"
 522      00000000 
 522      00000000 
 522      007E02
 523 008b 00006368 		.ascii	"\000\000chThdCreateStatic\000\000\002\000\000\000\000"
 523      54686443 
 523      72656174 
 523      65537461 
 523      74696300 
 524 00a5 00000000 		.ascii	"\000\000\000\000\000\217\002\000\000"
 524      008F0200 
 524      00
 525              		.text
 526              		.section	.gnu.lto_.opts,"",%progbits
 527 0000 272D666E 		.ascii	"'-fno-trapv' '-fno-strict-overflow' '-mcpu=cortex-m"
 527      6F2D7472 
 527      61707627 
 527      20272D66 
 527      6E6F2D73 
 528 0033 34272027 		.ascii	"4' '-mfloat-abi=hard' '-mfpu=fpv4-sp-d16' '-mno-thu"
 528      2D6D666C 
 528      6F61742D 
 528      6162693D 
 528      68617264 
 529 0066 6D622D69 		.ascii	"mb-interwork' '-mthumb' '-ggdb' '-O0' '-Werror' '-f"
 529      6E746572 
 529      776F726B 
 529      2720272D 
 529      6D746875 
 530 0099 6F6D6974 		.ascii	"omit-frame-pointer' '-falign-functions=16' '-ffunct"
 530      2D667261 
 530      6D652D70 
 530      6F696E74 
 530      65722720 
 531 00cc 696F6E2D 		.ascii	"ion-sections' '-fdata-sections' '-fno-common' '-flt"
 531      73656374 
 531      696F6E73 
 531      2720272D 
 531      66646174 
 532 00ff 6F272027 		.ascii	"o' '-fsingle-precision-constant'\000"
 532      2D667369 
ARM GAS  /tmp/ccgxGv02.s 			page 43


 532      6E676C65 
 532      2D707265 
 532      63697369 
 533              		.text
 534              		.comm	__gnu_lto_v1,1,1
 535              		.comm	__gnu_lto_slim,1,1
 536              		.ident	"GCC: (15:4.9.3+svn231177-1) 4.9.3 20150529 (prerelease)"
ARM GAS  /tmp/ccgxGv02.s 			page 44


DEFINED SYMBOLS
                            *ABS*:0000000000000000 measure.c
                            *COM*:0000000000000001 __gnu_lto_v1
                            *COM*:0000000000000001 __gnu_lto_slim

NO UNDEFINED SYMBOLS
