ARM GAS  /tmp/cc2KIR2S.s 			page 1


   1              		.syntax unified
   2              		.cpu cortex-m4
   3              		.eabi_attribute 27, 1
   4              		.eabi_attribute 28, 1
   5              		.fpu fpv4-sp-d16
   6              		.eabi_attribute 20, 1
   7              		.eabi_attribute 21, 1
   8              		.eabi_attribute 23, 3
   9              		.eabi_attribute 24, 1
  10              		.eabi_attribute 25, 1
  11              		.eabi_attribute 26, 1
  12              		.eabi_attribute 30, 6
  13              		.eabi_attribute 34, 1
  14              		.eabi_attribute 18, 4
  15              		.thumb
  16              		.file	"nvic.c"
  17              		.text
  18              	.Ltext0:
  19              		.section	.gnu.lto_.inline.c5a29ffb75e01b96,"",%progbits
  20 0000 789C6366 		.ascii	"x\234cf\300\016\002\2404\013\003\003/\017\003\003\223"
  20      C00E02A0 
  20      340B0303 
  20      2F0F0303 
  20      93
  21 0011 D881DD8C 		.ascii	"\330\201\335\214@\016\023H\214\221\201\203\035(\304"
  21      400E1348 
  21      8C918183 
  21      1D28C4
  22 0020 B3211726 		.ascii	"\263!\027&\302\304\300)\010$\271\036\304\302E\270\301"
  22      C2C4C029 
  22      0824B91E 
  22      C4C245B8 
  22      C1
  23 0031 9AD9D950 		.ascii	"\232\331\331P\205\031\000\030\327\006$"
  23      85190018 
  23      D70624
  24              		.text
  25              		.section	.gnu.lto_nvicEnableVector.c5a29ffb75e01b96,"",%progbits
  26 0000 789C9594 		.ascii	"x\234\225\224\337K\024Q\024\307\357\231\231\235Y\335"
  26      DF4B1451 
  26      14C7EF99 
  26      999D59DD 
  27 0010 5F1544B0 		.ascii	"_\025D\260\021F\"\022\244S\275\364\020\224\021\364\026"
  27      11462212 
  27      A453BDF4 
  27      109411F4 
  27      16
  28 0021 45FD0395 		.ascii	"E\375\003\225/\012\351VFD/\336\315e\325zHL\320\222\315"
  28      2F0AE956 
  28      46442FDE 
  28      CD65D57A 
  28      484CD092 
  29 0036 C242D35C 		.ascii	"\302B\323\\m\313J\323\234Ls3C%!\021\261\242\025\354"
  29      6DCB4AD3 
  29      9C4C7333 
  29      43252111 
  29      B1A215EC 
ARM GAS  /tmp/cc2KIR2S.s 			page 2


  30 004a 179905BA 		.ascii	"\027\231\005\272aM\347\336\231B\335\211pa\356\316\275"
  30      614DE7DE 
  30      9942DD89 
  30      7061EECE 
  30      BD
  31 005b E77CCF3D 		.ascii	"\347|\317=\237\357\314\035\221$\376V\343uN&d\007\233"
  31      9FEFCC1D 
  31      9124FE56 
  31      E3754E26 
  31      64079B
  32 006e 88040482 		.ascii	"\210\004\004\202\027\000N\200\024\012P\010\357\205\257"
  32      17004E80 
  32      140A5008 
  32      EF85AF
  33 007d 0294698D 		.ascii	"\002\224i\215U\216\364\033\224\322\351\362A\377~\015"
  33      558EF41B 
  33      94D2E9F2 
  33      41FF7E0D 
  34 008d E298F74D 		.ascii	"\342\230\367M0J@\035\244c\316\310\350\273\240$n\006"
  34      304A401D 
  34      A463CEC8 
  34      E8BBA024 
  34      6E06
  35 009f 82F76DE1 		.ascii	"\202\367m\341\357/\034SB\\\200\365l\332^\036\255\222"
  35      EF2F1C53 
  35      425C80F5 
  35      6CDA5E1E 
  35      AD92
  36 00b1 D95490D8 		.ascii	"\331T\220\330\264\2653\374\324\223VK\351Y-\032\241Y"
  36      B4B533FC 
  36      D493564B 
  36      E9592D1A 
  36      A159
  37 00c3 525C10A1 		.ascii	"R\\\020\241\036D\254\0077\301\013\015\340%\270D\240"
  37      1E44AC07 
  37      37C10B0D 
  37      E025B844 
  37      A0
  38 00d4 11D2307B 		.ascii	"\021\3220{\350\362\367\021I\334\312\353\016\207\007"
  38      E8F2F711 
  38      49DCCAEB 
  38      0E8707
  39 00e3 464CE5F8 		.ascii	"FL\345\370\037\345-\013e\023\244\261\364\257\201\237"
  39      1FE52D0B 
  39      6513A4B1 
  39      F4AF819F 
  40 00f3 AF1C7200 		.ascii	"\257\034r\000\333^at\013a\220\221\315\205\261\232\262"
  40      DB5E6174 
  40      0B619091 
  40      CD85B19A 
  40      B2
  41 0104 B826A55E 		.ascii	"\270&\245^\303Ro\364p\320\026\245\2017\272\236\022\307"
  41      C3526FF4 
  41      70D016A5 
  41      8137BA9E 
  41      12C7
  42 0116 0E175633 		.ascii	"\016\027V3\011\233!\025%u_j\317p\205V\023\256\317\362"
ARM GAS  /tmp/cc2KIR2S.s 			page 3


  42      099B2115 
  42      25755F6A 
  42      CF708556 
  42      13AECFF2 
  43 012a 5FA5BF74 		.ascii	"_\245\277t\035\235\260q\305&/l\374\233\337\2628\237"
  43      1D9DB071 
  43      C5262F6C 
  43      FC9BDFB2 
  43      389F
  44 013c 56561C2A 		.ascii	"VV\034*\321t}\247e\362m\236\274\240\237\322w\223\373"
  44      D1747DA7 
  44      65F26D9E 
  44      BCA09FD2 
  44      7793FB
  45 014f B5C09FF2 		.ascii	"\265\300\237\362\226\015E\270f\254't\321ftT\037\251"
  45      960D45B8 
  45      66AC2774 
  45      D1667454 
  45      1FA9
  46 0161 CFFA2B91 		.ascii	"\317\372+\221\255$w\270d&P\032\224\305m\334\315@\361"
  46      AD2477B8 
  46      6426501A 
  46      94C56DDC 
  46      CD40F1
  47 0174 4C3089C9 		.ascii	"L0\211\311\251\326\274P\256\300\335\305\236\232\025"
  47      A9D6BC50 
  47      AEC0DDC5 
  47      9E9A15
  48 0183 5A798586 		.ascii	"Zy\205\206\316\331\210\207\253\350\245\212\253\202\311"
  48      CED98887 
  48      ABE8A58A 
  48      AB82C9
  49 0192 A5586D79 		.ascii	"\245XmyoI\227\013\005v+\301\375\245V\234\373\277\025"
  49      6F49970B 
  49      05762BC1 
  49      FDA5569C 
  49      FBBF15
  50 01a5 0F966F45 		.ascii	"\017\226oE\033\227\374\270\322?\340\024\267s+\206\336"
  50      1B97FCB8 
  50      D23FE014 
  50      B7732B86 
  50      DE
  51 01b6 6AB56E4B 		.ascii	"j\265nK+\332-\255x\270\\+:\226kE'\2446\257\322\250\256"
  51      2BDA2DAD 
  51      78B85C2B 
  51      3A966B45 
  51      27A436AF 
  52 01cd 7FEBF830 		.ascii	"\177\353\3700\267a\345\012\3007[\302\223\211\257\266"
  52      B761E50A 
  52      C0375BC2 
  52      9389AFB6 
  53 01dd 88B73689 		.ascii	"\210\2676\211\0156`\207Df!\005\007\331\216\203\222\304"
  53      0D366087 
  53      44662105 
  53      07D98E83 
  53      92C4
  54 01ef 86641CEC 		.ascii	"\206d\034\354\016\026p\262\200\213\255\271\331\340a"
ARM GAS  /tmp/cc2KIR2S.s 			page 4


  54      0E1670B2 
  54      808BADB9 
  54      D9E061
  55 01fe 014262FC 		.ascii	"\001Bb\374\360N\012\370'\216\301\331\351\351.\205\035"
  55      F04E0AF8 
  55      278EC1D9 
  55      E9E92E85 
  55      1D
  56 020f 8E593C34 		.ascii	"\216Y<4\370\222|\244!\211\235W\211v\027Q7\201G\330\027"
  56      F8927CA4 
  56      21899D57 
  56      89761751 
  56      378147D8 
  57 0224 668D16CF 		.ascii	"f\215\026\317\203\221%\316\242r\014\212\306ec.\341\022"
  57      839125CE 
  57      A2720C8A 
  57      C665632E 
  57      E112
  58 0236 0AAF0FBF 		.ascii	"\012\257\017\277\036\026\2310I\"\320\305E\335\345\\"
  58      1E169930 
  58      4922D0C5 
  58      45DDE55C 
  59 0246 82C1D7B1 		.ascii	"\202\301\327\261\301a;\257J\370W`\256\346\263+\004\325"
  59      C1613BAF 
  59      4AF85760 
  59      AEE6B32B 
  59      04D5
  60 0258 7EF45C89 		.ascii	"~\364\\\211\013\311\2705h\214\037c\261\201\363\367\354"
  60      0BC9B835 
  60      688C1F63 
  60      B181F3F7 
  60      EC
  61 0269 198D3480 		.ascii	"\031\2154\200\217\300\001\217!\0043\274_\366\231i*\211"
  61      8FC0018F 
  61      210433BC 
  61      5FF69969 
  61      2A89
  62 027b 8B6A130D 		.ascii	"\213j\023\015\370\265\265\270\017tC\306,\236*f\331\023"
  62      F8B5B5B8 
  62      0F7443C6 
  62      2C9E2A66 
  62      D913
  63 028d 50B113C2 		.ascii	"P\261\023\302qz\216\033\215\311f\357E\023\301\036\301"
  63      717A8E1B 
  63      8DC966EF 
  63      4513C11E 
  63      C1
  64 029e 5852301F 		.ascii	"XR0\037\013}zY\335\356d\355(6\002=\006\340D\361\274"
  64      0B7D7A59 
  64      DDEE64ED 
  64      2836023D 
  64      06E044F1 
  65 02b3 99646745 		.ascii	"\231dgEQ6g\002&\341\022\212:.\\\350U\270(\205@\257Q"
  65      51366702 
  65      26E1128A 
  65      3A2E5CE8 
  65      55B82885 
ARM GAS  /tmp/cc2KIR2S.s 			page 5


  66 02ca 793C1813 		.ascii	"y<\030\023\215\244d\314\350\013ME\270wv \360\024\274"
  66      8DA464CC 
  66      E80B4D45 
  66      B8777620 
  66      F014BC
  67 02dd 28E52EBC 		.ascii	"(\345.\274]c\332\220\310-[r;\241\217sC\002\367\272\270"
  67      5D63DA90 
  67      C82D5B72 
  67      3BA18F73 
  67      4302F7BA 
  68 02f2 E08228E3 		.ascii	"\340\202(\343V8\3673\306\235\314\271[zMnG\"\267\023"
  68      5638F733 
  68      C69DCCB9 
  68      5B7A4D6E 
  68      4722B713 
  69 0306 9112415D 		.ascii	"\221\022A]K@\335\270\224H\3461P\334\377Cq\374\003\245"
  69      4B40DDB8 
  69      9448E631 
  69      50DCFF43 
  69      71FC03A5 
  70 031a 9FA308D6 		.ascii	"\237\243\010\326(\317\031\212\223\243\0140\024\017\231"
  70      28CF198A 
  70      93A30C30 
  70      140F99
  71 0329 00BF56B9 		.ascii	"\000\277V\271\207\355\302Vc\314\003\324fdf\252\273s"
  71      87EDC256 
  71      63CC03D4 
  71      666466AA 
  71      BB73
  72 033b 728FE4EE 		.ascii	"r\217\344\356;\250\372\012\324\234\303G\325c\276\023"
  72      3BA8FA0A 
  72      D49CC347 
  72      D563BE13 
  73 034b 270BD46C 		.ascii	"'\013\324l_^\236/_\335u`\357\356\275\247\325\374S\271"
  73      5F5E9E2F 
  73      5FDD7560 
  73      EFEEBDA7 
  73      D5FC53B9 
  74 035f D999D904 		.ascii	"\331\231\331\004\362\245c'r}b~\346f\274\266\374\006"
  74      F2A56327 
  74      727D627E 
  74      E666BCB6 
  74      FC06
  75 0371 04104E48 		.ascii	"\004\020NH"
  76              		.text
  77              		.section	.gnu.lto_nvicDisableVector.c5a29ffb75e01b96,"",%progbits
  78 0000 789C8552 		.ascii	"x\234\205R\337K\024Q\024\276\337\235\331\231\265\265"
  78      DF4B1451 
  78      14BEDF9D 
  78      D999B5B5 
  79 0010 8C201223 		.ascii	"\214 \022#\012D|\010wB\3509C\350M\212\372\013\312\027"
  79      0A447C08 
  79      7742E839 
  79      43E84D8A 
  79      FA0BCA17 
  80 0024 85DCAD8C 		.ascii	"\205\334\255\214\350\315\253nf\024(\326\203?Z\264\""
  80      E8CDAB6E 
ARM GAS  /tmp/cc2KIR2S.s 			page 6


  80      661428D6 
  80      833F5AB4 
  80      22
  81 0035 DA347FB4 		.ascii	"\3324\177\264\246\245\251M\242\375\200,$#\221\330\014"
  81      A6A5A94D 
  81      A2FD802C 
  81      242391D8 
  81      0C
  82 0046 57302A50 		.ascii	"W0*P\213\326\201j;\367\356\022[.40w\346\334\373}\347"
  82      8BD6816A 
  82      3BF7EE12 
  82      5B2E3430 
  82      77E6DCFB 
  83 005c 3BE73B57 		.ascii	";\347;Wc\353\237\255\364Nk\214\355\225\201\306\300\031"
  83      63EB9FAD 
  83      F44E6B8C 
  83      ED9581C6 
  83      C019
  84 006e BD000560 		.ascii	"\275\000\005`U\034U\370\310W8\032\355\256fO\376M!\304"
  84      551C55F8 
  84      C857381A 
  84      EDAE664F 
  84      FE4D21C4 
  85 0082 F2F5FEEC 		.ascii	"\362\365\376\354s\331\016\301\276\362D\006\334B>Aff"
  85      73D90EC1 
  85      BEF24406 
  85      DC423E41 
  85      6666
  86 0094 17EA746D 		.ascii	"\027\352tm\017\030\375\017\365|\233\362,q\207c\227\014"
  86      0F18FD0F 
  86      F57C9BF2 
  86      2C718763 
  86      970C
  87 00a6 879B9E35 		.ascii	"\207\233\2365\0332\344\272\014\007F{\236d\345\335\020"
  87      1B32E4BA 
  87      0C07467B 
  87      9E64E5DD 
  87      10
  88 00b7 A2C67E1E 		.ascii	"\242\306~\036\026E\272\3035\204\240Q>\334F\016:\221"
  88      1645BAC3 
  88      3584A051 
  88      3EDC460E 
  88      3A91
  89 00c9 C3688BA1 		.ascii	"\303h\213\241\013y\022\276\022\370\371\326c\004H{sB"
  89      0B7912BE 
  89      12F8F9D6 
  89      6304487B 
  89      7342
  90 00db 13776050 		.ascii	"\023w`P\201\006\235\2657:\266\236{\215R\315_]X<d\007"
  90      81069DB5 
  90      373AB69E 
  90      7B8D52CD 
  90      5F5D583C 
  91 00f1 3AC4AF78 		.ascii	":\304\257x\034\016\011\245\246K\026\332\215\\\342\314"
  91      1C0E09A5 
  91      A64B16DA 
  91      8D5CE2CC 
ARM GAS  /tmp/cc2KIR2S.s 			page 7


  92 0101 4D042FBB 		.ascii	"M\004/\273\024\307\016\205CE\177(\256t\224\036E\371"
  92      14C70E85 
  92      43457F28 
  92      AE74941E 
  92      45F9
  93 0113 3E7BA955 		.ascii	">{\251U\327\012Uo\223-c\261\014I\027vo*\335@\357\337"
  93      D70A556F 
  93      932D63B1 
  93      0C491776 
  93      6F2ADD40 
  94 0129 3D2433F4 		.ascii	"=$3\364\251\014\235\243\261p\226b\211\226+\035\274\336"
  94      A90C9DA3 
  94      B1709662 
  94      89962B1D 
  94      BCDE
  95 013b 8EC7F711 		.ascii	"\216\307\367\021'\235\344\335\177\252L%\230\351\010"
  95      279DE4DD 
  95      7FAA4C25 
  95      98E908
  96 014a 614548B1 		.ascii	"aEH\261\"\364\177+\372\221\333\273\305\026\361x\377"
  96      22F47F2B 
  96      FA91DBBB 
  96      C516F178 
  96      FF
  97 015b D4E30BBB 		.ascii	"\324\343\013\273[\271\033\344\271N\203'\3235\372u\351"
  97      5BB91BE4 
  97      B94E8327 
  97      D335FA75 
  97      E9
  98 016c B4182EB9 		.ascii	"\264\030.\271\030\264\230\246<f,\252f\276\310\351\243"
  98      18B498A6 
  98      3C662CAA 
  98      66BEC8E9 
  98      A3
  99 017d CDA166B9 		.ascii	"\315\241f\271\357\345I9\215\030M\211c\365\223\010\352"
  99      EFE54939 
  99      8D184D89 
  99      63F59308 
  99      EA
 100 018e 72CCBA18 		.ascii	"r\314\272\030\257\025\233\030\356\221\336\034j#u\023"
 100      AF159B18 
 100      EE91DE1C 
 100      6A237513 
 101 019e 3C81D262 		.ascii	"<\201\322b\\\336\246\317\257\333\2063%\220\0040\240"
 101      5CDEA6CF 
 101      AFDB8633 
 101      25900430 
 101      A0
 102 01af 403591F3 		.ascii	"@5\221\363?\222 \235@\222\266f$b\027m\021i\244\241a"
 102      3F92209D 
 102      4092B666 
 102      2462176D 
 102      1169A4A1 
 103 01c4 D254A49D 		.ascii	"\322T\244\235\014\203\211\314\357\352\242Z\002$/\303"
 103      0C8389CC 
 103      EFEAA25A 
 103      02242FC3 
ARM GAS  /tmp/cc2KIR2S.s 			page 8


 104 01d4 D3E05258 		.ascii	"\323\340RX\351\233`\270\217\034\242\022h\274\351\303"
 104      E99B60B8 
 104      8F1CA212 
 104      68BCE9C3 
 105 01e4 368921C0 		.ascii	"6\211!\300\373\350\253i\267*\220\251{\270\326\376ec"
 105      FBE8AB69 
 105      B72A90A9 
 105      7BB8D6FE 
 105      6563
 106 01f6 106DD534 		.ascii	"\020m\3254J\323\341n\352\002\017\244Et\026}qq\320]\320"
 106      4AD3E16E 
 106      EA020FA4 
 106      4574167D 
 106      7171D05D 
 107 020b 25026460 		.ascii	"%\002d`\006\206\020\304\252j]^\364\356zG\263\272E\240"
 107      068610C4 
 107      AA6A5D5E 
 107      F4EE7A47 
 107      B3BA45A0 
 108 021f DADEE1F0 		.ascii	"\332\336\341\360\015\030F\001u\246\\}\010\213Ja\312"
 108      0D184601 
 108      75A65C7D 
 108      088B4A61 
 108      CA
 109 0230 9999A433 		.ascii	"\231\231\2443f\322\206\361\345\371\254d\035\353\205"
 109      66D286F1 
 109      E5F9AC64 
 109      1DEB85
 110 023f CDB4C21E 		.ascii	"\315\264\302\036\214(a\254\023\336\356\360L\214JaU\025"
 110      8C2861AC 
 110      13DEEEF0 
 110      4C8C4A61 
 110      5515
 111 0251 C660A5F6 		.ascii	"\306`\245\366\227I[\217(a\004\325\366\233\003RU\242"
 111      97495B8F 
 111      286104D5 
 111      F69B0352 
 111      55A2
 112 0263 A23211E1 		.ascii	"\2422\021\341\013\274^\253\270\254\374X\371\301#\226"
 112      0BBC5EAB 
 112      B8ACFC58 
 112      F9C12396 
 113 0273 BFD22A3B 		.ascii	"\277\322*;z\334:\341?u\272\322*\365WT\370}\326\376\303"
 113      7ADC3AE1 
 113      3F75BAD2 
 113      2AF55754 
 113      F87DD6FE 
 114 0288 25C52567 		.ascii	"%\305%g-\337\231\362Ro)\203O\363y\013\177\003\316Nb"
 114      2DDF99F2 
 114      526F2983 
 114      4FF3790B 
 114      7F03CE4E 
 115 029d 41       		.ascii	"A"
 116              		.text
 117              		.section	.gnu.lto_nvicSetSystemHandlerPriority.c5a29ffb75e01b96,"",%progbits
 118 0000 789C6D52 		.ascii	"x\234mR[KTQ\030\335k\3573g&\2472z\022{\011\006\221 "
 118      5B4B5451 
ARM GAS  /tmp/cc2KIR2S.s 			page 9


 118      18DD6BEF 
 118      336726A7 
 118      327A127B 
 119 0018 3D3EF610 		.ascii	"=>\366\020d\010\365$E\375\201\314\002\007\324\021\215"
 119      6408F524 
 119      45FD81CC 
 119      0207D411 
 119      8D
 120 0029 8860708F 		.ascii	"\210`p\217N$\204:\210\324P\230\225\205\232\316x\313"
 120      4E24843A 
 120      88D45098 
 120      95859ACE 
 120      78CB
 121 003b 7BC1A95E 		.ascii	"{\301\251^z0kh\302\020K\037\306(*\362\006vH\235\276"
 121      7A306B68 
 121      C2104B1F 
 121      C6282AF2 
 121      0676489D 
 122 0050 7D46C3C8 		.ascii	"}F\303\310\003\347\362\355\275\326\367\255\265\366\021"
 122      03E7F2ED 
 122      BDD6F7AD 
 122      B5F611
 123 005f ECFF2B8F 		.ascii	"\354\377+\217\356\023\202\261\243\252\320\0318\243\033"
 123      EE1382B1 
 123      A3AAD019 
 123      38A31B
 124 006e B400C135 		.ascii	"\264\000\3015\306$w\320C\323@/8\000\002\201Us\2419P"
 124      C62477D0 
 124      43D3402F 
 124      38000281 
 124      5573A139 
 125 0083 8DAF7C91 		.ascii	"\215\257|\221#dv\205\335\331\217\244\224\013\017\206"
 125      23647685 
 125      DDD98FA4 
 125      940B0F86 
 126 0093 33AE6558 		.ascii	"3\256eX\324a\231\247\232\243\035\331\004i\355\230\352"
 126      D46199A7 
 126      9AA31DD9 
 126      0469ED98 
 126      EA
 127 00a4 4E177960 		.ascii	"N\027y`\364=\032]y\355\376\302-\216\203\252\034kz\025"
 127      F43D1A5D 
 127      79EDFEC2 
 127      2D8E83AA 
 127      1C6B7A15 
 128 00b8 D65549C3 		.ascii	"\326UI\303\250\354[\013\256!\253M\312\032s\246_\346"
 128      A8EC5B0B 
 128      AE21AB4D 
 128      CA1A73A6 
 128      5FE6
 129 00ca 6B1617E8 		.ascii	"k\026\027\350\200\240~\350D&\036#\223\321\022C\027\262"
 129      80A07EE8 
 129      44261E23 
 129      93D11243 
 129      17B2
 130 00dc 08FDF6F6 		.ascii	"\010\375\366\366J\\\023G\354\276\261\350D<=\305\334"
 130      4A5C1347 
ARM GAS  /tmp/cc2KIR2S.s 			page 10


 130      ECBEB1E8 
 130      443C3DC5 
 130      DC
 131 00ed D86276EF 		.ascii	"\330bv\357\300\214 K\301\027\203\353Sn=H\252\367\255"
 131      C08C204B 
 131      C11783EB 
 131      536E3D48 
 131      AAF7AD
 132 0100 6F094614 		.ascii	"o\011F\024:\031\324\224\342\220ej\236\373\324mn\342"
 132      3A19D494 
 132      E290656A 
 132      9EFBD46D 
 132      6EE2
 133 0112 E5FC6933 		.ascii	"\345\374i3xOn$\223\260H\345\366\216\233.{\340!N\373"
 133      784F6E24 
 133      93B048E5 
 133      F68E9B2E 
 133      7BE0214E 
 134 0127 CFB6AB36 		.ascii	"\317\266\2536\305\214D;\362\003[\014\207\3158\234\211"
 134      C58C443B 
 134      F2035B0C 
 134      87CD389C 
 134      89
 135 0138 437FF1BD 		.ascii	"C\177\361\275\377\342\345\255\346suf2ylGp\037<\244\260"
 135      FFE2E5AD 
 135      E6737566 
 135      32796C47 
 135      701F3CA4 
 136 014d 67BF2993 		.ascii	"g\277)\223\311\201\217\317\373\362&=:\240\022\340\344"
 136      C9818FCF 
 136      FBF2263D 
 136      3AA012E0 
 136      E4
 137 015e 48135096 		.ascii	"H\023P\2264\372t8\324\203\261\204\035~\202\323K\314"
 137      34FA7438 
 137      D483B184 
 137      1D7E82D3 
 137      4BCC
 138 0170 936526DE 		.ascii	"\223e&\336#8Y\273\\/\224\301U\362\31617^\037JS\261\013"
 138      233859BB 
 138      5C2F94C1 
 138      55F2CE31 
 138      375E1F4A 
 139 0187 3743FFA6 		.ascii	"7C\377\246\223yu\340b\006\232\302\251\220\356\276k\210"
 139      937975E0 
 139      62069AC2 
 139      A990EEBE 
 139      6B88
 140 0199 72FF6F59 		.ascii	"r\377oY']\026\327\2279\205\203\001\370\325\326\315\306"
 140      275D16D7 
 140      97398583 
 140      01F8D5D6 
 140      CDC6
 141 01ab F888A0AD 		.ascii	"\370\210\240\255\260\332r\252\010\325\352l\342M\314"
 141      B0DA72AA 
 141      08D5EA6C 
 141      E24DCC
ARM GAS  /tmp/cc2KIR2S.s 			page 11


 142 01ba A5DA3AED 		.ascii	"\245\332:\355\262\263\261y\004-\270\023\010)\224\013"
 142      B2B3B179 
 142      042DB813 
 142      0829940B 
 143 01ca 4FE0C7A0 		.ascii	"O\340\307\240\032\246\022Nt\204\335\324\200\376\027"
 143      1AA6124E 
 143      7484DDD4 
 143      80FE17
 144 01d9 27860865 		.ascii	"'\206\010e\017\3050\374\026\337e\213!+b\0325\013\275"
 144      0FC530FC 
 144      16DF658B 
 144      212B621A 
 144      350BBD
 145 01ec 9F8B52C2 		.ascii	"\237\213R\302\325\337\366m\251a\326\026\256\311\351"
 145      D5DFF66D 
 145      A961D616 
 145      AEC9E9
 146 01fb 5AB99761 		.ascii	"Z\271\227a\204\372\021\352\303\365\357<\205\322V\311"
 146      84FA11EA 
 146      C3F5EF3C 
 146      85D256C9 
 147 020b F3346A67 		.ascii	"\3634jg\364T\355\240%\">\214\315\306\204\"\246i\014"
 147      F454EDA0 
 147      25223E8C 
 147      CDC68422 
 147      A6690C
 148 021e A336E945 		.ascii	"\2436\351E\223=t\273n\315\3266\370\253\365\307\036\245"
 148      933D74BB 
 148      6ECDD636 
 148      F8ABF5C7 
 148      1EA5
 149 0230 5B4A53B7 		.ascii	"[JS\267\270\233FclSwb\342\306\220+\247K\006\351hwc\234"
 149      B89B4663 
 149      6C537762 
 149      E2C6902B 
 149      A74B06E9 
 150 0248 842FD979 		.ascii	"\204/\331y\323V<Rg\011#\"\203\001\363\000\315\301S\344"
 150      D3563C52 
 150      67092322 
 150      8301F300 
 150      CDC153E4 
 151 025c ACAACC28 		.ascii	"\254\252\314(\265g0H\011\373\204\200\331r\322vj\037"
 151      B5673048 
 151      09FB8480 
 151      D972D276 
 151      6A1F
 152 026e 116D1239 		.ascii	"\021m\0229'7\327((\361\236\367\236:k\370\252\214\222"
 152      2737D728 
 152      28F19EF7 
 152      9E3A6BF8 
 152      AA8C92
 153 0281 A252A3C2 		.ascii	"\242R\243\302Wy\251\312(\366\225\225\371\312\215\343"
 153      5779A9CA 
 153      28F69595 
 153      F9CA8DE3 
 154 0291 670A0B0A 		.ascii	"g\012\013\012\257\030\345\227\275\305\271\305\314YR"
 154      AF18E597 
ARM GAS  /tmp/cc2KIR2S.s 			page 12


 154      BDC5B9C5 
 154      CC5952
 155 02a0 547EA1F4 		.ascii	"T~\241\364b\245VQ\351\365\375\001\215\306/\340"
 155      62A55651 
 155      E9F5FD01 
 155      8DC62FE0 
 156              		.text
 157              		.section	.gnu.lto_nvicClearPending.c5a29ffb75e01b96,"",%progbits
 158 0000 789C9552 		.ascii	"x\234\225R\315k\023A\024\2377\263\331D\243\255\010B"
 158      CD6B1341 
 158      149F37B3 
 158      D944A3AD 
 158      0842
 159 0012 0988422C 		.ascii	"\011\210B,=%+\212g+\005=\025E\377\002\315\245\001\233"
 159      3D252B8A 
 159      672B053D 
 159      1545FF02 
 159      CDA5019B 
 160 0026 A815F1D6 		.ascii	"\250\025\361\326I\032k\305CK\365\020)\261\025\021cc"
 160      491A6BC5 
 160      434BF510 
 160      29B11511 
 160      6363
 161 0038 521B6DB5 		.ascii	"R\033m\265\321\302P\253\364\240H5`\011\222\012MA\361"
 161      D1C250AB 
 161      F4A04835 
 161      6009920A 
 161      4D41F1
 162 004b 2BFD8074 		.ascii	"+\375\200t\013\272\276\231\015R\265 .\354\354\2767\277"
 162      0BBABE99 
 162      0D52B520 
 162      2EECECBE 
 162      37BF
 163 005d 8F79EF0D 		.ascii	"\217y\357\015#\177?\333\360=\310\010\331'\003F\200\022"
 163      237F3FDB 
 163      F03DC808 
 163      D9270346 
 163      8012
 164 006f 7C013000 		.ascii	"|\0010\000\322N\241\035>\322\005\012=\"\025w7\334\342"
 164      D24EA11D 
 164      3ED2050A 
 164      3D221577 
 164      37DCE2
 165 0082 9C975F3F 		.ascii	"\234\227_?\256\273Pg\"l\211\332\012p\033\032\020\222"
 165      AEBB5067 
 165      226C89DA 
 165      0A701B1A 
 165      1092
 166 0094 9F99EBD4 		.ascii	"\237\231\353\324\330n \370?\226Y~\351\376@M\012;e\230"
 166      D86E20F8 
 166      3F96597E 
 166      E9FE404D 
 166      0A3B6598 
 167 00a8 EB9D8AEB 		.ascii	"\353\235\212\3532\244\232\014G\3063\317k\353or\036\025"
 167      32A49A0C 
 167      47C633CF 
 167      6BEB6F72 
ARM GAS  /tmp/cc2KIR2S.s 			page 13


 167      1E15
 168 00ba 5359DEA8 		.ascii	"SY\336\250\231\224A\022\030\352\301\035\360\300 x\010"
 168      99944112 
 168      18EAC11D 
 168      F0C02078 
 168      08
 169 00cb A608A4A0 		.ascii	"\246\010\244\240^\302\027b\337\337\272\365\030zo\261"
 169      5EC21762 
 169      DFDFBAF5 
 169      187A6FB1 
 170 00db 3DE12EE8 		.ascii	"=\341.\350x@\035\367\372{L\241yo\240\324\373\331\271"
 170      78401DF7 
 170      FA7B4CA1 
 170      796FA0D4 
 170      FBD9B9
 171 00ee F9232236 		.ascii	"\371#\"6\300\177X\026\230h\264V\256z\3204x\221S\230"
 171      C07F5816 
 171      9868B456 
 171      AE7AD034 
 171      78915398 
 172 0102 4C5C7128 		.ascii	"L\\q(\216Hf\223\215\277(\216\365(\031EIZb\265\206\355"
 172      8E486693 
 172      8DBF288E 
 172      F5281945 
 172      495A62B5 
 173 0118 51B5C59F 		.ascii	"Q\265\305\237\346W7J:\027\271\265t\035\206~\257\241"
 173      E657374A 
 173      3A17B9B5 
 173      741D867E 
 173      AFA1
 174 012a AA704F29 		.ascii	"\252pO)\014\216W\262\265\212\305\257]\035\240]\302\262"
 174      0C8E57B2 
 174      B58AC5AF 
 174      5D1DA05D 
 174      C2B2
 175 013c F623673D 		.ascii	"\366#g=\313\341\377%d\377,+\363\317\262\356\203wh\253"
 175      CBE1FF25 
 175      64FF2C2B 
 175      F3CFB2EE 
 175      837768AB 
 176 0150 E096B5F4 		.ascii	"\340\226\265\364u\370\222\367:u\001\266\\\303\271c\317"
 176      75F892F7 
 176      3A7501B6 
 176      5CC3B963 
 176      CF
 177 0161 19FE3A34 		.ascii	"\031\376:4\\t\207\\t\2718e\216\220\222\032\371<\305"
 177      5C74875C 
 177      74B93865 
 177      8E90921A 
 177      F93CC5
 178 0174 0F2B40B4 		.ascii	"\017+@\264\\\376vZ\016\243\202C\242\260\370\211'49e"
 178      5CFE765A 
 178      0EA38243 
 178      A2B0F889 
 178      27343965 
 179 0188 8D4F74F0 		.ascii	"\215Ot\360\032\002\017\320\257\000\035\305\316Ij\243"
 179      1A020FD0 
ARM GAS  /tmp/cc2KIR2S.s 			page 14


 179      AF001DC5 
 179      CE496AA3 
 180 0198 5885CACB 		.ascii	"X\205\312\313\364\371M_n\223\004\242\001\214(P\264x"
 180      F4F94D5F 
 180      6E9304A2 
 180      018C2850 
 180      B478
 181 01aa 31CF6C90 		.ascii	"1\317l\220\206 I[\321\355\330\201)$=\351\356~\346T\244"
 181      8620495B 
 181      D1EDD881 
 181      29243DE9 
 181      EE7EE654 
 182 01bf 1D04466D 		.ascii	"\035\004Fm\345wU\210\016\273<\010\264u\226\253fN\314"
 182      E5775588 
 182      0EBB3C08 
 182      B47596AB 
 182      664ECC
 183 01d2 6366A217 		.ascii	"cf\242\027d\214\012\263\245W\323.u>\242n\341J\377\227"
 183      648C0AB3 
 183      A557D32E 
 183      753EA26E 
 183      E14AFF97 
 184 01e6 CD09E88B 		.ascii	"\315\011\350\213\340 \235\246\204\003<\224\035\302\275"
 184      E0209DA6 
 184      84033C94 
 184      1DC2BD
 185 01f5 D28BCBA3 		.ascii	"\322\213\313\243._\212\307\260\177.x\004\011XT\225\313"
 185      2E5F8AC7 
 185      B07F2E78 
 185      04095854 
 185      95CB
 186 0207 6B9EEE32 		.ascii	"k\236\3562\231\221\346\261\210\330n\322\0150\006>,L"
 186      9991E6B1 
 186      88D86ED2 
 186      0D30063E 
 186      2C4C
 187 0219 35350706 		.ascii	"55\007\006\332\222\"D\304\364!i*\263%\212W\025\311>"
 187      DA922244 
 187      C4F42169 
 187      2AB3258A 
 187      5715C93E 
 188 022d BFDF686A 		.ascii	"\277\337hj\011\236\010\036>f\204\333\214\226\343'\215"
 188      099E081E 
 188      3E6684DB 
 188      8C96E327 
 188      8D
 189 023e 53E13367 		.ascii	"S\3413g\333\214@\270\2655\0342\016\034mnj>o\204\316"
 189      DB8C40B8 
 189      B5351C32 
 189      0E1C6D6E 
 189      6A3E6F84 
 190 0253 0503FE00 		.ascii	"\005\003\376\000\201\020\013\371\367\376\004\364\323"
 190      81100BF9 
 190      F7FE04F4 
 190      D3
 191 0260 2ED1     		.ascii	".\321"
 192              		.text
ARM GAS  /tmp/cc2KIR2S.s 			page 15


 193              		.section	.gnu.lto_.symbol_nodes.c5a29ffb75e01b96,"",%progbits
 194 0000 789C55C9 		.ascii	"x\234U\311\273\015\2000\020\004\321\361\036\226\334"
 194      BB0D8030 
 194      1004D1F1 
 194      1E96DC
 195 000f 16CDD0C6 		.ascii	"\026\315\320\3069\347\347\022\\\0141!1\225 \220 0\033"
 195      39E7E712 
 195      5C0C3121 
 195      31952090 
 195      20301B
 196 0022 4CF0D680 		.ascii	"L\360\326\200\201o\032\345Pvp\347\250\011M\362\360\203"
 196      816F1AE5 
 196      507670E7 
 196      A8094DF2 
 196      F083
 197 0034 59AE1662 		.ascii	"Y\256\026b\021UnZ\236\264GX\345\335\013\344\2340E\266"
 197      11556E5A 
 197      9EB44758 
 197      E5DD0BE4 
 197      9C3045B6 
 198 0048 F3EAB901 		.ascii	"\363\352\271\001\316\206\034\270"
 198      CE861CB8 
 199              		.text
 200              		.section	.gnu.lto_.refs.c5a29ffb75e01b96,"",%progbits
 201 0000 789C6366 		.ascii	"x\234cf```c\200\000F&&f&\006\000\000\301\000\024"
 201      60606063 
 201      80004626 
 201      26662606 
 201      0000C100 
 202              		.text
 203              		.section	.gnu.lto_.decls.c5a29ffb75e01b96,"",%progbits
 204 0000 789CBD58 		.ascii	"x\234\275XkPTG\026\236\276=\274\206\001\\\335U\3135"
 204      6B505447 
 204      169EBE3D 
 204      BC86015C 
 204      DD55CB35 
 205 0014 152559CA 		.ascii	"\025%Y\312\354F\307M\262e\366W\202h\026v\313\204\035"
 205      EC46C74D 
 205      B265F657 
 205      82681676 
 205      CB841D
 206 0027 12FFEC0F 		.ascii	"\022\377\354\017\202HV\252\020R\200I\374wa\014\016\012"
 206      824856AA 
 206      10528049 
 206      FC77610C 
 206      0E0A
 207 0039 88280AF2 		.ascii	"\210(\012\362p\024P\036\"\010\310K\036\212\210\010("
 207      7014501E 
 207      2208C84B 
 207      1E8A8808 
 207      28
 208 004a 202A2822 		.ascii	" *(\"\017\337\2122 \012\250\313\354\351\356{g\356\\"
 208      0FDF8A32 
 208      200AA8CB 
 208      ECE9EE7B 
 208      67EE5C
 209 005d 674C7E6C 		.ascii	"gL~l\355\255:3sn\177}\372;\247O\237>\200\025\012E5R"
ARM GAS  /tmp/cc2KIR2S.s 			page 16


 209      EDAD3A33 
 209      736E7F7D 
 209      FA3BA74F 
 209      9F3E8015 
 210 0075 284CF064 		.ascii	"(L\360d,T(6p\012\205\003\274\363WX\036\242W\202\324"
 210      2C542836 
 210      700A8503 
 210      BCF35758 
 210      1EA25782 
 211 008a 82D48134 		.ascii	"\202\324\2014\200\\\000\201i\212\036\205\365Cp\356\302"
 211      805C0081 
 211      698A1E85 
 211      F54370EE 
 211      C2
 212 009b 7CF2AD06 		.ascii	"|\362\255\006)\005\371\003\200\347\303\367R\220\277"
 212      2905F903 
 212      80E7C3F7 
 212      5290BF
 213 00aa 83F88270 		.ascii	"\203\370\202p\360\356}\020g\220\001\320{A0\310;\240"
 213      F0EE7D10 
 213      679001D0 
 213      7B4130C8 
 213      3BA0
 214 00bc 2F05F93D 		.ascii	"/\005\371=bkT*\336|\010\0277;\353H\327x_b\233\254C\326"
 214      626B542A 
 214      DE7C0817 
 214      373BEB48 
 214      D7785F62 
 215 00d4 0417158B 		.ascii	"\004\027\025\213\021[\007\011\266\344O\235\035\373?"
 215      115B0709 
 215      B6E44F9D 
 215      1DFB3F
 216 00e3 087EFC08 		.ascii	"\010~\374\010\337?\201t\302\357\363\202/\321 \253\004"
 216      DF3F8174 
 216      C2EFF382 
 216      2FD120AB 
 216      04
 217 00f4 9BA1C23A 		.ascii	"\233\241\302:uo\211\025\211\243\352\027|\220\362'6\226"
 217      756F8915 
 217      89A3EA17 
 217      7C90F227 
 217      3696
 218 0106 0AF61B6C 		.ascii	"\012\366\033lp\036\347P\315\361\311\213\256\0178\344"
 218      701EE750 
 218      CDF1C98B 
 218      AE0F38E4 
 219 0116 AE5A42D4 		.ascii	"\256ZB\324\332\224\3264GP\325*%Q\033\033\246[T\030\250"
 219      DA94D634 
 219      4750D52A 
 219      25511B1B 
 219      A65B5418 
 220 012b C2EF9CB4 		.ascii	"\302\357\234\264\341+\252\017\013y\236\327\363\247\373"
 220      E12BAA0F 
 220      0B799ED7 
 220      F3A7FB
 221 013a 90C54482 		.ascii	"\220\305D\202~\350\202\012\317\245\240\230#\247\022"
 221      7EE8820A 
ARM GAS  /tmp/cc2KIR2S.s 			page 17


 221      CFA5A098 
 221      23A712
 222 0149 9C60FE52 		.ascii	"\234`\376R\025\035\032\314\230\311u\241*I\027\017x\305"
 222      151D1ACC 
 222      98C975A1 
 222      2A49170F 
 222      78C5
 223 015b 95CF1C3C 		.ascii	"\225\317\034<\213\220\227*\027\014\031\353SZ\026\363"
 223      8B90972A 
 223      170C19EB 
 223      535A16F3 
 224 016b BC129520 		.ascii	"\274\022\225 \025*B\030\025\242\017\011m2\233<z\236"
 224      152A4218 
 224      15A20F09 
 224      6D329B3C 
 224      7A9E
 225 017d 8FE59375 		.ascii	"\217\345\223u\274\213\257\002\035E\213P>Z\244@\307\221"
 225      BC8BAF02 
 225      1D458B50 
 225      3E5AA440 
 225      C791
 226 018f 17002814 		.ascii	"\027\000(\024\035\203\227\305\360\022\354\246\353\371"
 226      1D8397C5 
 226      F012ECA6 
 226      EBF9
 227 019d F3AE48E5 		.ascii	"\363\256H\345es\316\011\033s(\201\014]\312|B\240\024"
 227      6573CE09 
 227      1B732881 
 227      0C5DCA7C 
 227      42A014
 228 01b0 08145808 		.ascii	"\010\024X\010\000\037\263{\211\331\205\006N\011[CA\377"
 228      001FB37B 
 228      89D98506 
 228      4E095B43 
 228      41FF
 229 01c2 A271B971 		.ascii	"\242q\271q\356\312\254\345]\031\242/s/\357\254v^\220"
 229      EECAACE5 
 229      5D19A22F 
 229      732FEFAC 
 229      765E90
 230 01d5 0A66C9FA 		.ascii	"\012f\311\372s\224\310\177\276\231\201\002U\240\005"
 230      7394C87F 
 230      BE998102 
 230      55A005
 231 01e4 F0590E50 		.ascii	"\360Y\016Pj\265\354JQ\266\012\207\323\240\225\214\337"
 231      6AB5EC4A 
 231      51B60A87 
 231      D3A0958C 
 231      DF
 232 01f5 7AE5B424 		.ascii	"z\345\264$\2337\030\214\246\234l\234\316\033b\371Y\223"
 232      9B37188C 
 232      A69C6C9C 
 232      CE1B62F9 
 232      5993
 233 0207 09D149E8 		.ascii	"\011\321I\350\244\231\226\202\374\246\264P%Zb\207\332"
 233      A4999682 
 233      FCA6B450 
ARM GAS  /tmp/cc2KIR2S.s 			page 18


 233      255A6287 
 233      DA
 234 0218 D58AF26E 		.ascii	"\325\212\362nG\273,\252)\213*\221EG\302\366sj\\\214"
 234      47BB2CAA 
 234      298B2A91 
 234      4547C2F6 
 234      736A5C8C 
 235 022c 288D3D55 		.ascii	"(\215=U\273cU\224\206\341@\216c+\177\332d\372\214L@"
 235      BB635594 
 235      86E1408E 
 235      632B7FDA 
 235      64FA8C4C 
 236 0241 35120635 		.ascii	"5\022\0065\"\203Z\312`ou\215\316\01572\0033)\211<\307"
 236      22835ACA 
 236      606F758D 
 236      CE0D3732 
 236      03332989 
 237 0257 0CD49A0D 		.ascii	"\014\324\232\015\020\027NI\014\234\022\015\324Q\003"
 237      10174E49 
 237      0C9C120D 
 237      D45103
 238 0266 D713F869 		.ascii	"\327\023\370i%\276\311\014\344\350\212\307Y \014\003"
 238      25BEC90C 
 238      E4E88AC7 
 238      59200C03 
 239 0276 560CEA25 		.ascii	"V\014\352%\006\352E\003\015\324@kQ\326\267\370\011\235"
 239      06EA4503 
 239      0DD4406B 
 239      51D6B7F8 
 239      099D
 240 0288 AFBC9D59 		.ascii	"\257\274\235YZ\351\201\274\026-\242\331\245\347?Gg!"
 240      5AE981BC 
 240      162DA2D9 
 240      A5E73F47 
 240      6721
 241 029a 2E8DC204 		.ascii	".\215\302\004\366\244\301\373\351\317\310\000\374t\246"
 241      F6A4C1FB 
 241      E9CFC800 
 241      FC74A6
 242 02a9 DF34658C 		.ascii	"\3374e\214)<^\250@\037.B\037@\302\234\206\204!C\012"
 242      293C5EA8 
 242      401F2E42 
 242      1F40C29C 
 242      86842143 
 243 02be D404B13B 		.ascii	"\324\004\261;CS\014\215\354\031\217wP\011h\375/\241"
 243      43530C8D 
 243      EC198F77 
 243      500968FD 
 243      2FA1
 244 02d0 EF6F7BD6 		.ascii	"\357o{\326\252R\3570\247#j\006.\226\2358\207\324B\202"
 244      AA52EF30 
 244      A7236A06 
 244      2E969D38 
 244      87D44282 
 245 02e4 654C8E26 		.ascii	"eL\216&9\321]\204w\302.V6'\226\332\317\245\363t\027"
 245      39D15D84 
 245      77C22E56 
ARM GAS  /tmp/cc2KIR2S.s 			page 19


 245      362796DA 
 245      CFA5F374 
 246 02f9 5BC45D2C 		.ascii	"[\304],\3313<\341\214'X\014\233/\234Hv\207\030\016\361"
 246      D9333CE1 
 246      8C27580C 
 246      9B2F9C48 
 246      7687180E 
 247 030e C6D7E78B 		.ascii	"\306\327\347\213V\357\326%\347\362C&\323\273t\026j\225"
 247      56EFD625 
 247      E7F24326 
 247      D3BB7416 
 247      6A95
 248 0320 04B2550C 		.ascii	"\004\262U\014\344\005\032\310\270\336\270^L+\301\003"
 248      E4051AC8 
 248      B8DEB85E 
 248      4C2BC103 
 249 0330 6A28E360 		.ascii	"j(\343`\357S7Z\012\336\241\011[\367\340\271\007U\027"
 249      EF53375A 
 249      0ADEA109 
 249      5BF7E0B9 
 249      075517
 250 0343 53EFCEDF 		.ascii	"S\357\316\337*v$\261\340\005\357\324R\347.\322`,[\204"
 250      2A7624B1 
 250      E005EFD4 
 250      52E72ED2 
 250      602C5B84 
 251 0357 3A582C1E 		.ascii	":X,\036\2746\3258\317M\246h\236_\202\350\276\264\001"
 251      BC36D538 
 251      CF4DA668 
 251      9E5F82E8 
 251      BEB401
 252 036a BC9DC22F 		.ascii	"\274\235\302/\241\271\342$Z5F'\013\220\024\335\3746"
 252      A1B9E224 
 252      5A354627 
 252      0B9014DD 
 252      FC36
 253 037c F4DD9454 		.ascii	"\364\335\224T#\306\331\254H=\313\033\013\304G\331\357"
 253      23C6D9AC 
 253      483DCB1B 
 253      0BC447D9 
 253      EF
 254 038d C7C3473A 		.ascii	"\307\303G:\334\336=\311e\3016w\302\034xu*\243\376\006"
 254      DCDE3DC9 
 254      65C13677 
 254      C21C7875 
 254      2AA3FE06 
 255 03a1 F7DE21BE 		.ascii	"\367\336!\276\013N\232nlaL\262!6\231'IF\000\250\013"
 255      0B4E9A6E 
 255      6C614CB2 
 255      21369927 
 255      494600A8 
 256 03b6 82035929 		.ascii	"\202\003Y)Y\252\233\204\010]F\020\275\036\364\036q{"
 256      59AA9B84 
 256      085D4610 
 256      BD1EF41E 
 256      717B
 257 03c8 273FA9A4 		.ascii	"'?\251\244A2\014\321E:\333Lzw\032\226m4.\333\333z\257"
ARM GAS  /tmp/cc2KIR2S.s 			page 20


 257      41320CD1 
 257      453ADB4C 
 257      7A771A96 
 257      6D342EDB 
 258 03df 3BE21EC6 		.ascii	";\342\036\306\340HO\312\001\017\022$\335\257\252H\204"
 258      E0484FCA 
 258      010F1224 
 258      DDAFAA48 
 258      84
 259 03f0 60474109 		.ascii	"`GA\011G\355\363\234\264<\253Yy\236\312\031z\214\250"
 259      47EDF39C 
 259      B43CAB59 
 259      799ECA19 
 259      7A8CA8
 260 0403 EA443DAC 		.ascii	"\352D=\254\256ku\265\273\011\375\342&\334\020l\227\245"
 260      AE6B75B5 
 260      BB09FDE2 
 260      26DC106C 
 260      97A5
 261 0415 9ADC2C61 		.ascii	"\232\334,aeE\257\017\340\327)\374&\015k\277\030V\343"
 261      6545AF0F 
 261      E0D729FC 
 261      260D6BBF 
 261      1856E3
 262 0428 E50BCD0E 		.ascii	"\345\013\315\016Rt\357\333\320\267\012k\233]\361\000"
 262      5274EFDB 
 262      D0B70A6B 
 262      9B5DF100 
 263 0438 73BBE561 		.ascii	"s\273\345aC\222\2329\341H\364\322\306\242x\027\312\372"
 263      43929A39 
 263      E148F4D2 
 263      C6A27817 
 263      CAFA
 264 044a 5BA2DEEC 		.ascii	"[\242\336\354\272Z\304B\266\200\250\355\263\2173<\354"
 264      BA5AC442 
 264      B680A8ED 
 264      B38F333C 
 264      EC
 265 045b 3A31223A 		.ascii	":1\":1\314\234\270\376\270\247\220\223;1\010\360!\012"
 265      31CC9CB8 
 265      FEB8A790 
 265      933B3108 
 265      F0210A
 266 046e BF4D698D 		.ascii	"\277Mi\215\210\264r\373veb<\302hm\3174\035v\303\243"
 266      88B472FB 
 266      7665623C 
 266      C2686DCF 
 266      341D76C3 
 267 0483 4C49ADCB 		.ascii	"LI\255\313La\234x\252_\314\316\252\302x\234\0156w\367"
 267      4C619C78 
 267      AA5FCCCE 
 267      AAC2789C 
 267      0D3677F7 
 268 0497 17B15BD0 		.ascii	"\027\261[\320@u\375\271\351.%~\311\006\305-R\013[t\257"
 268      4075FDB9 
 268      E92E257E 
 268      C906C52D 
ARM GAS  /tmp/cc2KIR2S.s 			page 21


 268      520B5B74 
 269 04ac B825C71D 		.ascii	"\270%\307\035\233\004\327/v\337a\033d\240\203/\036\236"
 269      9B04D72F 
 269      76DF611B 
 269      64A0832F 
 269      1E9E
 270 04be 39E284E3 		.ascii	"9\342\204\3431\253\217{\342S\231Y\036\023\335T\231v"
 270      31AB8F7B 
 270      E2539959 
 270      1E13DD54 
 270      9976
 271 04d0 C10D27B1 		.ascii	"\301\015'\261\301\216\364\334\\5\233I\007\373;\222_"
 271      C18EF4DC 
 271      5C359B49 
 271      07FB3B92 
 271      5F
 272 04e1 A9711A1B 		.ascii	"\251q\032\033\334e\354N\024\330\322\362\360$\357\365"
 272      DC65EC4E 
 272      14D8D2F2 
 272      F024EFF5 
 273 04f1 239686BC 		.ascii	"#\226\206\274;\3454]y\224\205\224e%\377r\237\020\361"
 273      3BE5345D 
 273      79948594 
 273      6525FF72 
 273      9F10F1
 274 0504 55742FF3 		.ascii	"Ut/\363\007\036\250\354\206\370\205\030\342\347,\304"
 274      071EA8EC 
 274      86F88518 
 274      E2E72CC4 
 275 0514 452D85E9 		.ascii	"E-\205\351H\036\342g\000\237\244\360)\032\342\027b\210"
 275      481EE267 
 275      009FA4F0 
 275      291AE217 
 275      6288
 276 0526 5FCD168C 		.ascii	"_\315\026\214\271\341,\3063\357\364\324N\026\033\203"
 276      B9E12CC6 
 276      33EFF4D4 
 276      4E161B83 
 277 0536 52DA0ECC 		.ascii	"R\332\016\314g\355@R\373\2013\230\252&\012\337\337\335"
 277      67ED4052 
 277      FB813398 
 277      AA260ADF 
 277      DFDD
 278 0548 57A5C447 		.ascii	"W\245\304G\331\334\035\375\005\035N\270\204*\\\312\355"
 278      D9DC1DFD 
 278      051D4EB8 
 278      842A5CCA 
 278      ED
 279 0559 C93C24DE 		.ascii	"\311<$\336\346\326\245\331\004'g\276pr^\002\253W\342"
 279      E6D6A5D9 
 279      042767BE 
 279      70725E02 
 279      AB57E2
 280 056c 5D5EFF72 		.ascii	"]^\377r\010\221\273|\026\350\376\307r\227\3177_\345"
 280      0891BB7C 
 280      16E8FEC7 
 280      7297CF37 
ARM GAS  /tmp/cc2KIR2S.s 			page 22


 280      5FE5
 281 057e DC506FDE 		.ascii	"\334Po\336?m\033\215\341\354\030\315\320\265\377\216"
 281      3F6D1B8D 
 281      E1EC18CD 
 281      D0B5FF8E 
 282 058e 18E53915 		.ascii	"\030\3459\025zm1:+i\020\256%\304\354\307\354\224\377"
 282      7A6D313A 
 282      2B6910AE 
 282      25C4ECC7 
 282      EC94FF
 283 05a1 B251C0E7 		.ascii	"\262Q\300\3477\246\034\0256\317\203\246^\372P\005\333"
 283      37A61C15 
 283      36CF83A6 
 283      5EFA5005 
 283      DB
 284 05b2 3C230DC4 		.ascii	"<#\015\304\266^}\247\023\325\307\250\376\372T\327S7"
 284      B65E7DA7 
 284      13D5C7A8 
 284      FEFA54D7 
 284      5337
 285 05c4 BBBB17C7 		.ascii	"\273\273\027\307\011\273\3673G\255\027\014\026\236p"
 285      09BBF733 
 285      47AD170C 
 285      169E70
 286 05d3 97164FC2 		.ascii	"\227\026O\302\\\307-B\3338\002\337\316\315\025'\321"
 286      5CC72D42 
 286      DB3802DF 
 286      CECD1527 
 286      D1
 287 05e4 1DE8AB49 		.ascii	"\035\350\253IRJ\321\261oC\037\2742\236\241\3065\330"
 287      524AD1B1 
 287      6F431FBC 
 287      329EA1C6 
 287      35D8
 288 05f6 EA94AB85 		.ascii	"\352\224\253\205Sn4T\017\2730\267\016Q\200)ot\2173\005"
 288      536E3454 
 288      0FBB30B7 
 288      0E518029 
 288      6F748F33 
 289 060b 24FF96E8 		.ascii	"$\377\226\350\207ck\357\263\013E\347@\213Y\343U\275"
 289      87636BEF 
 289      B30B45E7 
 289      408B59E3 
 289      55BD
 290 061d FDEA9524 		.ascii	"\375\352\225$\372\225\310\374z\232y\367\266R\236\225"
 290      FA95C8FC 
 290      7A9A79F7 
 290      B6529E95 
 291 062d 3B816902 		.ascii	";\201i\002e\272\2132M\022\231^;w\343\246\033\256cL\363"
 291      65BA8B32 
 291      4D12995E 
 291      3B77E3A6 
 291      1BAE634C 
 292 0642 2BAE0EB1 		.ascii	"+\256\016\261Ci\244e\3238\375\372\262\013na\203\272"
 292      4369A465 
 292      D338FDFA 
 292      B20B6E61 
ARM GAS  /tmp/cc2KIR2S.s 			page 23


 292      83BA
 293 0654 63B76654 		.ascii	"c\267fT\314\015R\300=\342\262\332\253\324\310\323\323"
 293      CC0D52C0 
 293      3DE2B2DA 
 293      ABD4C8D3 
 293      D3
 294 0665 739EA7F9 		.ascii	"s\236\247\371\3612\320T()\377G\012\317\347.$U\006\335"
 294      F132D054 
 294      2829FF47 
 294      0ACFE72E 
 294      245506DD 
 295 0679 8764D8CF 		.ascii	"\207d\330\317\3153\327\036\364\200\322\376#|(\014\374"
 295      CD33D71E 
 295      F480D2FE 
 295      237C280C 
 295      FC
 296 068a 369D01EE 		.ascii	"6\235\001\356\307\326\225\264j\246p\014j.\376{8)4\306"
 296      C7D695B4 
 296      6AA6700C 
 296      6A2EFE7B 
 296      382934C6 
 297 069e 70693920 		.ascii	"pi9 \007\300\350C\301\250Xg\321#\213\321\335\202\353"
 297      07C0E843 
 297      C1A85867 
 297      D1238BD1 
 297      DD82EB
 298 06b1 9F2B15E8 		.ascii	"\237+\025\350\012\214_\245C\004\015\011\206\016C\256"
 298      0A8C5FA5 
 298      43040D09 
 298      860E43AE 
 299 06c1 65709E28 		.ascii	"ep\236(\033$\023d/\310>\220\203 \207@\322A\016\200\244"
 299      1B241364 
 299      2FC83E90 
 299      83208740 
 299      D2410E80 
 300 06d6 81648118 		.ascii	"\201d\201\030@R9O\232\303\304;C?\341\000g\033M\013\034"
 300      4052394F 
 300      9AC3C43B 
 300      433FE100 
 300      671B4D0B 
 301 06eb C4138F66 		.ascii	"\304\023\217f\244\216\001\362:A\222\020\214\311C`D\326"
 301      A48E01F2 
 301      3A419210 
 301      8CC94360 
 301      44D6
 302 06fd 7EDD10FD 		.ascii	"~\335\020\375\032\227\3735!C\266\211\310[r\3442k`\207"
 302      1A97FB35 
 302      2143B689 
 302      C85B72E4 
 302      326B6087 
 303 0711 08BC2B07 		.ascii	"\010\274+\007\336\223\231\274\271<m%\322ssQ\274\020"
 303      DE9399BC 
 303      B93C6D25 
 303      D2737351 
 303      BC10
 304 0723 7E31ADD1 		.ascii	"~1\255\321\016\316\332\241v\321\241;r\207\256\313\\"
 304      0ECEDAA1 
ARM GAS  /tmp/cc2KIR2S.s 			page 24


 304      76D1A13B 
 304      7287AECB 
 304      5C
 305 0734 EF14918F 		.ascii	"\357\024\221\217\345\310Q\031r\200 !)Q\262\260\272\230"
 305      E5C85119 
 305      72802021 
 305      2951B2B0 
 305      BA98
 306 0746 AA68B76C 		.ascii	"\252h\267l\363\373D\217\236\310=zj\261Ij\321Pk\261#"
 306      F3FB448F 
 306      9EC83D7A 
 306      6AB1496A 
 306      D1506BB1 
 307 075b 8F084421 		.ascii	"\217\010D!\366p\346\3126\334sg\233\022y\315\243\270"
 307      F670E6CA 
 307      36DC7367 
 307      9B1279CD 
 307      A3B8
 308 076d C144E48C 		.ascii	"\301D\344\214r\301\3225K\301\"\263\350c+\215P\016d\317"
 308      72C1D235 
 308      4BC122B3 
 308      E8632B8D 
 308      500E64CF 
 309 0781 FF2293E0 		.ascii	"\377\"\223\340<\315\216\016\304\251\245mo\256$\363\025"
 309      3CCD8E0E 
 309      C4A9A56D 
 309      6FAE24F3 
 309      15
 310 0792 288FA36D 		.ascii	"(\217\243m/\371\006p\335\255\370G\254f\0149\223\311"
 310      2FF90670 
 310      DDADF847 
 310      AC660C39 
 310      93C9
 311 07a4 6DA63D31 		.ascii	"m\246=1\016\3640&\320\303Yv?1\316\003O\261\223:\235"
 311      0EF43026 
 311      D0C35976 
 311      3F31CE03 
 311      4FB1933A 
 312 07b9 34D8E32C 		.ascii	"4\330\343,vS\372_\323M\325w\036o\362\300P\275i\2371"
 312      7653FA5F 
 312      D34DD577 
 312      1E6FF2C0 
 312      50BD699F 
 313 07ce 79BA     		.ascii	"y\272"
 314 07d0 D405C731 		.ascii	"\324\005\3071\345\371X\323\2003\336\311\224\334\324"
 314      E5F958D3 
 314      8033DEC9 
 314      94DCD4
 315 07df 7DC7D8AA 		.ascii	"}\307\330\252\224DE\207\256\301\021'\263\261\212\370"
 315      94444587 
 315      AEC11127 
 315      B3B18AF8 
 316 07ef 93171DF1 		.ascii	"\223\027\035\361>\301\304\310\3643V\362\346\320\033"
 316      3EC1C4C8 
 316      F43356F2 
 316      E6D01B
 317 07fe 6BDFDE16 		.ascii	"k\337\336\026\204\017\2601\261\311qgM\316\324\317\306"
ARM GAS  /tmp/cc2KIR2S.s 			page 25


 317      840FB031 
 317      B1C97167 
 317      4DCED4CF 
 317      C6
 318 080f 785656D4 		.ascii	"xVV\324\264]N\316/a3]\351\375}d\244\313~\351;)\226\276"
 318      B45D4ECE 
 318      2F61335D 
 318      E9FD7D64 
 318      A4CB7EE9 
 319 0827 0A56FABA 		.ascii	"\012V\372\272k\215\263o\224\3642\310\247r\232J\225\264"
 319      6B8DB36F 
 319      94F432C8 
 319      A7729A4A 
 319      95B4
 320 0839 F49D144B 		.ascii	"\364\235\024K_\225n\270O-/\351v\321\215\223\023&W\234"
 320      5F956EB8 
 320      4F2D2FE9 
 320      76D18D93 
 320      1326579C 
 321 084d CD7C489F 		.ascii	"\315|H\237\352ha=\376B\242v\265\234\355w\305\207\331"
 321      EA68613D 
 321      FE42A276 
 321      B59CED77 
 321      C587D9
 322 0860 989ED715 		.ascii	"\230\236\327\025\253p>S\362G.\245\260R\276\214\026\324"
 322      AB703E53 
 322      F2472EA5 
 322      B052BE8C 
 322      16D4
 323 0872 3B8F33DC 		.ascii	";\2173\334p1\033{t8\277O\215\313\230285\330\304\356"
 323      70311B7B 
 323      7438BF4F 
 323      8DCB9832 
 323      3835D8C4 
 324 0887 B295443D 		.ascii	"\262\225D=\023\233U\351\212\253\330\330\375\321\224"
 324      139B55E9 
 324      8AABD8D8 
 324      FDD194
 325 0896 3125AE67 		.ascii	"1%\256gJ\314\351\342\036\006\374\224\3364\023\207\343"
 325      4ACCE9E2 
 325      1E06FC94 
 325      DE341387 
 325      E3
 326 08a7 9C71131B 		.ascii	"\234q\023\033+\313\311\253d\241\375\234\356]\306\243"
 326      2BCBC9AB 
 326      64A1FD9C 
 326      EE5DC6A3 
 327 08b7 E5766377 		.ascii	"\345vcwN\214\335\0074t\275\343{c\305\320\031\304[\243"
 327      4E8CDD07 
 327      3474BDE3 
 327      7B63C5D0 
 327      19C45BA3 
 328 08cb 1982514C 		.ascii	"\031\202QL\203\321B\203qN\014\306\211\242\227\207\035"
 328      83D14283 
 328      714E0CC6 
 328      89A29787 
 328      1D
ARM GAS  /tmp/cc2KIR2S.s 			page 26


 329 08dc A5E802EE 		.ascii	"\245\350\002\356-\350\232\246\336YW|\336\232\243\232"
 329      2DE89AA6 
 329      DE59577C 
 329      DE9AA39A 
 330 08ec 717CADE3 		.ascii	"q|\255\343\313]p;\033\2539\221<\303.x_\2426\351\371"
 330      CB5D703B 
 330      1BAB3991 
 330      3CC32E78 
 330      5FA236E9 
 331 0901 436ADCA9 		.ascii	"Cj\334\251\264\352C\335\205>4\351x\3563\266\005\264"
 331      B4EA43DD 
 331      853E34E9 
 331      78EE33B6 
 331      05B4
 332 0913 0BAC78D6 		.ascii	"\013\254x\326uFi\327\331N\321\331K,Q*3&\246=\344w\344"
 332      754669D7 
 332      D94ED1D9 
 332      4B2C512A 
 332      3326A63D 
 333 092a 45E05F4A 		.ascii	"E\340_J\371wQ\376\235\"\377\204S)\367\324R4\361\326"
 333      F97751FE 
 333      9D22FF84 
 333      5329F7D4 
 333      5234F1D6 
 334 093e 2E7AAC2C 		.ascii	".z\254,\037\356\376\036a\353\032Fy\326\347\371K\373"
 334      1FEEFE1E 
 334      61EB1A46 
 334      79D6E7F9 
 334      4BFB
 335 0950 6577A15F 		.ascii	"ew\241_Nm\257\036`\311O/\376\335\345\023\265.v\235\270"
 335      4E6DAF1E 
 335      60C94F2F 
 335      FEDDE513 
 335      B52E769D 
 336 0965 263A91CF 		.ascii	"&:\221\317\016\355\363\256\226\3147\376L\271\002\264"
 336      0EEDF3AE 
 336      96CC37FE 
 336      4CB902B4 
 337 0975 AE525ABD 		.ascii	"\256RZ\275\224\3265\221\326\221\266\223\367<\344N\330"
 337      94D63591 
 337      D691B693 
 337      F73CE44E 
 337      D8
 338 0986 458F5E3B 		.ascii	"E\217^;\273S\215\373\230\023\007\223\312fX;\376=Q\343"
 338      BB538DFB 
 338      98130793 
 338      CA66583B 
 338      FE3D51E3 
 339 099a F66FBBA8 		.ascii	"\366o\273\250\304\003\302\261o,\237`\347UO\364\005\367"
 339      C403C2B1 
 339      6F2C9F60 
 339      E7554FF4 
 339      05F7
 340 09ac 46FA5A1C 		.ascii	"F\372Z\034\221\247\215g\236\227'\271\356\207\016\224"
 340      91A78D67 
 340      9E9727B9 
 340      EE870E94 
ARM GAS  /tmp/cc2KIR2S.s 			page 27


 341 09bc B4A979E1 		.ascii	"\264\251y\341\302?\0055\177\\z\341\327Y\325|\235\341"
 341      C23F0535 
 341      7F5C7AE1 
 341      D759D57C 
 341      9DE1
 342 09ce 7889D81B 		.ascii	"x\211\330\033\364\313\2417\245\320\275:C\001\205\022"
 342      F4CBA137 
 342      A5D0BD3A 
 342      43018512 
 343 09de AFDAE4D0 		.ascii	"\257\332\344\320v\231\325\014\263\325z\333\004\216\""
 343      7699D50C 
 343      B3D57ADB 
 343      048E22
 344 09ed 3376A719 		.ascii	"3v\247\031[$\307.\223A\017\232\241g\345\320&\271\331"
 344      5B24C72E 
 344      93410F9A 
 344      A167E5D0 
 344      26B9D9
 345 0a00 0433F698 		.ascii	"\0043\366\230\034[,c\233m\206\236\261mV\214A\214!_\003"
 345      1C5B2C63 
 345      9B6D869E 
 345      B16D568C 
 345      418C215F 
 346 0a15 C8F37099 		.ascii	"\310\363p\231\266\012H\361L\242\0132\243Yf\243\247\345"
 346      B60A48F1 
 346      4CA20B32 
 346      A35966A3 
 346      A7E5
 347 0a27 461BADB8 		.ascii	"F\033\255\270\302\025]L\254B\202\320k\237@\305\264A"
 347      C2155D4C 
 347      AC4282D0 
 347      6B9F40C5 
 347      B441
 348 0a39 37ACA0B0 		.ascii	"7\254\240\260\011\205\346M\350\260\275\011\346\020\304"
 348      0985E64D 
 348      E8B0BD09 
 348      E610C4
 349 0a48 18D234D0 		.ascii	"\030\3224\320wT\201\331j\001*\326^T##\233n&[+\267\312"
 349      775481D9 
 349      6A012AD6 
 349      5E542323 
 349      9B6E265B 
 350 0a5f 1A0F3383 		.ascii	"\032\0173\203\030\3031B\266\017\254^\347dd\207d}g\222"
 350      18C33142 
 350      B60FAC5E 
 350      E7646487 
 350      647D6792 
 351 0a73 D96A89DC 		.ascii	"\331j\211\334j\251,\267v\230\335*\264\231\004\226\035"
 351      6AA92CB7 
 351      7698DD2A 
 351      B4990496 
 351      1D
 352 0a84 2822CB77 		.ascii	"(\"\313w\303\362\227\005\240X'P\217\314\251]\346\345"
 352      C3F29705 
 352      A0582750 
 352      8FCCA95D 
 352      E6E5
ARM GAS  /tmp/cc2KIR2S.s 			page 28


 353 0a96 4FD85E5E 		.ascii	"O\330^^\222-\231fl\203\355\335z\243\361=\002\313\036"
 353      922D9966 
 353      6C83EDDD 
 353      7AA3F13D 
 353      02CB1E
 354 0aa9 A543E342 		.ascii	"\245C\343B\2732\001\355\312\023hA\206An\203<\003\031"
 354      BB3201ED 
 354      CA136841 
 354      86416E83 
 354      3C0319
 355 0abc 05190379 		.ascii	"\005\031\003y\010\362\010d\000d\010\304\010r\017\344"
 355      08F20864 
 355      006408C4 
 355      08720FE4 
 356 0acc 0EC808C8 		.ascii	"\016\310\010\310]\220A\220\007 OA\036\203\334\007\271"
 356      5D904190 
 356      07204F41 
 356      1E83DC07 
 356      B9
 357 0add 25B433B4 		.ascii	"%\2643\264\233\322\227\220\256k\374\215\256\213\236"
 357      9BD29790 
 357      AE6BFC8D 
 357      AE8B9E
 358 0aec FA44C9A9 		.ascii	"\372D\311\251?n;\343\231\277\320\243MV\307\334qG\363"
 358      3F6E3BE3 
 358      99BFD0A3 
 358      4D56C7DC 
 358      7147F3
 359 0aff BC6CF983 		.ascii	"\274l\371\203\236\203\033\3777\227J\"\234\321$,\226"
 359      9E831BFF 
 359      37974A22 
 359      9CD1242C 
 359      96
 360 0b10 CF99FBC3 		.ascii	"\317\231\373\303q\261?$wYj\351mN\332\302MZ\265p/\204"
 360      71B13F24 
 360      77596AE9 
 360      6D4EDAC2 
 360      4D5AB570 
 361 0b26 16EE056D 		.ascii	"\026\356\005m\341fN\264<q\225\202\311\277\031-\340)"
 361      E1664EB4 
 361      3C719582 
 361      C9BF192D 
 361      E029
 362 0b38 013C45C1 		.ascii	"\001<E\3017&\266\017b)\230\374\333\315\002\236\026\300"
 362      3726B60F 
 362      622998FC 
 362      DBCD029E 
 362      16C0
 363 0b4a E4DB794B 		.ascii	"\344\333yKhx\364\307\037\005F;\376\355\313o\226\370"
 363      6878F4C7 
 363      1F05463B 
 363      FEEDCB6F 
 363      96F8
 364 0b5c 28548181 		.ascii	"(T\201\201\342\233\345\232-Q\221\232\320\360\340\260"
 364      E29BE59A 
 364      2D51919A 
 364      D0F0E0B0 
ARM GAS  /tmp/cc2KIR2S.s 			page 29


 365 0b6c 2D1B4334 		.ascii	"-\033C4\341!?\206\205n\320l\016\012\336\024\032\036"
 365      E1213F86 
 365      856ED06C 
 365      0E0ADE14 
 365      1A1E
 366 0b7e A209DC18 		.ascii	"\242\011\334\030\362]\320\226\260\350\300\350\255\337"
 366      F25DD096 
 366      B0E8C0E8 
 366      ADDF
 367 0b8c 8744ADD8 		.ascii	"\207D\255\330\244\360\264\205\216\332\032\245\011\214"
 367      A4F0B485 
 367      8EDA1AA5 
 367      098C
 368 0b9a 8ADE0816 		.ascii	"\212\336\010\026\0012'\374\207\320\340\265\341A\033"
 368      013227FC 
 368      87D0E0B5 
 368      E1411B
 369 0ba9 C242D687 		.ascii	"\302B\326\207\004GGD._\261B\343\263)tC\350W\001\232"
 369      04474744 
 369      2E5FB142 
 369      E3B32974 
 369      43E85701 
 370 0bbe 8828CDA6 		.ascii	"\210(\315\246\2400\315\367\021\221\321Q\232\340\210"
 370      A030CDF7 
 370      1191D151 
 370      9AE088
 371 0bcd CD9B23C2 		.ascii	"\315\233#\3025\336\332u>\353~\322\220i+\202\025\277"
 371      35DEDA75 
 371      3EEB7ED2 
 371      90692B82 
 371      15BF
 372 0bdf 21DF6B42 		.ascii	"!\337kB\243,\363\027\2237\001!\321\001[\243\242C6\373"
 372      A32CF317 
 372      93370121 
 372      D1015BA3 
 372      A24336FB 
 373 0bf3 06856F0C 		.ascii	"\006\205o\014\013\211\364\217\014\215\210\014\215\336"
 373      0B89F48F 
 373      0C8D880C 
 373      8DDE
 374 0c01 4A57F309 		.ascii	"JW\363\011\013\011\212\364\017\011\007\006\377V\006"
 374      0B098AF4 
 374      0F090706 
 374      FF5606
 375 0c10 6F0A8A74 		.ascii	"o\012\212t\011\336\004h\337\240\260\350\245\326\213"
 375      09DE0468 
 375      DFA0B0E8 
 375      A5D68B
 376 0c1f 47469BC9 		.ascii	"GF\233\311\007o\002\336\300\32790\360\273-\341\301\201"
 376      076F02DE 
 376      C0D73930 
 376      F0BB2DE1 
 376      C181
 377 0c31 816EE28F 		.ascii	"\201n\342\217\025\253>^\365\327w\336\266\252\302\345"
 377      15AB3E5E 
 377      F5D777DE 
 377      B6AAC2E5 
ARM GAS  /tmp/cc2KIR2S.s 			page 30


 378 0c41 CBF57E3E 		.ascii	"\313\365~>\201_CT\224~\001k\265.\332\265\360\271~\355"
 378      815F4354 
 378      947E016B 
 378      B52EDAB5 
 378      F0B97EED 
 379 0c55 9A954A3F 		.ascii	"\232\225J?\237\265Zg-\323\376\014\203\376\226\301\217"
 379      9FB55A67 
 379      2DD3FE0C 
 379      83FE96C1 
 379      8F
 380 0c66 6050A27E 		.ascii	"`P\242~\254\364\363^mQ?q\"[\362i`\264\013\333\034\370"
 380      ACF4F35E 
 380      6D513F71 
 380      225BF269 
 380      60B40BDB 
 381 0c7c C5F9F99B 		.ascii	"\305\371\371\233\207\377\242\014\370\332O\373'kwB~\212"
 381      87FFA20C 
 381      F8DA4FFB 
 381      276B7742 
 381      7E8A
 382 0c8e D6F8AC0B 		.ascii	"\326\370\254\013\360\013\260x\025\021\031\022\030\274"
 382      F00BB078 
 382      15111912 
 382      18BC
 383 0c9c F913E258 		.ascii	"\371\023\342X\200\317jJ\321\301\307\377\033\2775\260"
 383      80CF6A4A 
 383      D1C1C7FF 
 383      1BBF35B0 
 384 0cac 788056B9 		.ascii	"x\200V\271\376\353\257\264\016\336~Z\037-\016\000\361"
 384      FEEBAFB4 
 384      0EDE7E5A 
 384      1F2D0E00 
 384      F1
 385 0cbd 21DFBEFE 		.ascii	"!\337\276\376\016\001\276d\320\347\013\370\360%\037"
 385      0E01BE64 
 385      D0E70BF8 
 385      F0251F
 386 0ccc 6BE0C361 		.ascii	"k\340\303a\335\272/\274\265\312\325\344\303\033t\354"
 386      DDBA2FBC 
 386      B5CAD5E4 
 386      C31B74EC 
 387 0cdc FF8516AF 		.ascii	"\377\205\026\257\001\361^\243U\302\230\026\274\363\326"
 387      01F15EA3 
 387      55C29816 
 387      BCF3D6
 388 0ceb 82716F1F 		.ascii	"\202qo\037\355\177\001\216k\342\234"
 388      ED7F018E 
 388      6BE29C
 389              		.text
 390              		.section	.gnu.lto_.symtab.c5a29ffb75e01b96,"",%progbits
 391 0000 6E766963 		.ascii	"nvicEnableVector\000\000\000\000\000\000\000\000\000"
 391      456E6162 
 391      6C655665 
 391      63746F72 
 391      00000000 
 392 0019 000000B6 		.ascii	"\000\000\000\266\000\000\000nvicDisableVector\000\000"
 392      0000006E 
ARM GAS  /tmp/cc2KIR2S.s 			page 31


 392      76696344 
 392      69736162 
 392      6C655665 
 393 0033 00000000 		.ascii	"\000\000\000\000\000\000\000\000\000\000\272\000\000"
 393      00000000 
 393      0000BA00 
 393      00
 394 0040 006E7669 		.ascii	"\000nvicSetSystemHandlerPriority\000\000\000\000\000"
 394      63536574 
 394      53797374 
 394      656D4861 
 394      6E646C65 
 395 0062 00000000 		.ascii	"\000\000\000\000\000\000\000\274\000\000\000nvicCle"
 395      000000BC 
 395      0000006E 
 395      76696343 
 395      6C65
 396 0074 61725065 		.ascii	"arPending\000\000\000\000\000\000\000\000\000\000\000"
 396      6E64696E 
 396      67000000 
 396      00000000 
 396      00000000 
 397 0088 00BE0000 		.ascii	"\000\276\000\000\000chSysHalt\000\000\002\000\000\000"
 397      00636853 
 397      79734861 
 397      6C740000 
 397      02000000 
 398 009c 00000000 		.ascii	"\000\000\000\000\000\000\311\000\000\000"
 398      0000C900 
 398      0000
 399              		.text
 400              		.section	.gnu.lto_.opts,"",%progbits
 401 0000 272D666E 		.ascii	"'-fno-trapv' '-fno-strict-overflow' '-mcpu=cortex-m"
 401      6F2D7472 
 401      61707627 
 401      20272D66 
 401      6E6F2D73 
 402 0033 34272027 		.ascii	"4' '-mfloat-abi=hard' '-mfpu=fpv4-sp-d16' '-mno-thu"
 402      2D6D666C 
 402      6F61742D 
 402      6162693D 
 402      68617264 
 403 0066 6D622D69 		.ascii	"mb-interwork' '-mthumb' '-ggdb' '-O0' '-Werror' '-f"
 403      6E746572 
 403      776F726B 
 403      2720272D 
 403      6D746875 
 404 0099 6F6D6974 		.ascii	"omit-frame-pointer' '-falign-functions=16' '-ffunct"
 404      2D667261 
 404      6D652D70 
 404      6F696E74 
 404      65722720 
 405 00cc 696F6E2D 		.ascii	"ion-sections' '-fdata-sections' '-fno-common' '-flt"
 405      73656374 
 405      696F6E73 
 405      2720272D 
 405      66646174 
ARM GAS  /tmp/cc2KIR2S.s 			page 32


 406 00ff 6F272027 		.ascii	"o' '-fsingle-precision-constant'\000"
 406      2D667369 
 406      6E676C65 
 406      2D707265 
 406      63697369 
 407              		.text
 408              		.comm	__gnu_lto_v1,1,1
 409              		.comm	__gnu_lto_slim,1,1
 410              		.ident	"GCC: (15:4.9.3+svn231177-1) 4.9.3 20150529 (prerelease)"
ARM GAS  /tmp/cc2KIR2S.s 			page 33


DEFINED SYMBOLS
                            *ABS*:0000000000000000 nvic.c
                            *COM*:0000000000000001 __gnu_lto_v1
                            *COM*:0000000000000001 __gnu_lto_slim

NO UNDEFINED SYMBOLS
