ARM GAS  /tmp/ccsommnt.s 			page 1


   1              		.syntax unified
   2              		.cpu cortex-m4
   3              		.eabi_attribute 27, 1
   4              		.eabi_attribute 28, 1
   5              		.fpu fpv4-sp-d16
   6              		.eabi_attribute 20, 1
   7              		.eabi_attribute 21, 1
   8              		.eabi_attribute 23, 3
   9              		.eabi_attribute 24, 1
  10              		.eabi_attribute 25, 1
  11              		.eabi_attribute 26, 1
  12              		.eabi_attribute 30, 6
  13              		.eabi_attribute 34, 1
  14              		.eabi_attribute 18, 4
  15              		.thumb
  16              		.file	"pal.c"
  17              		.text
  18              	.Ltext0:
  19              		.section	.gnu.lto_.inline.fcae31569d1fedc9,"",%progbits
  20 0000 789C6366 		.ascii	"x\234cf\300\016\374\24143\003\203\200\004\003\003\223"
  20      C00EFCA1 
  20      34330383 
  20      80040303 
  20      93
  21 0011 C484D38C 		.ascii	"\304\204\323\214\014,\014L 1&n\020\301 .\017$\325\016"
  21      0C2C0C4C 
  21      2031266E 
  21      10C1202E 
  21      0F24D50E 
  22 0025 EC604211 		.ascii	"\354`B\021ga\020R\0062E>\254\206\253g\341\205I2\000"
  22      67611052 
  22      0632453E 
  22      AC86AB67 
  22      E1854932 
  23 003a 00181C06 		.ascii	"\000\030\034\006\003"
  23      03
  24              		.text
  25              		.section	.gnu.lto_palReadBus.fcae31569d1fedc9,"",%progbits
  26 0000 789C9554 		.ascii	"x\234\225T\335KTQ\020?s\316\375Z7]\351)D\260\022\361"
  26      DD4B5451 
  26      103F73CE 
  26      FD5A375D 
  26      E92944B0 
  27 0016 2174FF80 		.ascii	"!t\377\200\036\022\352\275\240\277@}Q\020\212$\350e"
  27      1E12EABD 
  27      A0BF407D 
  27      51108A24 
  27      E865
  28 0028 F1A88B59 		.ascii	"\361\250\213YV\212Jl\231\251H\344G\271\271\245\251e"
  28      568A4A6C 
  28      99A948E4 
  28      47B9B9A5 
  28      A965
  29 003a 6DA622F4 		.ascii	"m\246\"\364\205X\352J\230\320\032\365\020h\012z\011"
  29      8558EA4A 
  29      98D01AF5 
  29      10680A7A 
ARM GAS  /tmp/ccsommnt.s 			page 2


  29      09
  30 004b BBCD9CDD 		.ascii	"\273\315\234\335t\243%\364\302\235{\347\234\371\375"
  30      74A325F4 
  30      C29D7BE7 
  30      9CF9FD
  31 005a 7E3367E6 		.ascii	"~3g\346^\301\376\275N\340}Hg\35409\026\003\316\360\006"
  31      5EC1FEBD 
  31      4EE07D48 
  31      67EC3039 
  31      1603CEF0 
  32 006f 8156705C 		.ascii	"\201Vp\\\226\\C\243i\261w\203\336u\300\007\030`\242"
  32      965C43A3 
  32      69B17783 
  32      DE75C007 
  32      1860A2
  33 0082 35011006 		.ascii	"5\001\020\006\254\202\013M7L\250\200o|\225\303p\337"
  33      AC820B4D 
  33      374CA880 
  33      6F7C95C3 
  33      70DF
  34 0094 FA1BF757 		.ascii	"\372\033\367Wnsv\220\241;\3228\0250\310\005\215\334"
  34      6E737690 
  34      A13BD238 
  34      1530C805 
  34      8DDC
  35 00a6 B9D9C09C 		.ascii	"\271\331\300\234+\367\216\224U+\215\375\027n4\267\343"
  35      2BF78E94 
  35      552B8DFD 
  35      176E34B7 
  35      E3
  36 00b7 0E676B9C 		.ascii	"\016gk\234\301]\310\200.\310 \312n\310\305\320\225\312"
  36      C15DC880 
  36      2EC820CA 
  36      6EC8C5D0 
  36      95CA
  37 00c9 48D41459 		.ascii	"H\324\024Y@\260\331Hd\306\310\351DXx*$\0134\233\013"
  37      40B0D948 
  37      64C6C8E9 
  37      4458782A 
  37      240B349B 
  38 00de E8019188 		.ascii	"\350\001\221\210\303%\006\275\220C\341\253\376\2559"
  38      C32506BD 
  38      9043E1AB 
  38      FEAD39
  39 00ed B7E19752 		.ascii	"\267\341\227R\246oaQ\030\206\254\3670o\306\\\270\275"
  39      A66F6151 
  39      1886ACF7 
  39      306FC65C 
  39      B8BD
  40 00ff 30DEDAA4 		.ascii	"0\336\332\244gw \333R\335\347\350\251\260\277]\376r"
  40      677720DB 
  40      52DDE7E8 
  40      A9B0BF5D 
  40      FE72
  41 0111 1CB0B1DE 		.ascii	"\034\260\261\336\2773\241\013\356C6b\276\3646_T\230"
  41      BF33A10B 
  41      EE433662 
ARM GAS  /tmp/ccsommnt.s 			page 3


  41      BEF4365F 
  41      5498
  42 0123 CBED573B 		.ascii	"\313\355W;k\364)\351_r\234\254\177\223W\220>\005ik\260"
  42      6BF429E9 
  42      5F729CAC 
  42      7F935790 
  42      3E05696B 
  43 0138 C39A9209 		.ascii	"\303\232\222\011\337\014u\025l\253\350\311 A\005\331"
  43      DF0C7515 
  43      6CABE8C9 
  43      204105D9 
  44 0148 C94CD2D9 		.ascii	"\311L\322\331\324\206\035\347\230\215G\237\004\360\340"
  44      D4861DE7 
  44      988D479F 
  44      04F0E0
  45 0157 3F80A475 		.ascii	"?\200\244u\364+@\317\350F\310C\000\231\0100\223\001"
  45      F42B40CF 
  45      E846C843 
  45      00990830 
  45      9301
  46 0169 427B4DE9 		.ascii	"B{M\351\341^\001\217 \033\373\023\334\037\226\216\263"
  46      E15E018F 
  46      201BFB13 
  46      DC1F968E 
  46      B3
  47 017a 363E7DE9 		.ascii	"6>}\351h\200\247\000P\0279\366S\023ht\015\215\241\223"
  47      6880A700 
  47      501739F6 
  47      53136874 
  47      0D8DA193 
  48 018e 6BA0314D 		.ascii	"k\2401Mr-2.F\247\317\242\324\\\264\370\020\3138\003"
  48      722D322E 
  48      46A7CFA2 
  48      D45CB4F8 
  48      10CB3803 
  49 01a2 4C7C00FF 		.ascii	"L|\000\377|u\360\212\240\216o\3400p\370\024}7m\321\020"
  49      7C75F08A 
  49      A08E6FE0 
  49      3070F814 
  49      7D376DD1 
  50 01b7 D26C0FC4 		.ascii	"\322l\017\304\365\227i\274\305\002T\015B,\222\246w`"
  50      F59769BC 
  50      C502540D 
  50      422C92A6 
  50      7760
  51 01c9 B3ED7B6A 		.ascii	"\263\355{j+\264`\233,\304\306\202q\375\326zS\304\223"
  51      2BB4609B 
  51      2CC4C682 
  51      71FDD67A 
  51      53C493
  52 01dc 77C4E62E 		.ascii	"w\304\346.\030\204V\370\241D\3411\3441T{+v\010\202\023"
  52      188456F8 
  52      A144E131 
  52      E431547B 
  52      2B760882 
  53 01f1 AFC6D4BC 		.ascii	"\257\306\324\274\273<\014\206\266\245\360\023\022\037"
  53      BB3C0C86 
ARM GAS  /tmp/ccsommnt.s 			page 4


  53      B6A5F013 
  53      121F
  54 01ff 41A338A2 		.ascii	"A\2438\242\273=s\255\217\373~\312Zi\331<e\215\343`\302"
  54      BB3D73AD 
  54      8FFB7ECA 
  54      5A69D93C 
  54      658DE360 
  55 0214 30F868EB 		.ascii	"0\370h\353z\375\373!\201[\001\332r\323\370\262\304\012"
  55      7AFDFB21 
  55      815B01DA 
  55      72D3F8B2 
  55      C40A
  56 0226 DCCAEDAE 		.ascii	"\334\312\355\256o\036\3024Z*\033(j\037\214\200\017\236"
  56      6F1EC234 
  56      5A2A1B28 
  56      6A1F8C80 
  56      0F9E
  57 0238 C4536D8B 		.ascii	"\304Sm\213v\005\334Hp\000\203\341)F)Q\030\005\237\315"
  57      7605DC48 
  57      700083E1 
  57      29462951 
  57      18059FCD 
  58 024c 53553246 		.ascii	"SU2F\274\356\325\311\216x\346b7\245\247\3013U\272\372"
  58      BCEED5C9 
  58      8E78E662 
  58      37A5A7C1 
  58      3355BAFA 
  59 0260 EC9F63E9 		.ascii	"\354\237c\351\0130\366\347\354\264\304\034\323\024."
  59      0B30F6E7 
  59      ECB4C41C 
  59      D3142E
  60 026f 81CF830A 		.ascii	"\201\317\203\012\020\216\363E_\327\015Zy\275\322\217"
  60      108EF345 
  60      5FD70D5A 
  60      79BDD28F 
  61 027f 1BE9F042 		.ascii	"\033\351\360BQ\252\017tLQn\267C\337];^\356\264c<F\260"
  61      51AA0F74 
  61      4C516EB7 
  61      43DF5D3B 
  61      5EEEB463 
  62 0296 68C60888 		.ascii	"h\306\010\210\003\375\352E#\346\233\230&\256&jX\273"
  62      03FDEA45 
  62      23E69B98 
  62      26AE266A 
  62      58BB
  63 02a8 D1E030A1 		.ascii	"\321\3400\2414\004iL*\215\352\315\232\314\030\203K\361"
  63      3404694C 
  63      2A8DEACD 
  63      9ACC1883 
  63      4BF1
  64 02ba 5AEA5CF1 		.ascii	"Z\352\\\361\257(\346\2412\235\255\343\031-B\\\303\245"
  64      AF28E6A1 
  64      329DADE3 
  64      192D425C 
  64      C3A5
  65 02cc C6130F0D 		.ascii	"\306\023\017\015\223\314\314\317\367\036/)-*=y\332{"
  65      93CCCCCF 
ARM GAS  /tmp/ccsommnt.s 			page 5


  65      F71E2F29 
  65      2D2A3D79 
  65      DA7B
  66 02de A6DC5B52 		.ascii	"\246\334[RX\346-?W\354=[X\226_\314D\321\371\362\337"
  66      58E62D3F 
  66      57EC3D5B 
  66      58965FCC 
  66      44D1F9F2 
  67 02f3 3997B74C 		.ascii	"9\227\267L"
  68              		.text
  69              		.section	.gnu.lto_palWriteBus.fcae31569d1fedc9,"",%progbits
  70 0000 789C9554 		.ascii	"x\234\225T\335K\024Q\024\277\347\336\231\331u?\334\325"
  70      DD4B1451 
  70      14BFE7DE 
  70      99D9753F 
  70      DCD5
  71 0012 2789A040 		.ascii	"'\211\240@\304\207X\367/\010\243\240\327\202\376\002"
  71      C48758F7 
  71      2F08A3A0 
  71      D782FE02 
  72 0022 ED252128 		.ascii	"\355%!(\262\036\305\321\266\010\302R\2130\315\264$\312"
  72      B21EC5D1 
  72      B608C252 
  72      8B30CDB4 
  72      24CA
  73 0034 2C2DCBAF 		.ascii	",-\313\2572\333\314\31225\277*\355C\251\015\352!(\025"
  73      32DBCCCA 
  73      3235BF2A 
  73      ED43A90D 
  73      EA212815 
  74 0048 740A9BCE 		.ascii	"t\012\233\316\2713\265SI\354,\354\231\271\367\234\337"
  74      B933B553 
  74      49EC2CEC 
  74      99B9F79C 
  74      DF
  75 0059 EF9CDF9D 		.ascii	"\357\234\337\235{\216`\377\3766\342\377\271\207\261"
  75      7B8E60FF 
  75      FE36E2FF 
  75      B987B1
  76 0068 5C5A7818 		.ascii	"\\Zx\030p\206\177\020h\005W\031\323\271\202FQ\254w\215"
  76      70867F10 
  76      68055719 
  76      D3B98246 
  76      51AC778D 
  77 007c DE55C007 		.ascii	"\336U\300\007h\000\010\000V\312\205\242jP\012\237\370"
  77      68000800 
  77      56CA85A2 
  77      6A500A9F 
  77      F8
  78 008d 570E95F1 		.ascii	"W\016\225\361\226\032\177\356\005]\327\277\234\357\312"
  78      961A7FEE 
  78      055DD7BF 
  78      9CEFCA
  79 009c 3A946520 		.ascii	":\224e \335\002\2672\301E\310\305\220/e\323\011\217"
  79      DD02B732 
  79      C145C8C5 
  79      902F65D3 
ARM GAS  /tmp/ccsommnt.s 			page 6


  79      098F
  80 00ae 58070CDF 		.ascii	"X\007\014\337{Z\027\207\375\037\271\301a=-oU\017\326"
  80      7B5A1787 
  80      FD1FB9C1 
  80      613D2D6F 
  80      550FD6
  81 00c1 68B4C4A4 		.ascii	"h\264\304\244\270|>==\241\3454\351zy\274\247]\337\244"
  81      B87C3E3D 
  81      3DA1E534 
  81      E97A79BC 
  81      A75DDFA4 
  82 00d5 185CC025 		.ascii	"\030\\\300%\020\310\007\315\260\006.\303\032\206[\014"
  82      10C807CD 
  82      B0062EC3 
  82      1A865B0C 
  83 00e5 5A2007A3 		.ascii	"Z \007\243\333:\307j\203\"[\362\366\326\325n\266\200"
  83      DB3AC76A 
  83      83225BF2 
  83      F6D6D56E 
  83      B680
  84 00f7 AF2CA002 		.ascii	"\257,\240\002W\376\006*\014\256B\016E\177\215\255\274"
  84      57FE062A 
  84      0CAE420E 
  84      457F8DAD 
  84      BC
  85 0108 F06B312C 		.ascii	"\360k1,:\274\362\253^hE\205\214\205\321=3P\177B\315"
  85      3ABCF2AB 
  85      5E684585 
  85      8C85D13D 
  85      33507F42 
  86 011d 3E876C73 		.ascii	">\207ls\275\357\023\333\343\261F\375\207i\202\201G\342"
  86      BDEF13DB 
  86      E3B146FD 
  86      87698281 
  86      47E2
  87 012f 64B445B6 		.ascii	"d\264E\266A6b\032*\215\270\"1\215}M\207\325A=6g\232"
  87      4136621A 
  87      2A8DB822 
  87      318D7D4D 
  87      87D5413D 
  88 0146 EB0C3CC0 		.ascii	"\353\014<\300U \327$$\231F?}\262\221\037\211\233f\276"
  88      5520D724 
  88      2499463F 
  88      7DB2911F 
  88      899B66BE 
  89 015a C13DAB01 		.ascii	"\301=\253\001\256\273\005\264\273\005\334\370\017`U"
  89      AEBB05B4 
  89      BB05DCF8 
  89      0F6055
  90 0169 D937DD02 		.ascii	"\3317\335\002:$\340\362\235\245\366\020\001t'\300\273"
  90      3A24E0F2 
  90      9DA5F610 
  90      017427C0 
  90      BB
  91 017a 1AA0D3AD 		.ascii	"\032\240\323\255\206.\267\200n\267\200\036\267\242o"
  91      862EB780 
  91      6EB7801E 
ARM GAS  /tmp/ccsommnt.s 			page 7


  91      B7A26F
  92 0189 B9157DDB 		.ascii	"\271\025}\333mI\275n\001w \033/}[f\\7\315\033o\252*"
  92      6D49BD6E 
  92      0177201B 
  92      2F7D5B66 
  92      5C37CD1B 
  93 01a0 F2EB7826 		.ascii	"\362\353x&\000\365\024\307&Q\005\032M\001j\025\025_"
  93      00F514C7 
  93      2651051A 
  93      4D016A15 
  93      155F
  94 01b2 3D1A190F 		.ascii	"=\032\031\017\031/\271\323\310\370\320x\375\264\027"
  94      192FB9D3 
  94      C8F8D078 
  94      FDB417
  95 01c1 20132493 		.ascii	" \023$\223N\216\0209\302\264\314 \303XB\216\202\004"
  95      4E8E1039 
  95      C2B4CC20 
  95      C358428E 
  95      8204
  96 01d3 C787F880 		.ascii	"\307\207\370\200\255\313\304\024\304^\036\\\250\020"
  96      ADCBC414 
  96      C45E1E5C 
  96      A810
  97 01e1 D46F4BD8 		.ascii	"\324oK\330\212\034f\023\243c^\032\0024\203\372\354B"
  97      8A1C6613 
  97      A3635E1A 
  97      023483FA 
  97      EC42
  98 01f3 3FD01812 		.ascii	"?\320\030\0223P\336\011V$\015\233\216\345\206\317\301"
  98      3350DE09 
  98      56240D9B 
  98      8EE586CF 
  98      C1
  99 0204 7AA8C356 		.ascii	"z\250\303VLC\254\025\214\373g\026OL\207\"\033\014\356"
  99      4C43AC15 
  99      8CFB6716 
  99      4F4C8722 
  99      1B0CEE
 100 0217 83BB500F 		.ascii	"\203\273P\017\3632)\304!\3020\333\210H\022\264=\030"
 100      F33229C4 
 100      21C230DB 
 100      884812B4 
 100      3D18
 101 0229 EA97F3C6 		.ascii	"\352\227\363\306\027bp\357w*\034u\3425(\024Gtg'\216"
 101      176270EF 
 101      772A1C75 
 101      E2352814 
 101      47746727 
 102 023e B5F292EF 		.ascii	"\265\362\222\357\372\021\335kp\377\002\307\261\000\375"
 102      FA11DD6B 
 102      70FF02C7 
 102      B100FD
 103 024d 5042AE53 		.ascii	"PB\256S\307'\273\005\272j\310\025\240\341\301\234\012"
 103      C727BB05 
 103      BA6AC815 
 103      A0E1C19C 
ARM GAS  /tmp/ccsommnt.s 			page 8


 103      0A
 104 025e 0272D97C 		.ascii	"\002r\331|\374d7\226QWVIQA\270\017%0`\227\332\220\270"
 104      FC643796 
 104      51575649 
 104      5141B80F 
 104      25306097 
 105 0275 54E34702 		.ascii	"T\343G\002\034\224\001x\200Q2)<\204\022\203\247\313"
 105      1C940178 
 105      80513229 
 105      3C841283 
 105      A7CB
 106 0287 62345B77 		.ascii	"b4[w\325\254\255\\\244\242<\004\217\244r9\243\007Q9"
 106      D5ACAD5C 
 106      A4A23C04 
 106      8FA47239 
 106      A3075139 
 107 029b 527CD32C 		.ascii	"R|\323,\002u\011\017\323q\224Z*\204\012<\226\204r6>"
 107      0275090F 
 107      D371945A 
 107      2A840A3C 
 107      96847236 
 108 02b0 91840797 		.ascii	"\221\204\007\227mB\217\344\324\234\234\336\324>\317"
 108      6D428FE4 
 108      D49C9CDE 
 108      D43ECF
 109 02bf 50F2F33C 		.ascii	"P\362\363<\2658\253m\3164\213c\350\335\362B\200\216"
 109      B538AB6D 
 109      CE348B63 
 109      E8DDF242 
 109      808E
 110 02d1 520D3318 		.ascii	"R\0153\030F\002\314\361\326c\205\3700\212 \257m\210"
 110      4602CCF1 
 110      D66385F8 
 110      308A20AF 
 110      6D88
 111 02e3 5F56E273 		.ascii	"_V\342s\226\021HM\332HR\332\350\237\322\202\310\361"
 111      9611484D 
 111      DA4852DA 
 111      E89FD282 
 111      C8F1
 112 02f5 D771A5A7 		.ascii	"\327q\245\247&\355YR\332\230u\376\277\352\016!\207\263"
 112      26ED5952 
 112      DA9875FE 
 112      BFEA0E21 
 112      87B3
 113 0307 EEB04C13 		.ascii	"\356\260L\023\242\255E{+C\252\011\343V\177\265L\353"
 113      A2AD457B 
 113      2B43AA09 
 113      E3567FB5 
 113      4CEB
 114 0319 BC552199 		.ascii	"\274U!\231\312Q\002\022\010\030\267KH<=\332\351\215"
 114      CA510212 
 114      0818B74B 
 114      483C3DDA 
 114      E98D
 115 032b B4E83174 		.ascii	"\264\3501td\300\204\254BX\367r\274y\2646`\2732a\022"
 115      64C084AC 
ARM GAS  /tmp/ccsommnt.s 			page 9


 115      4258F772 
 115      BC79B436 
 115      60BB3261 
 116 0340 22F3D455 		.ascii	"\"\363\324U\014\246 \202)\331[(\213\233[\345\005\224"
 116      0CA62082 
 116      29D95B28 
 116      8B9B5BE5 
 116      0594
 117 0352 4D8A7707 		.ascii	"M\212w\007\353_\233\227\027\335\262\253\250\260h\333"
 117      EB5F9B97 
 117      17DDB2AB 
 117      A8B068DB 
 118 0362 8EE89EE2 		.ascii	"\216\350\236\342\350\256\202\335\321\342};\243{\013"
 118      E8AE82DD 
 118      D1E27D3B 
 118      A37B0B
 119 0371 76E7ED64 		.ascii	"v\347\355d\242\360@\261RX\264\277\370'\354\304\232\225"
 119      A2F040B1 
 119      5258B4BF 
 119      F827ECC4 
 119      9A95
 120              		.text
 121              		.section	.gnu.lto_palSetBusMode.fcae31569d1fedc9,"",%progbits
 122 0000 789C9553 		.ascii	"x\234\225S[KTQ\024\336\337\336g\316\214\2166\346\223"
 122      5B4B5451 
 122      14DEDFDE 
 122      67CE8C8E 
 122      36E693
 123 0013 48603088 		.ascii	"H`0\210\017\241\363\003\"\012z\350\261\240_\240\026"
 123      0FA1F303 
 123      220A7AE8 
 123      B1A05FA0 
 123      16
 124 0024 281846D2 		.ascii	"(\030F\322\343\340Q\247\020\2024\225\230\360\032\022"
 124      E3E051A7 
 124      10823495 
 124      98F01A12 
 125 0034 DECA294B 		.ascii	"\336\312)K\363\222u2\003!*\304n#fB#%!h#\331!\354\264"
 125      F3927532 
 125      03212AC4 
 125      6E236642 
 125      23252168 
 126 004d F63E534E 		.ascii	"\366>SN5\204\0358{\357\265\327\372\276u\335\202\375"
 126      35841D38 
 126      7BEFB5D7 
 126      FABE75DD 
 126      82FD
 127 005f FD1DA0BF 		.ascii	"\375\035\240\277[c\254@\012n\006\316\350\207\240Up\027"
 127      5B63AC40 
 127      0A6E06CE 
 127      E887A055 
 127      7017
 128 0071 6306279D 		.ascii	"c\006'\235\241i\316Y\227g\027h\203\016\020\000\254\232"
 128      A169CE59 
 128      97671768 
 128      830E1000 
 128      AC9A
ARM GAS  /tmp/ccsommnt.s 			page 10


 129 0083 0BCDA5A3 		.ascii	"\013\315\245\243\032+|\235\243\321\034\010{\013\256"
 129      1A2B7C9D 
 129      A3D11C08 
 129      7B0BAE
 130 0092 1986B1D6 		.ascii	"\031\206\261\3264\231s.\307\"\2728w<\241\007\005d\262"
 130      3499732E 
 130      C722BA38 
 130      773CA107 
 130      0564B2
 131 00a5 56138DB9 		.ascii	"V\023\215\271E\036\030\235\307\0067\236z?r\213c\257"
 131      451E189D 
 131      C706379E 
 131      7A3F728B 
 131      63AF
 132 00b7 14C79B66 		.ascii	"\024\307\233f\302\272\024\311)\211\257\242\3219=\277"
 132      C2BA14C9 
 132      2989AFA2 
 132      D1393DBF 
 133 00c7 DB306ACD 		.ascii	"\3330j\315\211!\343\220fq\201^\010\342C\037r\321\217"
 133      8921E390 
 133      6671815E 
 133      08E2431F 
 133      72D18F
 134 00da 5C46570C 		.ascii	"\\FW\014\003\310'\353\017\326JO\246\360+\336\255\376"
 134      03C827EB 
 134      0FD64A4F 
 134      A6F02BDE 
 134      ADFE
 135 00ec 4B6DE90E 		.ascii	"Km\351\0162\352 5\\\377\023\2511\334@\2764_\017m\275"
 135      32EA2035 
 135      5CFF13A9 
 135      31DC40BE 
 135      345F0F6D 
 136 0101 F6EA218A 		.ascii	"\366\352!\212:k\353g\300\030\244\024\251\"\244\236\237"
 136      3A6BEB67 
 136      C018A414 
 136      A922A49E 
 136      9F
 137 0112 6E6F76F9 		.ascii	"nov\371\257\022\333\322\247\367\261cf\250\313\370n\333"
 137      AF12DBD2 
 137      A7F7B163 
 137      66A8CBF8 
 137      6EDB
 138 0124 B0A826C9 		.ascii	"\260\250&\311\214\211,#\360\023\246\263\32125\205\351"
 138      8C892C23 
 138      F013A6B3 
 138      D1323585 
 138      E9
 139 0135 5AED3EEF 		.ascii	"Z\355>\357\2321BK\266\235gQ\005S@n*\310\266\033\343"
 139      9A31424B 
 139      B69D6751 
 139      0553406E 
 139      2AC8B61B 
 140 014a 4A4B17AF 		.ascii	"JK\027\2577m\373\240\305\335\251\000\267\376\001H\031"
 140      376DFBA0 
 140      C5DDA900 
 140      B7FE0148 
ARM GAS  /tmp/ccsommnt.s 			page 11


 140      19
 141 015b D49002F4 		.ascii	"\324\220\002\364On\016\371$\300H\006xR\001n\377oHw\340"
 141      4F6E0EF9 
 141      24C04806 
 141      7852016E 
 141      FF6F4877 
 142 0170 A7DA45B2 		.ascii	"\247\332E\262M\303\266\343\033\353\027\366w\3604@\366"
 142      4DC3B6E3 
 142      1BEB17F6 
 142      77F03440 
 142      F6
 143 0181 8653AD5D 		.ascii	"\206S\255]\202\026]\243\305\355\222\242N\213\307-E\017"
 143      82165DA3 
 143      C5ED92A2 
 143      4E8BC72D 
 143      450F
 144 0193 5417584C 		.ascii	"T\027XLMI\214\323&\226\251\253L\274D\350M]\244A\310"
 144      4D498CD3 
 144      2696A9AB 
 144      4CBC44E8 
 144      4D5DA441 
 145 01a8 4E6C5293 		.ascii	"NlR\2238\336\305\236\317z\344|\310\361\034N\370^\226"
 145      38DEC59E 
 145      CF7AE47C 
 145      C8F11C4E 
 145      F85E96
 146 01bb 132AE651 		.ascii	"\023*\346Q;\002\307R\316\341\360\327\316\325\314v\264"
 146      3B02C752 
 146      CEE1F0D7 
 146      CED5CC76 
 146      B4
 147 01cc 5293D208 		.ascii	"R\223\322\010\353\030\323}\333Fs\324W\270\317\342\351"
 147      EB18D37D 
 147      DB4673D4 
 147      57B8CFE2 
 147      E9
 148 01dd 18413B3E 		.ascii	"\030A;>+\247\270\213BF\336\236\211m\202\310\343'Sj\024"
 148      2BA7B88B 
 148      4246DE9E 
 148      896D82C8 
 148      E327536A 
 149 01f2 D37D0CA3 		.ascii	"\323}\014\243\277\\\321+\020\013\320\244\235\244\353"
 149      BF5CD12B 
 149      100BD0A4 
 149      9DA4EB
 150 0201 98BB38C8 		.ascii	"\230\2738\310\203\337\214z\303cqo\234\323\300`\014A"
 150      83DF8C7A 
 150      C363716F 
 150      9CD3C060 
 150      0C41
 151 0213 A9BADCF0 		.ascii	"\251\272\334\360bT\220*,U\031r\254Xr\006\031J\354kh"
 151      6254902A 
 151      2C551972 
 151      AC587206 
 151      194AEC6B 
 152 0228 19A5305A 		.ascii	"\031\2450Zk\032\245U&\306\021\304D\"\324\316Xo\330K"
 152      6B1AA555 
ARM GAS  /tmp/ccsommnt.s 			page 12


 152      26C611C4 
 152      4422D4CE 
 152      586FD84B 
 153 023c 04F48632 		.ascii	"\004\364\2062p\217\254\224SL\"h\361]*\030=\221\367\354"
 153      708FAC94 
 153      534C2268 
 153      F15D2A18 
 153      3D91F7EC 
 154 0250 9744E662 		.ascii	"\227D\346b'\231\373p_e\256\236\357\003\312<\251t\332"
 154      2799FB70 
 154      5F65AE9E 
 154      EF03CA3C 
 154      A974DA
 155 0263 4E08B260 		.ascii	"N\010\262`*\002\365J\036\376N\340\332Y\355\247\266k"
 155      2A02F54A 
 155      1EFE4EE0 
 155      DA59EDA7 
 155      B66B
 156 0275 FFC82158 		.ascii	"\377\310!Xt;\004\222\203\344\272\005\335\221\335\024"
 156      743B0492 
 156      83E4BA05 
 156      DD91DD14 
 157 0285 14DDB205 		.ascii	"\024\335\262\005\350)\213\276;.\343\3004\025\235\362"
 157      E8298BBE 
 157      3B2EE3C0 
 157      34159DF2 
 158 0295 57F6749B 		.ascii	"W\366t\233\315\026Qc\276=\242 j\254([\262\333ST\024"
 158      CD165163 
 158      BE3DA220 
 158      6AAC285B 
 158      B2DB5354 
 159 02aa 385C565E 		.ascii	"8\\V^R~\364x\240\262*PV\\\021\250:S\0328]\\QT\312D\311"
 159      527EF478 
 159      A0B22A50 
 159      565C11A8 
 159      3A531A38 
 160 02c5 D92AED54 		.ascii	"\331*\355T\345\211\223?\000\343\202\221>"
 160      E589933F 
 160      00E38291 
 160      3E
 161              		.text
 162              		.section	.gnu.lto_.symbol_nodes.fcae31569d1fedc9,"",%progbits
 163 0000 789C55C9 		.ascii	"x\234U\311=\016\202@\030\204\341w\347C\331ky\262o\013"
 163      3D0E8240 
 163      1884E177 
 163      E743D96B 
 163      79B26F0B 
 164 0014 43252BE0 		.ascii	"C%+\340\001\3440\326\224\366\366\234\301\250\374$\356"
 164      01E430D6 
 164      94F6F69C 
 164      C1A8FC24 
 164      EE
 165 0025 1433993C 		.ascii	"\0243\231<\006d\266\350\"\207n\002w\236c\344\320\211"
 165      0664B6E8 
 165      22876E02 
 165      779E63E4 
 165      D089
ARM GAS  /tmp/ccsommnt.s 			page 13


 166 0037 516E6AE5 		.ascii	"Qnj\345\241\200^a\201,W\001\203\364\203p\375\326\012"
 166      A1805E61 
 166      812C5701 
 166      83F48370 
 166      FDD60A
 167 004a A4140937 		.ascii	"\244\024\0117y\365\367\215#\347\327\373d\332\266\332"
 167      79F5F78D 
 167      23E7D7FB 
 167      64DAB6DA 
 168 005a B7E6D1CC 		.ascii	"\267\346\321\314\367\310\007\301T'y"
 168      F7C807C1 
 168      542779
 169              		.text
 170              		.section	.gnu.lto_.refs.fcae31569d1fedc9,"",%progbits
 171 0000 789C6366 		.ascii	"x\234cf``\020`\200\000F\006&F\026F&&f\026F\026&V\026"
 171      60601060 
 171      80004606 
 171      26461646 
 171      26266616 
 172 0019 060002F7 		.ascii	"\006\000\002\367\0008"
 172      0038
 173              		.text
 174              		.section	.gnu.lto_.decls.fcae31569d1fedc9,"",%progbits
 175 0000 789CA558 		.ascii	"x\234\245XkP\024W\026\356\333w\006\206a\200$&\306\242"
 175      6B501457 
 175      16EEDB77 
 175      06866180 
 175      2426C6A2 
 176 0014 B205925A 		.ascii	"\262\005\222Z\326\3352N\324\255\230\375\261\025\343"
 176      D6DD324E 
 176      D4AD98FD 
 176      B115E3
 177 0023 23C1AC59 		.ascii	"#\301\254Y(L*\273\265?&\0040P\213B\301\260[\371\327"
 177      284C2ABB 
 177      B53F2604 
 177      30508B42 
 177      C1B05BF9 
 178 0038 30189097 		.ascii	"0\030\220\227<D\005$\016\362\026\"/\301\007/\005C\206"
 178      3C440524 
 178      0EF21622 
 178      2FC1072F 
 178      054386
 179 004b 97244A7C 		.ascii	"\227$J|\360\210\200K Q\"*\033@\"\263\347\336\333=\323"
 179      F088804B 
 179      2051222A 
 179      1B4022B3 
 179      E7DEDB3D 
 180 0060 330C2655 		.ascii	"3\014&U;U\207\356s\373\273\347~\3379\247ow\2039\216"
 180      3B5587EE 
 180      73FBBBE7 
 180      7EDF39A7 
 180      6F778339 
 181 0075 1B461C67 		.ascii	"\033F\034g\206_\302*\216\213\3459N\001c\001\234\365"
 181      865FC22A 
 181      8E8BE539 
 181      4E016301 
 181      9CF5
ARM GAS  /tmp/ccsommnt.s 			page 14


 182 0087 A7047301 		.ascii	"\247\004s\001\214;\330j\260\265`\277\003\3030\276\021"
 182      8C3BD86A 
 182      B0B560BF 
 182      03C330BE 
 182      11
 183 0098 8E5BC0B6 		.ascii	"\216[\300\266\"\316\346G\360\317\302\321\035L\003v\206"
 183      22CEE647 
 183      F0CFC2D1 
 183      1D4C0376 
 183      86
 184 00a9 C481313F 		.ascii	"\304\2011?8>\002[\013\366\016\030\206\261E8\276\011"
 184      383E025B 
 184      0BF60E18 
 184      86B14538 
 184      BE09
 185 00bb C76D60AF 		.ascii	"\307m`\257\200y\201\315\302\330\014X\023\307\370 \030"
 185      807981CD 
 185      C2D80C58 
 185      13C7F820 
 185      18
 186 00cc 5B82E334 		.ascii	"[\202\3434\230\031\214\027\327 \\x\221\307v;\016\204"
 186      98198C17 
 186      D7205C78 
 186      91C7763B 
 186      0E84
 187 00de EF2A518B 		.ascii	"\357*Q\213\304\203p \\\236\306c\007\330\037\355x\014"
 187      C4837020 
 187      5C9EC663 
 187      07D81FED 
 187      780C
 188 00f0 8A5C9432 		.ascii	"\212\\\2242.\204\307\035\260\353\"\037w\221\017\241"
 188      2E84C71D 
 188      B0EB221F 
 188      77910FA1 
 189 0100 B1C58ECB 		.ascii	"\261\305\216\313\352\025\270<\373\0139\331\011\366g"
 189      EA15B83C 
 189      FB0B39D9 
 189      09F667
 190 010f 1917C2FD 		.ascii	"\031\027\302\375-8\377\255\230\1779\027\314\331\326"
 190      2D38FFAD 
 190      987F3917 
 190      CCD9D6
 191 011e 8750B0AF 		.ascii	"\207P\260\257\313\003\036\235?=\333\347:\305#w\2657"
 191      CB031E9D 
 191      3F3DDBE7 
 191      3AC52377 
 191      B537
 192 0130 712F6499 		.ascii	"q/d\231\2169\201\253Q+\210\233u\265\267\336\025\363"
 192      8E3981AB 
 192      512B889B 
 192      75B5B7DE 
 192      15F3
 193 0142 889C171D 		.ascii	"\210\234\027\035\033\033P\257?%\010B\222pq\036YC\264"
 193      1B1B50AF 
 193      3F250842 
 193      9270711E 
 193      5943B4
ARM GAS  /tmp/ccsommnt.s 			page 15


 194 0155 B5CE77AA 		.ascii	"\265\316w\252\361j\012JM\032\355Rc/z\036W\332\224\352"
 194      F16A0A4A 
 194      4D1AED52 
 194      632F7A1E 
 194      57DA94EA 
 195 0169 0CB1D6AA 		.ascii	"\014\261\326\252)\354v\376B\261\013uI{y\300\020_\277"
 195      29EC76FE 
 195      42B10B75 
 195      497B79C0 
 195      105FBF
 196 017c 70A20321 		.ascii	"p\242\003!_u1\004\235\031\314\352|I\020\024\250\006"
 196      5F753104 
 196      9D19CCEA 
 196      7C491014 
 196      A806
 197 018e A95115C2 		.ascii	"\251Q\025\302\350\024ZO$\221\331\344\227$\010\361B\206"
 197      E8145A4F 
 197      2491D9E4 
 197      972408F1 
 197      4286
 198 01a0 4170F1E3 		.ascii	"Ap\361\343P\031\362D\345\310\223C\325\310\027\000\024"
 198      5019F244 
 198      E5C89343 
 198      D5C81700 
 198      14
 199 01b1 8A3E87C1 		.ascii	"\212>\207\301\3230\010qs\223\204/]\221\332\327\341\234"
 199      D3300871 
 199      7393842F 
 199      5D91DAD7 
 199      E19C
 200 01c3 3A077328 		.ascii	":\007s(\201s\206\254\325\204@-\020\250\264\022\000>"
 200      817386AC 
 200      D584402D 
 200      10A8B412 
 200      003E
 201 01d5 92547EB2 		.ascii	"\222T~\262<\357\256\213Dx\361N[`\274\260\025\235\001"
 201      3CEFAE8B 
 201      4478F14E 
 201      5B60BCB0 
 201      159D01
 202 01e8 7C85155F 		.ascii	"|\205\025_\213\236\306\270\336!cT\323Vy\320\205\226"
 202      8B9EC6B8 
 202      DE216354 
 202      D35679D0 
 202      8596
 203 01fa E143E2CE 		.ascii	"\341C\342\316\035\2309\250\246e\320\020\367\372p\355"
 203      1D9839A8 
 203      A665D010 
 203      F7FA70ED 
 204 020a 6D25AE46 		.ascii	"m%\256F4\255\035\246\302!%\205\216\362\304\037\354\257"
 204      34AD1DA6 
 204      C2212585 
 204      8EF2C41F 
 204      ECAF
 205 021c 1D73A7D8 		.ascii	"\035s\247\330\365\304=rj*\00470h\351\265\254<\0175\360"
 205      F5C43D72 
 205      6A2A0437 
ARM GAS  /tmp/ccsommnt.s 			page 16


 205      3068E9B5 
 205      AC3C0F35 
 206 0231 30FCAA2C 		.ascii	"0\374\252,\300\214\245\241O\0234\270\235MO\253\317\313"
 206      C08CA5A1 
 206      4F1334B8 
 206      9D4D4FAB 
 206      CFCB
 207 0243 53611373 		.ascii	"Sa\023s\3463JJ\024\270\2379\3059G\252\224tM\025q\233"
 207      E6334A4A 
 207      14B89F39 
 207      C53947AA 
 207      94744D15 
 208 0259 0A2BEEAB 		.ascii	"\012+\356\253\360\015v\255\255+\256O\215G\230\3233>"
 208      F00D76AD 
 208      AD2BAE4F 
 208      8D4798D3 
 208      333E
 209 026b FF484381 		.ascii	"\377HC\201\317\020w(\253\260\314\035\217\261kW\2262"
 209      CF107728 
 209      ABB0CC1D 
 209      8FB16B57 
 209      9632
 210 027d 1E3AE309 		.ascii	"\036:\343\011[\240;\003\346\335\230\230\305t\036\325"
 210      5BA03B03 
 210      E6DD9898 
 210      C5741ED5 
 211 028d 98D39D7F 		.ascii	"\230\323\235\177H\211'\0314c,\353\232\002\317 \233&"
 211      48892719 
 211      34632CEB 
 211      9A02CF20 
 211      9B26
 212 029f F3664D76 		.ascii	"\363fMv\364\356\374\031\025u\315fL*v;\377\370\230\306"
 212      F4EEFC19 
 212      1575CD66 
 212      4C2A763B 
 212      FFF898C6 
 213 02b3 D2628D13 		.ascii	"\322b\215\023\210T\270\027*f\262V\314[^0\310\225r\035"
 213      8854B817 
 213      2A66B256 
 213      CC5B5E30 
 213      C895721D 
 214 02c7 87BE809C 		.ascii	"\207\276\200\234t\222D\365@\242\274\305Du\301`7k\261"
 214      749244F5 
 214      40A2BCC5 
 214      4475C160 
 214      376BB1
 215 02da E41F8DA9 		.ascii	"\344\037\215\251X\212{\256#\235v\316\025\210\373\245"
 215      588A7BAE 
 215      239D76CE 
 215      1588FBA5 
 216 02ea 356E2F7A 		.ascii	"5n/zZ\340>\207\201\321\331\373\207\306\021^d\352R\016"
 216      5AE03E87 
 216      81D1D9FB 
 216      87C6115E 
 216      64EA520E 
 217 02fe CF76F1D8 		.ascii	"\317v\361\330L\035\205\341~\303wj\344\343\263\312\327"
 217      4C1D85E1 
ARM GAS  /tmp/ccsommnt.s 			page 17


 217      7EC3776A 
 217      E4E3B3CA 
 217      D7
 218 030f 08F16616 		.ascii	"\010\361f\026\015?\3552\030\204\303k\350\262\375\260"
 218      0D3FED32 
 218      1884C36B 
 218      E8B2FDB0 
 219 031f EC35B4CA 		.ascii	"\3545\264\312\032~\235'0\370\003\374\341\010\332x+\321"
 219      1A7E9D27 
 219      30F803FC 
 219      E108DA78 
 219      2BD1
 220 0331 A9FC558A 		.ascii	"\251\374U\212\374\312!\022<\200f\202\032!\303(l\345"
 220      FCCA2112 
 220      3C806682 
 220      1A21C328 
 220      6CE5
 221 0343 ADADC251 		.ascii	"\255\255\302Q4\320D\003\300\370k\344\203\256\"\037*"
 221      34D04403 
 221      C0F86BE4 
 221      83AE221F 
 221      2A
 222 0354 8B681FED 		.ascii	"\213h\037\355/C*\202\340D\325\326}\241\373\207\316i"
 222      2F432A82 
 222      E044D5D6 
 222      7DA1FB87 
 222      CE69
 223 0366 277C80EE 		.ascii	"'|\200\356\036\212\013\267\206\240\016>\317\373P\362"
 223      1E8A0BB7 
 223      86A00E3E 
 223      CFFB50F2 
 224 0376 A357CAAE 		.ascii	"\243W\312\256h\004\323\253\364^\273\014\204n\240\347"
 224      6804D3AB 
 224      F45EBB0C 
 224      846EA0E7 
 225 0386 ADBD69A5 		.ascii	"\255\275i\245\236E\371\030\204\255\0129\037\002&|n\001"
 225      9E45F918 
 225      84AD0A39 
 225      1F02267C 
 225      6E01
 226 0398 9FEBC0E7 		.ascii	"\237\353\300\347\246\310\307H\370\014N*/\3063\205\337"
 226      A6C8C748 
 226      F80C4E2A 
 226      2FC63385 
 226      DF
 227 03a9 AC1C9852 		.ascii	"\254\034\230R\357Kt\026\020A,\347\336\236}\350\206\307"
 227      EF4B7416 
 227      10412CE7 
 227      DE9E7DE8 
 227      86C7
 228 03bb F3B07CDC 		.ascii	"\363\260|\334\212\313s6k\303\234\354\233'\227\3248\221"
 228      8ACB7336 
 228      6BC39CEC 
 228      9B2797D4 
 228      3891
 229 03cd ED96B973 		.ascii	"\355\226\271s\275\235\036\264\201\327\020\267\366r\253"
 229      BD9D1EB4 
ARM GAS  /tmp/ccsommnt.s 			page 18


 229      81D710B7 
 229      F672AB
 230 03dc C115A7B2 		.ascii	"\301\025\247\262k\302\222\351\211\033\316d\216\264\001"
 230      6BC292E9 
 230      891BCE64 
 230      8EB401
 231 03eb 6BD8065C 		.ascii	"k\330\006\\0r\355\236\033>\302\256\325\267&e\253q>s"
 231      3072ED9E 
 231      1B3EC2AE 
 231      D5B72665 
 231      AB713E73 
 232 03ff CAC7AF64 		.ascii	"\312\307\257d\271Q\340:p\335\032\312\033\246\224\320"
 232      B951E03A 
 232      70DD1ACA 
 232      1BA694D0 
 233 040f 0DF05B45 		.ascii	"\015\360[E\377\372\372\030\205\204\270\321\241\262\320"
 233      FFFAFA18 
 233      8584B8D1 
 233      A1B2D0
 234 041e 8B09180D 		.ascii	"\213\011\030\015\002\311!\320?\005y\260\350\037F\262"
 234      02C921D0 
 234      3F0579B0 
 234      E81F46B2 
 235 042e A648308C 		.ascii	"\246H0\214\366\212Uh\202*t\330\203\333)\270\014Ih\243"
 235      F68A5568 
 235      822A74D8 
 235      83DB29B8 
 235      0C4968A3 
 236 0442 A9CC49C4 		.ascii	"\251\314I\304\266\330c\327\331A\273,\320V{h\233-\007"
 236      B6D863D7 
 236      D941BB2C 
 236      D0567B68 
 236      9B2D07
 237 0455 63B7057A 		.ascii	"c\267\005z\3211\264L\326\231\002-\3059\000\234\247\327"
 237      D131B44C 
 237      D699022D 
 237      C539009C 
 237      A7D7
 238 0467 A6C4CEFC 		.ascii	"\246\304\316\374\021:\341.Tc\002\354;\260I\260i\260"
 238      113AE12E 
 238      546302EC 
 238      3BB049B0 
 238      69B0
 239 0479 FF80DD01 		.ascii	"\377\200\335\001\273\017\366=\330\017`\367,\335\002"
 239      BB0FF63D 
 239      D80F60F7 
 239      2CDD02
 240 0488 AB8F5856 		.ascii	"\253\217XV\377\326~\365\333vD\277\265@G\035Ce\372\333"
 240      FFD67EF5 
 240      DB7644BF 
 240      B540471D 
 240      4365FADB 
 241 049c 2CD86687 		.ascii	",\330f\207\251\262F\275mA\216\331#\307\355\010\364X"
 241      A9B246BD 
 241      6D418ED9 
 241      23C7ED08 
 241      F458
ARM GAS  /tmp/ccsommnt.s 			page 19


 242 04ae A0971CD7 		.ascii	"\240\227\034\327\312\332\331-eN\320\331S\313\356JZ\365"
 242      CADAD92D 
 242      654ED0D9 
 242      53CBEE4A 
 242      5AF5
 243 04c0 6159D547 		.ascii	"aY\325G\034\267\010\223\002\333\\\323l\313Q\204V\371"
 243      1CB70893 
 243      02DB5CD3 
 243      6CCB5184 
 243      56F9
 244 04d2 3A4A3F7A 		.ascii	":J?z\000Y\377\177*@\251N}\254B3\020\344\202u\337$\274"
 244      0059FF7F 
 244      2A40A94E 
 244      7DAC4233 
 244      10E48275 
 245 04e9 A59B6AA1 		.ascii	"\245\233j\241\373\323D7|B\274q\216\346\236\324h\222"
 245      FBD34437 
 245      7C42BC71 
 245      8EE69ED4 
 245      6892
 246 04fb 2DCF553A 		.ascii	"-\317U:\321zc>B\0321\0040?4<\3732\322\370\256\000F\377"
 246      D17A633E 
 246      421A3104 
 246      303F343C 
 246      FB32D2F8 
 247 0513 05BE563C 		.ascii	"\005\276V<eR\221\342\016I\233\205\301\207V.\200\261"
 247      655291E2 
 247      0E499B85 
 247      C187562E 
 247      80B1
 248 0525 70594CED 		.ascii	"pYL\355\257C\370\024\343rrxb\016\343Z\346\\\377\276"
 248      AF43F814 
 248      E3727278 
 248      620EE35A 
 248      E65CFFBE 
 249 0539 AAD21537 		.ascii	"\252\322\0257\3626\217$?\333\367\036?\353{\317\351\374"
 249      F2368F24 
 249      3FDBF71E 
 249      3FEB7BCF 
 249      E9FC
 250 054b E4AE15DF 		.ascii	"\344\256\025\337O~\006f~\342sa\001\006\037K\357'))C"
 250      4F7E0666 
 250      7EE27361 
 250      01061F4B 
 250      EF272929 
 251 0560 5EE429B3 		.ascii	"^\344)\263\010u\233\2672\364\263\274\236\240\252\311"
 251      08759BB7 
 251      32F4B3BC 
 251      9EA0AAC9 
 252 0570 FA418CC7 		.ascii	"\372A\214\307(\015\345\351\336\214\007\230<.\330\226"
 252      280DE5E9 
 252      DE8C0798 
 252      3C2ED896 
 253 0580 3B73B3C7 		.ascii	";s\263\307\354\227m\020\212\327P\211?A\000\201_\241"
 253      EC976D10 
 253      8AD75089 
 253      3F410081 
ARM GAS  /tmp/ccsommnt.s 			page 20


 253      5FA1
 254 0592 2FE17991 		.ascii	"/\341y\221ZB\232\215\274\332\3149D.\277+\033\340z#\255"
 254      5A429A8D 
 254      BCDACC39 
 254      442EBF2B 
 254      1BE07A23 
 255 05a7 0341939E 		.ascii	"\003A\223\236\210\347}\321\022\324\333\014\026\307["
 255      88E77DD1 
 255      12D4DB0C 
 255      16C75B
 256 05b6 F6E878E3 		.ascii	"\366\350x\3431\032\234\350xb\037\274\315\256\223\037"
 256      311A9CE8 
 256      78621FBC 
 256      CDAE931F 
 257 05c6 17914E06 		.ascii	"\027\221N\006\310\262=\232?\332tt\300\2767%\022(\001"
 257      C8B23D9A 
 257      3FDA7474 
 257      C0BE3725 
 257      122801
 258 05d9 D67E1A0F 		.ascii	"\326~\032\017\032<7T\205\014\000:k\315&YIJ\247)q\362"
 258      1A3C3754 
 258      850C003A 
 258      6BCD2659 
 258      494AA729 
 259 05ef A04DBB19 		.ascii	"\240M\273\031xy\273\035\3405\"\260\241\247zZ\241\340"
 259      7879BB1D 
 259      E03522B0 
 259      A1A77A5A 
 259      A1E0
 260 0601 D918FA07 		.ascii	"\331\030\372\007}u\036\316\274\327\343\364b\216\370"
 260      7D751ECE 
 260      BCD7E3F4 
 260      628EF8
 261 0610 007B4641 		.ascii	"\000{FAsi\235\234\310\277\010\177?\345\025,\302\300"
 261      73699D9C 
 261      C8BF087F 
 261      3FE5152C 
 261      C2C0
 262 0622 A3E43FE1 		.ascii	"\243\344?\341\203\230\366Oz\312\231F\245\367g\202\321"
 262      8398F64F 
 262      7ACA9946 
 262      A5F76782 
 262      D1
 263 0633 3853F5F9 		.ascii	"8S\365\371xT&\324L\0305\233\275\350$\224\304K\\9rN\271"
 263      785426D4 
 263      4C18359B 
 263      BDE82494 
 263      C44B5C39 
 264 064a A283BC37 		.ascii	"\242\203\2747L|\320\234\274\211\262 K1\026#U\311\035"
 264      4C7CD09C 
 264      BC89B220 
 264      4B311623 
 264      55C91D
 265 065d 4E1666C9 		.ascii	"N\026f\311<\035\254\030yht\223S\013X-c\226J\231\245"
 265      3C1DAC18 
 265      79687493 
 265      530B582D 
ARM GAS  /tmp/ccsommnt.s 			page 21


 265      63964A99 
 266 0672 48CC8A4B 		.ascii	"H\314\212K\232\007\234p-\2436Rn:\247\246\324F/t\300"
 266      9A079C70 
 266      2DA33652 
 266      6E3AA7A6 
 266      D4462F74 
 267 0687 7346F899 		.ascii	"sF\370\231\274f\221)(M\306+M\342\225Ny\325\264\267\277"
 267      BC669129 
 267      284DC62B 
 267      4DE2954E 
 267      79D5B4B7 
 268 069c 805B6804 		.ascii	"\200[h\004\376Z\342H\247\233\345\015\332p\207\276Ag"
 268      FE5AE248 
 268      A79BE50D 
 268      DA7087BE 
 268      4167
 269 06ae F26A7488 		.ascii	"\362jt\210\377\225o\320\031\274\3037\327\266\216\202"
 269      FF956FD0 
 269      19BCC337 
 269      D7B68E82 
 270 06be 39560312 		.ascii	"9V\003\022\215\251o>_\264\331\">\213\211?oJ\233pZQ\374"
 270      8DA96F3E 
 270      5FB4D922 
 270      3E8B893F 
 270      6F4A9B70 
 271 06d5 612A3E5B 		.ascii	"a*>[\022\237y\261\253\302\003w2\361_\016,t+\244\272"
 271      129F79B1 
 271      ABC20377 
 271      32F15F0E 
 271      2C742BA4 
 272 06ea 3C7E3557 		.ascii	"<~5W0\306\013Kf3\242\263P\216L\177\216\244\377\010\325"
 272      30C60B4B 
 272      6633A2B3 
 272      508E4C7F 
 272      8EA4FF08 
 273 06ff 6FAA2CF8 		.ascii	"o\252,\370\020\017\320 \212;\307k\032=\220\257\247'"
 273      100FD020 
 273      8A3BC76B 
 273      1A3D90AF 
 273      A727
 274 0711 CD401288 		.ascii	"\315@\022\210\317\007\272G\305\011\354w\014\306\347"
 274      CF07BA47 
 274      C509EC77 
 274      0CC6E7
 275 0720 DF2017E0 		.ascii	"\337 \027\340TE\2174\0233Y\002^\303\241\365\236\350"
 275      54458F34 
 275      13335902 
 275      5EC3A1F5 
 275      9EE8
 276 0732 F7908763 		.ascii	"\367\220\207c\220\007r\211Cy\274'\312\345i\026\306\263"
 276      90077289 
 276      4379BC27 
 276      CAE56916 
 276      C6B3
 277 0744 1F1C54AA 		.ascii	"\037\034T\252Et\322/\241'\023\036\231\324\362\006?\316"
 277      4574D22F 
 277      A127131E 
ARM GAS  /tmp/ccsommnt.s 			page 22


 277      99D4F206 
 277      3FCE
 278 0756 CB7BB4C0 		.ascii	"\313{\264\300\322\340\371\263\367\322\235i&\013,\015"
 278      D2E0F9B3 
 278      F7D29D69 
 278      260B2C0D 
 279 0766 DE7839AD 		.ascii	"\336x9\255F\265b\"O\320D~&%\262:{\354\241\012\337b\211"
 279      46B56222 
 279      4FD0447E 
 279      2625B23A 
 279      7BECA10A 
 280 077d BCDC559B 		.ascii	"\274\334U\233\341\016\211\034\025fz\372+\267e\0322\244"
 280      E10E891C 
 280      15667AFA 
 280      2BB7651A 
 280      32A4
 281 078f 068759C8 		.ascii	"\006\207Y\310(K\244QJd!M\244\243\032\347\317\365\031"
 281      284BA451 
 281      4A64214D 
 281      A4A31AE7 
 281      CFF519
 282 07a2 D496AE3F 		.ascii	"\324\226\256?\311\212|\377;C\034\246\203d\257+b\203"
 282      C98A7CFF 
 282      3B431CA6 
 282      8364AF2B 
 282      6283
 283 07b4 932DD747 		.ascii	"\223-\327G\320\212\204K(\341b\211p\377\245\346\034\017"
 283      D08A844B 
 283      28E16289 
 283      70FFA5E6 
 283      1C0F
 284 07c6 7C404109 		.ascii	"|@A\011\367&\217OxP"
 284      F7268F4F 
 284      7850
 285 07d0 C2358B86 		.ascii	"\3025\213\206zM\256P(U\036f\241R\031\341R\211p\031%"
 285      7A4DAE50 
 285      28551E66 
 285      A15219E1 
 285      52897019 
 286 07e5 9CD47CB8 		.ascii	"\234\324|\270\224}\326\375\2152\310(\257f_C\256\364"
 286      947DD6FD 
 286      8D32C828 
 286      AF665F43 
 286      AEF4
 287 07f7 FBEAF183 		.ascii	"\373\352\361\203>\366\345\246&\356\275'\003\227\\I\355"
 287      3EF6E5A6 
 287      26EEBD27 
 287      03975C49 
 287      ED
 288 0808 04B11A1A 		.ascii	"\004\261\032\032y1*i\361\326y\242S\254v\207z\314W\335"
 288      79312A69 
 288      F1D679A2 
 288      53AC7687 
 288      7ACC57DD 
 289 081c 9FCB10F7 		.ascii	"\237\313\020\367>oD\373\250\034j[\301\023x\025\377\234"
 289      3E6F44FB 
 289      A81C6A5B 
ARM GAS  /tmp/ccsommnt.s 			page 23


 289      C1137815 
 289      FF9C
 290 082e 3489A02F 		.ascii	"4\211\240/\015\326~\315\313\321\307\237\206\236\310"
 290      0DD67ECD 
 290      CBD1C79F 
 290      869EC8
 291 083d CA99C138 		.ascii	"\312\231\3018\237\211o\256\253-\301\270\2309\306\364"
 291      9F896FAE 
 291      AB2DC1B8 
 291      9839C6F4 
 292 084d 93ADCE5E 		.ascii	"\223\255\316^u\212\002\350\313\317a\022!\322\373\363"
 292      758A02E8 
 292      CBCF6112 
 292      21D2FBF3 
 293 085d C6970B85 		.ascii	"\306\227\013\205\257\340\256\230\036_\023\227a\214\317"
 293      AFE0AE98 
 293      1E5F1397 
 293      618CCF
 294 086c 10CCE637 		.ascii	"\020\314\3467\020\271\216NCn`s\222-UM2\204jx\250v-\377"
 294      10B98E4E 
 294      436E6073 
 294      922D554D 
 294      32846A78 
 295 0884 32CC9F2E 		.ascii	"2\314\237.\035\377je\331u\222\354\012&\273\367\373\202"
 295      1DFF6A65 
 295      D97592EC 
 295      0A26BBF7 
 295      FB82
 296 0896 25177BD9 		.ascii	"%\027{\331\326GO=\025R'\011\271\363\3437\243\036\366"
 296      D6474F3D 
 296      15522709 
 296      B9F3E337 
 296      A31EF6
 297 08a9 B257440F 		.ascii	"\262WD\017\027\225\346c\334\312\224\316t\367=Qz\365"
 297      1795E663 
 297      DCCA94CE 
 297      74F73D51 
 297      7AF5
 298 08bb 52A56798 		.ascii	"R\245g\230\322\252\366\361\233\012*\325\330\\$(LB\002"
 298      D2AAF6F1 
 298      9B0A2AD5 
 298      D85C2428 
 298      4C4202
 299 08ce E95A7295 		.ascii	"\351Zr\225\352\204\315N\026\273\201\352l$:\317R\235"
 299      EA84CD4E 
 299      16BB81EA 
 299      6C243ACF 
 299      529D
 300 08e0 27D2EB16 		.ascii	"'\322\353\026\234h/D\321/\202\302\2419\366\205\353N"
 300      9C682F44 
 300      D12F82C2 
 300      A139F685 
 300      EB4E
 301 08f2 8B5F67EC 		.ascii	"\213_g\354TQ\327\215.u!\3554^1)MRR.\260\244dW'\377\344"
 301      5451D78D 
 301      2E7521ED 
 301      345E3129 
ARM GAS  /tmp/ccsommnt.s 			page 24


 301      4D52522E 
 302 090d 6C9F9473 		.ascii	"l\237\224s\220\362\3634\345\315Tf\223$s\260\356\310"
 302      90F2F334 
 302      E5CD5466 
 302      932473B0 
 302      EEC8
 303 091f C365BDB0 		.ascii	"\303e\275\260\":o\254\351[7|\213%\245\365Q\311C\354"
 303      223A6FAC 
 303      E95B377C 
 303      8B25A5F5 
 303      51C943EC 
 304 0933 354993D2 		.ascii	"5I\223\322\302\222r\251)\253\017\261\244\334\225%\245"
 304      C29272A9 
 304      29AB0FB1 
 304      A4DC9525 
 304      A5
 305 0944 454C0AEC 		.ascii	"EL\012\354\200\262\330\2554)m$)\027iR\026j;\247]\345"
 305      80B2D8AD 
 305      34296D24 
 305      29176952 
 305      166A3BA7 
 306 095a 3B10D901 		.ascii	";\020\331\001\254B/\261\035\210\034\311\277\031\322"
 306      AC422FB1 
 306      1D881CC9 
 306      BF19D2
 307 0969 522B7939 		.ascii	"R+y9\230t\230\025\334.\202\333)\270(\327\224\240X{\202"
 307      98749815 
 307      DC2E82DB 
 307      29B828D7 
 307      94A0587B 
 308 097e 3CE6D38B 		.ascii	"<\346\323\213\204gTp\267\323\347$\273=;\370\265\200"
 308      84675470 
 308      B7D3E724 
 308      BB3D3BF8 
 308      B580
 309 0990 314F5DBB 		.ascii	"1O]\273\356&\017x\306&\340e1\340e\032\260\347j\356\200"
 309      EE260F78 
 309      C626E065 
 309      31E0651A 
 309      B0E76AEE 
 310 09a5 8B1CDC62 		.ascii	"\213\034\334b\003\376B\004\177A\301\331gS\216\253\344"
 310      03FE4204 
 310      7F41C1D9 
 310      67538EAB 
 310      E4
 311 09b6 E0121B5D 		.ascii	"\340\022\033]\235\"\230\0345\341\221Q\221\321\372}A"
 311      9D22981C 
 311      35E19151 
 311      91D1FA7D 
 311      41
 312 09c7 31FFD4E9 		.ascii	"1\377\324\351\235\336\376\353\373\336\3339Ul\370~\375"
 312      9DDEFEEB 
 312      FBDEDB39 
 312      556CF87E 
 312      FD
 313 09d8 E64D3ABD 		.ascii	"\346M:\275Z\247\223N_\321\306\306Dk\303\367\007G\304"
 313      5AA7934E 
ARM GAS  /tmp/ccsommnt.s 			page 25


 313      5FD1C6C6 
 313      446BC3F7 
 313      0747C4
 314 09eb 86846AF7 		.ascii	"\206\204j\367\207\376;\"\374#\355\276\240\340\260\360"
 314      87FE3B22 
 314      FC23EDBE 
 314      A0E0B0F0 
 315 09fb FDA15A5D 		.ascii	"\375\241Z]H\350\336\240\330\010\275N\377ITh\314\206"
 315      48E8DEA0 
 315      D808BD4E 
 315      FF495468 
 315      CC86
 316 0a0d 30CEC711 		.ascii	"0\316\307\021:\346\223\030\255.F\037\002\021\001\262"
 316      3AE69318 
 316      AD2E461F 
 316      021101B2 
 317 0a1d 79C306ED 		.ascii	"y\303\006\355\366\260\360\217\302\375\367h#c\264aA\021"
 317      F6B0F08F 
 317      C2FDF768 
 317      2363B461 
 317      4111
 318 0a2f 5A422446 		.ascii	"ZB$F\273\347\275w7o\322\356\336\275C\373v\300.\377\177"
 318      BBE7BD77 
 318      376FD2EE 
 318      DEBD43FB 
 318      76C02EFF 
 319 0a44 6DD24605 		.ascii	"m\322F\005E\350\"\"B`\216r\227\377\266\330\030M\214"
 319      45E82222 
 319      42608E72 
 319      97FFB6D8 
 319      184D8C
 320 0a57 7E1F50FA 		.ascii	"~\037P\3728*<R\247W\276\353\277cg\240\223\377{\177\017"
 320      382A3C52 
 320      A757BEEB 
 320      BF6367A0 
 320      93FF7B7F 
 321 0a6c D819E8EC 		.ascii	"\330\031\350\354\277'`\347\316\035\201\312\200\367\003"
 321      BF2760E7 
 321      CE1D81CA 
 321      80F703
 322 0a7b 7604E25D 		.ascii	"v\004\342]`\376;\002\321\007T\320\306\327,\202\310)"
 322      60FE3B02 
 322      D10754D0 
 322      C6D72C82 
 322      C829
 323 0a8d 8E09D52B 		.ascii	"\216\011\325+\203#B\203\242\221\237b\333\236\300@\305"
 323      83234283 
 323      A2919F62 
 323      DB9EC040 
 323      C5
 324 0a9e EEED7F09 		.ascii	"\356\355\177\011T\274\371V\340n\362\307\017o\013\014"
 324      54BCF956 
 324      E06EF2C7 
 324      0F6F0B0C 
 325 0aae 54B3E484 		.ascii	"T\263\344\204\207@j\330\211\202$JCb\350\366\006\305"
 325      87406AD8 
 325      8982244A 
ARM GAS  /tmp/ccsommnt.s 			page 26


 325      4362E8F6 
 325      06C5
 326 0ac0 E85FD7E9 		.ascii	"\350_\327\351\177\343P\252\244\322)r\357^X\310{\271"
 326      7FE350AA 
 326      A4D22972 
 326      EF5E58C8 
 326      7BB9
 327 0ad2 586906A8 		.ascii	"Xi\006\250\003\234\032\016\201\241A! \357\245\345\330"
 327      039C1A0E 
 327      81A14121 
 327      20EFA5E5 
 327      D8
 328 0ae3 98E8608A 		.ascii	"\230\350`\212\013\346\\\341\360At\270>\024\200\252\360"
 328      0BE65CE1 
 328      F04174B8 
 328      3E1480AA 
 328      F0
 329 0af4 C87D9121 		.ascii	"\310}\221!\241:\275\033\014\356\011\325\303\320\273"
 329      A13ABD1B 
 329      0CEE09D5 
 329      C3D0BB
 330 0b03 E02B82C3 		.ascii	"\340+\202\303\202\242]\202\303\366|\022\343\027\024"
 330      82A25D82 
 330      C3F67C12 
 330      E31714
 331 0b12 A15F6B1B 		.ascii	"\241_k\033.ZoY98\014*\002k\277\240\0233\254\003\246"
 331      2E5A6F59 
 331      39380C2A 
 331      026BBFA0 
 331      1333AC03 
 332 0b27 1F4747C6 		.ascii	"\037GG\306F\221\260*\235no\354\376`\235\316M:\331\260"
 332      4691B02A 
 332      9D6E6FEC 
 332      FE609DCE 
 332      4D3AD9B0 
 333 0b3b 65F396D7 		.ascii	"e\363\226\327\\\255D9\371\225\3277jd\324l/\275\346n"
 333      5CAD4439 
 333      F995D737 
 333      6A64D46C 
 333      2FBDE66E 
 334 0b4f 4390FB1F 		.ascii	"C\220\373\037\023C\202|"
 334      1343827C 
 335              		.text
 336              		.section	.gnu.lto_.symtab.fcae31569d1fedc9,"",%progbits
 337 0000 70616C52 		.ascii	"palReadBus\000\000\000\000\000\000\000\000\000\000\000"
 337      65616442 
 337      75730000 
 337      00000000 
 337      00000000 
 338 0015 00090100 		.ascii	"\000\011\001\000\000palWriteBus\000\000\000\000\000"
 338      0070616C 
 338      57726974 
 338      65427573 
 338      00000000 
 339 002a 00000000 		.ascii	"\000\000\000\000\000\000\000\016\001\000\000palSetB"
 339      0000000E 
 339      01000070 
ARM GAS  /tmp/ccsommnt.s 			page 27


 339      616C5365 
 339      7442
 340 003c 75734D6F 		.ascii	"usMode\000\000\000\000\000\000\000\000\000\000\000\000"
 340      64650000 
 340      00000000 
 340      00000000 
 340      0000
 341 004e 16010000 		.ascii	"\026\001\000\000chSysHalt\000\000\002\000\000\000\000"
 341      63685379 
 341      7348616C 
 341      74000002 
 341      00000000 
 342 0062 00000000 		.ascii	"\000\000\000\000\000!\001\000\000_pal_lld_setgroupm"
 342      00210100 
 342      005F7061 
 342      6C5F6C6C 
 342      645F7365 
 343 007d 6F646500 		.ascii	"ode\000\000\002\000\000\000\000\000\000\000\000\000"
 343      00020000 
 343      00000000 
 343      000000
 344 008c 27010000 		.ascii	"'\001\000\000"
 345              		.text
 346              		.section	.gnu.lto_.opts,"",%progbits
 347 0000 272D666E 		.ascii	"'-fno-trapv' '-fno-strict-overflow' '-mcpu=cortex-m"
 347      6F2D7472 
 347      61707627 
 347      20272D66 
 347      6E6F2D73 
 348 0033 34272027 		.ascii	"4' '-mfloat-abi=hard' '-mfpu=fpv4-sp-d16' '-mno-thu"
 348      2D6D666C 
 348      6F61742D 
 348      6162693D 
 348      68617264 
 349 0066 6D622D69 		.ascii	"mb-interwork' '-mthumb' '-ggdb' '-O0' '-Werror' '-f"
 349      6E746572 
 349      776F726B 
 349      2720272D 
 349      6D746875 
 350 0099 6F6D6974 		.ascii	"omit-frame-pointer' '-falign-functions=16' '-ffunct"
 350      2D667261 
 350      6D652D70 
 350      6F696E74 
 350      65722720 
 351 00cc 696F6E2D 		.ascii	"ion-sections' '-fdata-sections' '-fno-common' '-flt"
 351      73656374 
 351      696F6E73 
 351      2720272D 
 351      66646174 
 352 00ff 6F272027 		.ascii	"o' '-fsingle-precision-constant'\000"
 352      2D667369 
 352      6E676C65 
 352      2D707265 
 352      63697369 
 353              		.text
 354              		.comm	__gnu_lto_v1,1,1
 355              		.comm	__gnu_lto_slim,1,1
ARM GAS  /tmp/ccsommnt.s 			page 28


 356              		.ident	"GCC: (15:4.9.3+svn231177-1) 4.9.3 20150529 (prerelease)"
ARM GAS  /tmp/ccsommnt.s 			page 29


DEFINED SYMBOLS
                            *ABS*:0000000000000000 pal.c
                            *COM*:0000000000000001 __gnu_lto_v1
                            *COM*:0000000000000001 __gnu_lto_slim

NO UNDEFINED SYMBOLS
