ARM GAS  /tmp/ccijAif7.s 			page 1


   1              		.syntax unified
   2              		.cpu cortex-m4
   3              		.eabi_attribute 27, 1
   4              		.eabi_attribute 28, 1
   5              		.fpu fpv4-sp-d16
   6              		.eabi_attribute 20, 1
   7              		.eabi_attribute 21, 1
   8              		.eabi_attribute 23, 3
   9              		.eabi_attribute 24, 1
  10              		.eabi_attribute 25, 1
  11              		.eabi_attribute 26, 1
  12              		.eabi_attribute 30, 6
  13              		.eabi_attribute 34, 1
  14              		.eabi_attribute 18, 4
  15              		.thumb
  16              		.file	"pal_lld.c"
  17              		.text
  18              	.Ltext0:
  19              		.section	.gnu.lto_.inline.6e7d5c4e90179dc7,"",%progbits
  20 0000 789C6366 		.ascii	"x\234cf\300\016b\24043\003\203\240\000\003\003\223\\"
  20      C00E62A0 
  20      34330383 
  20      A0000303 
  20      935C
  21 0012 C32F4606 		.ascii	"\303/F\006\026\006&\220\030#\203\364\005 \305\304\327"
  21      16062690 
  21      182383F4 
  21      0520C5C4 
  21      D7
  22 0023 500B1362 		.ascii	"P\013\023b\346\301G01\\f\270\004\242\0271.h\344\202"
  22      E6C14730 
  22      315C66B8 
  22      04A21731 
  22      2E68E482 
  23 0037 E9610000 		.ascii	"\351a\000\000\2019\007\373"
  23      813907FB 
  24              		.text
  25              		.section	.gnu.lto_initgpio.6e7d5c4e90179dc7,"",%progbits
  26 0000 789C9D93 		.ascii	"x\234\235\223]H\024Q\024\307\357\271\363\271n\222\004"
  26      5D481451 
  26      14C7EFB9 
  26      F3B96E92 
  26      04
  27 0011 42F85220 		.ascii	"B\370R \342\223\016(\364P>DE\037`(\330{\230\221.,\355"
  27      E2930E28 
  27      F4503E44 
  27      451F6028 
  27      D87B9891 
  28 0028 92D1ABA3 		.ascii	"\222\321\253\243mR\231\021\366\"\304\226\313\022\225"
  28      6D529911 
  28      F622C496 
  28      CB1295
  29 0037 9AA6A5A5 		.ascii	"\232\246\245\245\226N\233\337i\266\366\020\010\225\017"
  29      964E9BDF 
  29      69B6F610 
  29      08950F
  30 0046 1BD4431F 		.ascii	"\033\324C\037\233\202MP\323=wTt\"v\330\201\271;w\270"
ARM GAS  /tmp/ccijAif7.s 			page 2


  30      9B824D50 
  30      D33D7754 
  30      742276D8 
  30      81B93B77 
  31 005b FFDFFEE6 		.ascii	"\377\337\376\346\236s\005\362\357\225\315\356\2332!"
  31      9E7305F2 
  31      EF95CDEE 
  31      9B3221
  32 006a FB702210 		.ascii	"\373p\"\020\240\204\335\000l\002\244\216B\035|\246I"
  32      A084DD00 
  32      6C02A48E 
  32      421D7CA6 
  32      49
  33 007b 0AD78C8E 		.ascii	"\012\327\214\216Vo\376m]\327\277\317w+\027\266\233l"
  33      566FFE6D 
  33      5DD7BFCF 
  33      772B17B6 
  33      9B6C
  34 008d D912B509 		.ascii	"\331\022\265\011p\007\362\331\222\205\251X\211\260\013"
  34      7007F2D9 
  34      9285A958 
  34      89B00B
  35 009c 087B1CE8 		.ascii	"\010{\034\350Z\236\365~\242&\205\2358\035l\231l\225"
  35      5A9EF57E 
  35      A226859D 
  35      381D6C99 
  35      6C95
  36 00ae 714A459C 		.ascii	"qJE\234~M~\033R\363\242\272\336`\314\364\352{E\223\012"
  36      7E4D7E1B 
  36      52F3A2BA 
  36      DE60CCF4 
  36      EA7B4593 
  37 00c3 70170486 		.ascii	"p\027\004\206\203{\220\003\355\220C\330+\002\035\220"
  37      837B9003 
  37      ED9043D8 
  37      2B021D90 
  38 00d3 C7563776 		.ascii	"\307V7v\276\233\020\205\022\316\0351\333\343\242\235"
  38      BE9B1085 
  38      12CE1D31 
  38      DBE3A29D 
  39 00e3 6C8ECA87 		.ascii	"l\216\312\207M*B\2473(\022\270\017y\270:\031\372\375"
  39      4D2A42A7 
  39      332812B8 
  39      0F79B83A 
  39      19FAFD
  40 00f6 D62B8798 		.ascii	"\326+\207\230s\226\355\012] \263\017SPv4|]\312\2150"
  40      7396ED0A 
  40      5D20B30F 
  40      53507634 
  40      7C5DCA8D 
  41 010b D2A2B59C 		.ascii	"\322\242\265\234(7Bm\372\037\313\002\223Jd#n\365\003"
  41      2837426D 
  41      FA1FCB02 
  41      934A6423 
  41      6EF503
  42 011e BB217753 		.ascii	"\273!wS\246\355b\264Q\232\324C\213\226\265\343?\221"
  42      A6ED62B4 
ARM GAS  /tmp/ccijAif7.s 			page 3


  42      519AD443 
  42      8B96B5E3 
  42      3F91
  43 0130 07CEC8A5 		.ascii	"\007\316\310\245\224\221\036g\344r\312H\2573\322\224"
  43      94911E67 
  43      E472CA48 
  43      AF33D294 
  44 0140 32F2D019 		.ascii	"2\362\320\031\271\2222\362\310\031iN\031\351\203\334"
  44      B99232F2 
  44      C819694E 
  44      19E983DC 
  45 0150 EE6D866E 		.ascii	"\356m\206nYK\303\341\363{Zi\006\000\226\205\262\002"
  45      594BC3E1 
  45      F37B5A69 
  45      06009685 
  45      B202
  46 0162 49026069 		.ascii	"I\002`iE|\224p\220qPpPq\360\340@H\202w\327G\312~\204"
  46      457C9470 
  46      90715070 
  46      5071F0E0 
  46      40488277 
  47 017b 0568E84F 		.ascii	"\005h\350O\216\354\306\372\255Pl\307\017\211\271\270"
  47      8EECC6FA 
  47      AD506CC7 
  47      0F89B9B8 
  48 018b 8A1D2512 		.ascii	"\212\035%\022\254t\337\317[_2\303p\203\325\217-\000"
  48      AC74DFCF 
  48      5B5F32C3 
  48      7083D58F 
  48      2D00
  49 019d E84711EC 		.ascii	"\350G\021\354\264\330\325_[\013:\364,\223*\360\030\302"
  49      B4D8D55F 
  49      5B0B3AF4 
  49      2C932AF0 
  49      18C2
  50 01af F08343E1 		.ascii	"\360\203C\341\011\024\220\005\210\265D\262\021\271\221"
  50      09149005 
  50      88B544B2 
  50      11B991
  51 01be 276CE2D5 		.ascii	"'l\342\325\353\272\301Z]]a\035:\260\312L\3144\365\253"
  51      EBBAC15A 
  51      5D5D611D 
  51      3AB0CA4C 
  51      CC34F5AB 
  52 01d2 8C19627F 		.ascii	"\214\031b\177\346\201A\016\345\247e\010\012\230\034"
  52      E681410E 
  52      E5A76508 
  52      0A981C
  53 01e1 41D79ED1 		.ascii	"A\327\236\321\210b\313\212n\355\236r\020\357\322gN;"
  53      8862CB8A 
  53      6EED9E72 
  53      10EFD267 
  53      4E3B
  54 01f3 F73AC39C 		.ascii	"\367:\303\234\" e\004uD\256\223\\\327\221\334\352\030"
  54      22206504 
  54      7544AE93 
  54      5CD791DC 
ARM GAS  /tmp/ccijAif7.s 			page 4


  54      EA18
  55 0205 1C2422E8 		.ascii	"\034$\"\350y\372:1N\221\220\362\002u${w\306\326td\267"
  55      79FA3A31 
  55      4E9190F2 
  55      0275247B 
  55      77C6D674 
  56 021b 3AA31C24 		.ascii	":\243\034$#h,}\235qNQ\2202\201:\262\275;\353:\212[\235"
  56      23682C7D 
  56      9D714E51 
  56      9032813A 
  56      B2BD3BEB 
  57 0233 490E5211 		.ascii	"I\016R\0214\225\276\3164\247x\220\362\022u\024{w\306"
  57      3495BECE 
  57      34A77890 
  57      F2127514 
  57      7B77C6
  58 0246 D77454B7 		.ascii	"\327tT\267:3\034\224\201\240\331\364u^q\212\027)s\250"
  58      3A331C94 
  58      81A0D9F4 
  58      755E718A 
  58      172973A8 
  59 025a A3DABBB3 		.ascii	"\243\332\273\263\256\343q\253\363\232\203\266 (\236"
  59      AEE371AB 
  59      F39A83B6 
  59      20289E
  60 0269 BECE3CA7 		.ascii	"\276\316<\247d\"\345\015\352x\310{\2507\302\007\021"
  60      6422E50D 
  60      EA78C87B 
  60      A837C207 
  60      11
  61 027a 84873881 		.ascii	"\204\2078\201\247\216\235\227\342\302Bm\177\215\357"
  61      A78E9D97 
  61      E2C2426D 
  61      7F8DEF
  62 0289 84AFAC42 		.ascii	"\204\257\254B\013\324j5\225~-\0308s\266V\2538v\264\270"
  62      0BD46A35 
  62      957E2D18 
  62      3873B656 
  62      AB3876B4 
  63 029e 482B2D3D 		.ascii	"H+-=\240\035*?Rv\256H\013V\372\217\373\375'\013\253"
  63      A01D2A3F 
  63      5276AE48 
  63      0B56FA8F 
  63      FBFD270B 
  64 02b3 88541DF4 		.ascii	"\210T\035\364\005\202rU\340\364)_\365_\300yYN"
  64      05827255 
  64      E0F4295F 
  64      F55FC079 
  64      594E
  65              		.text
  66              		.section	.gnu.lto__pal_lld_init.6e7d5c4e90179dc7,"",%progbits
  67 0000 789C9594 		.ascii	"x\234\225\224]h\024W\024\307\357\271\363\221\335\354"
  67      5D681457 
  67      14C7EFB9 
  67      F391DDEC 
  68 0010 6E361404 		.ascii	"n6\024\004\311C\025\202\350K\262\240\320\207Rh\301\202"
  68      C9431582 
ARM GAS  /tmp/ccijAif7.s 			page 5


  68      E84BB2A0 
  68      D0875268 
  68      C182
  69 0022 5814057D 		.ascii	"X\024\005}/Vi\023\010&\324\342\233x\223\2566 J\214\202"
  69      2F566913 
  69      0826D4E2 
  69      9B7893AE 
  69      36204A8C 
  70 0037 11898984 		.ascii	"\021\211\211\204\240&6\332\250\321\250\3211Z\023\267"
  70      A02636DA 
  70      A8D1A8D1 
  70      315A13B7 
  71 0047 46DDA6AD 		.ascii	"F\335\246\255\232&q\325\255h\375 ~4:~M\317\271w\211"
  71      9A2671D5 
  71      AD68FD20 
  71      7E343A7E 
  71      4DCFB977 
  72 005c C964E330 		.ascii	"\311d\3430\013sf\316\314\371\377\317\357\354\334;\032"
  72      0B7366CE 
  72      CCF9FFCF 
  72      EFECDC3B 
  72      1A
  73 006d 9BFC9B86 		.ascii	"\233\374\233\206GI\220\261\317(\321\030p\206\007\000"
  73      474990B1 
  73      CF28D118 
  73      70860700 
  74 007d 26C0D673 		.ascii	"&\300\326sX\017\367\371\023\0165Vk]hv\263\020b\244\352"
  74      580FF7F9 
  74      130E3556 
  74      6B5D6876 
  74      B31062A4 
  75 0092 D8F40DD3 		.ascii	"\330\364\015\323m,{\306\225\003\354\205\331X\262\361"
  75      6D2C7BC6 
  75      9503EC85 
  75      D958B2F1 
  76 00a2 C0508FAE 		.ascii	"\300P\217\256}\002\014\257;\333\236\367\205\356q\233"
  76      7D020CAF 
  76      3BDB9EF7 
  76      85EE719B 
  77 00b2 C34C4A4F 		.ascii	"\303LJO\324\366\326\231\224r\235\3223vKR\237\325$D\225"
  77      D4F6D699 
  77      94729DD2 
  77      33764B52 
  77      9FD52444 
  78 00c7 D5D72EBE 		.ascii	"\325\327.\276\320m\256\301>\320\320\017\366C\001\264"
  78      D06DAEC1 
  78      3ED0D00F 
  78      F64301B4 
  79 00d7 4001C35B 		.ascii	"@\001\303[\014Za\026\225?\211\277\275\0262\343\330;"
  79      0C5A6116 
  79      953F89BF 
  79      BD1632E3 
  79      D83B
  80 00e9 5FF58403 		.ascii	"_\365\204\003`\"`\036>k\250\261-\275p\017Z\245\256\237"
  80      6022601E 
  80      3E6BA8B1 
  80      2DBD700F 
ARM GAS  /tmp/ccijAif7.s 			page 6


  80      5AA5AE9F 
  81 00fd 4B8437F4 		.ascii	"K\2047\364\212x\312qf\330\330h\274]\006\364g(\234\240"
  81      8A78CA71 
  81      66D8D868 
  81      BC5D06F4 
  81      67289CA0 
  82 0111 113BB737 		.ascii	"\021;\2677\362j\313q>\237B\320&\005\003\347\353\267"
  82      F26ACB71 
  82      3E9F42D0 
  82      260503E7 
  82      EBB7
  83 0123 19930446 		.ascii	"\031\223\004F6\301A\277\202C.\244\306\033M\033\215\017"
  83      36C141BF 
  83      82432EA4 
  83      C61B4D1B 
  83      8D0F
  84 0135 4FF18BDF 		.ascii	"O\361\213\337)\332\375B\035\366+8\342BJ\335\273\223"
  84      29DAFD42 
  84      1DF62B38 
  84      E2424ADD 
  84      BB93
  85 0147 5E6AC51B 		.ascii	"^j\305\033\305;\307\001\233\233\3314G\335\223?\030?"
  85      C53BC701 
  85      9B9BD934 
  85      47DD933F 
  85      183F
  86 0159 79564987 		.ascii	"yVI\207[\362\330Sr\314-\261=%\307\335\2227\236\222N"
  86      5BF2D853 
  86      72CC2DB1 
  86      3D25C7DD 
  86      92379E92 
  87 016e B76473B3 		.ascii	"\267ds\263\227\344\004\024\036\374\310\022\216sx0\271"
  87      97E40414 
  87      1EFCC812 
  87      8E737830 
  87      B9
  88 017f A9B085E7 		.ascii	"\251\260\205\347\003.z\235S\3200\030:\005\203R\223B"
  88      032E7A9D 
  88      53D03018 
  88      3A058352 
  88      9342
  89 0191 0EA5010A 		.ascii	"\016\245\001\012A\240\215\221\213\227f\210B\230B\204"
  89      41A08D91 
  89      8B976688 
  89      42984284 
  90 01a1 421E8528 		.ascii	"B\036\205(\005\306\322rs\376\303\361\244\015@\325\310"
  90      05C6D272 
  90      73FEC3F1 
  90      A40D40D5 
  90      C8
  91 01b2 A1877B0C 		.ascii	"\241\207{\014\3327/p?qxyr\250_\247\015\251\213\221j"
  91      DA372F70 
  91      3F717879 
  91      72A85FA7 
  91      0DA98B91 
  92 01c7 A1333889 		.ascii	"\24138\211`XV\241Jx&\357\356\000uCC\315\315\364\225"
  92      605856A1 
ARM GAS  /tmp/ccijAif7.s 			page 7


  92      4A7826EF 
  92      EE007543 
  92      43CDCDF4 
  93 01dc 64406A18 		.ascii	"d@j\030\355\312\243/\033\036E\352a\027\276\336\034R"
  93      EDCAA32F 
  93      1B1E45EA 
  93      6117BEDE 
  93      1C52
  94 01ee 9CA2D1F0 		.ascii	"\234\242\321\360~\372\322\246\216@Q\253\210W\006l\036"
  94      7EFAD2A6 
  94      8E4051AB 
  94      8857066C 
  94      1E
  95 01ff 802EA887 		.ascii	"\200.\250\207\247\222\005NC\021z\376\370\334T\236\272"
  95      A792054E 
  95      43117AFE 
  95      F8DC549E 
  95      BA
  96 0210 B24D6F4D 		.ascii	"\262MoM\215J[\243\001\030\234Q}ke\337I]`\252.\326\373"
  96      8D4A5BA3 
  96      01189C51 
  96      7D6B65DF 
  96      495D60AA 
  97 0227 2E67A108 		.ascii	".g\241\010\275i\230\221\253\0173\370\206k>\323=_\316"
  97      BD699891 
  97      AB0F33F8 
  97      866B3ED3 
  97      3D5FCE
  98 023a A456E654 		.ascii	"\244V\346T\255\272e+\371}<7q\240\000\372x\014`L\345"
  98      ADBA652B 
  98      F97D3C37 
  98      71A000FA 
  98      780C604C 
  99 024f 7AFEBDEB 		.ascii	"z\376\275\353\2574@\200hG\177\272\260;\343\235;\376"
  99      AF344080 
  99      68477FBA 
  99      B03BE39D 
  99      3BFE
 100 0261 0568135E 		.ascii	"\005h\023^@\245\020\326\2476\017\276\340A\270\220q\177"
 100      40A510D6 
 100      A7360FBE 
 100      E041B890 
 100      717F
 101 0273 DCBDE555 		.ascii	"\334\275\345U\024\335\363m\236\013=\322\233\376\035"
 101      14DDF36D 
 101      9E0B3DD2 
 101      9BFE1D
 102 0282 7CD2D2F5 		.ascii	"|\322\322\365h0\272\356\265\250\021\226\206\013\005"
 102      6830BAEE 
 102      B5A81196 
 102      860B05
 103 0291 7A710606 		.ascii	"zq\006\006\027a\035\033\004\271@\250hw\377\2266\216"
 103      17611D1B 
 103      04B940A8 
 103      6877FF96 
 103      368E
 104 02a3 45D502E1 		.ascii	"E\325\002\341B\317\210\013\022X\202\217\332o5\355\220"
ARM GAS  /tmp/ccijAif7.s 			page 8


 104      42CF880B 
 104      1258828F 
 104      DA6F35ED 
 104      90
 105 02b4 2B272C84 		.ascii	"+',\204\\9\277A\001\342\331<\242\210\007>V\300!?\204"
 105      5C39BF41 
 105      01E2D93C 
 105      A288073E 
 105      56C0213F 
 106 02c9 9724A196 		.ascii	"\227$\241\226\235\260O\022^\366&\274\242\010\253:w$"
 106      9DB04F12 
 106      5EF626BC 
 106      A208AB3A 
 106      7724
 107 02db 428AB05A 		.ascii	"B\212\260Z\022^%\302\320\030\341\323\014a\330\017aR"
 107      125E25C2 
 107      D018E1D3 
 107      0C61D80F 
 107      6152
 108 02ed 12EAD909 		.ascii	"\022\352\331\011\177\227\204\375\336\204\177(\302\256"
 108      7F9784FD 
 108      DE847F28 
 108      C2AE
 109 02fb BB7B3767 		.ascii	"\273{7g\010k$\341\237D\030\036#L\314P\204\021?\204\177"
 109      086B24E1 
 109      9F44181E 
 109      234CCC50 
 109      84113F84 
 110 0310 4942233B 		.ascii	"IB#;\3415Ix\335\233\360\206\"\254luj5EX'\011\007\210"
 110      E1354978 
 110      DD9BF086 
 110      22AC6C75 
 110      6A354558 
 111 0328 30324678 		.ascii	"02Fx;C\230\347\207\360oIhf'\034\224\204C\336\204\303"
 111      3B4398E7 
 111      87F06F49 
 111      6866271C 
 111      948443DE 
 112 033e 8A30D1DB 		.ascii	"\2120\321\333\334\031T\204\215\222\360&\021\346\215"
 112      DC195484 
 112      8D92F026 
 112      11E68D
 113 034d 11FE3B47 		.ascii	"\021\376;G\021F\375\020\246$aNv\302[\222\360\2667\341"
 113      1146FD10 
 113      A624614E 
 113      76C25B92 
 113      F0B637E1 
 114 0361 1D45383C 		.ascii	"\035E8<\372_O@\021\036\227\204i\"\214\022\3410TZ\311"
 114      FA5F4F40 
 114      111E9784 
 114      69228C12 
 114      E130545A 
 115 0376 AFA407A3 		.ascii	"\257\244\007\243O5\252p{\316+.\216\315/)\375\246t\311"
 115      4F35AA70 
 115      7BCE2B2E 
 115      8ECD2F29 
 115      FDA674C9 
ARM GAS  /tmp/ccijAif7.s 			page 9


 116 038a B258F99A 		.ascii	"\262X\371\232X\311\212\262XE\371\367?\254\211-[\276"
 116      58C98AB2 
 116      5845F9F7 
 116      3FAC892D 
 116      5BBE
 117 039c 78DEDCD8 		.ascii	"x\336\334\330\242E_\306\026,]\270d\355\334X\305\212"
 117      A2455FC6 
 117      162C5DB8 
 117      64EDDC58 
 117      C58A
 118 03ae B2AFCBCA 		.ascii	"\262\257\313\312V\025\257d\346\312\362\325\337\226~"
 118      5615AF64 
 118      E6CAF2D5 
 118      DF967E
 119 03bd F73F441D 		.ascii	"\367?D\035X\273"
 119      58BB
 120              		.text
 121              		.section	.gnu.lto__pal_lld_setgroupmode.6e7d5c4e90179dc7,"",%progbits
 122 0000 789C9D59 		.ascii	"x\234\235Y\013P\024W\026\355\367z~\3000\030\223(\242"
 122      0B501457 
 122      16EDF77A 
 122      7EC03018 
 122      9328A2
 123 0013 460D1263 		.ascii	"F\015\022c\242\200\237\030\177Q\0225\376uk\263U[Im\325"
 123      A2809F18 
 123      7F511235 
 123      FE756BB3 
 123      555B496D 
 124 0028 AAAB555A 		.ascii	"\252\253UZ\213\005\205\356n\266\266jw\004f\374&!\030"
 124      8B0585EE 
 124      6EB6B66A 
 124      770466FC 
 124      262118
 125 003b E30FE217 		.ascii	"\343\017\342\027Q\0201hL ~X\027\305\017B\374DQ\021I"
 125      51103168 
 125      4C207E58 
 125      17C50F42 
 125      FC445111 
 126 0050 04442546 		.ascii	"\004D%F\004\0351\010{\357}=\014\323\200MC\325\\\273"
 126      041D3108 
 126      7BEF7D3D 
 126      0CD3804D 
 126      43D55CBB 
 127 0064 4FDF73DF 		.ascii	"O\337s\337=\367\335\327\363\336(K\255\377\326\301\347"
 127      3DF7DDD7 
 127      F3DE284B 
 127      ADFFD6C1 
 127      E7
 128 0075 1FBD24C9 		.ascii	"\037\275$\311\2167]$\306%\3700\031\254\314\015\000s"
 128      8E375D24 
 128      C625F830 
 128      19ACCC0D 
 128      0073
 129 0087 2B188381 		.ascii	"+\030\203\201\033\361\332\007\257\215\334\204\327f\274"
 129      1BF1DA07 
 129      AF8DDC84 
 129      D766BC
ARM GAS  /tmp/ccijAif7.s 			page 10


 130 0096 36310B78 		.ascii	"61\013x\232\311Z\030\2702\037\356\213O\375\360\251/"
 130      9AC95A18 
 130      B8321FEE 
 130      8B4FFDF0 
 130      A92F
 131 00a8 217E64AD 		.ascii	"!~d\255\334\037q\033\342\376,\000\020\033\215\022\300"
 131      DC1F711B 
 131      E2FE2C00 
 131      101B8D12 
 131      C0
 132 00b9 180CCCA4 		.ascii	"\030\014\314\244\377p\331`4\231->\276~V\177[\000\203"
 132      FF70D960 
 132      34992D3E 
 132      BE7E567F 
 132      5B0083
 133 00cc 7B91E01D 		.ascii	"{\221\340\035^\303YBn\372\006\277\001)v\273\375\301"
 133      5EC35942 
 133      6EFA06BF 
 133      012976BB 
 133      FDC1
 134 00de C32B818E 		.ascii	"\303+\201\216\300zH\263\226\013\007\226\312\006\200"
 134      C07A48B3 
 134      960B0796 
 134      CA0680
 135 00ed CB0DD7B7 		.ascii	"\313\015\327\267k\374\345\021L\202\353\354}u\347\374"
 135      6BFCE511 
 135      4C82EBEC 
 135      7D75E7FC 
 136 00fd AA783D67 		.ascii	"\252x=g}\3616'\361\324\006\023\336\202\"\270\275\234"
 136      7DF13627 
 136      F1D40613 
 136      DE8222B8 
 136      BD9C
 137 010f 79ED2A0F 		.ascii	"y\355*\017\331a\267\307\346\026e\331#\014\365\\f\273"
 137      D961B7C7 
 137      E61665D9 
 137      230CF55C 
 137      66BB
 138 0121 990CF1D8 		.ascii	"\231\014\361\330\036\026\304\322X\220\004\220\304\322"
 138      1E16C4D2 
 138      58900490 
 138      C4D2
 139 012f 5908786F 		.ascii	"Y\010xo/\251p\311\362\030\212\233v<{ \021\313N\245\\"
 139      2FA970C9 
 139      F2188A9B 
 139      763C7B20 
 139      11CB4EA5 
 140 0144 B6DAA7D4 		.ascii	"\266\332\247\324s\003\333\253f\032$\226A\314\333\365"
 140      7303DBAB 
 140      661A2496 
 140      41CCDBF5 
 141 0154 7752FDE5 		.ascii	"wR\375\345\010b>K\373<\311WPO\247\\$\252\221\355SS\215"
 141      08623E4B 
 141      FB3CC957 
 141      504FA75C 
 141      24AA91ED 
 142 016b 12CB6421 		.ascii	"\022\313d!\350\337pfS\266U\236D\\\347\376\247%\306\340"
ARM GAS  /tmp/ccijAif7.s 			page 11


 142      E8DF7066 
 142      53B6559E 
 142      445CE7FE 
 142      A725C6E0 
 143 017f 6DC83DEB 		.ascii	"m\310=\353\310\267\332O\331\343\313\232\232\372\324"
 143      C8B7DA4F 
 143      D9E3CB9A 
 143      9AFAD4
 144 018e 7313DBEF 		.ascii	"s\023\333\357\035A\374\001eKB\322#\243<\235\350\367"
 144      1D41FC01 
 144      654B42D2 
 144      23A33C9D 
 144      E8F7
 145 01a0 1EED5EE7 		.ascii	"\036\355^\347G\364\255\005)\246\026\344\254v\310;\352"
 145      47F4AD05 
 145      29A616E4 
 145      AC76C83B 
 145      EA
 146 01b1 7EA8B1C8 		.ascii	"~\250\261\310\277'r^\352\257\311\001\202|\316\213|\260"
 146      BF27725E 
 146      EAAFC901 
 146      827CCE8B 
 146      7CB0
 147 01c3 1DF2F6CC 		.ascii	"\035\362\366\314\354?\312\037\021\367\374\301\307\245"
 147      EC3FCA1F 
 147      11F7FCC1 
 147      C7A5
 148 01d1 36C12DF4 		.ascii	"6\301-\364\342\036j\207{\276\372v\246\217<\207\310\366"
 148      E21E6A87 
 148      7BBEFA76 
 148      A68F3C87 
 148      C8F6
 149 01e3 83898D3E 		.ascii	"\203\211\215>\202\\\344E\376\256\035\362\351\244\213"
 149      825CE445 
 149      FEAE1DF2 
 149      E9A48B
 150 01f2 477DE505 		.ascii	"G}\345\005D\276s06[\221\\\354E\316i\207\\\023\377\354"
 150      44BE7330 
 150      365B915C 
 150      EC45CE69 
 150      875C13FF 
 151 0207 8A9F291E 		.ascii	"\212\237)\036\372\253\013\373\232\005\263\003\360\371"
 151      FAAB0BFB 
 151      9A05B303 
 151      F0F9
 152 0215 063EDFC2 		.ascii	"\006>\337\302'\033>\337\263`\321o\35403A\303\216\007"
 152      271B3EDF 
 152      B360D16F 
 152      EC303341 
 152      C38E07
 153 0228 CEB5BCE4 		.ascii	"\316\265\274\344\265\312\264\0248\212\254\216\346a\314"
 153      B5CAB414 
 153      388AAC8E 
 153      E661CC
 154 0237 52EB31D8 		.ascii	"R\3531\330\021\026\354\305\201r:\215\317\247\034US\012"
 154      1116ECC5 
 154      81723A8D 
ARM GAS  /tmp/ccijAif7.s 			page 12


 154      CFA71C55 
 154      530A
 155 0249 3529C7D4 		.ascii	"5)\307\324\224\"MJ\256\212Rv\255\"_K\314\177\325\234"
 155      94224D4A 
 155      AE8A5276 
 155      AD225F4B 
 155      CC7FD59C 
 156 025d 1B8E0B5A 		.ascii	"\033\216\013Z\234\343*N\356\271\254\335\021\361[\355"
 156      9CE32A4E 
 156      EEB9ACDD 
 156      11F15BED 
 157 026d 8D4D4DAC 		.ascii	"\215MM\254\035\312\377\210\222v\304\225E-h\317\315l"
 157      1DCAFF88 
 157      9276C495 
 157      452D68CF 
 157      CD6C
 158 027f 49B1B445 		.ascii	"I\261\264E\311#Jj\342\241j\037y\021\365\302\301\343"
 158      C9234A6A 
 158      E2A16A1F 
 158      7911F5C2 
 158      C1E3
 159 0291 A909BE44 		.ascii	"\251\011\276D/+=\321R\231\205\235h\253\033\330I\325"
 159      2F2B3DD1 
 159      5299859D 
 159      68AB1BD8 
 159      49D5
 160 02a3 A8F68D5F 		.ascii	"\250\366\215_l\345+r\233\232\306\2673f\276\272\0327"
 160      6CE52B72 
 160      9B9AC6B7 
 160      3366BEBA 
 160      1A37
 161 02b5 4F9CD5AA 		.ascii	"O\234\325\252\306)\265\264\2574\245\235\326\233\327"
 161      C629B5B4 
 161      AF34A59D 
 161      D69BD7
 162 02c4 19755E55 		.ascii	"\031u^U\216B\255\274\316\252g\351\210\346,\025\250\245"
 162      8E42ADBC 
 162      CEAA67E9 
 162      88E62C15 
 162      A8A5
 163 02d6 6CD19472 		.ascii	"l\321\224rN\257\224B\265\224;\332+\256H-\245HS\312\017"
 163      4EAF9442 
 163      B5943BDA 
 163      2BAE482D 
 163      A54853CA 
 164 02eb FA7BF4BC 		.ascii	"\372{\364\274\232R\242I\271\240\026sW[\314E\3650\305"
 164      9A52A249 
 164      B9A01673 
 164      575BCC45 
 164      F530C5
 165 02fe 9AC35C52 		.ascii	"\232\303\\RS\0125)?\252)74)\227\325b\356i\213\271\242"
 165      530A3529 
 165      3FAA2937 
 165      342997D5 
 165      62EE698B 
 166 0314 3FB36235 		.ascii	"?\263b5\245@\223rUM\271\256I\271\246\026\363$ES\314"
 166      A5409372 
ARM GAS  /tmp/ccijAif7.s 			page 13


 166      554DB9AE 
 166      49B9A616 
 166      F3244553 
 167 0329 75FD624A 		.ascii	"u\375bJ\364\213\271\241_L\251Z\314Sm17\365\213)\323"
 167      F48BB9A1 
 167      5F4CA95A 
 167      CC536D31 
 167      37F58B29 
 168 033e 2FE627FD 		.ascii	"/\346'\375b~V\213\371\355\204\246\230[\372\327L\271"
 168      627E568B 
 168      F9ED84A6 
 168      985BFAD7 
 168      4CB9
 169 0350 7EFD15FA 		.ascii	"~\375\025\372\327L\245Z\314\212|M1\267\365\213\251\322"
 169      D74CA55A 
 169      CC8A7C4D 
 169      31B7F58B 
 169      A9D2
 170 0362 2FE68E7E 		.ascii	"/\346\216~1w\325bV\245j\212\271\247?\263j\375m\366\213"
 170      3177D562 
 170      56A56A8A 
 170      B9A73FB3 
 170      6AFD6DF6 
 171 0377 FE36BBAF 		.ascii	"\3766\273\257\026\263F[\314\257\372\305<\320/\246F\277"
 171      16B3465B 
 171      CCAFFAC5 
 171      3CD02FA6 
 171      46BF
 172 0389 9887B071 		.ascii	"\230\207\260qmg3\013\241\\{\366\256\344r\224\330l\037"
 172      6D67330B 
 172      A15C7BF6 
 172      AEE47294 
 172      D86C1F
 173 039c 581E2B36 		.ascii	"X\036+6\333e\327\035g\274N\030\265m\356\221\352(\304"
 173      DB65D71D 
 173      67BC4E18 
 173      B56DEE91 
 173      EA28C4
 174 03af D1FBE9A7 		.ascii	"\321\373\351\247l\362\307\024\242\252*'\\$\226\003g"
 174      6CF2C714 
 174      A2AA2A27 
 174      5C249603 
 174      67
 175 03c0 AAE6C44C 		.ascii	"\252\346\304L\354Q\233\001\036S\200O\354\351k\231\374"
 175      EC519B01 
 175      1E53804F 
 175      ECE96B99 
 175      FC
 176 03d1 2F0A9052 		.ascii	"/\012\220R\223|\304_D8\352\035\301\325f\204'\024\241"
 176      937CC45F 
 176      4438EA1D 
 176      C1D56684 
 176      2714A1
 177 03e4 7CD77D07 		.ascii	"|\327}\007\223\377M\021V\2459\022\231\210p\306;B}\233"
 177      93FF4D11 
 177      56A53912 
 177      998870C6 
ARM GAS  /tmp/ccijAif7.s 			page 14


 177      3B427D9B 
 178 03f8 119EB2E0 		.ascii	"\021\236\262\340\314\256\271\366\246\246\332\362\254"
 178      CCAEB9F6 
 178      A6A6DAF2 
 178      AC
 179 0405 D5C1397C 		.ascii	"\325\3019|6\243\223\0338B\325\340\374\007u\203\263\034"
 179      36A3931B 
 179      3842D5E0 
 179      FC077583 
 179      B31C
 180 0417 540E8E65 		.ascii	"T\016\216eP;\223\204\22533<\242Y\310\307\007\216lf_"
 180      503B9384 
 180      9533333C 
 180      A259C8C7 
 180      078E6C66 
 181 042c 72F4C34B 		.ascii	"r\364\303K+y\373\343\245\215(\001x\011\207j\250\372"
 181      2B79FBE3 
 181      A58D2801 
 181      7809876A 
 181      A8FA
 182 043e 0BC4EECA 		.ascii	"\013\304\356\312p\204\027\021~\011\315\313h\272\201"
 182      70841711 
 182      7E09CDCB 
 182      68BA81
 183 044d B174A7A2 		.ascii	"\261t\247\242\006\342e\0174AT\243\236\370\274\027\336"
 183      06E2650F 
 183      344154A3 
 183      9EF8BC17 
 183      DE
 184 045e F746F30A 		.ascii	"\367F\363\012\311\356\203`_4\375\020|\025M0\311\351"
 184      C9EE8360 
 184      5F34FD10 
 184      7C154D30 
 184      C9E9
 185 0470 CFF0D01A 		.ascii	"\317\360\320\032\202\217^C3\000\315\353h\006\242y\003"
 185      828F5E43 
 185      3300CDEB 
 185      6806A279 
 185      03
 186 0481 CD9B6806 		.ascii	"\315\233h\006\241\031\214&\024M\030\232p4C\320\014E"
 186      A1198C26 
 186      144D189A 
 186      703443D0 
 186      0C45
 187 0493 330CCD70 		.ascii	"3\014\315p4o\241\031\201\346m4#\321\214B3\032\315\030"
 187      346FA119 
 187      81E66D34 
 187      23D18C42 
 187      331ACD18 
 188 04a7 3463D1BC 		.ascii	"4c\321\274\203f\034\232\361h\"\320\274\213\346=4\023"
 188      83661C9A 
 188      F16822D0 
 188      BC8BE63D 
 188      3413
 189 04b9 D04C4433 		.ascii	"\320LD3\011\315\373h&\243\231\202f*\225~\032\325r:\225"
 189      09CDFB68 
 189      26A39982 
ARM GAS  /tmp/ccijAif7.s 			page 15


 189      662A957E 
 189      1AD5723A 
 190 04ce 71065570 		.ascii	"q\006Up&\025z\026\025O\222\312\351\310_\301\341\037"
 190      26157A16 
 190      154F92CA 
 190      E9C85FC1 
 190      E11F
 191 04e0 F91A8B7B 		.ascii	"\371\032\213{\342,\335;\022Od.nqq3\264\300\247\373v"
 191      E22CDD3B 
 191      124F642E 
 191      6E717133 
 191      B4C0A7FB 
 192 04f5 D606E049 		.ascii	"\326\006\340I\337\014\363\367\033L5yU\356\375Xx\371"
 192      DF0CF3F7 
 192      1B4C3579 
 192      55EEFD58 
 192      78F9
 193 0507 08AFE6DF 		.ascii	"\010\257\346\337\003\3140\277\015\302\253\324Y\316\204"
 193      03CC30BF 
 193      0DC2ABD4 
 193      59CE84
 194 0516 932FF881 		.ascii	"\223/\370\201\323\246+\025u2:Y\240!\236\271C\335w\207"
 194      D3A62B15 
 194      75323A59 
 194      A0219EB9 
 194      43DD7787 
 195 052a F213A136 		.ascii	"\362\023\2416\272\012N\212\001\003%\326\250\016e\005"
 195      BA0A4E8A 
 195      010325D6 
 195      A80E6505 
 196 053a 3F16A250 		.ascii	"?\026\242P\037\273\251\376\202\272\377X\372J\037\242"
 196      1FBBA9FE 
 196      82BAFF58 
 196      FA4A1FA2 
 197 054a CE915893 		.ascii	"\316\221X\223\232j\003?p\252\276\2709\307JY@\023\332"
 197      9A6A033F 
 197      70AABEB8 
 197      39C74A59 
 197      4013DA
 198 055d B912AAD1 		.ascii	"\271\022\252\321\035*@\204\332},1\325@\241\354\001\022"
 198      1D2A4084 
 198      DA7D2C31 
 198      D540A1EC 
 198      0112
 199 056f 5BC655B1 		.ascii	"[\306U\261\272\200#\256\370\035e\367\030\3052K,\226"
 199      BA8023AE 
 199      F81D65F7 
 199      18C5324B 
 199      2C96
 200 0581 9C621F24 		.ascii	"\234b\037$Ts\341\364\002x\334,/:oA\017\023,\2178\036"
 200      5473E1F4 
 200      0278DC2C 
 200      2F3A6F41 
 200      0F132C8F 
 201 0597 44C596DD 		.ascii	"D\305\226\335\305\276\2341N\270\276\350\202\0233g\371"
 201      C5BE9C31 
 201      4EB8BEE8 
ARM GAS  /tmp/ccijAif7.s 			page 16


 201      82133367 
 201      F9
 202 05a8 C9555962 		.ascii	"\311UYbTX8\361\340\375#\213\277\0327O\361\001\207e\273"
 202      545838F1 
 202      E0FD238B 
 202      BF1A374F 
 202      F1018765 
 203 05bd BE5F6326 		.ascii	"\276_c&\007\010\347\240pR%c.\336\025\222\341Sm\0155"
 203      0708E7A0 
 203      70522563 
 203      2EDE1592 
 203      E1536D0D 
 204 05d2 0B2B1987 		.ascii	"\013+\031\207\311\343\207\257F\273\370L[Imd%\223a\012"
 204      C9E387AF 
 204      46BBF84C 
 204      5B496D64 
 204      2593610A 
 205 05e6 780102D3 		.ascii	"x\001\002\323l;\227T2\003\324\221_\372\320\305\247\333"
 205      6C3B9754 
 205      3203D491 
 205      5FFAD0C5 
 205      A7DB
 206 05f8 0ED72EAD 		.ascii	"\016\327.\255dF(\016\257\306\3473l\005H\300\344\371"
 206      6446280E 
 206      AFC6E733 
 206      6C0548C0 
 206      E4F9
 207 060a 9AEB00CC 		.ascii	"\232\353\000\314\262U\327\316\201\224\015\356\224\357"
 207      B255D7CE 
 207      81940DEE 
 207      94EF
 208 0618 672430D5 		.ascii	"g$0\325\361\036V\031\256,\\H\270d\350D\017\35199\204"
 208      F11E5619 
 208      AE2C5C48 
 208      B864E844 
 208      0FE93939 
 209 062d 79C9C54D 		.ascii	"y\311\305M-\013e\206B-\027\325\374\322Ym\020N/\203\237"
 209      2D0B6586 
 209      422D17D5 
 209      FCD2596D 
 209      104E2F83 
 210 0642 D235B1A5 		.ascii	"\3225\261\245\313\033\270@\273\301\003\364+q\346)Hw"
 210      CB1BB840 
 210      BBC103F4 
 210      2B71E629 
 210      4877
 211 0654 2A7C37E1 		.ascii	"*|7\341\3668c\254@\003a\010\3623\211\373\036\254\177"
 211      F63863AC 
 211      40036108 
 211      F23389FB 
 211      1EAC7F
 212 0667 10A0C2EB 		.ascii	"\020\240\302\353\022\023  =\304\240\215\031\177\022"
 212      12132020 
 212      3DC4A08D 
 212      197F12
 213 0676 504F915A 		.ascii	"PO\221ZsW\232\241+Wp%\211:\205\327\013\374Z\006\357"
 213      73579AA1 
ARM GAS  /tmp/ccijAif7.s 			page 17


 213      2B577025 
 213      893A85D7 
 213      0BFC5A06 
 214 068b 0DCD07A8 		.ascii	"\015\315\007\250w\360W\000\027mtr_\264\200\372@\360"
 214      77F05700 
 214      176D7472 
 214      5FB480FA 
 214      40F0
 215 069d 16426581 		.ascii	"\026Be\201\366\205\007-\204*\364~\360\240\345\030\257"
 215      F685072D 
 215      842AF47E 
 215      F0A0E518 
 215      AF
 216 06ae 4256C565 		.ascii	"BV\305e\261g\350\3676\013\264\337JL\277\237\367\230"
 216      B167E8F7 
 216      360BB4DF 
 216      4A4CBF9F 
 216      F798
 217 06c0 C1E007C8 		.ascii	"\301\340\007\310\361C5u\307\315\002\012i\331o2\375\012"
 217      F1433575 
 217      C7CD020A 
 217      69D96F32 
 217      FD0A
 218 06d2 F3CD932D 		.ascii	"\363\315\223-\277\370'\263\315\360\316\206\225\332\237"
 218      BFF827B3 
 218      CDF0CE86 
 218      95DA9F
 219 06e1 ADC296C1 		.ascii	"\255\302\226\301\227|\301\352C\226\301\351\366xx\340"
 219      977CC1EA 
 219      4396C1E9 
 219      F67878E0 
 220 06f1 CB56F364 		.ascii	"\313V\363d\366\220^\004l\015\037\214\343<u6(s\363\232"
 220      F6905E04 
 220      6C0D1F8C 
 220      E33C7536 
 220      2873F39A 
 221 0705 CBBD44DC 		.ascii	"\313\275D\334\2635\000F\002\034\301:g\271Q\200\257\023"
 221      B3350046 
 221      021CC13A 
 221      67B95180 
 221      AF13
 222 0717 2E634689 		.ascii	".cF\211?uC\254\305\350\313\340\010\333\363\271\031|"
 222      3F7543AC 
 222      C5E8CBE0 
 222      08DBF3B9 
 222      197C
 223 0729 E2C9E053 		.ascii	"\342\311\340S>\030\302\221\264\257\037\271\245\015\354"
 223      3E18C291 
 223      B4AF1FB9 
 223      A50DEC
 224 0738 B096CF28 		.ascii	"\260\226\317(\022\375\002\232\340\326\222\247$\371\006"
 224      12FD029A 
 224      E0D692A7 
 224      24F906
 225 0747 4C95D052 		.ascii	"L\225\320R\247hy\023B\003.\264T+n\203\0107tV\313\347"
 225      A7687913 
 225      42032EB4 
ARM GAS  /tmp/ccijAif7.s 			page 18


 225      542B6E83 
 225      08377456 
 226 075d 9E0C1251 		.ascii	"\236\014\022Q\313 1M\315Z\006wX\313Z\212D?\222}\341"
 226      CB20314D 
 226      CD5A0677 
 226      58CB5A8A 
 226      443F927D 
 227 0772 D6E2CE3C 		.ascii	"\326\342\316<\264YK\271\202\204\271p\264P\241\245D\321"
 227      B4594BB9 
 227      8284B970 
 227      B450A1A5 
 227      44D1
 228 0784 124EB8B1 		.ascii	"\022N\270\261\263Z\326y2\370\022\243\207\343\033\251"
 228      B35AD679 
 228      32F812A3 
 228      87E31BA9 
 229 0794 38EEC0FA 		.ascii	"8\356\300\372 \021\236\323\212\021_!FxE\300\323sq\307"
 229      20119ED3 
 229      8A115F21 
 229      467845C0 
 229      D37371C7 
 230 07a8 D6F7124F 		.ascii	"\326\367\022Oi\3457\344;\350un\202\225\277\276\331\331"
 230      69E537E4 
 230      3BE8756E 
 230      8295BFBE 
 230      D9D9
 231 07ba 44EF1398 		.ascii	"D\357\023\230\342\206\013JY\206t\270,\033()\3741\233"
 231      E2860B4A 
 231      598674B8 
 231      2C1B2829 
 231      FC319B
 232 07cd 6D5497   		.ascii	"mT\227"
 233 07d0 6528AC0C 		.ascii	"e(\254\014\357\262\014\203\320\200{\227e8\341\335\251"
 233      EFB20C83 
 233      D0807B97 
 233      6538E1DD 
 233      A9
 234 07e1 2CDBBAB7 		.ascii	",\333\272\267Q\226>\317\315`\223'\203\315X\226\341\244"
 234      51963ECF 
 234      CD609327 
 234      83CD5896 
 234      E1A4
 235 07f3 C9ECD6F4 		.ascii	"\311\354\326\364\314\255\351\255\016kJ\242\210\006\214"
 235      CCADE9AD 
 235      0E6B4AA2 
 235      88068C
 236 0802 98ACD634 		.ascii	"\230\254\3264\242\225\246\267!4\340\336\232F\022\336"
 236      A295A6B7 
 236      2134E0DE 
 236      9A4612DE 
 237 0812 694D5F79 		.ascii	"iM_y2\330\202\232F\222&\213\242\251\346\331\317\212"
 237      32D8829A 
 237      4692268B 
 237      A2A9E6D9 
 237      CF8A
 238 0824 A6511DD6 		.ascii	"\246Q\035\326\264\225\"\0321\3426\365R\034\335j)\216"
 238      B495221A 
ARM GAS  /tmp/ccijAif7.s 			page 19


 238      31E236F5 
 238      521CDD6A 
 238      298E
 239 0836 81D0807B 		.ascii	"\201\320\200{/\305\261\204s\321\276mi\352\375\334\014"
 239      2FC5B184 
 239      73D1BE6D 
 239      69EAFDDC 
 239      0C
 240 0847 B67B32D8 		.ascii	"\266{2\330\201\232\306\222&\037\367<\345\335R4\275\323"
 240      819AC692 
 240      261FF73C 
 240      E5DD5234 
 240      BDD3
 241 0859 614D3B3D 		.ascii	"aM;=\021S\324\232\306\265\3224\036B\003\356\255)\202"
 241      1153D49A 
 241      C6B5D234 
 241      1E4203EE 
 241      AD2982
 242 086c F04E6BDA 		.ascii	"\360Nk\332\345\311 \0255EH\264\350R\223\334\213\256"
 242      E5C92015 
 242      354548B4 
 242      E85293DC 
 242      8BAE
 243 087e C52AF375 		.ascii	"\305*\363u+=qQQ\372n\207\225\356\366\364\370\036uG\276"
 243      2B3D7151 
 243      51FA6E87 
 243      95EEF6F4 
 243      F81E7547 
 244 0893 D7AA2327 		.ascii	"\327\252#'@h\300\275;r\"\341\235\356\3104O\006\351\250"
 244      4068C0BD 
 244      3B7222E1 
 244      9DEEC834 
 244      4F06E9A8 
 245 08a7 742269F2 		.ascii	"t\"i\362sk:\351\3264\251\303\232\366zz<C\255\351\375"
 245      736B3AE9 
 245      D634A9C3 
 245      9AF67A7A 
 245      3C43ADE9 
 246 08bc 569A2643 		.ascii	"V\232&Ch\300\2755M!\274\323\232\366y2\310DMSH\223U\354"
 246      68C0BD35 
 246      4D21BCD3 
 246      9AF67932 
 246      C8444D53 
 247 08d4 AE4A9D8D 		.ascii	"\256J\235\215\337\015\027\233\275\251\260!\204}\214"
 247      DF0D179B 
 247      BDA9B021 
 247      847D8C
 248 08e3 78DDDE4A 		.ascii	"x\335\336J\012TP\367\236\017\366\355\376\300\251\300"
 248      0A5450F7 
 248      9E0FF6ED 
 248      FEC0A9C0 
 249 08f3 FFFD9369 		.ascii	"\377\375\223i\217t9[\331\267O\203\257ad\022Z\232=Z\240"
 249      8F74395B 
 249      D9B74F83 
 249      AF616412 
 249      5A9A3D5A 
 250 0908 D3E10BCD 		.ascii	"\323\341\013\315\275\347.qVf\217\020\360\014\370n\360"
ARM GAS  /tmp/ccijAif7.s 			page 20


 250      BDE72E71 
 250      56668F10 
 250      F00CF86E 
 250      F0
 251 0919 C0774709 		.ascii	"\300wG\011t&\276\330\0254\321\3718;\\\300\263\304\033"
 251      7426BED8 
 251      1534D1F9 
 251      383B5CC0 
 251      B3C41B
 252 092c FDFCA65D 		.ascii	"\375\374\246]q\342\215\016\233\324\375\312\2266\000"
 252      71E28D0E 
 252      9BD4FDCA 
 252      963600
 253 093b F22866CB 		.ascii	"\362(f\313\272Hu\360eQ\312\226\345\036(\224\305>\020"
 253      BA4875F0 
 253      6551CA96 
 253      E51E2894 
 253      C53E10
 254 094e 73852F43 		.ascii	"s\205/C\200\207\205\206\206MX\270h\336\242\331\037\204"
 254      80878586 
 254      864D58B8 
 254      68DEA2D9 
 254      1F84
 255 0960 452D095B 		.ascii	"E-\011[872,:*f\351\222\260\017\3760s\330\320\260\031"
 255      3837322C 
 255      3A2A66E9 
 255      92B00FFE 
 255      3073D8D0 
 256 0976 3326864D 		.ascii	"3&\206M\376\335\324\331\177\037\032\026=7\362\317\221"
 256      FEDDD4D9 
 256      7F1F1A16 
 256      3D37F2CF 
 256      91
 257 0987 91F343FF 		.ascii	"\221\363C\377\"\031\320\303\260x\356\222\277\032\026"
 257      2219D0C3 
 257      B078EE92 
 257      BF1A16
 258 0996 47CD5F60 		.ascii	"G\315_`D\023c\212Z\372\317\350\0051\346\250%\321\013"
 258      4413638A 
 258      5AFACFE8 
 258      0531E6A8 
 258      25D10B
 259 09a9 16CC8F31 		.ascii	"\026\314\2171F\377-z~\214an\344\322\030y\336\242\245"
 259      46FF2D7A 
 259      7E8C616E 
 259      E4D21879 
 259      DEA2A5
 260 09bc 46F88486 		.ascii	"F\370\204\206[\360\026y|\361\020\276x(_<\374\377\334"
 260      5BF01679 
 260      7CF110BE 
 260      78285F3C 
 260      FCFFDC
 261 09cf 83FE0B   		.ascii	"\203\376\013"
 262              		.text
 263              		.section	.gnu.lto_.symbol_nodes.6e7d5c4e90179dc7,"",%progbits
 264 0000 789C6366 		.ascii	"x\234cf``\310a\200\002\246n\246z\006\206\011\347\030"
 264      6060C861 
ARM GAS  /tmp/ccijAif7.s 			page 21


 264      8002A66E 
 264      A67A0686 
 264      09E718
 265 0013 18EAEB19 		.ascii	"\030\352\353\031\256,\350\340a`\352a\252g\204\211\\"
 265      AE2CE8E0 
 265      6160EA61 
 265      AA678489 
 265      5C
 266 0024 5BC0C1C0 		.ascii	"[\300\301\300\324\313T\317\204,\300\314\310\300\320"
 266      D4CB54CF 
 266      842CC0CC 
 266      C8C0D0
 267 0033 DCFE663E 		.ascii	"\334\376f>\007\210q\030\306h\356\202\211\300\030\315"
 267      07887118 
 267      C668EE82 
 267      89C018CD 
 268 0043 DD301110 		.ascii	"\3350\021\020\203\001\000\307V L"
 268      830100C7 
 268      56204C
 269              		.text
 270              		.section	.gnu.lto_.refs.6e7d5c4e90179dc7,"",%progbits
 271 0000 789C6366 		.ascii	"x\234cf```d\200\002\000\000=\000\005"
 271      60606064 
 271      80020000 
 271      3D0005
 272              		.text
 273              		.section	.gnu.lto_.decls.6e7d5c4e90179dc7,"",%progbits
 274 0000 789CCD58 		.ascii	"x\234\315XkPTG\026\236\276=3\014\303\200\251\220\030"
 274      6B505447 
 274      169EBE3D 
 274      330CC380 
 274      A99018
 275 0013 D7A47691 		.ascii	"\327\244v\221\255e\315K|%\225\237Q j\326\304\251\301"
 275      AD65CD4B 
 275      7C25959F 
 275      51206AD6 
 275      C4A9C1
 276 0026 6C766B7F 		.ascii	"lvk\177\020\"\250\324\242P\200\273f\367\317\205AE\005"
 276      1022A8D4 
 276      A25080BB 
 276      66F7CF85 
 276      414505
 277 0039 19011F80 		.ascii	"\031\001\037\200\312\240\340\200hP\021\024\037@ \" "
 277      CAA0E080 
 277      68501114 
 277      1F402022 
 277      20
 278 004a E0031545 		.ascii	"\340\003\025E\205\001\345!\240\250A\036\202\260\247"
 278      8501E521 
 278      A0A8411E 
 278      82B0A7
 279 0059 BBEFDC99 		.ascii	"\273\357\334\231\271^\223l\355\237\235\252o\356=\335"
 279      B95E936C 
 279      ED9F9DAA 
 279      6FEE3DDD 
 280 0069 5F9F3E7D 		.ascii	"_\237>}\036\367v_\254P(\314H\241\230\204_\332\333\012"
 280      1EF7765F 
ARM GAS  /tmp/ccijAif7.s 			page 22


 280      AC5028CC 
 280      48A19884 
 280      5FDADB0A 
 281 007d C52758A1 		.ascii	"\305'X\241PB\233^a\377A\223B\003\234?\000\346#\305K"
 281      50429B5E 
 281      61FF4193 
 281      42039C3F 
 281      00E623C5 
 282 0092 3FD2A715 		.ascii	"?\322\247\025\306x\000t\200~2\016\332g\300\225\203\353"
 282      C6780074 
 282      807E320E 
 282      DA67C095 
 282      83EB
 283 00a4 47805EB8 		.ascii	"G\200^\270/\0268\023\2006\3000\300\012\030\005\264\003"
 283      2F163813 
 283      8036C030 
 283      C00A1805 
 283      B403
 284 00b6 C600AD80 		.ascii	"\306\000\255\200\021\300=\300s\300}\3008\240\023\200"
 284      11C03DC0 
 284      73C07DC0 
 284      38A01380 
 285 00c6 84F9A43F 		.ascii	"\204\371\244?b\233\207\304\206\031\320f\024l \266\304"
 285      629B87C4 
 285      8619D066 
 285      146C20B6 
 285      C4
 286 00d7 2136BF17 		.ascii	"!6\277\027\\\343\001\033\020\263S\015W\015\\\243\340"
 286      5CE3011B 
 286      10B3530D 
 286      570D5CA3 
 286      E0
 287 00e8 FA2FC0DB 		.ascii	"\372/\300\333\200\337\000\246\001\246\002\336\002\274"
 287      80DF00A6 
 287      01A602DE 
 287      02BC
 288 00f6 03E08479 		.ascii	"\003\340\204y\344\346'~q\223\314\377Gh{\0370\013P\244"
 288      E4E6277E 
 288      7193CCFF 
 288      47687B1F 
 288      300B50A4 
 289 010a 60767CAE 		.ascii	"`v|\256\260\373A-\370\300*\254\375\236\260V\333:\211"
 289      B0FB412D 
 289      F8C02AAC 
 289      FD9EB056 
 289      DB3A89
 290 011d 4E72DD28 		.ascii	"Nr\335(\231\357\011\207J\277\037lp\353\341\220\207\326"
 290      99EF0987 
 290      4ABF1F6C 
 290      70EBE190 
 290      87D6
 291 012f 8B88A753 		.ascii	"\213\210\247Sjv\253A\324i\225D\254\252\311\276\255\242"
 291      6A76AB41 
 291      D4699544 
 291      ACAAC9BE 
 291      ADA2
 292 0141 BD568EC8 		.ascii	"\275V\216\310-\227\216\265{\320\356\017\210\270\363"
ARM GAS  /tmp/ccijAif7.s 			page 23


 292      2D978EB5 
 292      7BD0EE0F 
 292      88B8F3
 293 0150 504F0886 		.ascii	"PO\010\206\240\300\355\201\335\355\327\264\037\034\342"
 293      A0C0ED81 
 293      DDEDD7B4 
 293      1F1CE2
 294 015f 793E81AF 		.ascii	"y>\201\257\030A\366\011b\017\236It\201!3\264Tl\313\034"
 294      1841F609 
 294      620F9E49 
 294      74812133 
 294      B4546CCB 
 295 0174 CD71A522 		.ascii	"\315q\245\"I\224)\244\251\274l\244Z\213\247R5\211\011"
 295      499429A4 
 295      A9BC6CA4 
 295      5A8BA752 
 295      358909
 296 0187 D65A2DFE 		.ascii	"\326Z-\376\035\271\347\212F\263\252\020\362\321\346"
 296      1DB9E78A 
 296      46B3AA10 
 296      F2D1E6
 297 0196 80D2C72D 		.ascii	"\200\322\307-)\325\357\360\274\022\035GZt\024at\030"
 297      29D5EFF0 
 297      BC121D47 
 297      5A741461 
 297      7418
 298 01a8 7D401647 		.ascii	"}@\026G\264\222_\002\317\307\361&#\357\272X\201,h:\312"
 298      B4925F02 
 298      CFC7F126 
 298      23EFBA58 
 298      812C683A 
 299 01bd 43D315E8 		.ascii	"C\323\025\350\030\362\001\002\245\242#\320\370=4\202"
 299      18F20102 
 299      A5A223D0 
 299      F83D3482 
 300 01cd DEF404FE 		.ascii	"\336\364\004\376\202\033\322\372\310\2169!3\206\032"
 300      821BD2FA 
 300      C88E3921 
 300      33861A
 301 01dc 70CA9832 		.ascii	"p\312\2302\225\030P\004\006\024\332\015\000{\304\245"
 301      95185004 
 301      0614DA0D 
 301      007BC4A5 
 302 01ec 1E6C4AC9 		.ascii	"\036lJ\311\230\242\005\265\306_\245\026FL\334\336\030"
 302      98A205B5 
 302      C65FA516 
 302      464CDCDE 
 302      18
 303 01fd AFC3FFA6 		.ascii	"\257\303\377\246KO*\312\310\320\340XD\205\021Sn\256"
 303      4B4F2ACA 
 303      C8D0E058 
 303      44851153 
 303      6EAE
 304 020f 12273021 		.ascii	"\022'0!g\307\316\303*\352u\015\021\317d\347\017h\260"
 304      67C7CEC3 
 304      2AEA750D 
 304      11CF64E7 
ARM GAS  /tmp/ccijAif7.s 			page 24


 304      0F68B0
 305 0222 89F595D7 		.ascii	"\211\365\225\327\3066h\361N&\\\354\030\371IG\211\257"
 305      C63668F1 
 305      4E265CEC 
 305      18F94947 
 305      89AF
 306 0234 11F1764A 		.ascii	"\021\361vJ\266\305\003g\260\276\306\011\323S\027\274"
 306      B6C50367 
 306      B0BEC609 
 306      D35317BC 
 307 0244 CF99E8C1 		.ascii	"\317\231\350\301\210\031\315\235\203\230\216\243Q\336"
 307      8819CD9D 
 307      83988EA3 
 307      51DE
 308 0252 519799AC 		.ascii	"Q\227\231\254\302fF5\265\2474)q>\023l\301\364b\301\334"
 308      C2664635 
 308      B5A73429 
 308      713E136C 
 308      C1F462C1 
 309 0267 D5377242 		.ascii	"\3257rBC\305\311IL\\\333\226\271\247]'\206\254\244\023"
 309      43C5C949 
 309      4C5CDB96 
 309      B9A75D27 
 309      86ACA413 
 310 027b 118F5583 		.ascii	"\021\217U\203\307*\355\036\363r\014\031\270J5S\201\312"
 310      C72AED1E 
 310      F3720C19 
 310      B84A3553 
 310      81CA
 311 028d C12515C4 		.ascii	"\301%\025\304O\347\301O^\202\237\252\240\361G\026\262"
 311      4FE7C14F 
 311      5E829FAA 
 311      A0F14716 
 311      B2
 312 029e 2D8FCC89 		.ascii	"-\217\314\211\330\246\367T\3256\032\211\032\320\373"
 312      D8A6F754 
 312      D5361A89 
 312      1AD0FB
 313 02ad 835D6F35 		.ascii	"\203]o5\3729\305\027d\025\243\223\003\311\035\010\237"
 313      FA39C517 
 313      6415A393 
 313      03C91D08 
 313      9F
 314 02be 60ABDB9A 		.ascii	"`\253\333\2326X\313\341STP\032\007\212\273\264\310\333"
 314      3658CBE1 
 314      5354501A 
 314      078ABBB4 
 314      C8DB
 315 02d0 DBD3C70C 		.ascii	"\333\323\307\014\372\036Ol\030Zb4\362i\323\350\264\265"
 315      FA1E4F6C 
 315      185A6234 
 315      F269D3E8 
 315      B4B5
 316 02e2 306D03F2 		.ascii	"0m\003\362\264\253\2379\035,x\017\376\024\204m\276\265"
 316      B4AB9F39 
 316      1D2C780F 
 316      FE14846D 
ARM GAS  /tmp/ccijAif7.s 			page 25


 316      BEB5
 317 02f4 499D379B 		.ascii	"I\2357\2332\353d\231 \001u;\254\2067\231\371O9{\246"
 317      32EB6499 
 317      2001753B 
 317      AC863799 
 317      F94F397B 
 318 0309 28281BCC 		.ascii	"((\033\314D\215`\361E\344\215\352\2217]\026Y\273\365"
 318      448D60F1 
 318      45E48DEA 
 318      91375D16 
 318      59BBF5
 319 031c 92056908 		.ascii	"\222\005i\010C!\254\332^gu\275\325\017\325\370)3\376"
 319      4321ACDA 
 319      5E6775BD 
 319      D50FD5F8 
 319      2933FE
 320 032f F4ADDB10 		.ascii	"\364\255\333\020\007\3577\274\251\361\326FK\243\216"
 320      07EF37BC 
 320      A9F1D646 
 320      4BA38E
 321 033e AF994D73 		.ascii	"\257\231Ms\267\014\014\272\202\336\260\247\246\335\364"
 321      B70C0CBA 
 321      82DEB0A7 
 321      A6DDF4
 322 034d 146A8F91 		.ascii	"\024j\217\221\377T\351h\017!\023{\232\300\236\313`\317"
 322      FF54E968 
 322      0F21137B 
 322      9AC09ECB 
 322      60CF
 323 035f 55C11E33 		.ascii	"U\301\0363\261\247\245[U\021\307Vx\351\325\212\251\351"
 323      B1A7A55B 
 323      5511C756 
 323      78E9D58A 
 323      A9E9
 324 0371 0D9B5C78 		.ascii	"\015\233\\xD\030/\333^\231\232\334<\345\015\230>\366"
 324      44182FDB 
 324      5E999ADC 
 324      3CE50D98 
 324      3EF6
 325 0383 95D32B9C 		.ascii	"\225\323+\234\346\2061\2517\367Oh\361 \213\\\372p}\365"
 325      E68631A9 
 325      37F74F68 
 325      F1208B5C 
 325      FA707DF5 
 326 0397 149AC0D3 		.ascii	"\024\232\300\323\210x\354\3072\243\033\036e}\374D\315"
 326      8878ECC7 
 326      32A31B1E 
 326      657DFC44 
 326      CD
 327 03a8 0B773CC1 		.ascii	"\013w<\301\004\333\343N\307\036w{\3576\365\273c#{\204"
 327      04DBE34E 
 327      C71E777B 
 327      EF36F5BB 
 327      63237B84 
 328 03bc 159525A4 		.ascii	"\025\225%\244jq\002\023\362:\032S\334)q&\210\356\305"
 328      6A710213 
 328      F23A1A53 
ARM GAS  /tmp/ccijAif7.s 			page 26


 328      DC297126 
 328      88EEC5
 329 03cf 79C53D2A 		.ascii	"y\305=*\310\006\370y\322\177\037o3\037\037k\275m\011"
 329      C806F879 
 329      D27F1F6F 
 329      331F1F6B 
 329      BD6D09
 330 03e2 AD88C7E8 		.ascii	"\255\210\307\350\032\030y\035\326\337\001~\020\327\177"
 330      1A18791D 
 330      D6DF017E 
 330      10D77F
 331 03f1 03392445 		.ascii	"\0039$E\274\321Z/D\241\030\242pNJ>K\311\026dc\233k,"
 331      BCD15A2F 
 331      44A118A2 
 331      704E4A3E 
 331      4BC91664 
 332 0409 6A817B52 		.ascii	"j\201{R\312\235)\241\326\212\324SRj\251\263\015\346"
 332      CA9D29A1 
 332      D68AD453 
 332      526AA9B3 
 332      0DE6
 333 041b 3A917A5A 		.ascii	":\221zZ\236jq\310L\236\206\"\037\010\207h_\207\220\231"
 333      9E6A71C8 
 333      4C9E8622 
 333      1F088768 
 333      5F879099 
 334 042f 3D90099D 		.ascii	"=\220\011\235\020\2156\200\025\320\016\350\006\264\002"
 334      108D3680 
 334      15D00EE8 
 334      06B402
 335 043e EE021E00 		.ascii	"\356\002\036\000\356\001\356\003\272\304l\201\331\357"
 335      EE01EE03 
 335      BAC46C81 
 335      D9EF
 336 044c 8AB3DF94 		.ascii	"\212\263\337\224\316~Kbh\253Hm\221\247:\254\277\\\344"
 336      CE7E4B62 
 336      68AB486D 
 336      91A73AAC 
 336      BF5CE4
 337 045f 96C8BACA 		.ascii	"\226\310\272\312\256\265Md\336\2262\357H\014\270(R\317"
 337      AEB54D64 
 337      DE9632EF 
 337      480CB828 
 337      52CF
 338 0471 C8C7CA9E 		.ascii	"\310\307\312\236\331\347,j\310\354\216\227\252\222F"
 338      D9E72C6A 
 338      C8EC8E97 
 338      AA9246
 339 0480 FD8E43D4 		.ascii	"\375\216C\324\233\345S\204-\005\036sg\006\317\355B\310"
 339      9BE55384 
 339      2D051E73 
 339      6706CFED 
 339      42C8
 340 0492 D347CEFD 		.ascii	"\323G\316\375\250\017\274\376\277D\200\232\332\263J"
 340      A80FBCFE 
 340      BF44809A 
 340      DAB34A
ARM GAS  /tmp/ccijAif7.s 			page 27


 341 04a1 837A4149 		.ascii	"\203zAI\201\375\271I\354\266\025\025\277+}\277N\267"
 341      81FDB949 
 341      ECB61515 
 341      BF2B7DBF 
 341      4EB7
 342 04b3 457C3152 		.ascii	"E|1R\256\275\026\373\221N\030E^C#%\026\017\2667\240"
 342      AEBD16FB 
 342      914E1845 
 342      5E432325 
 342      160FB637 
 343 04c8 1573FC6C 		.ascii	"\025s\374l\3173V\203\357\020q\274.\243T\207\023Y5e\231"
 343      CF335683 
 343      EF1071BC 
 343      2EA35487 
 343      13593565 
 344 04dd F63C53E1 		.ascii	"\366<S\341\024a\2530x\371\211\006\2473a\177a\351\327"
 344      1461AB30 
 344      78F98906 
 344      A733617F 
 344      61E9D7
 345 04f0 389BDD9F 		.ascii	"8\233\335\2370\037\276\200\261\205\011\225\017\013\266"
 345      301FBE80 
 345      B1850995 
 345      0F0BB6
 346 04ff 7AE002A1 		.ascii	"z\340\002\241\032s\223\2721>J\005\327\261\226\234\026"
 346      1A7393BA 
 346      313E4A05 
 346      D7B1969C 
 346      16
 347 0510 2D626508 		.ascii	"-be\010u\350\350\254\207`\352#j\352\220\340\251\027"
 347      75E8E8AC 
 347      8760EA23 
 347      6AEA90E0 
 347      A917
 348 0522 E0A971F0 		.ascii	"\340\251q\360\302\004`\0300\012\030\003\214\000\236"
 348      C2046018 
 348      300A1803 
 348      8C009E
 349 0531 DB9F6471 		.ascii	"\333\237dq\3261\207g\344\023\360\316\320+\313\010\236"
 349      D6318767 
 349      E413F0CE 
 349      D02BCB08 
 349      9E
 350 0542 EF9BF3D5 		.ascii	"\357\233\363\325\002uPJu.d\340\276\260\330\270O\345"
 350      0275504A 
 350      752E64E0 
 350      BEB0D8B8 
 350      4FE5
 351 0554 D53A70B7 		.ascii	"\325:p\267\212z\237I\2717$&L\212j\177\2227\301N\035"
 351      8A7A9F49 
 351      B9372426 
 351      4C8A6A7F 
 351      9237C14E 
 352 0569 10A90352 		.ascii	"\020\251\003R\252\344\031\375\220f\362\220L&\203\207"
 352      AAE419FD 
 352      9066F290 
 352      4C268387 
ARM GAS  /tmp/ccijAif7.s 			page 28


 353 0579 461D3CF4 		.ascii	"F\035<\364XV\221-\221Q[\331\231.5.\246\361\342*\033"
 353      5856912D 
 353      91515BD9 
 353      992E352E 
 353      A6F1E22A 
 354 058e 7AEA9592 		.ascii	"z\352\225\222\254\266\005\012\305r>\377U\254\250\231"
 354      ACB6050A 
 354      C5723EFF 
 354      55ACA899 
 355 059e 89611AC4 		.ascii	"\211a\032\304s\236h\322\236\305C\016Y\\\326\272\255"
 355      739E68D2 
 355      9EC5430E 
 355      595CD6BA 
 355      AD
 356 05af 40ED294C 		.ascii	"@\355)Lg~\325t\212_\234\013T\215\015\036\3371\305\261"
 356      677ED574 
 356      8A5F9C0B 
 356      548D0D1E 
 356      DF31C5B1 
 357 05c3 20E238C7 		.ascii	" \3428\307\2020r:\201x\265f\222GJ\216\265\241\277\321"
 357      8230723A 
 357      8178B566 
 357      92474A8E 
 357      B5A1BFD1 
 358 05d7 DDF3A4F5 		.ascii	"\335\363\244\365\321\270\206\266\221\302\211\347h\343"
 358      D1B886B6 
 358      91C289E7 
 358      68E3
 359 05e5 D39CFD59 		.ascii	"\323\234\375Yno\355\020^\265\257)\221~\252\203\302\215"
 359      6E6FED10 
 359      5EB5AF29 
 359      917EAA83 
 359      C28D
 360 05f7 DC5BF0BF 		.ascii	"\334[\360\277\201S2\255\347\252\236]q\3075\254\010\012"
 360      815332AD 
 360      E7AA9E5D 
 360      71C735AC 
 360      080A
 361 0609 CFF79578 		.ascii	"\317\367\225xx\355\343+\314\217\363\013\332<\322ys\034"
 361      78EDE32B 
 361      CC8FF30B 
 361      DA3CD279 
 361      731C
 362 061b 3F313989 		.ascii	"?19\211\350(\264\211\263\371BA\356\351\002P\002\347"
 362      E828B489 
 362      B3F94241 
 362      EEE90250 
 362      02E7
 363 062d 0503CF0E 		.ascii	"\005\003\317\016$^\321\320J\255\320\322\375\344ES:\242"
 363      245ED1D0 
 363      4AADD0D2 
 363      FDE44553 
 363      3AA2
 364 063f 959A4715 		.ascii	"\225\232G\025_\177\321\360[\274\001\323{\353\013\323"
 364      5F7FD1F0 
 364      5BBC01D3 
 364      7BEB0BD3 
ARM GAS  /tmp/ccijAif7.s 			page 29


 365 064f 09154E64 		.ascii	"\011\025NdBZ\335\366op*\273\217\2558\322\344B\007}B"
 365      425ADDF6 
 365      6F702ABB 
 365      8FAD38D2 
 365      E442077D 
 366 0664 C4C3874D 		.ascii	"\304\303\207M;]p\006\353\353.\353\3479\332\247'\342"
 366      3B5D7006 
 366      EBEB2EEB 
 366      E739DAA7 
 366      27E2
 367 0676 83F20767 		.ascii	"\203\362\007g\335p6\353\313\332v|\224\235(\"\351V\363"
 367      DD7036EB 
 367      CBDA767C 
 367      949D2822 
 367      E956F3
 368 0689 668207CE 		.ascii	"f\202\007\316c]'\312\213\236\262\355j\002\2215m\246"
 368      635D27CA 
 368      8B9EB2ED 
 368      6A029135 
 368      6DA6
 369 069b F27D2A56 		.ascii	"\362}*V\330>\336Nu\275\231\233\216\266p\304A;8\226+"
 369      D83EDE4E 
 369      75BD999B 
 369      8EB670C4 
 369      413B3896 
 370 06b0 1910C84C 		.ascii	"\031\020\310L\316\033\245\003v\003v\002v\001\366p\366"
 370      CE1BA503 
 370      76037602 
 370      7601F670 
 370      F6
 371 06c1 DD096CDA 		.ascii	"\335\011l\332\012?O\345\371\234i4[\222\301Cd\270\230"
 371      0A3F4FE5 
 371      F99C6934 
 371      5B92C143 
 371      64B898
 372 06d4 0C26CEA9 		.ascii	"\014&\316\251\374xs\315\273\220\336\204\272]JM\341\034"
 372      FC7873CD 
 372      BB90DE84 
 372      BA5D4A4D 
 372      E11C
 373 06e6 4B8A379F 		.ascii	"K\2127\237\2621\223\244\314m\022\346a\0333Q\312t|\370"
 373      B23193A4 
 373      CC6D12E6 
 373      611B3351 
 373      CA747CF8 
 374 06fa D3B4DE9B 		.ascii	"\323\264\336\233O\252\0178/W\037o\315\313\377\222\027"
 374      4FAA0F38 
 374      2F571F6F 
 374      CDCBFF92 
 374      17
 375 070b 346D956A 		.ascii	"4m\225j\232\351<\345\035\333\224\251Rb\032\347T\246"
 375      9AE93CE5 
 375      1DDB94A9 
 375      52621AE7 
 375      54A6
 376 071d D983874F 		.ascii	"\331\203\207O\272\340B\032\015\256\240\2559\011\366"
 376      BAE0421A 
ARM GAS  /tmp/ccijAif7.s 			page 30


 376      0DAEA0AD 
 376      3909F6
 377 072c EE9ED494 		.ascii	"\356\236\324\224\347PaY0r\257\230U\324.\372\223\013"
 377      E7506159 
 377      3072AF98 
 377      55D42EFA 
 377      930B
 378 073e 0CDA07F1 		.ascii	"\014\332\007\361\370\265\261\201\231\267m\252\036\361"
 378      F8B5B181 
 378      99B76DAA 
 378      1EF1
 379 074c 702A5139 		.ascii	"p*Q9M\212_R\363\242\272\255J\353X\236f\247\362\314\026"
 379      4D8A5F52 
 379      F3A2BAAD 
 379      4AEB589E 
 379      66A7F2CC 
 380 0761 CBB363B0 		.ascii	"\313\263c\2603\005\323R\314\026\313\263\270\263~\223"
 380      3305D352 
 380      CC16CBB3 
 380      B8B37E93 
 381 0771 EE959578 		.ascii	"\356\225\225x\200V\342~[%v\3445\237q\301\245,qO\266"
 381      8056E27E 
 381      5B2576E4 
 381      359F71C1 
 381      A52C714F 
 382 0786 F75F7387 		.ascii	"\367_s\207J4C%n}4\333\241\022a\024\312q\250\304\034"
 382      4A344325 
 382      6E7D34DB 
 382      A1126114 
 382      CA71A8C4 
 383 079b 5B25E6D2 		.ascii	"[%\346\322J\034\255\333\270\311\035_`\016O\2763\370"
 383      4A1CADDB 
 383      B8C91D5F 
 383      600E4FBE 
 383      33F8
 384 07ad 7BA4F379 		.ascii	"{\244\363y\305\333\026\345\201\037\354/\\z\362\231\310"
 384      C5DB16E5 
 384      811FEC2F 
 384      5C7AF299 
 384      C8
 385 07be ED5D08FB 		.ascii	"\355]\010\373cd\2015\034\264G\006X\342\263/\345j"
 385      63648135 
 385      1CB44706 
 385      58E2B32F 
 385      E56A
 386 07d0 7D911BBE 		.ascii	"}\221\033\276\312f\350\316\313\350s\025\216M\326\311"
 386      CA66E8CE 
 386      CBE87315 
 386      8E4DD6C9 
 387 07e0 5A2D6457 		.ascii	"Z-dW\001\247E\371\366\241E\350\347\016\320\2078\331"
 387      01A745F9 
 387      F6A145E8 
 387      E70ED087 
 387      38D9
 388 07f2 53EBD1CA 		.ascii	"S\353\321\312\3127q\033\233\242i\323\335jwa\012s\242"
 388      CA37711B 
 388      9BA269D3 
ARM GAS  /tmp/ccijAif7.s 			page 31


 388      DD6A7761 
 388      0A73A2
 389 0805 1B42DFC3 		.ascii	"\033B\337\303\004\207\177\355\004G\344'(\257\332;\254"
 389      04877FED 
 389      0447E427 
 389      28AFDA3B 
 389      AC
 390 0816 A4D122DA 		.ascii	"\244\321\"\332X\2642\207\033\214Z\332F\226P\310\036"
 390      58B43287 
 390      1B8C5ADA 
 390      469650C8 
 390      1E
 391 0827 A6035DC6 		.ascii	"\246\003]\306X\026V\342\222\243\254\261\373\334\215"
 391      581656E2 
 391      92A3ACB1 
 391      FBDC8D
 392 0836 BBE89571 		.ascii	"\273\350\225q=N\343z\314\026\327K?\234\3351\005\367"
 392      3D4EE37A 
 392      CC16D74B 
 392      3F9CDD31 
 392      05F7
 393 0848 B0B84EA6 		.ascii	"\260\270N\2465<V\013q\355+\234\343\020W\030\205\212"
 393      353C560B 
 393      71ED2B9C 
 393      E3105718 
 393      858A
 394 085a 1CE25A64 		.ascii	"\034\342Zd\213\353\011\032\327\314\374+I\364\344O\226"
 394      8BEB091A 
 394      D7CCFC2B 
 394      49F4E44F 
 394      96
 395 086b 98F08B27 		.ascii	"\230\360\213'\177T\314iINuw\307\261Sx\005=\330g46oV"
 395      7F54CC69 
 395      494E7577 
 395      C7B15378 
 395      053DD867 
 396 0883 E109664B 		.ascii	"\341\011fK\334\345\376{S\360\026%\025n\266Z+\334p\022"
 396      DCE5FE7B 
 396      53F01625 
 396      156EB65A 
 396      2BDC7012 
 397 0897 13F8E4EE 		.ascii	"\023\370\344\356x\214w0as\212\261[\2033\230Px|,\313"
 397      788C7730 
 397      61738AB1 
 397      5B833398 
 397      50787C2C 
 398 08ac 15EF63C2 		.ascii	"\025\357c\302\336\352\363W\325\330\302\204'7J\336\307"
 398      DEEAF357 
 398      D5D8C284 
 398      27374ADE 
 398      C7
 399 08bd 47D97DCE 		.ascii	"G\331}\316\315\344=\030\2272a\264\261\273\030\343*&"
 399      CDE43D18 
 399      973261B4 
 399      B1BB18E3 
 399      2A26
 400 08cf 34E59912 		.ascii	"4\345\231\0224\270\236\011\307\017\344\226\270R\353"
ARM GAS  /tmp/ccijAif7.s 			page 32


 400      34B89E09 
 400      C70FE496 
 400      B852EB
 401 08de 3E25E2B3 		.ascii	">%\342\263\314\336\017\311\012y!WuZ\007\247Vq\020ex"
 401      CCDE0FC9 
 401      0A792157 
 401      755A07A7 
 401      56711065 
 402 08f3 0CA17769 		.ascii	"\014\241wi\374\232\237\244\305y\274n\022\216\267^\354"
 402      FC9A9FA4 
 402      C579BC6E 
 402      128EB75E 
 402      EC
 403 0904 A3492514 		.ascii	"\243I%\0248\333\360\374\310\275n\033C\277L\360\273M"
 403      38DBF0FC 
 403      C8BD6E1B 
 403      43BF4CF0 
 403      BB4D
 404 0916 1EF83A9B 		.ascii	"\036\370:\233\365P\353\230Q\205\333\230\3206\334V\311"
 404      F550EB98 
 404      5185DB98 
 404      D036DC56 
 404      C9
 405 0927 DE39B389 		.ascii	"\3369\263\211x!\2670K\215\273Y\337\205\276\241^\204"
 405      7821B730 
 405      4B8DBB59 
 405      DF85BEA1 
 405      5E84
 406 0939 0798D075 		.ascii	"\007\230\320u\244\372\200\007\036f\302-\313\246T\015"
 406      A4FA8007 
 406      1E66C22D 
 406      CBA6540D 
 407 0949 8E5539AD 		.ascii	"\216U9\255B\307Vq\276y\343\0035\336\314\372&Kv\327\272"
 407      42C75671 
 407      BE79E303 
 407      35DECCFA 
 407      264B76D7 
 408 095e E3ED4C28 		.ascii	"\343\355L(=f\032e\237\266\026\323X\324\304\235W\341"
 408      3D661A65 
 408      9FB616D3 
 408      58D4C49D 
 408      57E1
 409 0970 4CD69774 		.ascii	"L\326\227t\337|@\203s\231\220\376\260+Y\215\013\231"
 409      DF7C4083 
 409      739990FE 
 409      B02B598D 
 409      0B99
 410 0982 907036ED 		.ascii	"\220p6\355 S\377\027\272]\230\310\037p\307\245\254\257"
 410      2053FF17 
 410      BA5D98C8 
 410      1F70C7A5 
 410      ACAF
 411 0994 C0C24FC5 		.ascii	"\300\302O\305U\354\376hy\301f\306\373\206\206\343Pk"
 411      55ECFE68 
 411      79C166C6 
 411      FB8686E3 
 411      506B
ARM GAS  /tmp/ccijAif7.s 			page 33


 412 09a6 DE14DCC0 		.ascii	"\336\024\334\300\372n\234o\271\343\216\233\231\220i"
 412      FA6E9C6F 
 412      B9E38E9B 
 412      999069
 413 09b5 BA9ACEDE 		.ascii	"\272\232\316\336\211\253\211\270=7m#\207\333Y_yu\343"
 413      89AB89B8 
 413      3D376D23 
 413      87DB595F 
 413      7975E3
 414 09c8 7E57DCC5 		.ascii	"~W\334\305\204\347\211E\325\034\356e\302\261\353=\315"
 414      84E78945 
 414      D51CEE65 
 414      C2B1EB3D 
 414      CD
 415 09d9 5A3A6A3D 		.ascii	"Z:j=\021\315M\345\371:<\310\372v\234\335\223\302\246"
 415      11CD4DE5 
 415      F93A3CC8 
 415      FA769CDD 
 415      93C2A6
 416 09ec E6A9DC5B 		.ascii	"\346\251\334[4qO\205\237\323N\257\346\222\244D\304\316"
 416      34714F85 
 416      9FD34EAF 
 416      E692A444 
 416      C4CE
 417 09fe B5F23F4F 		.ascii	"\265\362?Ox\023\223\243\256\361qRi\377\254\374\343<"
 417      781393A3 
 417      AEF17152 
 417      69FFACFC 
 417      E33C
 418 0a10 39EED213 		.ascii	"9\356\322\023,T\3038\367s'\330K\005\266\023T\251\224"
 418      2C54C338 
 418      F77327D8 
 418      4B05B613 
 418      54A994
 419 0a23 3B53F2E2 		.ascii	";S\362\342\355y\037\230\220\026\350\274\300\264%\313"
 419      ED791F98 
 419      9016E8BC 
 419      C0B425CB 
 420 0a33 4BC7B23B 		.ascii	"K\307\262;\242\3222\251R\311y\333\234pD<\354I\251)\234"
 420      A2D232A9 
 420      52C979DB 
 420      9C70443C 
 420      EC49A929 
 421 0a48 C4D64651 		.ascii	"\304\326FQ\355)Y[\355Z\037\212\314\213Rf\275\323\253"
 421      ED29595B 
 421      ED5A1F8A 
 421      CC8B5266 
 421      BDD3AB
 422 0a5b 3FCE3C56 		.ascii	"?\316<V`\333w_\223R\233\244\006l\021\215m\225r\333$"
 422      60DB775F 
 422      93529BA4 
 422      066C118D 
 422      6D9572DB 
 423 0a70 6AFB45B5 		.ascii	"j\373E\265uR\3526\251\332\027\242\265\315/\271\313y"
 423      7552EA36 
 423      A9DA17A2 
 423      B5CD2FB9 
ARM GAS  /tmp/ccijAif7.s 			page 34


 423      CB79
 424 0a82 F71367BE 		.ascii	"\367\023g\276+\352-\227w\255C\300&l\001\273)\015\330"
 424      2BEA2D97 
 424      77AD43C0 
 424      266C01BB 
 424      290DD8
 425 0a95 2DCED95F 		.ascii	"-\316\331_\317E\013\256\312;\301\276o\031\260)m\224"
 425      CF450BAE 
 425      CA3BC1BE 
 425      6F19B029 
 425      6D94
 426 0aa7 2ABD2451 		.ascii	"*\275$QzKTzF\252\264T\232\206\243\"\367\212\224k\222"
 426      7A4B547A 
 426      46AAB454 
 426      9A86A322 
 426      F78A946B 
 427 0abc BAEB81C8 		.ascii	"\272\353\201\310\255\226r/HLx$R\033\344\363\300Am\253"
 427      AD96722F 
 427      484C7824 
 427      521BE4F3 
 427      C0416DAB 
 428 0ad0 C8AD9072 		.ascii	"\310\255\220r\245\337=\372Dj\255|p\355\324\026\221z"
 428      A5DF3DFA 
 428      446AAD7C 
 428      70EDD416 
 428      917A
 429 0ae2 56BE16ED 		.ascii	"V\276\026\355\324\233\"\365\264\274\277\354\324q\221"
 429      D49B22F5 
 429      B4BCBFEC 
 429      D47191
 430 0af1 7A5D3E63 		.ascii	"z]>c\034\276\246\210\324\037\344\227\345\340\202\021"
 430      1CBEA688 
 430      D41FE497 
 430      E5E08211 
 431 0b01 917B593E 		.ascii	"\221{Y>\012\3664\330\374\241\220\006w\244ip\327\316"
 431      0AF634D8 
 431      FCA19006 
 431      77A46970 
 431      D7CE
 432 0b13 74DC8496 		.ascii	"t\334\204\226@?\333\331\216\013;\320\027\260\257\350"
 432      403FDBD9 
 432      8E0B3BD0 
 432      17B0AFE8 
 433 0b23 82AD6207 		.ascii	"\202\255b\007`\030\360\0300\004h\007\334\007\364\003"
 433      6018F018 
 433      30046807 
 433      DC07F403 
 434 0b33 0601A380 		.ascii	"\006\001\243\200{\200\247\200I\3003@/\240\033\360\023"
 434      7B80A780 
 434      49C03340 
 434      2FA01BF0 
 434      13
 435 0b44 6000F01C 		.ascii	"`\000\360\034\360\004\360\010\320\003\030\001\364\001"
 435      F004F008 
 435      D0031801 
 435      F401
 436 0b52 1E0278EC 		.ascii	"\036\002x\354\215:\341:\006x\000\230\340\034N\251\365"
ARM GAS  /tmp/ccijAif7.s 			page 35


 436      8D3AE13A 
 436      06780098 
 436      E01C4EA9 
 436      F5
 437 0b63 05643B3F 		.ascii	"\005d;?.\263\235\2177Z\267\036\251\023?\013Y\345+\336"
 437      2EB39D8F 
 437      375AB71E 
 437      A9133F0B 
 437      59E52BDE 
 438 0b77 C17BBDA2 		.ascii	"\301{\275\242\367j\344\363\322\201;)r[\344\037{\357"
 438      F76AE4F3 
 438      D2813B29 
 438      725BE41F 
 438      7BEF
 439 0b89 095F9BB2 		.ascii	"\011_\233\262vu\325\250m\033\376\2445\032\024\207=\321"
 439      7675D5A8 
 439      6D1BFEA4 
 439      351A1487 
 439      3DD1
 440 0b9b 49FBD66D 		.ascii	"I\373\326m\\n\303o\3635\212\305>\3777\356&/\342\344"
 440      5C6EC36F 
 440      F3358AC5 
 440      3EFF37EE 
 440      262FE2E4 
 441 0baf A2736AA7 		.ascii	"\242sj\247\203:v:\250c\272E&W\262\235\032\332\333\212"
 441      833A763A 
 441      A863BA45 
 441      2657B29D 
 441      1ADADB8A 
 442 0bc3 643F1028 		.ascii	"d?\020(~\375\327\001\024\217=A\227\345Ag\271\323'3r"
 442      7EFDD701 
 442      148F3D41 
 442      97E54167 
 442      B9D32733 
 443 0bd8 18B74FBC 		.ascii	"\030\267O\274A\230x\003\2358\265(\273\310uF\026\331"
 443      41987803 
 443      9D38B528 
 443      BBC87546 
 443      16D9
 444 0bea CBE76FED 		.ascii	"\313\347o\355u\345\343\311\346\224n\"\231\312\215x\206"
 444      75E5E3C9 
 444      E6946E22 
 444      99CA8D78 
 444      86
 445 0bfb 42171DB3 		.ascii	"B\027\035\263f\336\334\240U\221a\021A1\352E_~\345\345"
 445      66DEDCA0 
 445      55916111 
 445      4131EA45 
 445      5F7EE5E5 
 446 0c0f A7D0AC0B 		.ascii	"\247\320\254\013[\033\003\2151\332\240 \333\355\207"
 446      5B1B038D 
 446      31DAA020 
 446      DBED87
 447 0c1e BEEBA2A3 		.ascii	"\276\353\242\243|\303\326\256\010_\027\022\352\2736"
 447      7CC3D6AE 
 447      085F1712 
 447      EABB36
ARM GAS  /tmp/ccijAif7.s 			page 36


 448 0c2d F49FE161 		.ascii	"\364\237\341a\337\372\256\011^\261:lm\250oPH\350\312"
 448      DFFAAE09 
 448      5EB13A6C 
 448      6DA86F50 
 448      48E8CA
 449 0c40 E075E131 		.ascii	"\340u\3411A1\337E\206F\317Z\255\360\226cG\177\027\355"
 449      4131DF45 
 449      8646CF5A 
 449      ADF09663 
 449      477F17ED 
 450 0c54 1B141D13 		.ascii	"\033\024\035\023\002\032\201\242\372b\231\177\200A\275"
 450      021A81A2 
 450      FA62997F 
 450      8041BD
 451 0c63 6CF95FF5 		.ascii	"l\371_\365\001\006\227e\201\372\200\000\177\203J\377"
 451      01069765 
 451      81FA8000 
 451      7F834AFF 
 452 0c73 95DEDF80 		.ascii	"\225\336\337\200\227\000\226\371\033\320\327\324\222"
 452      970096F9 
 452      1BD0D7D4 
 452      92
 453 0c80 391F8B96 		.ascii	"9\037\213\226\220[\034\035\032\243Z\021\036\032\034"
 453      905B1C1D 
 453      1AA35A11 
 453      1E1A1C
 454 0c8f 356FD62C 		.ascii	"5o\326,_\277\325a\337\206-\013\364\215\210\366]\035"
 454      5FBFD561 
 454      DF862D0B 
 454      F48D88F6 
 454      5D1D
 455 0ca1 1CEE1B19 		.ascii	"\034\356\033\031\021\025\023\355\033\270\374\213ys}"
 455      111513ED 
 455      1BB8FC8B 
 455      79737D
 456 0cb0 972EF5F7 		.ascii	"\227.\365\367]\244_\262\354\037s}#\203\303\203\302\303"
 456      5DA45FB2 
 456      EC1F737D 
 456      2383C383 
 456      C2C3
 457 0cc2 43605AB4 		.ascii	"C`Z\264X\2710\320`P.\365\373\223A\271\3403\303R\362"
 457      58B930D0 
 457      60502EF5 
 457      FB9341B9 
 457      E033C352 
 458 0cd7 B7182F34 		.ascii	"\267\030/4\030Tk\"BB\243\324\021d\015Q.\021\321\221"
 458      18546B22 
 458      4242A3D4 
 458      11640D51 
 458      2E11D191 
 459 0ceb A1A12151 		.ascii	"\241\241!Q\252\310u\221!Q8\"$J\031\2742*\234\374\255"
 459      AAC87591 
 459      21513822 
 459      244A19BC 
 459      322A9CFC 
 460 0d00 7EDDC165 		.ascii	"~\335\301e`\313\272\310\240\030M\330\332\260\030\322"
 460      60CBBAC8 
ARM GAS  /tmp/ccijAif7.s 			page 37


 460      A0184DD8 
 460      DAB018D2 
 461 0d10 F0DF9BB4 		.ascii	"\360\337\233\264B\241\326/\360\017\216\011V\353\027"
 461      42A1D62F 
 461      F00F8E09 
 461      56EB17
 462 0d1f B28B1FBB 		.ascii	"\262\213\037\273\370\263K\000\273,&\027W\375\202\245"
 462      F8B34B00 
 462      BB2C2617 
 462      57FD82A5 
 463 0d2f 7E116B57 		.ascii	"~\021kW\206\255r\017\022\306\007\221\231\265a\021d\226"
 463      86AD720F 
 463      12C60791 
 463      99B56111 
 463      6496
 464 0d41 B090A018 		.ascii	"\260\220\240\030\035\273]\023\034\375wbV\004YTP\314"
 464      1DBB5D13 
 464      1CFD7762 
 464      56045954 
 464      50CC
 465 0d53 9B221D0C 		.ascii	"\233\"\035\014^\025\025\261.\222\264\273\031\374\374"
 465      5E1515B1 
 465      2E92B4BB 
 465      19FCFC
 466 0d62 8296C372 		.ascii	"\202\226\303r\375CWr~\006\027\375\322\245~\237-2(\311"
 466      FD435772 
 466      7E0617FD 
 466      D2A57E9F 
 466      2D3228C9 
 467 0d76 1FF65B62 		.ascii	"\037\366[b\320,X\274p\216!p9\275\231k\273\231Gn\\\015"
 467      D02C58BC 
 467      708E2170 
 467      39BD996B 
 467      BB99476E 
 468 0d8c 01810186 		.ascii	"\001\201\001\206?\007\370\317\326,\320\333HzF\022\373"
 468      3F07F8CF 
 468      D62CD0DB 
 468      487A4612 
 468      FB
 469 0d9d E6B81005 		.ascii	"\346\270\020\005\001_\032\310u\256p\235\007W\2211\327"
 469      015F1AC8 
 469      75AE709D 
 469      07579131 
 469      D7
 470 0dae 858CA63D 		.ascii	"\205\214\246=z\312\020{\346\271\222\261K\365\244\215"
 470      7ACA107B 
 470      E6B992B1 
 470      4BF5A48D 
 471 0dbe 8C16EFE6 		.ascii	"\214\026\357\346\261;\033o\276+\321 \364\352m<[\357"
 471      B13B1B6F 
 471      BE2BD120 
 471      F4EA6D3C 
 471      5BEF
 472 0dd0 47CA85FE 		.ascii	"G\312\205\376~\260\226@{\323\307\252\300@\277E\006-"
 472      7EB09640 
 472      7BD3C7AA 
 472      C040BF45 
ARM GAS  /tmp/ccijAif7.s 			page 38


 472      062D
 473 0de2 2C76C9DC 		.ascii	",v\311\334@\262TI\314B\327\307\370\372}\021\270$\020"
 473      40B25449 
 473      CC42D7C7 
 473      F8FA7D11 
 473      B82410
 474 0df5 62C6C2F6 		.ascii	"b\306\302\366\331\374\365\353}i\320W\316\2373g}(\244"
 474      D9FCF5EB 
 474      7D69D057 
 474      CE9F3367 
 474      7D28A4
 475 0e08 D17F0013 		.ascii	"\321\177\000\023*\302E"
 475      2AC245
 476              		.text
 477              		.section	.gnu.lto_.symtab.6e7d5c4e90179dc7,"",%progbits
 478 0000 5F70616C 		.ascii	"_pal_lld_init\000\000\000\000\000\000\000\000\000\000"
 478      5F6C6C64 
 478      5F696E69 
 478      74000000 
 478      00000000 
 479 0017 00002501 		.ascii	"\000\000%\001\000\000_pal_lld_setgroupmode\000\000\000"
 479      00005F70 
 479      616C5F6C 
 479      6C645F73 
 479      65746772 
 480 0035 00000000 		.ascii	"\000\000\000\000\000\000\000\000\0004\001\000\000"
 480      00000000 
 480      00340100 
 480      00
 481              		.text
 482              		.section	.gnu.lto_.opts,"",%progbits
 483 0000 272D666E 		.ascii	"'-fno-trapv' '-fno-strict-overflow' '-mcpu=cortex-m"
 483      6F2D7472 
 483      61707627 
 483      20272D66 
 483      6E6F2D73 
 484 0033 34272027 		.ascii	"4' '-mfloat-abi=hard' '-mfpu=fpv4-sp-d16' '-mno-thu"
 484      2D6D666C 
 484      6F61742D 
 484      6162693D 
 484      68617264 
 485 0066 6D622D69 		.ascii	"mb-interwork' '-mthumb' '-ggdb' '-O0' '-Werror' '-f"
 485      6E746572 
 485      776F726B 
 485      2720272D 
 485      6D746875 
 486 0099 6F6D6974 		.ascii	"omit-frame-pointer' '-falign-functions=16' '-ffunct"
 486      2D667261 
 486      6D652D70 
 486      6F696E74 
 486      65722720 
 487 00cc 696F6E2D 		.ascii	"ion-sections' '-fdata-sections' '-fno-common' '-flt"
 487      73656374 
 487      696F6E73 
 487      2720272D 
 487      66646174 
 488 00ff 6F272027 		.ascii	"o' '-fsingle-precision-constant'\000"
ARM GAS  /tmp/ccijAif7.s 			page 39


 488      2D667369 
 488      6E676C65 
 488      2D707265 
 488      63697369 
 489              		.text
 490              		.comm	__gnu_lto_v1,1,1
 491              		.comm	__gnu_lto_slim,1,1
 492              		.ident	"GCC: (15:4.9.3+svn231177-1) 4.9.3 20150529 (prerelease)"
ARM GAS  /tmp/ccijAif7.s 			page 40


DEFINED SYMBOLS
                            *ABS*:0000000000000000 pal_lld.c
                            *COM*:0000000000000001 __gnu_lto_v1
                            *COM*:0000000000000001 __gnu_lto_slim

NO UNDEFINED SYMBOLS
