ARM GAS  /tmp/ccl1ySfq.s 			page 1


   1              		.syntax unified
   2              		.cpu cortex-m4
   3              		.eabi_attribute 27, 1
   4              		.eabi_attribute 28, 1
   5              		.fpu fpv4-sp-d16
   6              		.eabi_attribute 20, 1
   7              		.eabi_attribute 21, 1
   8              		.eabi_attribute 23, 3
   9              		.eabi_attribute 24, 1
  10              		.eabi_attribute 25, 1
  11              		.eabi_attribute 26, 1
  12              		.eabi_attribute 30, 6
  13              		.eabi_attribute 34, 1
  14              		.eabi_attribute 18, 4
  15              		.thumb
  16              		.file	"st.c"
  17              		.text
  18              	.Ltext0:
  19              		.section	.gnu.lto_.inline.8d8a173260df0c3,"",%progbits
  20 0000 789C6366 		.ascii	"x\234cf\300\016\336Bi.\006\0066V\006\006&\216\011~\014"
  20      C00EDE42 
  20      692E0606 
  20      36560606 
  20      268E097E 
  21 0015 2C0C4C20 		.ascii	",\014L !F\006\026f\240\010\313\007=\230\010\023\206"
  21      21460616 
  21      66A008CB 
  21      073D9808 
  21      1386
  22 0027 08338608 		.ascii	"\0103\206\010\013\2069\254\014,<@\021\246\005\362p\223"
  22      0B8639AC 
  22      0C2C3C40 
  22      11A605F2 
  22      7093
  23 0039 81B631B0 		.ascii	"\201\2661\2601p\253\002\205\331\016\330\301\215\347"
  23      3170AB02 
  23      85D90ED8 
  23      C18DE7
  24 0048 462138B0 		.ascii	"F!8\260\353\343d\340QC\265\000M\0377!\005\014\000\361"
  24      EBE364E0 
  24      5143B500 
  24      4D1F3721 
  24      050C00F1 
  25 005c 8A0C6A   		.ascii	"\212\014j"
  26              		.text
  27              		.section	.gnu.lto_st_lld_start_alarm.8d8a173260df0c3,"",%progbits
  28 0000 789C8D52 		.ascii	"x\234\215RKh\023A\030\236of7)\244\202\010^\212\240\020"
  28      4B681341 
  28      189E6F66 
  28      3729A482 
  28      085E8AA0 
  29 0015 4A2F264B 		.ascii	"J/&K\325\203\340E\320\213\322\342\241\275\373@!\201"
  29      D583E045 
  29      D08BD2E2 
  29      A1BDFB40 
  29      2181
  30 0027 48C504AF 		.ascii	"H\305\004\257\235\304\265\240\"\226\"R\220\320\026\015"
ARM GAS  /tmp/ccl1ySfq.s 			page 2


  30      9DC4B5A0 
  30      22962252 
  30      90D0160D 
  31 0037 3E62DB98 		.ascii	">b\333\230\332j\252\302\242\207\026T\252\247B\321\030"
  31      DA6AAAC2 
  31      A2871654 
  31      AAA742D1 
  31      18
  32 0048 30057B50 		.ascii	"0\005{P6\251PW)\361\237\211\201j}-\354\356\3743\337"
  32      36A95057 
  32      29F19F89 
  32      816A7D2D 
  32      ECEEFC33 
  33 005d FF3D6646 		.ascii	"\377=fF\260\365\317fz+\234\261\335\252\020\0144\004"
  33      B0F5CF66 
  33      7A2B9CB1 
  33      DDAA100C 
  33      3404
  34 006f 07A800EB 		.ascii	"\007\250\000\353\345\350\305\022\257p\364;\331\301@"
  34      E5E8C512 
  34      AF70F43B 
  34      D9C140
  35 007e 5B464AE9 		.ascii	"[FJ\351\016\314\347 \257\034\361\010\270\314\353\034"
  35      0ECCE720 
  35      AF1CF108 
  35      B8CCEB1C 
  36 008e B8893602 		.ascii	"\270\2116\002Md\276^\200\330\005\342Ca\354\363\313\300"
  36      4D64BE5E 
  36      80D805E2 
  36      4361ECF3 
  36      CBC0
  37 00a0 07EE716C 		.ascii	"\007\356qlS\345\364\300\354\240O\225\334P\345\331|\372"
  37      53E5F4C0 
  37      ECA04F95 
  37      DC50E5D9 
  37      7CFA
  38 00b2 86D97A5D 		.ascii	"\206\331z]\312\224\263\224\227{\015\217\013\334\202"
  38      CA94B394 
  38      977B0D8F 
  38      0BDC82
  39 00c1 203EDC46 		.ascii	" >\334F\013\356\240\205\321\024C\026\255\012^\261W\347"
  39      0BEEA085 
  39      D1144316 
  39      AD0A5EB1 
  39      57E7
  40 00d3 033E9BD4 		.ascii	"\003>\233\3247\3265q\027>\262(hm\250\337s\214\340\010"
  40      37D63571 
  40      173EB228 
  40      686DA8DF 
  40      738CE008 
  41 00e7 51951E2D 		.ascii	"Q\225\036-\3164\237\233\225v\251V\333\352\221\320Z\272"
  41      CE349F9B 
  41      9576A956 
  41      DBEA91D0 
  41      5ABA
  42 00f9 1F464711 		.ascii	"\037FG\021\374\251g\370q\246\317\374{\313\330\257-O"
  42      FCA967F8 
ARM GAS  /tmp/ccl1ySfq.s 			page 3


  42      71A6CFFC 
  42      7BCBD8AF 
  42      2D4F
  43 010b FED9328E 		.ascii	"\376\3312\216\340\370&G\326j\313o\252\227\366d\271\011"
  43      E0F82647 
  43      D66ACB6F 
  43      AA97F664 
  43      B909
  44 011d 8A63D0AE 		.ascii	"\212c\320\256R\036\241\206\206\3720V\326\373\267\310"
  44      521EA186 
  44      86FA3056 
  44      D6FBB7C8 
  45 012d E9271690 		.ascii	"\351'\026\220r\335\267U\241\242\255Pd\216O\317g\372"
  45      72DDB755 
  45      A1A2AD50 
  45      648E4FCF 
  45      67FA
  46 013f 4CB56706 		.ascii	"L\265g\006\005\227\006C\216\024\026\360\364\352\310"
  46      05970643 
  46      8E1416F0 
  46      F4EAC8
  47 014e 160522C4 		.ascii	"\026\005\"\304\273\362\334\353&\215Pg\210\311/C\037"
  47      BBF2DCEB 
  47      268D5067 
  47      88C92F43 
  47      1F
  48 015f 37A4712D 		.ascii	"7\244q-)\245C\326L\242\301=\345\212\326\312/.N5\205"
  48      29A543D6 
  48      4CA2C13D 
  48      E58AD6CA 
  48      2F2E4E35 
  49 0174 B2D286C7 		.ascii	"\262\322\206\307}\310#\215\252\026\247\245\363\205o"
  49      7DC8238D 
  49      AA16A7A5 
  49      F3856F
  50 0183 EF03D6A8 		.ascii	"\357\003\326\250\264\223\316v\217\3731\201\020\202:"
  50      B493CE76 
  50      8FFB3181 
  50      10823A
  51 0192 0BEEC35A 		.ascii	"\013\356\303Z!w\312[\256\330\360&\032F\334\341\206\221"
  51      2177CA5B 
  51      AED8F026 
  51      1A46DCE1 
  51      8691
  52 01a4 F5CAE2B7 		.ascii	"\365\312\342\267\312~Lje}\275\246\020Z\233\301OS\017"
  52      CA7E4C6A 
  52      657DBDA6 
  52      105A9BC1 
  52      4F530F
  53 01b7 3471CA7D 		.ascii	"4q\312}U\344u-\343\177\264\214?h=\324Z\372\276\024\264"
  53      55E4752D 
  53      E37FB48C 
  53      3F683DD4 
  53      5AFABE14 
  54 01cc D65CE9D9 		.ascii	"\326\\\351\331\345f\255Eg6M=E$\235\325\203\212X\305"
  54      E566AD45 
  54      67364D3D 
ARM GAS  /tmp/ccl1ySfq.s 			page 4


  54      45249DD5 
  54      838A58C5 
  55 01e0 2D2B5F04 		.ascii	"-+_\004o\017\207\255}\221\350\261\350\241.\253'nE\216"
  55      6F0F87AD 
  55      7D91E8B1 
  55      E8A12EAB 
  55      276E458E 
  56 01f4 C6AC533D 		.ascii	"\306\254S=\247\023q\253\253\273s\347\016\253\243c\277"
  56      A71371AB 
  56      ABBB73E7 
  56      0EABA363 
  56      BF
  57 0205 D57DA0F3 		.ascii	"\325}\240\363L\273\025O\034\216\305\216\207#\314HDO"
  57      4CBB154F 
  57      1C8EC58E 
  57      8723CC48 
  57      444F
  58 0217 9EF80E33 		.ascii	"\236\370\0163\272\027h"
  58      BA1768
  59              		.text
  60              		.section	.gnu.lto_st_lld_stop_alarm.8d8a173260df0c3,"",%progbits
  61 0000 789C658E 		.ascii	"x\234e\216\275K\202Q\024\207\357\357\276*\202\005\021"
  61      BD4B8251 
  61      1487EFEF 
  61      BE2A8205 
  61      11
  62 0011 44D052E0 		.ascii	"D\320R\340\340\244/\346\237PKT4\350\326\320\007\015"
  62      E0A42FE6 
  62      9F504B54 
  62      34E8D6D0 
  62      070D
  63 0023 0A8291D2 		.ascii	"\012\202\221\322\3525\254\305E\242!\010\261\206\350"
  63      EA35ACC5 
  63      45A22108 
  63      B186E8
  64 0032 C3FC6828 		.ascii	"\303\374h(\250\351\305E\241Bj\211\034\312A\373\030\012"
  64      A8E9C545 
  64      A1426A89 
  64      1CCA41FB 
  64      180A
  65 0044 CDA0DE21 		.ascii	"\315\240\336!\354\\m\010\272p\270\234{\236\373;\217"
  65      EC5C6D08 
  65      BA70B89C 
  65      7B9EFB3B 
  65      8F
  66 0055 C2FE9F3E 		.ascii	"\302\376\237>\252i0\346\222\215\302\300\031\025\350"
  66      AA6930E6 
  66      928DC2C0 
  66      1915E8
  67 0064 81818539 		.ascii	"\201\201\2059\302x\341\015\216\270\226\332\264\330v"
  67      C278E10D 
  67      8EB896DA 
  67      B4D876
  68 0073 8510F59B 		.ascii	"\205\020\365\233\273\034\304\306\254N`\223w2\260\007"
  68      BB1CC4C6 
  68      AC4E6093 
  68      7732B007 
ARM GAS  /tmp/ccl1ySfq.s 			page 5


  69 0083 1B23AA11 		.ascii	"\033#\252\021\375\276\265\230\242D\365tf\330\207\211"
  69      FDBEB598 
  69      A244F574 
  69      66D88789 
  70 0093 A240B3B3 		.ascii	"\242@\263\263\314\307\225\345\231\353\034C\022=_/n\232"
  70      CCC795E5 
  70      99EB1C43 
  70      123D5F2F 
  70      6E9A
  71 00a5 64CB0DB2 		.ascii	"d\313\015\262M\306u\315`\335\021b\245R\252\025\272V"
  71      4DC675CD 
  71      60DD1162 
  71      A552AA15 
  71      BA56
  72 00b7 8B225A69 		.ascii	"\213\"Zi\265\006u\256\310 \034`\000\207\030\370UF\012"
  72      B50675AE 
  72      C8201C60 
  72      008718F8 
  72      55460A
  73 00ca D66CAF26 		.ascii	"\326l\257&Z\255\346c>fMs\016&IVm\373\3248]J\031+\365"
  73      5AADE663 
  73      3E664D73 
  73      0E264956 
  73      6DFBD438 
  74 00e3 FAD3BB22 		.ascii	"\372\323\273\"\025>\2714x\273(\254\031\345J\205\004"
  74      153EB934 
  74      78BB28AC 
  74      19E54A85 
  74      04
  75 00f4 8581E188 		.ascii	"\205\201\341\210\022\313\310\327\267\373%D\304C\265"
  75      12CBC8D7 
  75      B7FB2544 
  75      C443B5
  76 0103 746D6E13 		.ascii	"tmn\023LJ\235|%_\273\023\330\212\010\241\221\212\201"
  76      4C4A9D7C 
  76      255FBB13 
  76      D88A08A1 
  76      918A81
  77 0116 62909616 		.ascii	"b\220\226\0264\253^\306N\315\366\224\210B\347Fd\220"
  77      34AB5EC6 
  77      4ECDF694 
  77      8842E746 
  77      6490
  78 0128 C07B7B39 		.ascii	"\300{{9\262\260\377M2\322S\216\376\334#\242\035\217"
  78      B2B0FF4D 
  78      32D2538E 
  78      FEDC23A2 
  78      1D8F
  79 013a CB3D92AA 		.ascii	"\313=\222\252\2221#\336\351p\250#^\337\274o\312\255"
  79      923123DE 
  79      E970A823 
  79      5EDFBC6F 
  79      CAAD
  80 014c 0682AA77 		.ascii	"\006\202\252w\316\257.\006\226BA\325\355\231t\015\253"
  80      CEAF2E06 
  80      964241D5 
  80      ED99740D 
ARM GAS  /tmp/ccl1ySfq.s 			page 6


  80      AB
  81 015d 1313A3AA 		.ascii	"\023\023\243\252glr\331\251\006C3~\377\202\303\313~"
  81      676C72D9 
  81      A9064333 
  81      7EFF82C3 
  81      CB7E
  82 016f 00C8B18B 		.ascii	"\000\310\261\213f"
  82      66
  83              		.text
  84              		.section	.gnu.lto_st_lld_set_alarm.8d8a173260df0c3,"",%progbits
  85 0000 789C6590 		.ascii	"x\234e\220OH\033A\024\306\347\233\335\304@*H\301\213"
  85      4F481B41 
  85      14C6E79B 
  85      DDC4402A 
  85      48C18B
  86 0013 080A41BC 		.ascii	"\010\012A\274\324\014iz\360X\260\227b\304\203\336\375"
  86      D40C697A 
  86      F058B097 
  86      62C483DE 
  86      FD
  87 0024 83420211 		.ascii	"\203B\002\021\245\011\275:\321Uh\245\020D$ A\202\225"
  87      A509BD3A 
  87      D15568A5 
  87      10442420 
  87      418295
  88 0037 DA469318 		.ascii	"\332F\223\030Q\320\323\322\213B-\245^\304@\253\320\004"
  88      51D0D3D2 
  88      8B422DA5 
  88      5EC440AB 
  88      D004
  89 0049 2AA22451 		.ascii	"*\242$Q\261k)\351\233\330C\301\205a\367\275\367\315"
  89      B16B29E9 
  89      9BD843C1 
  89      8561F7BD 
  89      F7CD
  90 005b F7FBDE6A 		.ascii	"\367\373\336j\354\376SOg\005\214\265\253Bc\340\214\016"
  90      ECFE534F 
  90      67058CB5 
  90      AB4263E0 
  90      8C0E
  91 006d A8C1C0C6 		.ascii	"\250\301\300\3069\306q\312K\034Q3\031s\266.K)\213\263"
  91      39C671CA 
  91      4B1C5133 
  91      1973B62E 
  91      4B298BB3 
  92 0081 DF329073 		.ascii	"\3372\220s\375\026\011/\371\235\007\336\241\225D\033"
  92      FD16092F 
  92      F99D07DE 
  92      A195441B 
  93 0091 CBB7AFA1 		.ascii	"\313\267\257\241=\001\243\357\355\324\325g\347Onq4\253"
  93      3D01A3EF 
  93      EDD4D567 
  93      E74F6E71 
  93      34AB
  94 00a3 7267762F 		.ascii	"rgv/fW%\327U9\231\215\277\265\265,I9a\036g\345S\335"
  94      665725D7 
  94      5539998D 
ARM GAS  /tmp/ccl1ySfq.s 			page 7


  94      BFB5B52C 
  94      4939611E 
  95 00bb E21A56A0 		.ascii	"\342\032V\240\221\037\336\243\001\037\320\300\250\305"
  95      911FDEA3 
  95      011FD0C0 
  95      A8C5
  96 00c9 90448B92 		.ascii	"\220D\213\222\227\214?\207N\273A\364\272;&Va\247\210"
  96      978C3F87 
  96      4EBB41F4 
  96      BA3B2656 
  96      61A788
  97 00dc A0D962D4 		.ascii	"\240\331b\3242uW\202\254N\316\012\273\017\246\366\244"
  97      32755782 
  97      AC4ECE0A 
  97      BB0FA6F6 
  97      A4
  98 00ed 7152A934 		.ascii	"qR\2514Y\004\372\337\356_\3205\270\322\017MY\251\\^"
  98      5904FADF 
  98      EE5FD035 
  98      B8D20F4D 
  98      59A95C5E 
  99 0101 1DBCF1A6 		.ascii	"\035\274\361\246\010K \235\366U$\226\257\356S\340\364"
  99      084B209D 
  99      F6552496 
  99      AFEE53E0 
  99      F4
 100 0112 D2729828 		.ascii	"\322r\230(\026\257\313\232B\335pE\272\370\264;mS;\350"
 100      16AFCB9A 
 100      42DD7045 
 100      BAF8B43B 
 100      6D533BE8 
 101 0126 1444EA0C 		.ascii	"\024D\352\014)\362\315\341\343|\242Q\211Hq\234\377\362"
 101      29F2CDE1 
 101      E37CA251 
 101      8948719C 
 101      FFF2
 102 0138 D5515530 		.ascii	"\325QU0\025{\363\327\342ym\034\013\021)M\012d#\033\244"
 102      157BF3D7 
 102      E2796D1C 
 102      0B11294D 
 102      0A64231B 
 103 014d 55169AE5 		.ascii	"U\026\232\345\367g\266\034mIi\300\342vd\020G\271\012"
 103      F767B61C 
 103      6D4969C0 
 103      E2766410 
 103      47B90A
 104 0160 A7D1ABED 		.ascii	"\247\321\253\355\337?\234bM\032\021\363\221\305k\260"
 104      DF3F9C62 
 104      4D1A11F3 
 104      91C56BB0 
 105 0170 8E36B8AA 		.ascii	"\2166\270\252\033 \013qC\351\276#b\036u*\250\352\346"
 105      1B200B71 
 105      43E9BE23 
 105      621E752A 
 105      A8EAE6
 106 0183 39FD0ABA 		.ascii	"9\375\012\272\354q\273E\207?0\030\350\356\021\243!\341"
 106      EC71BB45 
ARM GAS  /tmp/ccl1ySfq.s 			page 8


 106      873F3018 
 106      E8EE11A3 
 106      21E1
 107 0195 1F088AB1 		.ascii	"\037\010\212\261\321\027\341\220\350\351\355\362>\026"
 107      D117E190 
 107      E8E9EDF2 
 107      3E16
 108 01a3 3EDF33D1 		.ascii	">\3373\321\373\274\353\245G\204\302}\301\340\220\333"
 108      FBBCEBA5 
 108      4784C27D 
 108      C1E090DB 
 109 01b3 CFF47060 		.ascii	"\317\364p`d\370/\251\230\244\233"
 109      64F82FA9 
 109      98A49B
 110              		.text
 111              		.section	.gnu.lto_st_lld_get_alarm.8d8a173260df0c3,"",%progbits
 112 0000 789C6D50 		.ascii	"x\234mPMK[A\024\275g^\222*\241 ]\006\027\205\267pe\006"
 112      4D4B5B41 
 112      14BD675E 
 112      922AA120 
 112      5D061785 
 113 0018 EB1F28D4 		.ascii	"\353\037(\324\215\240TH\366bq\021!\220\322\210['\341"
 113      8DA05448 
 113      F6627111 
 113      2190D288 
 113      5B27E1
 114 002b D1524510 		.ascii	"\321RE\020q\241\210\030\027\245j\352G\013J\343\352\321"
 114      71A18818 
 114      17A56AEA 
 114      470B4AE3 
 114      EAD1
 115 003d 4D2B2AA5 		.ascii	"M+*\245.\232\342\242V|\212.,\211\012\032D\237\367\306"
 115      2E9AE2A2 
 115      567C8A2E 
 115      2C890A1A 
 115      449FF7C6 
 116 0051 D28D0ECC 		.ascii	"\322\215\016\3140w\3569\347\2363\026\335]\365\274\013"
 116      3077EE39 
 116      E79E3316 
 116      DD5DF5BC 
 116      0B
 117 0062 206A9622 		.ascii	" j\226\"@P\304\033\026\237\026\370\231@\375\312B?\216"
 117      4050C41B 
 117      169F16F8 
 117      9940FDCA 
 117      423F8E
 118 0075 5459A1B0 		.ascii	"TY\241\260p\266\031>T\025E\217\211\313\325\221oc!)\021"
 118      70B6193E 
 118      5415458F 
 118      89CBD591 
 118      6F632129 
 119 008a 90B2F873 		.ascii	"\220\262\370s\254X\333\360\316\230lik\307\303\370h\216"
 119      AC58DBF0 
 119      CE986C69 
 119      6BC7C3F8 
 119      688E
 120 009c 5B8A4E15 		.ascii	"[\212N\025\341=\"\230AD\364f\321 \340\262sU\014\207"
ARM GAS  /tmp/ccl1ySfq.s 			page 9


 120      E13D2298 
 120      4144F466 
 120      D120E0B2 
 120      73550C87 
 121 00b0 1C634C9D 		.ascii	"\034cL\235 \2701\207\020\017\2241\007\371\3217A{\332"
 121      20B83187 
 121      100F9431 
 121      07F9D137 
 121      417BDA
 122 00c3 98813FFE 		.ascii	"\230\201?\376\276\327\341:9s\355\373\270+&\013y\330"
 122      BED7E13A 
 122      3973EDFB 
 122      B82B260B 
 122      79D8
 123 00d5 CC991AAE 		.ascii	"\314\231\032\256\270\001\341d\335\265O3O\377S\254\373"
 123      B801E164 
 123      DDB54F33 
 123      4FFF53AC 
 123      FB
 124 00e6 281F602F 		.ascii	"(\037`/>r\215\357\237^g\207\354\317\034\220\030\251"
 124      3E728DEF 
 124      9F5E6787 
 124      ECCF1C90 
 124      18A9
 125 00f8 48269027 		.ascii	"H&\220'nh_\256\3266\262\245\222?R+\346\316\331\264\302"
 125      6E685FAE 
 125      D636B2A5 
 125      923F522B 
 125      E6CED9B4 
 126 010d DFF5AFAF 		.ascii	"\337\365\257\257\203\222\331b\353\206?l\236e\267\361"
 126      8392D962 
 126      EB863F6C 
 126      9E65B7F1 
 127 011d 657517B7 		.ascii	"eu\027\267 \011\260\343}\377QS\005\221d]\276\230:~8"
 127      2009B0E3 
 127      7DFF5153 
 127      0591645D 
 127      BE983A7E 
 128 0132 89898C31 		.ascii	"\211\211\2141nkE\005X\011\013\342\206{\336\306\340J"
 128      6E6B4505 
 128      58090BE2 
 128      867BDEC6 
 128      E04A
 129 0144 4D63DE38 		.ascii	"Mc\3368\3545\210EL\342\244:\237[o\013\227{a=o\234\214"
 129      EC358845 
 129      4CE2A43A 
 129      9F5B6F0B 
 129      977B613D 
 130 015b 1BA9A810 		.ascii	"\033\251\250\020\226\320\010\273\232\001\037\241\253"
 130      96D008BB 
 130      9A011FA1 
 130      AB
 131 0168 1E59DFFA 		.ascii	"\036Y\337\372\205L\035\2351\35172\346\301?\023$9\344"
 131      854C1D9D 
 131      31E93732 
 131      E6C13F13 
 131      2439E4
ARM GAS  /tmp/ccl1ySfq.s 			page 10


 132 017b 3B899AA2 		.ascii	";\211\232\242Q\375,\321\363\242\347yL\247\322:\321\225"
 132      51FD2CD1 
 132      F3A2E779 
 132      4CA7D23A 
 132      D195
 133 018d D42F53AF 		.ascii	"\324/S\257z\323:\026oo~\242\333\332Zt\274\265\275\257"
 133      7AD33A16 
 133      6F6F7EA2 
 133      DBDA5A74 
 133      BCB5BDAF 
 134 01a1 49A77B3B 		.ascii	"I\247{;\223\311\356h\202n\000f\037\250b"
 134      93C9EE68 
 134      826E0066 
 134      1FA862
 135              		.text
 136              		.section	.gnu.lto_st_lld_is_alarm_active.8d8a173260df0c3,"",%progbits
 137 0000 789C6D91 		.ascii	"x\234m\221]H\223Q\030\307\317\377\234\263)H ]\016/\204"
 137      5D489351 
 137      18C7CFFF 
 137      9CB32948 
 137      205D0E2F 
 138 0015 5D88907B 		.ascii	"]\210\220{1/\273((\210@1\320\373>\360b\302@i\322\255"
 138      312FBB28 
 138      28884031 
 138      D0FB3EF0 
 138      62C24069 
 139 002b 677398F4 		.ascii	"gs\230\364\001\241BY\014\015L-\323\331La\005\361\022"
 139      01A14259 
 139      0C0D4C2D 
 139      D3D94C61 
 139      05F112
 140 003e 41412E89 		.ascii	"AA.\211.\214\021\025\264aA\305l\203\334E\276=\317YE"
 140      2E8C1115 
 140      B46141C5 
 140      6C83DC45 
 140      BE3DCF59 
 141 0053 9807DEE7 		.ascii	"\230\007\336\347\274\347<\377\347\367|\034%\376_\015"
 141      BCE73CFF 
 141      E7F77C1C 
 141      25FE5F0D 
 142 0063 F41D9742 		.ascii	"\364\035\227B\264\361A\013\320/$\024Y\005\320\025\304"
 142      B4F1410B 
 142      D02F2414 
 142      5905D015 
 142      C4
 143 0074 A05418C4 		.ascii	"\240T\030\304g\271%\261\226\331y\215\246\333\306\304"
 143      67B925B1 
 143      96D9798D 
 143      A6DBC6C4 
 144 0084 8BE9D212 		.ascii	"\213\351\322\022\256\215\237\256\220\276$\005\016\004"
 144      AE8D9FAE 
 144      90BE2405 
 144      0E04
 145 0092 D01C60F9 		.ascii	"\320\034`\371,\232\004)\267\022?7\352\374\011cL=\373"
 145      2C9A0429 
 145      B7123F37 
 145      EAFC0963 
ARM GAS  /tmp/ccl1ySfq.s 			page 11


 145      4C3DFB
 146 00a5 C931073F 		.ascii	"\3111\007?\3614\371R\313\353\3232x\313\230\213\037\222"
 146      F134F952 
 146      CBEBD332 
 146      78CB988B 
 146      1F92
 147 00b7 9B6F4FBA 		.ascii	"\233oO\272\261)\263\343y\330\215\342\205;\010RDf\261"
 147      B129B3E3 
 147      79D88DE2 
 147      853B0852 
 147      4466B1
 148 00ca 9CADFB24 		.ascii	"\234\255\373$+\022\215\014\1778\372\374\272\237\217"
 148      2B128D0C 
 148      7F38FAFC 
 148      BA9F8F
 149 00d9 52F371F2 		.ascii	"R\363q\362j\305\325\314\213\273\217\323sG\022\177p\312"
 149      6AC5D5CC 
 149      8BBB8FD3 
 149      7347127F 
 149      70CA
 150 00eb E2EE2280 		.ascii	"\342\356\"\200y\374\005\336\263\300\334\323\344\230"
 150      79FC05DE 
 150      B3C0DCD3 
 150      E498
 151 00f9 CF869889 		.ascii	"\317\206\230\211\361)9\342z\336\341\012\321\366\010"
 151      F12939E2 
 151      7ADEE10A 
 151      D1F608
 152 0108 58D815E0 		.ascii	"X\330\025\340f\377\315\261g\310\"\202\251\375\256\361"
 152      66FFCDB1 
 152      67C82282 
 152      A9FDAEF1 
 153 0118 BC5276EC 		.ascii	"\274Rv\354\312\241\214\364AP5\222\214Vl\264\340^E\236"
 153      CAA18CF4 
 153      41503592 
 153      8C566CB4 
 153      E05E459E 
 154 012c 8D2848DA 		.ascii	"\215(H\332T\016\361b\361\345\307\032\036\323\017\032"
 154      540EF162 
 154      F1E5C71A 
 154      1ED30F1A 
 155 013c 9FC4B717 		.ascii	"\237\304\267\027\317\206}\334\244\242!\032z\231\024"
 155      CF867DDC 
 155      A4A2211A 
 155      7A9914
 156 014b 25C8E1C9 		.ascii	"%\310\341\311*\252\032~\217\367\371\365W\265V#x\020"
 156      2AAA1A7E 
 156      8FF7F9F5 
 156      57B55623 
 156      7810
 157 015d 2BDB935F 		.ascii	"+\333\223_\367%q\223\352\362\021\004K\\\022\335\347"
 157      F7257193 
 157      EAF21104 
 157      4B5C12DD 
 157      E7
 158 016e D72EADD6 		.ascii	"\327.\255\326\266\314\233\0049\374\270\217$\276\333"
 158      B6CC9B04 
ARM GAS  /tmp/ccl1ySfq.s 			page 12


 158      39FCB88F 
 158      24BEDB
 159 017d D448A385 		.ascii	"\324H\243\205\220C\333\303_t\025\252\252\334\033\033"
 159      9043DBC3 
 159      5F7415AA 
 159      AADC1B1B 
 160 018d 85B262AE 		.ascii	"\205\262b\256\246\346\226m\336\241\364\205\206\252F"
 160      A6E6966D 
 160      DEA1F485 
 160      86AA46
 161 019c 938C34B1 		.ascii	"\223\2144\261\231G\227k\254\206@\017l\363\005\256C\275"
 161      9947976B 
 161      AC86400F 
 161      6CF305AE 
 161      43BD
 162 01ae 41AC5E94 		.ascii	"A\254^\224)\301;\374.U\333f\351\365\351\2625\024r\216"
 162      29C13BFC 
 162      2E55DB66 
 162      E9F5E9B2 
 162      3514728E 
 163 01c2 867BCFF6 		.ascii	"\206{\317\366vv9}Q'|&\342\364\367\235\033\210:]\335"
 163      7676397D 
 163      51277C26 
 163      E2F4F79D 
 163      1B883A5D 
 164 01d7 1D6D079D 		.ascii	"\035m\007\235\366\366cN\367\211\216\363\255Nt\340T$"
 164      F6F6634E 
 164      F7898EF3 
 164      AD4E74E0 
 164      5424
 165 01e9 D2130A8B 		.ascii	"\322\023\012\213_E\256\324\322"
 165      5F45AED4 
 165      D2
 166              		.text
 167              		.section	.gnu.lto_stInit.8d8a173260df0c3,"",%progbits
 168 0000 789C6366 		.ascii	"x\234cf\300\004\242@<\033\210eA\034f\006F&\006 fd\004"
 168      C004A240 
 168      3C1B8865 
 168      411C6606 
 168      46260620 
 169 0017 721819EA 		.ascii	"r\030\031\352\231\030\353\031_2}db\234p`\365\014n\365"
 169      9918EB19 
 169      5F327D64 
 169      629C7060 
 169      F50C6EF5 
 170 002b A50D0D0D 		.ascii	"\245\015\015\015\037\016\235o\0148\300\370\023\250\356"
 170      1F0E9D6F 
 170      0C38C0F8 
 170      13A8EE
 171 003a 3313C408 		.ascii	"3\023\304\010\306\345\214\352\014@E\037[\376^\347fk"
 171      C6E58CEA 
 171      0C40451F 
 171      5BFE5EE7 
 171      666B
 172 004c 012A1280 		.ascii	"\001*\022\200\3101\256`d\003\231\264^\350@\303\377\377"
 172      C831AE60 
 172      640399B4 
ARM GAS  /tmp/ccl1ySfq.s 			page 13


 172      5EE840C3 
 172      FFFF
 173 005e 8FA7FED1 		.ascii	"\217\247\376\321\007\362\236\200u=e\002R\314w\030\233"
 173      07F29E80 
 173      753D6502 
 173      52CC7718 
 173      9B
 174 006f 0FFCE505 		.ascii	"\017\374\345\005)\003\351\237w\271o\035S\355\357\206"
 174      2903E99F 
 174      77B96F1D 
 174      53EDEF86 
 175 007f 8E068E9F 		.ascii	"\216\006\216\237L\214\237\231\200\212\031W2\3262\374"
 175      4C8C9F99 
 175      808A1957 
 175      32D632FC 
 176 008f 04AABDC7 		.ascii	"\004\252\275\307\330x\340?+X%\003\310\014\240\034\320"
 176      D878E03F 
 176      2B582503 
 176      C80CA01C 
 176      D0
 177 00a0 00693D3D 		.ascii	"\000i==}\347\214\314\244L\377`\375\374b\375\214\304"
 177      7DE78CCC 
 177      A44CFF60 
 177      FDFC62FD 
 177      8CC4
 178 00b2 1CFDE2A2 		.ascii	"\034\375\342\242d\375\342\022\275d\006\000\365\346<"
 178      64FDE212 
 178      BD640600 
 178      F5E63C
 179 00c1 0B       		.ascii	"\013"
 180              		.text
 181              		.section	.gnu.lto_stStartAlarm.8d8a173260df0c3,"",%progbits
 182 0000 789C6D51 		.ascii	"x\234mQ\337K\024Q\030\275\347\2733\343\344\364\020="
 182      DF4B1451 
 182      18BDE7BB 
 182      33E3E4F4 
 182      103D
 183 0012 C90621C8 		.ascii	"\311\006!\310\"Q\354\364'\004A\257\005\375\005*\201"
 183      2251ECF4 
 183      270441AF 
 183      05FD052A 
 183      81
 184 0023 0B45E0FA 		.ascii	"\013E\340\372\272x7W\250\207v%2\226\242,\"\322\254\325"
 184      BA783757 
 184      A8877625 
 184      3296A22C 
 184      22D2ACD5 
 185 0037 3441056D 		.ascii	"4A\005m\236\302\227\212,\011A\372A+\324[2\201La\333"
 185      9EC2978A 
 185      2C0941FA 
 185      412BD45B 
 185      32814C61 
 186 004c B9635154 		.ascii	"\271cQT\003\367\307\231\357p\316\371\276\253\325\277"
 186      03F7C799 
 186      EF70CEF9 
 186      BEABD5BF 
 187 005c DF61AEAC 		.ascii	"\337a\256\254pY\340)\360\012\201\346\256\305Q\312\210"
ARM GAS  /tmp/ccl1ySfq.s 			page 14


 187      7059E029 
 187      F00A81E6 
 187      AEC551CA 
 187      88
 188 006d CBCD71C0 		.ascii	"\313\315q\300\003.@\022\324\200h\307\305\000>\311\246"
 188      032E4012 
 188      D48068C7 
 188      C5003EC9 
 188      A6
 189 007e 60389AA8 		.ascii	"`8\232\250\005\235w\2141\237Wf\332\206\332\022*\304"
 189      059D778C 
 189      319F5766 
 189      DA86DA12 
 189      2AC4
 190 0090 B2238EBB 		.ascii	"\262#\216\273\350$\245Z\031\272\010\275\037\212\367"
 190      E824A55A 
 190      19BA08BD 
 190      1F8AF7
 191 009f F9FA97A7 		.ascii	"\371\372\227\247\301GI\004\355\026.\\Z\256y\026\322"
 191      C1474904 
 191      ED162E5C 
 191      5AAE7916 
 191      D2
 192 00b0 8CF0EBC8 		.ascii	"\214\360\353\310\362\240\233\275m\314\271hq\332\034"
 192      F2A09BBD 
 192      6DCCB968 
 192      71DA1C
 193 00bf 7112D118 		.ascii	"q\022\321\030\203\246\036\306\221\301=d\024\177)L k"
 193      83A61EC6 
 193      91C13D64 
 193      147F294C 
 193      206B
 194 00d1 E99BE5ED 		.ascii	"\351\233\345\355\327\201W\246\367\236\355_\266\270\017"
 194      D78157A6 
 194      F79EED5F 
 194      B6B80F
 195 00e0 8F316DB4 		.ascii	"\2171m\264\312\342\332\022:nQ\355\335\350\207\365\023"
 195      CAE2DA12 
 195      3A6E51ED 
 195      DDE887F5 
 195      13
 196 00f1 51E9A6F9 		.ascii	"Q\351\246\371\336l\"\241\227U<\224\301\201\314\3171"
 196      DE6C22A1 
 196      97553C94 
 196      C181CCCF 
 196      31
 197 0102 E0013A28 		.ascii	"\340\001:(1\27172\315f\374\354\375\205\203WiM3G\220"
 197      31B93732 
 197      CD66FCEC 
 197      FD858357 
 197      694D3347 
 198 0117 BAA946DA 		.ascii	"\272\251F\332SCx\350\015fPz\035\203\321\343'\260\206"
 198      534378E8 
 198      0D66507A 
 198      1D83D1E3 
 198      27B086
 199 012a 5BCC22B8 		.ascii	"[\314\"\270\361\262R\227\3427s\336\370\211\270\2610"
ARM GAS  /tmp/ccl1ySfq.s 			page 15


 199      F1B25297 
 199      E23773DE 
 199      F889B8B1 
 199      30
 200 013b 06EA2852 		.ascii	"\006\352(R\305S\253(\257\351\337\324\267\215\347/|\333"
 200      C553AB28 
 200      AFE9DFD4 
 200      B78DE72F 
 200      7CDB
 201 014d 37678C49 		.ascii	"7g\214I\354\304\330\260\210\262\216\345\251\277\005"
 201      ECC4D8B0 
 201      88B28EE5 
 201      A9BF05
 202 015c 5B62EB8D 		.ascii	"[b\353\215)\012\262t\245\372jN\263T\263%\337v\257\376"
 202      290AB274 
 202      A5FA6A4E 
 202      B354B325 
 202      DF76AFFE 
 203 0170 94F55338 		.ascii	"\224\365S8^\275<\207\353\270V\032\266\254]x\210\"\246"
 203      5EBD3C87 
 203      EBB8561A 
 203      B6AC5D78 
 203      8822A6
 204 0183 AD196BA3 		.ascii	"\255\031k\243\215\261Z@\001>\230\217\031\262RS<B1\221"
 204      8DB15A40 
 204      013E988F 
 204      19B25253 
 204      3C423191 
 205 0197 D6348C9B 		.ascii	"\3264\214\233\206)G+\336\177\363\004\261\235\002f\231"
 205      8629472B 
 205      DE7FF304 
 205      B19D0266 
 205      99
 206 01a8 674B68B9 		.ascii	"gKh\271[\275A)Z=\226\222\323Q\331gPj_.\027\036\355\315"
 206      5BBD4129 
 206      5A3D9692 
 206      D351D967 
 206      506A5F2E 
 207 01c0 77E78F9F 		.ascii	"w\347\217\237\014\317\026\302\336\256\323a\241\257'"
 207      0CCF16C2 
 207      DEAED361 
 207      A1AF27
 208 01cf 2CF4E77A 		.ascii	",\364\347zTKWw\241?\177\346\324\017\021\276\302M"
 208      544B5777 
 208      A13F7FE6 
 208      D40F11BE 
 208      C24D
 209              		.text
 210              		.section	.gnu.lto_stStopAlarm.8d8a173260df0c3,"",%progbits
 211 0000 789C6366 		.ascii	"x\234cf\300\004\242@<\007\210eA\034f\006F&\006 fd\004"
 211      C004A240 
 211      3C078865 
 211      411C6606 
 211      46260620 
 212 0017 721819EA 		.ascii	"r\030\031\352\231\030\353\031_2}db\234p`\365\014n\365"
 212      9918EB19 
 212      5F327D64 
ARM GAS  /tmp/ccl1ySfq.s 			page 16


 212      629C7060 
 212      F50C6EF5 
 213 002b A50D0D0D 		.ascii	"\245\015\015\015\0376m\227h\225\370\011T\366\231\011"
 213      1F366D97 
 213      6895F809 
 213      54F69909 
 214 003b 6202E372 		.ascii	"b\002\343rFu\006\240\232\217-\177\257s\263\265\000\325"
 214      467506A0 
 214      9A8F2D7F 
 214      AF73B3B5 
 214      00D5
 215 004d 0840E418 		.ascii	"\010@\344\030W0\262\201\014Z/t\240\341\377\377\305s"
 215      5730B281 
 215      0C5A2F74 
 215      A0E1FFFF 
 215      C573
 216 005f DE6C6701 		.ascii	"\336lg\001r\237\200\265=e\002R\314w\030\233\017\374"
 216      729F80B5 
 216      3D650252 
 216      CC77189B 
 216      0FFC
 217 0071 3EC60852 		.ascii	">\306\010R\0102a\336\345\276uL\265\277\033:\0328~21"
 217      083261DE 
 217      E5BE754C 
 217      B5BF1B3A 
 217      1A387E32 
 218 0086 7E6602AA 		.ascii	"~f\002\252f\\\311X\313\360\023\250\370\036c\343\201"
 218      665CC958 
 218      CBF013A8 
 218      F81E63E3 
 218      81
 219 0097 BF6E6095 		.ascii	"\277n`\225\014 C\200r@\023\244\365\364\364\23532\223"
 219      0C204380 
 219      724013A4 
 219      F5F4F49D 
 219      333293
 220 00aa 32FD83F5 		.ascii	"2\375\203\365\363\213\3653\022s\364\213\213\222\365"
 220      F38BF533 
 220      1273F48B 
 220      8B92F5
 221 00b9 8B4BF492 		.ascii	"\213K\364\222\031\000\350=<A"
 221      1900E83D 
 221      3C41
 222              		.text
 223              		.section	.gnu.lto_stSetAlarm.8d8a173260df0c3,"",%progbits
 224 0000 789C6D51 		.ascii	"x\234mQ\315k\023A\034\235\367\233\335M4\036\304S\211"
 224      CD6B1341 
 224      1C9DF79B 
 224      DD4D341E 
 224      C45389
 225 0013 20420845 		.ascii	" B\010E\220\304\273\007\005\017\036+\370\017\330\026"
 225      90C4BB07 
 225      050F1E2B 
 225      F80FD816 
 226 0023 21014530 		.ascii	"!\001E0\275\206N\332\024\352\301\244\224j\003R?\020"
 226      BD864EDA 
 226      14EAC1A4 
ARM GAS  /tmp/ccl1ySfq.s 			page 17


 226      946A0352 
 226      3F10
 227 0035 B1B59A6A 		.ascii	"\261\265\232j\375\252-\225\365d/\"\242\"\325\242\202"
 227      FDAA2D95 
 227      F5642F22 
 227      A222D5A2 
 227      82
 228 0046 292878B0 		.ascii	")(x\260D([\251\353\233M\005?\272\2603\363\366\367\346"
 228      44285BA9 
 228      EB9B4D05 
 228      3FBAB033 
 228      F3F6F7E6 
 229 005a BDC75BAD 		.ascii	"\275\307[\255\376\177\366\361\315\211Ri\013<\005\036"
 229      FE7FF6F1 
 229      CD895269 
 229      0B3C051E 
 230 006a 21D05CB5 		.ascii	"!\320\\\2658J\031q\2718\016\270\301\005H\202\352\025"
 230      384A1971 
 230      B9380EB8 
 230      C1054882 
 230      EA15
 231 007c EDB8E8C5 		.ascii	"\355\270\350\305\027Y\021\014\371\223\265D\3735c\314"
 231      1759110C 
 231      F993B544 
 231      FB3563CC 
 232 008c B7E1B9B6 		.ascii	"\267\341\271\266\201\266\200\012Mi\211\343:\332I\251"
 232      81B6800A 
 232      4D6989E3 
 232      3ADA49A9 
 233 009c 5606CE42 		.ascii	"V\006\316B\357\202\342\371Q\375\373\263\304g\011\004"
 233      EF82E2F9 
 233      51FDFBB3 
 233      C4670904 
 234 00ac BB2D9C1D 		.ascii	"\273-\234\035^\250y\026\322\214p\355\334B\277\233\276"
 234      5EA87916 
 234      D28C70ED 
 234      DC42BF9B 
 234      BE
 235 00bd 6A4C9F3F 		.ascii	"jL\237?7m\016:\201h\214CS\017\023H\342\006\222\212\237"
 235      376D0E3A 
 235      81688C43 
 235      530F1348 
 235      E206928A 
 236 00d2 142691B6 		.ascii	"\024&\221\266\364\225\362\372\233\204W\246\367\366\365"
 236      F495F2FA 
 236      9B8457A6 
 236      F7F6F5
 237 00e1 DFB6B809 		.ascii	"\337\266\270\011\21715\307\225\371\305\307H]\241\332"
 237      8F3135C7 
 237      95F9C5C7 
 237      485DA1DA 
 238 00f1 C7779F96 		.ascii	"\307w\237\226\216\370\245\313\346g\030\"\240\227U\334"
 238      8EF8A5CB 
 238      E6671822 
 238      A09755DC 
 239 0101 9BC49EE4 		.ascii	"\233\304\236\344F\015\270\205\324_7\314\350\310\261"
 239      460DB885 
ARM GAS  /tmp/ccl1ySfq.s 			page 18


 239      D45F37CC 
 239      E8C8B1
 240 0110 413F0C0F 		.ascii	"A?\014\017l\312\256#E\303\251\035\276\011\303\346\327"
 240      6CCAAE23 
 240      45C3A91D 
 240      BE09C3E6 
 240      D7
 241 0121 2767F68F 		.ascii	"'g\366\217\211\003Fs\304.\032Q@\325\210jh\0107\275\314"
 241      89034673 
 241      C42E1A51 
 241      40D5886A 
 241      680837BD 
 242 0136 D84A2FA1 		.ascii	"\330J/\241\337\177\370\0246\343*\343\013.\276\254\324"
 242      DF7FF814 
 242      36E32AE3 
 242      0B2EBEAC 
 242      D4
 243 0147 A5F8C30C 		.ascii	"\245\370\303\014\232x nS\230\034S(R\305So\321\267\346"
 243      9A78206E 
 243      53981C53 
 243      2852C553 
 243      6FD1B7E6 
 244 015b B5A842B6 		.ascii	"\265\250B\266z\215\362\242\336\300\274\372\241\361\374"
 244      7A8DF2A2 
 244      DEC0BCFA 
 244      A1F1FC
 245 016a 45DC56C7 		.ascii	"E\334V\307\337\204\333he[\266\2106\216\345\251\177\015"
 245      DF84DB68 
 245      655BB688 
 245      368EE5A9 
 245      7F0D
 246 017c 624D9B05 		.ascii	"bM\233\005wh\300\321\371\352\253\031\315Q\315\216\342"
 246      7768C0D1 
 246      F9EAAB19 
 246      CD51CD8E 
 246      E2
 247 018d B640F5A7 		.ascii	"\266@\365\247l<\202\023\325\221\031\214\341Bi\310\262"
 247      6C3C8213 
 247      D591198C 
 247      E14269C8 
 247      B2
 248 019e B6601A45 		.ascii	"\266`\032E\334\265f\234]j\214\327\022\024\340?\217\343"
 248      DCB5669C 
 248      5D6A8CD7 
 248      1214E03F 
 248      8FE3
 249 01b0 1E599129 		.ascii	"\036Y\221)\356\243\030\310\326(\214\033\205)\373\263"
 249      EEA318C8 
 249      D6288C1B 
 249      8529FBB3 
 250 01c0 B14DF324 		.ascii	"\261M\363$\232\266\025<`\236U\321\201lS\357Q\362\347"
 250      9AB6153C 
 250      609E55D1 
 250      816C53EF 
 250      51F2E7
 251 01d3 0F47E4A8 		.ascii	"\017G\344\250:\366\301\\;3\231\354\241\\\276+\337q4"
 251      3AF6C15C 
ARM GAS  /tmp/ccl1ySfq.s 			page 19


 251      3B3399EC 
 251      A15CBE2B 
 251      DF7134
 252 01e6 7BAA90CD 		.ascii	"{\252\220\315u\236\310\026Nwg\013=\231n\025\353\354"
 252      759EC816 
 252      4E77670B 
 252      3D996E15 
 252      EBEC
 253 01f8 2AF4E44F 		.ascii	"*\364\344O\036\377\005b@\327\201"
 253      1EFF0562 
 253      40D781
 254              		.text
 255              		.section	.gnu.lto_stGetAlarm.8d8a173260df0c3,"",%progbits
 256 0000 789C6D52 		.ascii	"x\234mR\317k\023Q\020\236o\336\356&5\227\342I\"\242"
 256      CF6B1351 
 256      109E6FDE 
 256      EE263597 
 256      E24922A2 
 257 0014 90431124 		.ascii	"\220C\021$9z\360\340\301?@\241\377\200\332K\013\005"
 257      397AF0E0 
 257      C13F40A1 
 257      FF80DA4B 
 257      0B05
 258 0026 C1089E42 		.ascii	"\301\010\236B_j\260\305C+%hDl#\"\266VS\177B\025\324"
 258      5F6AB0C5 
 258      432B2568 
 258      446C2322 
 258      B656537F 
 259 003d 78B21711 		.ascii	"x\262\027\021\361G\254\024-\230\212\336,[(i\033\327"
 259      F147AC14 
 259      2D988ADE 
 259      2C5B2869 
 259      1BD7
 260 004f 99D73D68 		.ascii	"\231\327=h\353\302\316\333\341\373f\346\373\346\255"
 260      EBC2CEDB 
 260      E1FB66E6 
 260      FBE6AD
 261 005e A1EDCF41 		.ascii	"\241\355\317Ay\3172\321\036M\022\004\371\004\303H4\354"
 261      79CF32D1 
 261      1E4D1204 
 261      F904C348 
 261      34EC
 262 0070 1159F625 		.ascii	"\021Y\366%x\036\344\200\217@b\000\010\0254\300\306\363"
 262      781EE480 
 262      8F406200 
 262      081534C0 
 262      C6F3
 263 0082 030CE027 		.ascii	"\003\014\340'/3\236\324V^\247~p\213i\037I\372tl\256"
 263      2F339ED4 
 263      565EA77E 
 263      708B691F 
 263      49FA746C 
 264 0097 12680A4F 		.ascii	"\022h\012O\323\306\307J\243\243\353\246\265\203\277"
 264      D3C6C74A 
 264      A3A3EBA6 
 264      B583BF
 265 00a6 C65EF45F 		.ascii	"\306^\364_)W\005a\012\231p\013iL\"\255\035\247\320\245"
ARM GAS  /tmp/ccl1ySfq.s 			page 20


 265      29570561 
 265      0A99700B 
 265      694C22AD 
 265      1DA7D0A5 
 266 00ba DCE552BB 		.ascii	"\334\345R\273\221\012J\326\332\316\266\250\021\222`"
 266      910A4AD6 
 266      DACEB6A8 
 266      119260
 267 00c9 B7652C91 		.ascii	"\267e,\221'\360\310\263\371\347\310\\\227V\213\353\337"
 267      27F0C8B3 
 267      F9E7C85C 
 267      97568BEB 
 267      DF
 268 00da 168ED58B 		.ascii	"\026\216\325\213U\373;\212\320b\343\372\035Hc\177:\366"
 268      55FB3B8A 
 268      D062E3FA 
 268      1D48637F 
 268      3AF6
 269 00ec 866964FE 		.ascii	"\206id\376\251\260\227\313\307\207\353Qt\370\277\354"
 269      A9B097CB 
 269      C787EB51 
 269      74F8BFEC 
 270 00fc 3B8EFD7D 		.ascii	";\216\375}\272<\344+\373B\265}\343\274?gK\213Q\264w"
 270      BA3CE42B 
 270      FB42B57D 
 270      E3BC3F67 
 270      4B8B51B4 
 271 0111 BB5C5772 		.ascii	"\273\\Wr\027\031\3218\263\263n\243(\334x9th\202=\220"
 271      1719D138 
 271      B3B36EA3 
 271      28DC7839 
 271      7468823D 
 272 0126 74670D86 		.ascii	"tg\015\206\264\214\232\352@\242\034fI\006\223Y\300\271"
 272      B48C9AEA 
 272      40A21C66 
 272      49069359 
 272      C0B9
 273 0138 FAEA2BA8 		.ascii	"\372\352+\250\253U1\314\030\1777R\343\302\272\035\266"
 273      AB5531CC 
 273      187F3752 
 273      E3C2BA1D 
 273      B6
 274 0149 C9167B21 		.ascii	"\311\026{!\213W\324P\220z\237>cp-\330\244\262\260\351"
 274      8B57D450 
 274      907A9F3E 
 274      63702DD8 
 274      A4B2B0E9 
 275 015d 034AF326 		.ascii	"\003J\363&\316\245\364k\363\315\333\244nZ\357l&\226"
 275      CEA5F46B 
 275      F3CDDBA4 
 275      6E5AEF6C 
 275      2696
 276 016f B6A47727 		.ascii	"\266\244w'c<\345\321\326\001A\250ZpO\006\010ti\364\375"
 276      633CE5D1 
 276      D60141A8 
 276      5A704F06 
 276      087469F4 
ARM GAS  /tmp/ccl1ySfq.s 			page 21


 277 0184 AC11A8A2 		.ascii	"\254\021\250\242PBWN\177\267M\270tj\264<\213k\270Z\274"
 277      5042574E 
 277      7FB74DB8 
 277      746AB43C 
 277      8B6BB85A 
 278 0199 A8AC24EE 		.ascii	"\250\254$\356\243\200\007:L\260\211\346d%%\015v\011"
 278      A380073A 
 278      4CB089E6 
 278      6425250D 
 278      7609
 279 01ab 190F85E5 		.ascii	"\031\017\205\345\206\342\021\012-\356pb\374\330\363"
 279      86E2110A 
 279      2DEE7062 
 279      FCD8F3
 280 01ba 5A6253B7 		.ascii	"ZbS\267\331\252hG\350\344?v\226S\256F~5\363\011\305"
 280      D9AA6847 
 280      E8E43F76 
 280      9653AE46 
 280      7E35F309 
 281 01cf 4E5A11CF 		.ascii	"NZ\021\317_\020/\313\270M\312zD\346\356l6w\244\267\357"
 281      5F102FCB 
 281      B84DCA7A 
 281      44E6EE6C 
 281      3677A4B7 
 282 01e4 64DFD1EE 		.ascii	"d\337\321\356\334\251|\256\367D\177.\177\272'\227?\223"
 282      DCA97CAE 
 282      F7447F2E 
 282      7FBA2797 
 282      3F93
 283 01f6 EDA13F55 		.ascii	"\355\241?UY\332\217"
 283      59DA8F
 284              		.text
 285              		.section	.gnu.lto_.symbol_nodes.8d8a173260df0c3,"",%progbits
 286 0000 789C55CC 		.ascii	"x\234U\314M\016\2020\024\004\340\351\024\260\265\312"
 286      4D0E8230 
 286      1404E0E9 
 286      14B0B5CA 
 287 0010 9D38D923 		.ascii	"\2358\331#\321D\374G\224=\011\236\307\245kM<\207\021"
 287      D144FC47 
 287      943D099E 
 287      C7A56B4D 
 287      3C8711
 288 0023 0A26B49B 		.ascii	"\012&\264\233\311\373fR\015 S\030\0367\024\240|\000"
 288      C9FB6652 
 288      0D205318 
 288      1E3714A0 
 288      7C00
 289 0035 22A89B62 		.ascii	"\"\250\233b\001\026\024\025\312\226\302Pv\024\035\312"
 289      01161415 
 289      CA96C250 
 289      76141DCA 
 290 0045 9E128572 		.ascii	"\236\022\205r\240\304\177y6\006<R\222)\304W\242\351"
 290      A0C47F79 
 290      36063C52 
 290      9229C457 
 290      A2E9
 291 0057 3EE28932 		.ascii	">\342\2112\013\226g\212\011\2267*\277,)6(j\262/\324"
ARM GAS  /tmp/ccl1ySfq.s 			page 22


 291      0B96678A 
 291      0996372A 
 291      BF2C2936 
 291      286AB22F 
 292 006c 85321F0A 		.ascii	"\2052\037\012\344\271\201\252(nr\353x\211\373\353\233"
 292      E4B981AA 
 292      286E72EB 
 292      7889FBEB 
 292      9B
 293 007d E92442EB 		.ascii	"\351$B\3533\305\307'\260zwi\324\340v\354m\212u\357\226"
 293      33C5C727 
 293      B07A7769 
 293      D4E076EC 
 293      6D8A75EF 
 294 0092 68FB74A3 		.ascii	"h\373t\243\273\321\235\366\216\037\240\372_I"
 294      BBD19DF6 
 294      8E1FA0FA 
 294      5F49
 295              		.text
 296              		.section	.gnu.lto_.refs.8d8a173260df0c3,"",%progbits
 297 0000 789C6366 		.ascii	"x\234cf``\020`\200\000F6&vfFN&.\026Fn&\036\026\006\000"
 297      60601060 
 297      80004636 
 297      26766646 
 297      4E262E16 
 298 001b 0449005F 		.ascii	"\004I\000_"
 299              		.text
 300              		.section	.gnu.lto_.decls.8d8a173260df0c3,"",%progbits
 301 0000 789CB558 		.ascii	"x\234\265X{PSW\032\277\347\236\360H\010`u\326v\330\316"
 301      7B505357 
 301      1ABFE79E 
 301      F0480860 
 301      75D676D8 
 302 0015 F8E80CD3 		.ascii	"\370\350\014\323\356X\343\243\323\307\276\324\306N\353"
 302      EE58E3A3 
 302      D3C7BED4 
 302      C64EEB
 303 0024 4C6D9DE0 		.ascii	"Lm\235\340\316t\246\177\244\024\351\302\014>\206\304"
 303      CE74A67F 
 303      A414E9C2 
 303      0C3E86C4 
 304 0034 EEF4AFBD 		.ascii	"\356\364\257\275\002\026\250\250\210\210<%\010*\202"
 304      0216A8A8 
 304      88883C25 
 304      082A82
 305 0043 20280405 		.ascii	" (\004\005\201@5\206\247\210T\253\024A\254\345!\324"
 305      81403586 
 305      A78854AB 
 305      1441ACE5 
 305      21D4
 306 0055 002A5045 		.ascii	"\000*PE\366;\347\334\233\334\244\301u\377\330;\363\221"
 306      F63BE7DC 
 306      9BDCA4C1 
 306      75FFD83B 
 306      F391
 307 0067 F3DDF3FB 		.ascii	"\363\335\363\373~\337\343|\347\344\004\314q\\\004\346"
 307      7EDFE37C 
ARM GAS  /tmp/ccl1ySfq.s 			page 23


 307      E7E404CC 
 307      715C04E6 
 308 0077 B859783E 		.ascii	"\270Yx>Y\300qU<\307\371\301\273M\234\363Q\203\234\003"
 308      59C07155 
 308      3CC7F9C1 
 308      BB4D9CF3 
 308      51839C03 
 309 008b A901A905 		.ascii	"\251\001\251\005\261\200\330@\232AZA\332A:@:A\272@z"
 309      B180D840 
 309      9A415A41 
 309      DA413A40 
 309      3A41BA40 
 310 00a0 4180921B 		.ascii	"A\200\222\033\002\031\007y\304\271>\204\313W\364\021"
 310      02190779 
 310      C4B93E84 
 310      CB57F411 
 311 00b0 20F25780 		.ascii	" \362W\200\274\2078\356]\220\227@\246E\216\267`\274"
 311      BC8738EE 
 311      5D909740 
 311      A6458EB7 
 311      60BC
 312 00c2 1A241804 		.ascii	"\032$\030\004\211\266\356\017\211\313\333\215O\342\""
 312      89B6EE0F 
 312      89CBDB8D 
 312      4FE222
 313 00d1 3CC44EB2 		.ascii	"<\304N\262\257\361`_\373\202\361 1\036$\332\270?\244"
 313      AFF1605F 
 313      FB82F120 
 313      311E24DA 
 313      B83FA4
 314 00e4 2E3EFF03 		.ascii	".>\377\003\207E\324\377\214\\yl\"O\243[>K8\3179\331"
 314      8745D4FF 
 314      8C5C796C 
 314      224FA35B 
 314      3E4B38CF 
 315 00fa 44FD2F6E 		.ascii	"D\375/n<\315b\015I^\177\205\271\363\342{^\234\353\362"
 315      3CCD620D 
 315      495E7F85 
 315      B9F3E27B 
 315      5E9CEBF2 
 316 010e 9003594F 		.ascii	"\220\003YO\177\017\265 \261\374\0158\254\360\371w\370"
 316      7F0FB520 
 316      B1FC0D38 
 316      ACF0F977 
 316      F8
 317 011f 5C03720F 		.ascii	"\\\003r\017\306= kal\026\355\025\"\007\211\211\364\301"
 317      C63D206B 
 317      616C16ED 
 317      15220789 
 317      89F4C1
 318 0132 3931B621 		.ascii	"91\266!7?\355\317\211\215\314yZ\247\216\027\214m\035"
 318      373FEDCF 
 318      898DCC79 
 318      5AA78E17 
 318      8C6D1D
 319 0145 C8833962 		.ascii	"\310\2039b\353\220\305V+\3066\356\346\247S\344~Q\037"
 319      EB90C556 
ARM GAS  /tmp/ccl1ySfq.s 			page 24


 319      2BC636EE 
 319      E6A753E4 
 319      7E511F
 320 0158 EFC3B84E 		.ascii	"\357\303\270N\346\243S\346\303\"\346D\366\200\326m}"
 320      E6A353E6 
 320      C322E644 
 320      F680D66D 
 320      7D
 321 0169 C67874BE 		.ascii	"\306xt\276\364a\233\337 \217\002T\213\211Z\235bK\367"
 321      F4619BDF 
 321      208F0254 
 321      8B895A9D 
 321      624BF7
 322 017c 0655AD52 		.ascii	"\006U\255R\020\265\375\210\251\"\020\363\210\214\363"
 322      10B5FD88 
 322      A92210F3 
 322      888CF3
 323 018b D3EF74A9 		.ascii	"\323\357t\251\226\025\011\202\220 X\372\220\223\242"
 323      96150982 
 323      902058FA 
 323      9093A2
 324 019a BE6ECAAA 		.ascii	"\276n\312\252\302\013(()\241\257I\205_\245\343]\307"
 324      C20B2828 
 324      29A1AF49 
 324      855FA5E3 
 324      5DC7
 325 01ac 6B927C80 		.ascii	"k\222|\200k\211\212\302z\263\246\013\224T%[=\020^\361"
 325      6B898AC2 
 325      7AB3A60B 
 325      9454255B 
 325      3D105EF1 
 326 01c0 67A773BF 		.ascii	"g\247s\277G(XU\000\244\366+)\326W\005A\201\312\220\012"
 326      47285855 
 326      00A4F62B 
 326      29D65705 
 326      4181CA90 
 327 01d5 9D421815 		.ascii	"\235B\030\025\241e\244<\304\232<\011\202\020#$\307\012"
 327      A165A43C 
 327      C49A3C09 
 327      82102324 
 327      C70A
 328 01e7 CA8F3874 		.ascii	"\312\2178t\002\005\241B\024\304\241\323(\030\000\024"
 328      0205A142 
 328      14C4A1D3 
 328      28180014 
 329 01f7 8A4AE065 		.ascii	"\212J\340e)\274\004\336\214\004\341\262\037R\005{\264"
 329      29BC04DE 
 329      8C04E1B2 
 329      1F52057B 
 329      B4
 330 0208 39E3C186 		.ascii	"9\343\301\206\006P\022\233\262\220\004P\016\001\024"
 330      0650129B 
 330      B2900450 
 330      0E0114
 331 0217 3B038078 		.ascii	";\003\200x\244T\371\033y]\273y)\340\251\273\231\177"
 331      A454F91B 
 331      795DBB79 
ARM GAS  /tmp/ccl1ySfq.s 			page 25


 331      29E0A9BB 
 331      997F
 332 0229 20F80AC0 		.ascii	" \370\012\300\237t\342\313\321\363\">\3531b\324s\253"
 332      9F74E2CB 
 332      D1F3223E 
 332      EB3162D4 
 332      73AB
 333 023b F2925201 		.ascii	"\362\222R\001\353D\331>\247\305\277\235w\370D\340\313"
 333      EB44D93E 
 333      A7C5BF9D 
 333      77F844E0 
 333      CB
 334 024c 87C01561 		.ascii	"\207\300\025a\231\247@\233\026:x8dF/\303\337J\244`\213"
 334      99A7409B 
 334      163A7838 
 334      64462FC3 
 334      DF4AA460 
 335 0261 90563910 		.ascii	"\220V9\020\202s\021-|\213\271\274\311{\361\021\301b"
 335      8273112D 
 335      7C8BB9BC 
 335      C97BF111 
 335      C162
 336 0273 B20F1F2B 		.ascii	"\262\017\037+\015M\211\025\012\204\276\331\331E\202"
 336      0D4D8915 
 336      0A84BED9 
 336      D94582
 337 0282 2FB14255 		.ascii	"/\261BU\216X92\246\261\242sh1X\326<\351\357R\314\351"
 337      8E583932 
 337      A6B1A273 
 337      683158D6 
 337      3CE9EF52 
 338 0298 F23C75F9 		.ascii	"\362<u\371\271\3501\377QU\225\027\376\231\271\314\317"
 338      B9E831FF 
 338      51559517 
 338      FE99B9CC 
 338      CF
 339 02a9 CFADC6D4 		.ascii	"\317\255\306\324\245\251\355\230\267M\260\314\316\326"
 339      A5A9ED98 
 339      B74DB0CC 
 339      CED6
 340 02b7 0B8B8905 		.ascii	"\013\213\211\005\252\226\271\253\226\334\325Pw=W\213"
 340      AA96B9AB 
 340      96DCD550 
 340      773D578B 
 341 02c7 8A02F063 		.ascii	"\212\002\360cF\321[\277\247\303\207Q\014\311(H\304\027"
 341      46D15BBF 
 341      A7C38751 
 341      0CC92848 
 341      C417
 342 02d9 64141724 		.ascii	"d\024\027$\212ZJ\32143>\350\0221\251\2373\344:\227\220"
 342      8A5A4AD1 
 342      34333EE8 
 342      1231A99F 
 342      33E43A97 
 343 02ee 6DA6C99E 		.ascii	"m\246\311\236@\034\317\372\371\327,K\243\222\372\353"
 343      401CCFFA 
 343      F9D72C4B 
ARM GAS  /tmp/ccl1ySfq.s 			page 26


 343      A392FAEB 
 344 02fe 9B39D6AE 		.ascii	"\2339\326\256\026$\217\324\010\325\313\\\326K.-\324"
 344      16248FD4 
 344      08D5CB5C 
 344      D64B2E2D 
 344      D4
 345 030f E5E1B496 		.ascii	"\345\341\264\226l\037\234NY\024y\273\323\272}\2212("
 345      6C1F9C4E 
 345      591479BB 
 345      D3BA7D91 
 345      3228
 346 0321 38289E2C 		.ascii	"8(\236,\267=&y\036\342\320\262 \364\006,\366EX\354F"
 346      B73D2679 
 346      1EE2D0B2 
 346      20F4062C 
 346      F64558EC 
 347 0336 A404CBEF 		.ascii	"\244\004\313\357!\242K\020Q:\254\001yS@\267\321Z2F\015"
 347      21A24B10 
 347      513AAC01 
 347      795340B7 
 347      D15A3246 
 348 034b 223D7BD2 		.ascii	"\"={\322\341=\303\200\253\322\341\264\014$\317\216\340"
 348      E13DC380 
 348      ABD2E1B4 
 348      0C24CF8E 
 348      E0
 349 035c 9DD9595D 		.ascii	"\235\331Y]\262\313\023\232r\224\370\010\313n\306Rk\025"
 349      B2CB139A 
 349      7294F808 
 349      CB6EC652 
 349      6B15
 350 036e B3CB8A6F 		.ascii	"\263\313\212o\221g\007F\350\262,\273\313Rv6\232\235"
 350      91670746 
 350      E8B22CBB 
 350      CB527636 
 350      9A9D
 351 0380 A92A6E5C 		.ascii	"\251*n\\\201+\031\313/V\3632 1\231\354O\023sq\206`\212"
 351      812B19CB 
 351      2F56F332 
 351      203199EC 
 351      4F137371 
 352 0397 119ECDCE 		.ascii	"\021\236\315\316\"\332\012\250IF\322$\2214S\222\312"
 352      22DA0AA8 
 352      4946D224 
 352      91345392 
 352      CA
 353 03a8 EA8E1115 		.ascii	"\352\216\021\025\376\221\221$5\334\317UQ\026SN>[\330"
 353      FE919124 
 353      35DCCF55 
 353      5116534E 
 353      3E5BD8
 354 03bb 3574595B 		.ascii	"5tY[d\004-\022A+%\330\277gx7\217\3571\202\356\321\003"
 354      64042D12 
 354      412B25D8 
 354      BF677837 
 354      8FEF3182 
 355 03d2 871123A8 		.ascii	"\207\021#\250q\020\220\010\332d\004m\022A;%(+\264\327"
ARM GAS  /tmp/ccl1ySfq.s 			page 27


 355      71109008 
 355      DA64046D 
 355      12413B25 
 355      282BB4D7 
 356 03e6 F9E33146 		.ascii	"\371\3431Fp\255\272\264\0213\202\233.\021\\\221\021"
 356      70ADBAB4 
 356      1133829B 
 356      2E115C91 
 356      11
 357 03f7 5C91083A 		.ascii	"\\\221\010:(AI\337\324}5~\312\010\212\007fzY\004}\323"
 357      284149DF 
 357      D47D357E 
 357      CA088A07 
 357      667A5904 
 358 040d 77AD6235 		.ascii	"w\255b5\327\260N\271*\343\270*qtR\216k\231)\025\010"
 358      D7B04EB9 
 358      2AE3B82A 
 358      7174528E 
 358      6B992915 
 359 0422 C763CA51 		.ascii	"\307c\312Q\2255\235J\202\350\023\354\303\367\236\255"
 359      95359D4A 
 359      82E813EC 
 359      C3F79EAD 
 360 0432 3D109BCC 		.ascii	"=\020\233\314v%+\3465\031\3135\211\245\213\262\330\212"
 360      76252BE6 
 360      3519CB35 
 360      89A58BB2 
 360      D88A
 361 0444 73BEC007 		.ascii	"s\276\300\007)\211\342nv\2319\020\005\007\005\251\244"
 361      2989E26E 
 361      76993910 
 361      050705A9 
 361      A4
 362 0455 0EBA09FD 		.ascii	"\016\272\011\375\376\303\357:hj\015\231\240\355F>\351"
 362      FEC3EF3A 
 362      686A0D99 
 362      A0ED463E 
 362      E9
 363 0466 51644F11 		.ascii	"QdO\021\360+\216\336\274\016\275I\2468\364#\364\323"
 363      F02B8EDE 
 363      BC0EBD49 
 363      A638F423 
 363      F4D3
 364 0478 0D760CF5 		.ascii	"\015v\014\365\037\034K\364R\211\350\204\377\206\036"
 364      1F1C4BF4 
 364      5289E884 
 364      FF861E
 365 0487 889BB0A9 		.ascii	"\210\233\260\251\324\3379\2169t\313e\357u#\265\370\015"
 365      D4DF398E 
 365      3974CB65 
 365      EF7523B5 
 365      F80D
 366 0499 91F57064 		.ascii	"\221\365pd\237\017=\335\340\235x\272\231/\356-\363\235"
 366      9F0F3DDD 
 366      E09D78BA 
 366      992FEE2D 
 366      F39D
ARM GAS  /tmp/ccl1ySfq.s 			page 28


 367 04ab F3A8E9A1 		.ascii	"\363\250\351\241\235\375\223t\272\235>xg\334\027\247"
 367      9DFD9374 
 367      BA9D3E78 
 367      67DC17A7 
 368 04bb B3425E6C 		.ascii	"\263B^l*O\016\240\205,kn+\3463\204<\251+\301\012\335"
 368      2A4F0EA0 
 368      852C6B6E 
 368      2BE63384 
 368      3CA92BC1 
 369 04d1 9615F2B6 		.ascii	"\226\025\362\266T\310^Z\310\254\344\316\0145\375\256"
 369      54C85E5A 
 369      C8ACE4CE 
 369      0C35FDAE 
 370 04e1 8B203C23 		.ascii	"\213 <#gLV_\372]\347O\324\311\335\366D\025U\325D=\230"
 370      674C565F 
 370      FA5DE74F 
 370      D4C9DDF6 
 370      441555D5 
 371 04f8 7FE2A88A 		.ascii	"\177\342\250\212\224B\020\223S\313s\273Kk\361z\020\352"
 371      94421093 
 371      53CB73BB 
 371      4B6BF17A 
 371      10EA
 372 050a 67A5B831 		.ascii	"g\245\2701\226\235\3525?\231\242\0058\265\350\262\364"
 372      969DEA35 
 372      3F99A205 
 372      38B5E8B2 
 372      F4
 373 051b 01FC0E85 		.ascii	"\001\374\016\205\377\214\346KF4\367\353\243g\025r\364"
 373      FF8CE64B 
 373      4634F7EB 
 373      A3671572 
 373      F4
 374 052c ADE7A1EF 		.ascii	"\255\347\241\357\245\034\262c|\221%?q\354\201\036\267"
 374      A51CB263 
 374      7C91253F 
 374      71EC811E 
 374      B7
 375 053d B1B13DD9 		.ascii	"\261\261=\331<\354\267\250\033\347\300*\337\003\033"
 375      3CECB7A8 
 375      1BE7C02A 
 375      DF031B
 376 054c 529B91D6 		.ascii	"R\233\221\326Z\357\327\362\204\016\330\261C\003\257"
 376      5AEFD7F2 
 376      840ED8B1 
 376      4303AF
 377 055b EC4A36C5 		.ascii	"\354J6\305$\013\244\333\011\000\375\002\265\201\375"
 377      240BA4DB 
 377      0900FD02 
 377      B581FD
 378 056a 25733540 		.ascii	"%s5@*\204\006\021t\341\020z\015\010\022.\244\036W\322"
 378      2A840611 
 378      74E1107A 
 378      0D08122E 
 378      A41E57D2 
 379 057e 1A7D4697 		.ascii	"\032}F\2278\271\360\264\232\026\305\217\250{\177\033"
 379      38B9F0B4 
ARM GAS  /tmp/ccl1ySfq.s 			page 29


 379      9A16C58F 
 379      A87B7F1B 
 380 058e 6B0BA0AA 		.ascii	"k\013\240\252\212Vp\246\253\301o\316\032\215J5\032a"
 380      8A5670A6 
 380      ABC16FCE 
 380      1A8D4A35 
 380      1A61
 381 05a0 35DADF32 		.ascii	"5\332\3372\333\031\340^\243a\200\337\247\360_i\326\243"
 381      DB19E05E 
 381      A36180DF 
 381      A7F05F69 
 381      D6A3
 382 05b2 52D60DB7 		.ascii	"R\326\015\267\312\257\362\3565\232\023\235y\247\346"
 382      CAAFF2EE 
 382      359A139D 
 382      79A7E6
 383 05c1 B63F1E62 		.ascii	"\266?\036bu1\027t\217\372/\232\244uy\300\352R\020\323"
 383      75311774 
 383      8FFA2F9A 
 383      A47579C0 
 383      EA5210D3 
 384 05d5 B1DF8BD6 		.ascii	"\261\337\213\326\305\324\235/(lB\034\331zd\226\026\005"
 384      C5D49D2F 
 384      286C421C 
 384      D97A6496 
 384      1605
 385 05e7 B6BC8CDB 		.ascii	"\266\274\214\333N\2132F\2122N\213r\364\267\273\211\030"
 385      4E8B3246 
 385      8A324E8B 
 385      72F4B7BB 
 385      8918
 386 05f9 C72AD83E 		.ascii	"\307*\330>\036L\315D\213\016(d\354\207\033\332z\003"
 386      1E4CCD44 
 386      8B0E2864 
 386      EC871BDA 
 386      7A03
 387 060b 19FB130F 		.ascii	"\031\373\023\017\354\235.\354\023\224\375!a\177D\331"
 387      EC9D2EEC 
 387      1394FD21 
 387      617F44D9 
 388 061b AD4375FB 		.ascii	"\255Cu\373X[\012\336\204\255\254\2768QI\213\374\005"
 388      585B0ADE 
 388      84ADACBE 
 388      3851498B 
 388      FC05
 389 062d 511BCFC7 		.ascii	"Q\033\317\307\347(p\016s~\374ZJf \251x\354\013\335k"
 389      E728700E 
 389      737EFC5A 
 389      4A6620A9 
 389      78EC0BDD 
 390 0642 C0222E63 		.ascii	"\300\".c\366\021\306'\231y\346\364\351\223~\270DT2."
 390      F611C627 
 390      9979E6F4 
 390      E9937EB8 
 390      4454322E 
 391 0656 772B7039 		.ascii	"w+p9S\012\016\245\235\362\242N}\351\231}\245k\277\022"
 391      530A0EA5 
ARM GAS  /tmp/ccl1ySfq.s 			page 30


 391      9DF2A24E 
 391      7DE9997D 
 391      A56BBF12 
 392 066a 9B45A7A9 		.ascii	"\233E\247\251\223\211\201\270\206)-\375S\023\254#\346"
 392      938981B8 
 392      86292DFD 
 392      5313AC23 
 392      E6
 393 067b 1175FA49 		.ascii	"\021u\372I\327M\036\327\261\271\346\353w\216z\341F\246"
 393      D74D1ED7 
 393      B1B9E6EB 
 393      778E7AE1 
 393      46A6
 394 068d 644CB65A 		.ascii	"dL\266Z\003)\360\025\272\275\262bc\003\261\215\315\231"
 394      0329F015 
 394      BABDB262 
 394      6303B18D 
 394      CD99
 395 069f 4ECCCC06 		.ascii	"N\314\314\006\340v\246HWP5\273\202f7\014_\365\307\327"
 395      E076A648 
 395      575035BB 
 395      8266370C 
 395      5FF5C7D7 
 396 06b3 D8DC447F 		.ascii	"\330\334D\177\3143\204o0\245\260\277=\305\237\002_'"
 396      CC33846F 
 396      30A5B0BF 
 396      3DC59F02 
 396      5F27
 397 06c5 6A6EEAB4 		.ascii	"jn\352\264\026w\263\251\352\261=\017}q/Sz'{\033}(n\005"
 397      1677B3A9 
 397      EAB13D0F 
 397      7D712F53 
 397      7A277B1B 
 398 06dd 510F5DC8 		.ascii	"Q\017]\310Na--\320\351}\245\005\023,0L\324\212\211\216"
 398      4E612D2D 
 398      D0E97DA5 
 398      05132C30 
 398      4CD48A89 
 399 06f2 06C59C4D 		.ascii	"\006\305\234M\274\237\027\233x\037O\313i\316\032\237"
 399      BC9F179B 
 399      781F4FCB 
 399      69CE1A9F 
 400 0702 0A74B625 		.ascii	"\012t\266%\273-\356\345\203\220\300\023x2?_2\"\350."
 400      BB2DEEE5 
 400      8390C013 
 400      78323F5F 
 400      3222E82E 
 401 0716 7373A1B7 		.ascii	"ss\241\267\034=\375<\364wi\251V\204\357\262$~\330\365"
 401      1C3DFD3C 
 401      F47769A9 
 401      5684EFB2 
 401      247ED8F5 
 402 072a CB751E0F 		.ascii	"\313u\036\0170\345L\37613k\211\2654\203\033W\177\360"
 402      30E54CFE 
 402      31336B89 
 402      B534831B 
 402      577FF0
ARM GAS  /tmp/ccl1ySfq.s 			page 31


 403 073d C12362F9 		.ascii	"\301#b\371\312\223\247\331\236\374\210\250M\225{-*l"
 403      CA93A7D9 
 403      9EFC88A8 
 403      4D957B2D 
 403      2A6C
 404 074f 677333C5 		.ascii	"gs3\305?O\361\370\021S\006\352F\004\236\0027\321\353"
 404      3F4FF1F8 
 404      115306EA 
 404      46049E02 
 404      37D1EB
 405 0762 E5E8DE5E 		.ascii	"\345\350\336^_<\345\352 \2009x\2245\374\346\234%\311"
 405      5F3CE5EA 
 405      20803978 
 405      9435FCE6 
 405      9C25C9
 406 0775 964AF286 		.ascii	"\226J\362\206x\364\245\306H\333\332$U$\013r\234\241"
 406      78F4A5C6 
 406      48DBDA24 
 406      55240B72 
 406      9CA1
 407 0787 E81C9A63 		.ascii	"\350\034\232c\266\224\343\271\306\333\261j9z\372y\350"
 407      B694E3B9 
 407      C6DBB16A 
 407      397AFA79 
 407      E8
 408 0798 B6C78539 		.ascii	"\266\307\2059\336\370\031\213Q:\232\324\364hZX\326Y"
 408      DEF8198B 
 408      513A9AD4 
 408      F4685A58 
 408      D659
 409 07aa 7312A1A5 		.ascii	"s\022\241\245\262g\2014\0106\011q\261\366=\225#o\237"
 409      B2678134 
 409      08360971 
 409      B1F63D95 
 409      236F9F
 410 07bd 3F2358E2 		.ascii	"?#X\3420u\022\317cT\302/pn\230o\351\032\234"
 410      307512CF 
 410      6354C22F 
 410      706E986F 
 410      E91A9C
 411 07d0 207E3962 		.ascii	" ~9b`\272]\342m[A\261{\334\261I\024\373'\007t\330\001"
 411      60BA5DE2 
 411      6D5B41B1 
 411      7BDCB149 
 411      14FB2707 
 412 07e7 3DEC0E4D 		.ascii	"=\354\016Ms\245\335e\032}\023\240G\370\371(W\204J\351"
 412      73A5DD65 
 412      1A7D13A0 
 412      47F8F928 
 412      57844AE9 
 413 07fb 22931B6B 		.ascii	"\"\223\033k\217\203\365;w\326D\367`\333\034X\330 \256"
 413      8F83F53B 
 413      77D644F7 
 413      60DB1C58 
 413      D820AE
 414 080e 58564A19 		.ascii	"XVJ\031\266\325\201}\352\031\353\014a\310\001=\3449"
 414      B6D5817D 
ARM GAS  /tmp/ccl1ySfq.s 			page 32


 414      EA19EB0C 
 414      61C8013D 
 414      E439
 415 0820 3127F4BE 		.ascii	"1'\364\276\003\232\356\016\315p\203\376\350\200\306"
 415      039AEE0E 
 415      CD7083FE 
 415      E880C6
 416 082f B84363DD 		.ascii	"\270Cc\335\240\203\016\350Awh\252{\015Z\034\330'\356"
 416      A0830EE8 
 416      417768AA 
 416      7B0D5A1C 
 416      D827EE
 417 0842 79BDEE84 		.ascii	"y\275\356\204\036\020\267\337Z\005\207\036\303\374$"
 417      1E10B7DF 
 417      5A05871E 
 417      C3FC24
 418 0851 4D99A0E1 		.ascii	"M\231\240\341\254Df>\030\225\363K\321)\220\023 \307"
 418      AC44663E 
 418      1895F34B 
 418      D1299013 
 418      20C7
 419 0863 41CE8294 		.ascii	"A\316\202\224\202\024\201T\202\234\006\311\0039\003"
 419      82148154 
 419      829C06C9 
 419      033903
 420 0872 720CE428 		.ascii	"r\014\344(H\005H1H!H>\310I\2202\220\002~)\275s\320\000"
 420      48054831 
 420      4821483E 
 420      C8499032 
 420      90027E29 
 421 088a AF3802DC 		.ascii	"\2578\002\334\345\236\214\340\236\314-\007v\267\347"
 421      E59E8CE0 
 421      9ECC2D07 
 421      76B7E7
 422 0899 4E75D668 		.ascii	"Nu\326h\304\001\315\364\\y\031m\263\003\373\233\307"
 422      C401CDF4 
 422      5C79196D 
 422      B303FB9B 
 422      C7
 423 08aa 1A39597F 		.ascii	"\0329Y\177r \023<w\237\023\332\356\200\316\272\223\012"
 423      7220133C 
 423      779F13DA 
 423      EE80CEBA 
 423      930A
 424 08bc 2ED05DA6 		.ascii	".\320]\246^\322\375\007\240\373SDR\351\370\023\367\224"
 424      5ED2FD07 
 424      A0FB5344 
 424      52E9F813 
 424      F794
 425 08ce 2CD49B0E 		.ascii	",\324\233\016\3268\317]\302\260\344\346\333\327T\342"
 425      D638CF5D 
 425      C2B0E4E6 
 425      DBD754E2 
 426 08de 2D2082E1 		.ascii	"- \202\341\244\333\036{\340GzGyE\267\032\005/\240\270"
 426      A4DB1E7B 
 426      E0477A47 
 426      7945B71A 
ARM GAS  /tmp/ccl1ySfq.s 			page 33


 426      052FA0B8 
 427 08f2 5FB7FAA2 		.ascii	"_\267\372\242s\3004\345\374\201N\214\350\343\2511P\025"
 427      73C034E5 
 427      FC814E8C 
 427      E8E3A931 
 427      5015
 428 0904 F4C3FFBB 		.ascii	"\364\303\377\2737\3400\233\275?\225\344#\277;\237\223"
 428      37E0309B 
 428      BD3F95E4 
 428      23BF3B9F 
 428      93
 429 0915 A50B3F09 		.ascii	"\245\013?\011xzw&\237\000.:\333\332\310/\311%\377t\030"
 429      787A7726 
 429      9F002E3A 
 429      DBDAC82F 
 429      C925FF74 
 430 092a DEDDAF14 		.ascii	"\336\335\257\024\342\310m\231\376\034e\327\333j~\011"
 430      E2C86D99 
 430      FE1C65D7 
 430      DB6A7E09 
 431 093a F9C6B8F5 		.ascii	"\371\306\270\365\255\212\202LG\342\2416\024b\223 5\024"
 431      AD8A824C 
 431      47E2A136 
 431      14629320 
 431      3514
 432 094c 72FA7147 		.ascii	"r\372qG\221\237\334+\371\351\341\364zA\364z\201z-;\\"
 432      919FDC2B 
 432      F9E9E1F4 
 432      7A41F47A 
 432      817A2D3B 
 433 0961 6E55CBC1 		.ascii	"nU\313\301V\027p\255\010\256\245\340\351r\353\250\013"
 433      561770AD 
 433      08AEA5E0 
 433      E972EBA8 
 433      0B
 434 0972 738F0BB8 		.ascii	"s\217\013\270N\004\327Q\360\301\263\007\012\374\345"
 434      4E04D751 
 434      F0C1B307 
 434      0AFCE5
 435 0981 60723975 		.ascii	"`r9u\202\353Ep=\005w\267f_R\310\301f\027f\213\010\266"
 435      82EB4570 
 435      3D0577B7 
 435      665F52C8 
 435      C1661766 
 436 0998 5070CDDE 		.ascii	"Pp\315\336\244b^\016~\340\302\334 \202\033(\370\372"
 436      A4625E0E 
 436      7EE0C2DC 
 436      20821B28 
 436      F8FA
 437 09aa 99A441A5 		.ascii	"\231\244A\245\034\\\347\302\334(\202\033)\370\324\345"
 437      1C5CE7C2 
 437      DC28821B 
 437      29F8D4E5 
 438 09ba 3D83FEB4 		.ascii	"=\203\376\264\274eO\233\376--A\247T\337\357\371%\234"
 438      BC654F9B 
 438      FE2D2D41 
 438      A754DFEF 
ARM GAS  /tmp/ccl1ySfq.s 			page 34


 438      F9259C
 439 09cd D2F08DC1 		.ascii	"\322\360\215\301\030\2715\\o\364\376\360\223\177,\326"
 439      18B9355C 
 439      6FF4FEF0 
 439      937F2CD6 
 440 09dd 72BE3B23 		.ascii	"r\276;#\267\031W\257\322\033Uz\2754|S\263\323\020\255"
 440      B71957AF 
 440      D21B557A 
 440      BD347C53 
 440      B3D310AD 
 441 09f1 89DC1616 		.ascii	"\211\334\026\026\265sK\270f[\370\277\242\"\277\324l"
 441      B5734BB8 
 441      665BF8BF 
 441      A222BFD4 
 441      6C
 442 0a02 0D0D8B88 		.ascii	"\015\015\213\210\334\026\256\321o\011\377*tg\224Qo\374"
 442      DC16AED1 
 442      6F09FF2A 
 442      74679451 
 442      6FFC
 443 0a14 6647B861 		.ascii	"fG\270ay\004\267\324\023\032\334h\364\006\343\026`\004"
 443      7904B7D4 
 443      131ADC68 
 443      F406E316 
 443      6004
 444 0a26 48F0F2E5 		.ascii	"H\360\362\345\032mD\344\227\221\237\206h\266\0334\321"
 444      1A6D44E4 
 444      97919F86 
 444      68B61B34 
 444      D1
 445 0a37 46073C2C 		.ascii	"F\007<,\202\004$2\3157\030\365QQ[\300.4\332\250\017"
 445      82042432 
 445      CD3718F5 
 445      51515BC0 
 445      2E34DAA8 
 446 0a4c 8D0A8DDE 		.ascii	"\215\012\215\336\272\322\3252\"4J\263c{\264\321\240"
 446      BAD2D532 
 446      22344AB3 
 446      637BB4D1 
 446      A0
 447 0a5d 09D9BC71 		.ascii	"\011\331\274q\365*\315\307\037\257\327l\336\260\361"
 447      F52ACDC7 
 447      1FAFD76C 
 447      DEB0F1
 448 0a6c EB951A66 		.ascii	"\353\225\032f\012$/9H\266\357`\034\363\2447\341F\327"
 448      0A242F39 
 448      48B6EF60 
 448      1CF3A437 
 448      E146D7
 449 0a7f 17FF945E 		.ascii	"\027\377\224^x\351\337\337\276=j\241\370:\322\300\336"
 449      78E9DFDF 
 449      BE3D6AA1 
 449      F83AD2C0 
 449      DE
 450 0a90 EA43C38C 		.ascii	"\352C\303\214\221_\207{\033\214\033\266E\032\377\370"
 450      915F877B 
 450      1B8C1BB6 
ARM GAS  /tmp/ccl1ySfq.s 			page 35


 450      451AFFF8 
 451 0aa0 FB480CD1 		.ascii	"\373H\014\321a\340wy\030\2476\030CH\314\353\210\231"
 451      61E07779 
 451      18A73618 
 451      4348CCEB 
 451      8899
 452 0ab2 1F51B6EF 		.ascii	"\037Q\266\357\240c\025\214\303\215\322\360\303p\007"
 452      A063158C 
 452      C38DD2F0 
 452      C37007
 453 0ac1 8239025A 		.ascii	"\2029\002ZEXDh\2642,\"\344\033\303G\241Q\306%\317\257"
 453      45584468 
 453      B4322C22 
 453      E41BC347 
 453      A151C625 
 454 0ad7 14E4E7AB 		.ascii	"\024\344\347\253\327\177\265s[\230^\357/\015\226\277"
 454      D77FB573 
 454      5B985EEF 
 454      2F0D96BF 
 455 0ae7 B3FA9DF7 		.ascii	"\263\372\235\367\374\345!p\362\271w\337\366sF\3412\363"
 455      FCE52170 
 455      F2B977DF 
 455      F67346E1 
 455      32F3
 456 0af9 DE0A3F67 		.ascii	"\336\012?gP\034\214\267\222\325\217\334\2527b\255n%"
 456      501C8CB7 
 456      92D58FDC 
 456      AA3762AD 
 456      6E25
 457 0b0b C82A45C8 		.ascii	"\310*E\310F\255N\261~\303\007:>D\207?\370P\347\245\325"
 457      46AD4EB1 
 457      7EC3073A 
 457      3E44873F 
 457      F850E7A5 
 458 0b20 6ED4ADA4 		.ascii	"n\324\255\244\177W)\264\332\017tX\373\311f\274)D\213"
 458      7F5729B4 
 458      DA0F7458 
 458      FBC966BC 
 458      29448B
 459 0b33 D7E97458 		.ascii	"\327\351tX\247\005\035\014\336_\277Y\207\327\023\313"
 459      A7051D0C 
 459      DE5FBF59 
 459      87D713CB 
 460 0b43 8DEB74FC 		.ascii	"\215\353t\374\247\314j5\340?\323\275\365\342\013*F\003"
 460      A7CC6A35 
 460      E03FD3BD 
 460      F5E20B2A 
 460      4603
 461 0b55 39FF0785 		.ascii	"9\377\007\205)\333\004"
 461      29DB04
 462              		.text
 463              		.section	.gnu.lto_.symtab.8d8a173260df0c3,"",%progbits
 464 0000 7374496E 		.ascii	"stInit\000\000\000\000\000\000\000\000\000\000\000\000"
 464      69740000 
 464      00000000 
 464      00000000 
 464      0000
ARM GAS  /tmp/ccl1ySfq.s 			page 36


 465 0012 CA000000 		.ascii	"\312\000\000\000stStartAlarm\000\000\000\000\000\000"
 465      73745374 
 465      61727441 
 465      6C61726D 
 465      00000000 
 466 0028 00000000 		.ascii	"\000\000\000\000\000\000\314\000\000\000stStopAlarm"
 466      0000CC00 
 466      00007374 
 466      53746F70 
 466      416C6172 
 467 003d 00000000 		.ascii	"\000\000\000\000\000\000\000\000\000\000\000\000\316"
 467      00000000 
 467      00000000 
 467      CE
 468 004a 00000073 		.ascii	"\000\000\000stSetAlarm\000\000\000\000\000\000\000\000"
 468      74536574 
 468      416C6172 
 468      6D000000 
 468      00000000 
 469 005f 00000000 		.ascii	"\000\000\000\000\320\000\000\000stGetAlarm\000\000\000"
 469      D0000000 
 469      73744765 
 469      74416C61 
 469      726D0000 
 470 0074 00000000 		.ascii	"\000\000\000\000\000\000\000\000\000\322\000\000\000"
 470      00000000 
 470      00D20000 
 470      00
 471 0081 73745F6C 		.ascii	"st_lld_init\000\000\002\000\000\000\000\000\000\000"
 471      6C645F69 
 471      6E697400 
 471      00020000 
 471      00000000 
 472 0096 0000D400 		.ascii	"\000\000\324\000\000\000chSysHalt\000\000\002\000\000"
 472      00006368 
 472      53797348 
 472      616C7400 
 472      00020000 
 473 00aa 00000000 		.ascii	"\000\000\000\000\000\000\000\337\000\000\000"
 473      000000DF 
 473      000000
 474              		.text
 475              		.section	.gnu.lto_.opts,"",%progbits
 476 0000 272D666E 		.ascii	"'-fno-trapv' '-fno-strict-overflow' '-mcpu=cortex-m"
 476      6F2D7472 
 476      61707627 
 476      20272D66 
 476      6E6F2D73 
 477 0033 34272027 		.ascii	"4' '-mfloat-abi=hard' '-mfpu=fpv4-sp-d16' '-mno-thu"
 477      2D6D666C 
 477      6F61742D 
 477      6162693D 
 477      68617264 
 478 0066 6D622D69 		.ascii	"mb-interwork' '-mthumb' '-ggdb' '-O0' '-Werror' '-f"
 478      6E746572 
 478      776F726B 
 478      2720272D 
ARM GAS  /tmp/ccl1ySfq.s 			page 37


 478      6D746875 
 479 0099 6F6D6974 		.ascii	"omit-frame-pointer' '-falign-functions=16' '-ffunct"
 479      2D667261 
 479      6D652D70 
 479      6F696E74 
 479      65722720 
 480 00cc 696F6E2D 		.ascii	"ion-sections' '-fdata-sections' '-fno-common' '-flt"
 480      73656374 
 480      696F6E73 
 480      2720272D 
 480      66646174 
 481 00ff 6F272027 		.ascii	"o' '-fsingle-precision-constant'\000"
 481      2D667369 
 481      6E676C65 
 481      2D707265 
 481      63697369 
 482              		.text
 483              		.comm	__gnu_lto_v1,1,1
 484              		.comm	__gnu_lto_slim,1,1
 485              		.ident	"GCC: (15:4.9.3+svn231177-1) 4.9.3 20150529 (prerelease)"
ARM GAS  /tmp/ccl1ySfq.s 			page 38


DEFINED SYMBOLS
                            *ABS*:0000000000000000 st.c
                            *COM*:0000000000000001 __gnu_lto_v1
                            *COM*:0000000000000001 __gnu_lto_slim

NO UNDEFINED SYMBOLS
