ARM GAS  /tmp/ccIDHRPF.s 			page 1


   1              		.syntax unified
   2              		.cpu cortex-m4
   3              		.eabi_attribute 27, 1
   4              		.eabi_attribute 28, 1
   5              		.fpu fpv4-sp-d16
   6              		.eabi_attribute 20, 1
   7              		.eabi_attribute 21, 1
   8              		.eabi_attribute 23, 3
   9              		.eabi_attribute 24, 1
  10              		.eabi_attribute 25, 1
  11              		.eabi_attribute 26, 1
  12              		.eabi_attribute 30, 6
  13              		.eabi_attribute 34, 1
  14              		.eabi_attribute 18, 4
  15              		.thumb
  16              		.file	"st_lld.c"
  17              		.text
  18              	.Ltext0:
  19              		.section	.gnu.lto_.inline.f149292eaf540dcb,"",%progbits
  20 0000 789C6366 		.ascii	"x\234cf\300\0164\030!47\003\003\0133\003\003\023\313"
  20      C00E3418 
  20      21343703 
  20      030B3303 
  20      0313CB
  21 0013 073D0616 		.ascii	"\007=\006\026\006&\220\020#\206\010\023\003\013\017"
  21      06269010 
  21      23860813 
  21      030B0F
  22 0022 90645A20 		.ascii	"\220dZ \017W\303\005$\230\261\013\2630\260)`\021F\020"
  22      0F57C305 
  22      2498B10B 
  22      B330B029 
  22      60114610 
  23 0036 ACD8F5B1 		.ascii	"\254\330\365\261a\027f'd\034\007v}\234\014\\'\030\360"
  23      61176627 
  23      641C0776 
  23      7D9C0C5C 
  23      2718F0
  24 0049 6AC44670 		.ascii	"j\304Fp1p\012\0025qL\360\203ib\346\001\221\000\374\021"
  24      31700A02 
  24      35714CF0 
  24      836962E6 
  24      019100FC 
  25 005e 0C64     		.ascii	"\014d"
  26              		.text
  27              		.section	.gnu.lto_port_lock.f149292eaf540dcb,"",%progbits
  28 0000 789C6550 		.ascii	"x\234ePMHTQ\030\375\316\275o&r6\022\264q3\017$\\\024"
  28      4D485451 
  28      18FDCEBD 
  28      6F267236 
  28      12B47133 
  29 0018 EFD6AA65 		.ascii	"\357\326\252e\304@\320b\010\234}\245\257\0073\3408\362"
  29      C440D062 
  29      089C7DA5 
  29      AF0733E0 
  29      38F2
  30 002a 66C66C93 		.ascii	"f\306l\223\327a\240Z\004Q\006\023$)a\177S\352d\033]"
ARM GAS  /tmp/ccIDHRPF.s 			page 2


  30      D761A05A 
  30      04510613 
  30      2429617F 
  30      53EA641B 
  31 003f CD4A2208 		.ascii	"\315J\"\010\\\004\242\202V\030\364\343By\251\015\022"
  31      5C04A282 
  31      5618F4E3 
  31      4279A90D 
  31      12
  32 0050 D377DFB4 		.ascii	"\323w\337\264\261\036\\\036\337\371\3169\367\234+\351"
  32      B11E5C1E 
  32      DFF9CE39 
  32      F79C2BE9 
  33 0060 FFEF289F 		.ascii	"\377\357(\2371\020]7\203$\010\342\003\006\0104,0\214"
  33      31105D37 
  33      832408E2 
  33      03060834 
  33      2C308C
  34 0073 6F625BE0 		.ascii	"ob[\340N\275Z\211uMj\255\267JA\015z\364r\203\211\201"
  34      4EBD5A89 
  34      754D6AAD 
  34      B74A410D 
  34      7AF47283 
  35 0089 6879E029 		.ascii	"hy\340)\272\210Y\333\345\337K\261h\231Y\355\255\035"
  35      BA8859DB 
  35      E5DF4BB1 
  35      689959ED 
  35      AD1D
  36 009b 9E21CA56 		.ascii	"\236!\312V\340]P\325\243R:0\274\271\251\237\357c_EC"
  36      E05D50D5 
  36      A3523A30 
  36      BCB9A99F 
  36      EF635F45 
  37 00b0 C036E3FC 		.ascii	"\3006\343\374\335\267\225\250\031\205e\306\037\037&"
  37      DDB795A8 
  37      198565C6 
  37      1F1F26
  38 00bf 26DB3A27 		.ascii	"&\333:'\264.\351\007z\\\334\2547\233g\032B\3429$\233"
  38      B42EE907 
  38      7A5CDCAC 
  38      379B671A 
  38      42E23924 
  39 00d4 E2053A50 		.ascii	"\342\005:PE\307\337\370x\211\316\351#u\335l>~\362p/"
  39      45C7DFF8 
  39      7889CEE9 
  39      2375DD6C 
  39      3E7EF270 
  40 00e9 22102244 		.ascii	"\"\020\"D\033a\264/\202\177r\005\245-\213\366\204\211"
  40      1B61B42F 
  40      827F7205 
  40      A52D8BF6 
  40      8489
  41 00fb F1E9F6CE 		.ascii	"\361\351\366\316,\314]\322&\274b\233U\224>/\327\026"
  41      2CCC5DD2 
  41      26BC629B 
  41      55943E2F 
  41      D716
ARM GAS  /tmp/ccIDHRPF.s 			page 3


  42 010d 4E1D88FF 		.ascii	"N\035\210\377\261\374]\206>\246@ \360o9L!\312wO\233"
  42      B1FC5D86 
  42      3EA64020 
  42      F06F394C 
  42      21CA774F 
  43 0122 762097B7 		.ascii	"v \227\267\353\233\277\356\311xaLW\354F\253\306\375"
  43      EB9BBFEE 
  43      C978614C 
  43      57EC46AB 
  43      C6FD
  44 0134 D5FD9136 		.ascii	"\325\375\2216\313<\347\014\342d\220G\2133\267\"\214"
  44      CB3CE70C 
  44      E2649047 
  44      8B33B722 
  44      8C
  45 0145 A0068BD3 		.ascii	"\240\006\213\323\360\3465,\306\337\335\030\337\265\342"
  45      F0E6352C 
  45      C6DFDD18 
  45      DFB5E2
  46 0154 575BDA88 		.ascii	"W[\332\210a.n.\314\037\016\265\263F\2137\260h\015#\365"
  46      612E6E2E 
  46      CC1F0EB5 
  46      B3468B37 
  46      B0680D23 
  47 0169 E0A20964 		.ascii	"\340\242\011d\232m\030=\023\216;\216J\2443\275\231\013"
  47      9A6D183D 
  47      138E3B8E 
  47      4AA433BD 
  47      990B
  48 017b 2995CB2B 		.ascii	")\225\313+\277\240\006r~!\257\316v'\023\311!\345\246"
  48      BFA00672 
  48      7E21AFCE 
  48      762713C9 
  48      21E5A6
  49 018e DD9CEF5D 		.ascii	"\335\234\357]\032<\235u\322\024\031\354\351+z\316A\205"
  49      1A3C9D75 
  49      D21419EC 
  49      E92B7ACE 
  49      4185
  50 01a0 37545089 		.ascii	"7TP\211d\352|Je\372\335\276\342\025O\205\0127{\256\330"
  50      64EA7C4A 
  50      65FADDBE 
  50      E2154F85 
  50      0A377BAE 
  51 01b5 EFB2A83D 		.ascii	"\357\262\250=\231\352\266{{\362\336\200\2379a\037;I"
  51      99EAB67B 
  51      7BF2DE80 
  51      9F39611F 
  51      3B49
  52 01c7 C2A74359 		.ascii	"\302\247CY/\233\363\257\321\0377\"\261\204"
  52      2F9BF3AF 
  52      D11F3722 
  52      B184
  53              		.text
  54              		.section	.gnu.lto_port_unlock.f149292eaf540dcb,"",%progbits
  55 0000 789C6550 		.ascii	"x\234ePAKTQ\030\375\316\275o\306r6\022\264q3\003\022"
  55      414B5451 
ARM GAS  /tmp/ccIDHRPF.s 			page 4


  55      18FDCEBD 
  55      6FC67236 
  55      12B47133 
  56 0016 2E92776B 		.ascii	".\222wk\3252d p1\010\316\0170}=\230\001\307\22173f\233"
  56      D5326420 
  56      703108CE 
  56      0F307D3D 
  56      9801C791 
  57 002e BC0E42B9 		.ascii	"\274\016B\271\213T\230\026\242\022b:\245N\272\321\325"
  57      8B549816 
  57      A212623A 
  57      A54EBAD1 
  57      D5
  58 003f AC2482C8 		.ascii	"\254$\202\310 \210\022*b\202\"\027\332H\365\250\230"
  58      2088122A 
  58      62822217 
  58      DA48F5A8 
  58      98
  59 0050 BEFBA68D 		.ascii	"\276\373\246\215\365\340\362\370\316w\316\271\347\\"
  59      F5E0F2F8 
  59      CE77CEB9 
  59      E75C
  60 005e 49FF7F67 		.ascii	"I\377\177g\371\314\201\350\246\031$A\020\0370@\240q"
  60      F9CC81E8 
  60      A6192441 
  60      101F3040 
  60      A071
  61 0070 81717C16 		.ascii	"\201q|\026G\002w\252\345R\244sIk}X\364+\3203W}&\326"
  61      470277AA 
  61      E552A473 
  61      496B7D58 
  61      F42BD033 
  62 0088 45D303CB 		.ascii	"E\323\003\313\350$f\035M\376~\025\011O2\253\255\271"
  62      E824661D 
  62      4DFE7E15 
  62      094F32AB 
  62      ADB9
  63 009a C30384D9 		.ascii	"\303\003\204\331\012\274\253\227\365\214\2246\014o{"
  63      0ABCAB97 
  63      F58C9436 
  63      0C6F7B
  64 00a9 EDF859E4 		.ascii	"\355\370Y\344\223\360\005bf\334\271\373\244\0246\243"
  64      93F00562 
  64      66DCB9FB 
  64      A41436A3 
  65 00b9 B0CCF8E5 		.ascii	"\260\314\370\345\345\342Rk\307\242\326E}O/\210\333\325"
  65      E5E2526B 
  65      C7A2D645 
  65      7D4F2F88 
  65      DBD5
  66 00cb 46E3B22F 		.ascii	"F\343\262/$V \331\024\253hG\031\355\177\343\343!:\326"
  66      245620D9 
  66      14AB6847 
  66      19ED7FE3 
  66      E3213AD6 
  67 00df CF5475A3 		.ascii	"\317Tu\243q\177\371\227\037\022\010\020\242Z\020\355"
  67      717FF997 
ARM GAS  /tmp/ccIDHRPF.s 			page 5


  67      1F120810 
  67      A25A10ED 
  68 00ef A3E09F7C 		.ascii	"\243\340\237|\203\342\241E\337\205\211\361\256\366\374"
  68      83E2A145 
  68      DF8589F1 
  68      AEF6FC
  69 00fe C5297397 		.ascii	"\305)s\227d\355#\266\331G\361\303\353\312\356\305\023"
  69      64ED23B6 
  69      D947F1C3 
  69      EBCAEEC5 
  69      13
  70 010f F1DFD7BE 		.ascii	"\361\337\327\276\312\300\307\024\250\013\374[\016k\010"
  70      CAC0C714 
  70      A80BFC5B 
  70      0E6B08
  71 011e B37EDDB4 		.ascii	"\263~\335\264\0039\306\367\340\307\264\214\346\347t"
  71      0339C6F7 
  71      E0C7B48C 
  71      E6E774
  72 012d 29E6376B 		.ascii	")\3467k\314\356\377\234h\265\314sn J\006\231\337\333"
  72      CCEEFF9C 
  72      68B5CC73 
  72      6E204A06 
  72      99DFDB
  73 0140 980A3182 		.ascii	"\230\0121\202\012,N\303\233\307\260\030\177zk\341\233"
  73      0A2C4EC3 
  73      9BC7B018 
  73      7F7A6BE1 
  73      9B
  74 0151 15BDDED4 		.ascii	"\025\275\336\324\206\014s\357`w\347t\240\3354Zl\301"
  74      860C73EF 
  74      6077E774 
  74      A0DD345A 
  74      6CC1
  75 0163 A2B798A8 		.ascii	"\242\267\230\250\316\367\233@\246Y\315\350\231p\336"
  75      CEF79B40 
  75      A659CDE8 
  75      9970DE
  76 0172 B6553C95 		.ascii	"\266U<\225\036L\367&U6\247\274\274\032\311z\371\234"
  76      1E4CF726 
  76      5536A7BC 
  76      BC1AC97A 
  76      F99C
  77 0184 EAEE4BC4 		.ascii	"\352\356K\304\023c\312I9Y\317\355\037\275\224\261S\024"
  77      1363CA49 
  77      3959CFED 
  77      1FBD94B1 
  77      5314
  78 0196 1A1D182A 		.ascii	"\032\035\030*\270\366I\205;\226W\361D\262'\251\322\303"
  78      B8F64985 
  78      3B9657F1 
  78      44B227A9 
  78      D2C3
  79 01a8 CE50E19A 		.ascii	"\316P\341\232\253\002\205\223\271R\030vX\324\226H\366"
  79      AB028593 
  79      B9521876 
  79      58D49648 
ARM GAS  /tmp/ccIDHRPF.s 			page 6


  79      F6
  80 01b9 C5060772 		.ascii	"\305\006\007r\356\210\227\356\212\235\273@\302\243\226"
  80      EE8897EE 
  80      8A9DBB40 
  80      C2A396
  81 01c8 8C9BC97A 		.ascii	"\214\233\311z7\350\017_\214\2626"
  81      37E80F5F 
  81      8CB236
  82              		.text
  83              		.section	.gnu.lto_port_lock_from_isr.f149292eaf540dcb,"",%progbits
  84 0000 789C6366 		.ascii	"x\234cf\300\004\242@<\017\210uA\034f\006F&\006 fd\004"
  84      C004A240 
  84      3C0F8875 
  84      411C6606 
  84      46260620 
  85 0017 721819EA 		.ascii	"r\030\031\352\231\030\353\031_2}db\234p`\365\014n\365"
  85      9918EB19 
  85      5F327D64 
  85      629C7060 
  85      F50C6EF5 
  86 002b A50D0D0D 		.ascii	"\245\015\015\015\037>\375\336\310\3300%\341'P\341g&"
  86      1F3EFDDE 
  86      C8D83025 
  86      E12750E1 
  86      6726
  87 003d 88198CCB 		.ascii	"\210\031\214\313\031\325\031\200\252>\266\374\275\316"
  87      19D51980 
  87      AA3EB6FC 
  87      BDCE
  88 004b CDD60254 		.ascii	"\315\326\002T%\000\221c\\\301\310\0062j\275\320\201"
  88      25009163 
  88      5CC1C806 
  88      326ABDD0 
  88      81
  89 005c 86FFFF1F 		.ascii	"\206\377\377\037\257[\363\227\025\310}\002\326\366\224"
  89      AF5BF397 
  89      15C87D02 
  89      D6F694
  90 006b 094831DF 		.ascii	"\011H1\337al>p\371>#H!\310\204y\227\373\3261\325\376"
  90      616C3E70 
  90      F93E2348 
  90      21C88479 
  90      97FBD631 
  91 0081 6EE868E0 		.ascii	"n\350h\340\370\311\304\370\231\011\250\232q%c-\303O"
  91      F8C9C4F8 
  91      9909A89A 
  91      7125632D 
  91      C34F
  92 0093 A0E27B8C 		.ascii	"\240\342{\214\215\007\256\306\203U2\200\014\001\312"
  92      8D07AEC6 
  92      83553280 
  92      0C01CA
  93 00a2 014DD0D6 		.ascii	"\001M\320\326\323\323w\316\310L\312\364\017\326\317"
  93      D3D377CE 
  93      C84CCAF4 
  93      0FD6CF
  94 00b1 2FD62F2A 		.ascii	"/\326/*\321/\310/*)\326w\014\362u\366\255\320O\316H"
ARM GAS  /tmp/ccIDHRPF.s 			page 7


  94      D12FC82F 
  94      2A29D677 
  94      0CF275F6 
  94      ADD04FCE 
  95 00c6 CE2F4A8D 		.ascii	"\316/J\215/3\317\325\313`\000\000\230\223DV"
  95      2F33CFD5 
  95      CB600000 
  95      98934456 
  96              		.text
  97              		.section	.gnu.lto_port_unlock_from_isr.f149292eaf540dcb,"",%progbits
  98 0000 789C6366 		.ascii	"x\234cf\300\004\242@<\017\210uA\034f\006F&\006 fd\004"
  98      C004A240 
  98      3C0F8875 
  98      411C6606 
  98      46260620 
  99 0017 721819EA 		.ascii	"r\030\031\352\231\030\353\031_2}db\234p`\365\014n\365"
  99      9918EB19 
  99      5F327D64 
  99      629C7060 
  99      F50C6EF5 
 100 002b A50D0D0D 		.ascii	"\245\015\015\015\037\026\375\337\310\3300%\341'P\341"
 100      1F16FDDF 
 100      C8D83025 
 100      E12750E1 
 101 003b 67268819 		.ascii	"g&\210\031\214\313\031\325\031\200\252>\266\374\275"
 101      8CCB19D5 
 101      1980AA3E 
 101      B6FCBD
 102 004a CECDD602 		.ascii	"\316\315\326\002T%\000\221c\\\301\310\0062j\275\320"
 102      54250091 
 102      635CC1C8 
 102      06326ABD 
 102      D0
 103 005b 8186FFFF 		.ascii	"\201\206\377\377\037\257\277\363\237\025\310}\002\326"
 103      1FAFBFF3 
 103      9F15C87D 
 103      02D6
 104 0069 F6940948 		.ascii	"\366\224\011H1\337al>\360\363>#H!\310\204y\227\373\326"
 104      31DF616C 
 104      3EF0F33E 
 104      234821C8 
 104      847997FB 
 105 007e 31D5FE6E 		.ascii	"1\325\376n\350h\340\370\311\304\370\231\011\250\232"
 105      E868E0F8 
 105      C9C4F899 
 105      09A89A
 106 008d 7125632D 		.ascii	"q%c-\303O\240\342{\214\215\007~\307\203U2\200\014\001"
 106      C34FA0E2 
 106      7B8C8D07 
 106      7EC78355 
 106      32800C01 
 107 00a1 CA014DD0 		.ascii	"\312\001M\320\326\323\323w\316\310L\312\364\017\326"
 107      D6D3D377 
 107      CEC84CCA 
 107      F40FD6
 108 00b0 CF2FD62F 		.ascii	"\317/\326/*\321/\310/*)\326w\014\362u\366\255\320O\316"
 108      2AD12FC8 
ARM GAS  /tmp/ccIDHRPF.s 			page 8


 108      2F2A29D6 
 108      770CF275 
 108      F6ADD04F 
 109 00c5 48CE2F4A 		.ascii	"H\316/J\215/3\317\325\313`\000\000\223!D\211"
 109      8D2F33CF 
 109      D5CB6000 
 109      00932144 
 109      89
 110              		.text
 111              		.section	.gnu.lto_chSysLockFromISR.f149292eaf540dcb,"",%progbits
 112 0000 789C6366 		.ascii	"x\234cf\300\004\242@\374\011\210\225A\034f\006F&\006"
 112      C004A240 
 112      FC098895 
 112      411C6606 
 112      462606
 113 0013 20666404 		.ascii	" fd\004r\030\031\352\231\030\353\031_2}db\234p`\365"
 113      721819EA 
 113      9918EB19 
 113      5F327D64 
 113      629C7060 
 114 0028 0C6EF5A5 		.ascii	"\014n\365\245\015\015\015\037\026]\334\310\3300%\341"
 114      0D0D0D1F 
 114      165DDCC8 
 114      D83025E1 
 115 0038 2750E167 		.ascii	"'P\341g&\210\031\214\313\031\325\031\200\252>\266\374"
 115      2688198C 
 115      CB19D519 
 115      80AA3EB6 
 115      FC
 116 0049 BDCECDD6 		.ascii	"\275\316\315\326\002T%\000\221c\\\301\310\0062j\275"
 116      02542500 
 116      91635CC1 
 116      C806326A 
 116      BD
 117 005a D08186FF 		.ascii	"\320\201\206\377\377\037\257\375s\221\025\310}\002\326"
 117      FF1FAFFD 
 117      739115C8 
 117      7D02D6
 118 0069 F6940948 		.ascii	"\366\224\011H1\337al>0\363\026#H!\310\204y\227\373\326"
 118      31DF616C 
 118      3E30F316 
 118      234821C8 
 118      847997FB 
 119 007e 31D5FE6E 		.ascii	"1\325\376n\350h\340\370\311\304\370\231\011\250\232"
 119      E868E0F8 
 119      C9C4F899 
 119      09A89A
 120 008d 7125632D 		.ascii	"q%c-\303O\240b\220\322YR\270T\202\334\275\012I\345\034"
 120      C34FA062 
 120      90D25952 
 120      B85482DC 
 120      BD0A49E5 
 121 00a2 9C2A9981 		.ascii	"\234*\231\201*WCU\336cl<0?\012\254\222\001\3440\240"
 121      2A574355 
 121      DE636C3C 
 121      303F0AAC 
 121      9201E430 
ARM GAS  /tmp/ccIDHRPF.s 			page 9


 122 00b7 7D408314 		.ascii	"}@\203\024\365\364\364\23532\2232\375\203\365\363\213"
 122      F5F4F49D 
 122      33329332 
 122      FD83F5F3 
 122      8B
 123 00c8 F58B4AF4 		.ascii	"\365\213J\3643\363\222sJSR\365\2233\212+\213\3652\030"
 123      33F39273 
 123      4A5352F5 
 123      93338A2B 
 123      8BF53218 
 124 00dc 000D5C5D 		.ascii	"\000\015\\]+"
 124      2B
 125              		.text
 126              		.section	.gnu.lto_osalSysLockFromISR.f149292eaf540dcb,"",%progbits
 127 0000 789C6366 		.ascii	"x\234cf\300\004\242@\274\000\210\225A\034f\006F&\006"
 127      C004A240 
 127      BC008895 
 127      411C6606 
 127      462606
 128 0013 20666404 		.ascii	" fd\004r\030\031\352\231\030\353\031_2}db\234p`\365"
 128      721819EA 
 128      9918EB19 
 128      5F327D64 
 128      629C7060 
 129 0028 0C6EF5A5 		.ascii	"\014n\365\245\015\015\015\037&Ml\023k\230\222\360\023"
 129      0D0D0D1F 
 129      264D6C13 
 129      6B9892F0 
 129      13
 130 0039 A8F03313 		.ascii	"\250\3603\023\304\014\306\345\214\352\014@U\037[\376"
 130      C40CC6E5 
 130      8CEA0C40 
 130      551F5BFE 
 131 0049 5EE7666B 		.ascii	"^\347fk\001\252\022\200\3101\256`d\003\031\265^\350"
 131      01AA1280 
 131      C831AE60 
 131      640319B5 
 131      5EE8
 132 005b 40C3FFFF 		.ascii	"@\303\377\377\217\327\235\231\310\0062\372\011X\337"
 132      8FD79D99 
 132      C80632FA 
 132      0958DF
 133 006a 532620C5 		.ascii	"S& \305|\207\261\371\300\364G\022 \225 #\346]\356[\307"
 133      7C87B1F9 
 133      C0F44712 
 133      20952023 
 133      E65DEE5B 
 134 007f 54FBBBA1 		.ascii	"T\373\273\241\243\201\343'\023\343g&\240j\306\225\214"
 134      A381E327 
 134      13E36726 
 134      A06AC695 
 134      8C
 135 0090 B50C3F81 		.ascii	"\265\014?\201\212\35716\036\230\371\210\003\254\224"
 135      8AEF3136 
 135      1E98F988 
 135      03AC94
 136 009f 01640A50 		.ascii	"\001d\012P\022h\204\242\236\236\276sFfR\246\177\260"
ARM GAS  /tmp/ccIDHRPF.s 			page 10


 136      126884A2 
 136      9E9EBE73 
 136      466652A6 
 136      7FB0
 137 00b1 7E7EB17E 		.ascii	"~~\261~Fb\016\220\002\022E%`Z/\203\001\000\212N?\315"
 137      46620E90 
 137      02124525 
 137      605A2F83 
 137      01008A4E 
 138              		.text
 139              		.section	.gnu.lto_osalOsTimerHandlerI.f149292eaf540dcb,"",%progbits
 140 0000 789C6366 		.ascii	"x\234cf\300\004\242@\274\000\210\225A\034f\006F&\006"
 140      C004A240 
 140      BC008895 
 140      411C6606 
 140      462606
 141 0013 20666404 		.ascii	" fd\004r\030\031\352\231\030\353\031_2}db\234p`\365"
 141      721819EA 
 141      9918EB19 
 141      5F327D64 
 141      629C7060 
 142 0028 0C6EF5A5 		.ascii	"\014n\365\245\015\015\015\037>ml\023k\230\222\360\023"
 142      0D0D0D1F 
 142      3E6D6C13 
 142      6B9892F0 
 142      13
 143 0039 A8F03313 		.ascii	"\250\3603\023\304\014\306\345\214\352\014@U\037[\376"
 143      C40CC6E5 
 143      8CEA0C40 
 143      551F5BFE 
 144 0049 5EE7666B 		.ascii	"^\347fk\001\252\022\200\3101\256`d\003\031\265^\350"
 144      01AA1280 
 144      C831AE60 
 144      640319B5 
 144      5EE8
 145 005b 40C3FFFF 		.ascii	"@\303\377\377\213\327\257\331\314\0062\372\011X\337"
 145      8BD7AFD9 
 145      CC0632FA 
 145      0958DF
 146 006a 532620C5 		.ascii	"S& \305|\207\261\371\300\346g\022 \225 #\346]\356[\307"
 146      7C87B1F9 
 146      C0E66712 
 146      20952023 
 146      E65DEE5B 
 147 007f 54FBBBA1 		.ascii	"T\373\273\241\243\201\343'\023\343g&\240j\306\225\214"
 147      A381E327 
 147      13E36726 
 147      A06AC695 
 147      8C
 148 0090 B50C3F81 		.ascii	"\265\014?\201\212\35716\036\330\372\214\003\254\224"
 148      8AEF3136 
 148      1ED8FA8C 
 148      03AC94
 149 009f 01640A50 		.ascii	"\001d\012P\022h\204\242\236\236\276sFfR\246\177\260"
 149      126884A2 
 149      9E9EBE73 
 149      466652A6 
ARM GAS  /tmp/ccIDHRPF.s 			page 11


 149      7FB0
 150 00b1 7E7EB17E 		.ascii	"~~\261~Fb\016\220\002\022E%`Z/\203\001\000\331J@P"
 150      46620E90 
 150      02124525 
 150      605A2F83 
 150      0100D94A 
 151              		.text
 152              		.section	.gnu.lto_chSysUnlockFromISR.f149292eaf540dcb,"",%progbits
 153 0000 789C6366 		.ascii	"x\234cf\300\004\242@\374\011\210\225A\034f\006F&\006"
 153      C004A240 
 153      FC098895 
 153      411C6606 
 153      462606
 154 0013 20666404 		.ascii	" fd\004r\030\031\352\231\030\353\031_2}db\234p`\365"
 154      721819EA 
 154      9918EB19 
 154      5F327D64 
 154      629C7060 
 155 0028 0C6EF5A5 		.ascii	"\014n\365\245\015\015\015\037\036]\335\310\3300%\341"
 155      0D0D0D1F 
 155      1E5DDDC8 
 155      D83025E1 
 156 0038 2750E167 		.ascii	"'P\341g&\210\031\214\313\031\325\031\200\252>\266\374"
 156      2688198C 
 156      CB19D519 
 156      80AA3EB6 
 156      FC
 157 0049 BDCECDD6 		.ascii	"\275\316\315\326\002T%\000\221c\\\301\310\0062j\275"
 157      02542500 
 157      91635CC1 
 157      C806326A 
 157      BD
 158 005a D08186FF 		.ascii	"\320\201\206\377\377\037\257\333s\235\025\310}\002\326"
 158      FF1FAFDB 
 158      739D15C8 
 158      7D02D6
 159 0069 F6940948 		.ascii	"\366\224\011H1\337al>\360\361\026#H!\310\204y\227\373"
 159      31DF616C 
 159      3EF0F116 
 159      234821C8 
 159      847997FB 
 160 007d D631D5FE 		.ascii	"\3261\325\376n\350h\340\370\311\304\370\231\011\250"
 160      6EE868E0 
 160      F8C9C4F8 
 160      9909A8
 161 008c 9A712563 		.ascii	"\232q%c-\303O\240b\220\322OR\270T\202\334\275\012I\345"
 161      2DC34FA0 
 161      6290D24F 
 161      52B85482 
 161      DCBD0A49 
 162 00a1 179C2A99 		.ascii	"\027\234*\231\201*WCU\336cl<\360=\012\254\222\001\344"
 162      812A5743 
 162      55DE636C 
 162      3CF03D0A 
 162      AC9201E4 
 163 00b5 30A07D40 		.ascii	"0\240}@\203\024\365\364\364\23532\2232\375\203\365\363"
 163      8314F5F4 
ARM GAS  /tmp/ccIDHRPF.s 			page 12


 163      F49D3332 
 163      9332FD83 
 163      F5F3
 164 00c7 8BF58B4A 		.ascii	"\213\365\213J\3643\363\222sJSR\365\2233\212+\213\365"
 164      F433F392 
 164      734A5352 
 164      F593338A 
 164      2B8BF5
 165 00da 321800C4 		.ascii	"2\030\000\304^^\226"
 165      5E5E96
 166              		.text
 167              		.section	.gnu.lto_osalSysUnlockFromISR.f149292eaf540dcb,"",%progbits
 168 0000 789C6366 		.ascii	"x\234cf\300\004\242@\274\000\210\225A\034f\006F&\006"
 168      C004A240 
 168      BC008895 
 168      411C6606 
 168      462606
 169 0013 20666404 		.ascii	" fd\004r\030\031\352\231\030\353\031_2}db\234p`\365"
 169      721819EA 
 169      9918EB19 
 169      5F327D64 
 169      629C7060 
 170 0028 0C6EF5A5 		.ascii	"\014n\365\245\015\015\015\037\016Mn\023k\230\222\360"
 170      0D0D0D1F 
 170      0E4D6E13 
 170      6B9892F0 
 171 0038 13A8F033 		.ascii	"\023\250\3603\023\304\014\306\345\214\352\014@U\037"
 171      13C40CC6 
 171      E58CEA0C 
 171      40551F
 172 0047 5BFE5EE7 		.ascii	"[\376^\347fk\001\252\022\200\3101\256`d\003\031\265"
 172      666B01AA 
 172      1280C831 
 172      AE606403 
 172      19B5
 173 0059 5EE840C3 		.ascii	"^\350@\303\377\377\217\327\377\231\314\0062\372\011"
 173      FFFF8FD7 
 173      FF99CC06 
 173      32FA09
 174 0068 58DF5326 		.ascii	"X\337S& \305|\207\261\371\300\336G\022 \225 #\346]\356"
 174      20C57C87 
 174      B1F9C0DE 
 174      47122095 
 174      2023E65D 
 175 007d 5BC754FB 		.ascii	"[\307T\373\273\241\243\201\343'\023\343g&\240j\306\225"
 175      BBA1A381 
 175      E32713E3 
 175      6726A06A 
 175      C695
 176 008f 8CB50C3F 		.ascii	"\214\265\014?\201\212\35716\036\330\377\210\003\254"
 176      818AEF31 
 176      361ED8FF 
 176      8803AC
 177 009e 9401640A 		.ascii	"\224\001d\012P\022h\204\242\236\236\276sFfR\246\177"
 177      50126884 
 177      A29E9EBE 
 177      73466652 
ARM GAS  /tmp/ccIDHRPF.s 			page 13


 177      A67F
 178 00b0 B07E7EB1 		.ascii	"\260~~\261~Fb\016\220\002\022E%`Z/\203\001\000\333\024"
 178      7E46620E 
 178      90021245 
 178      25605A2F 
 178      830100DB 
 179 00c5 407E     		.ascii	"@~"
 180              		.text
 181              		.section	.gnu.lto_SysTick_Handler.f149292eaf540dcb,"",%progbits
 182 0000 789C6366 		.ascii	"x\234cf\300\004\242@<\211\221\201\301\030\304af`db\000"
 182      C004A240 
 182      3C899181 
 182      C118C461 
 182      66606462 
 183 0015 6246A000 		.ascii	"bF\240\000\003#C=\023c=\343K\246\217L\214\023\016\254"
 183      0323433D 
 183      13633DE3 
 183      4BA68F4C 
 183      8C130EAC 
 184 0029 9EC1ADBE 		.ascii	"\236\301\255\276\264\241\241\341\303\241\357,\255\022"
 184      B4A1A1E1 
 184      C3A1EF2C 
 184      AD12
 185 0037 3F81CA3E 		.ascii	"?\201\312>3AL`\\\316\250\316\000T\363\261\345\357un"
 185      33414C60 
 185      5CCEA8CE 
 185      0054F3B1 
 185      E5EF756E 
 186 004b B616A01A 		.ascii	"\266\026\240\032\001\210\034\343\012F6\220A\353\205"
 186      01881CE3 
 186      0A463690 
 186      41EB85
 187 005a 0E34FCFF 		.ascii	"\0164\374\377\377x\351\235\237,@\356\023\260\266\247"
 187      FF78E99D 
 187      9F2C40EE 
 187      13B0B6A7 
 188 006a 4C408AF9 		.ascii	"L@\212\371\016c\363\201\277\347\030A\012A&\314\273\334"
 188      0E63F381 
 188      BFE71841 
 188      0A4126CC 
 188      BBDC
 189 007c B78EA9F6 		.ascii	"\267\216\251\366wCG\003\307O&\306\317L@\325\214+\031"
 189      77434703 
 189      C74F26C6 
 189      CF4C40D5 
 189      8C2B19
 190 008f 6B197E02 		.ascii	"k\031~\002\025\337ad\306\245\014\344\344Upe\315\007"
 190      15DF6164 
 190      C6A50CE4 
 190      E4557065 
 190      CD07
 191 00a1 26F0E352 		.ascii	"&\360\343R\311\014T\271\032I\345$\234*Y\200*\327 \251"
 191      C90C54B9 
 191      1A49E524 
 191      9C2A5980 
 191      2AD720A9 
 192 00b5 9C825325 		.ascii	"\234\202S%+P\345Z$\2253p\252d\003\252\\G\330;\354@e"
ARM GAS  /tmp/ccIDHRPF.s 			page 14


 192      2B50E55A 
 192      24953370 
 192      AA6403AA 
 192      5C47D83B 
 193 00cc EBA1CAEE 		.ascii	"\353\241\312\35616\036\230\355\017V\311\000\012:`\210"
 193      31361E98 
 193      ED0F56C9 
 193      000A3A60 
 193      88
 194 00dd 007D6BA8 		.ascii	"\000}k\250\247\247\357\234\221\231\224\351\037\254\237"
 194      A7A7EF9C 
 194      919994E9 
 194      1FAC9F
 195 00ec 5FAC9F91 		.ascii	"_\254\237\221\230\243_\220_TR\254\037\034\342kl\244"
 195      98A35F90 
 195      5F5452AC 
 195      1F1CE26B 
 195      6CA4
 196 00fe EFE3E3A2 		.ascii	"\357\343\343\242\037\342\351[f\250_\\\022\237\223\223"
 196      1FE2E95B 
 196      66A85F5C 
 196      129F9393 
 197 010e A297CC00 		.ascii	"\242\227\314\000\000V\366\225J"
 197      0056F695 
 197      4A
 198              		.text
 199              		.section	.gnu.lto_st_lld_init.f149292eaf540dcb,"",%progbits
 200 0000 789C8592 		.ascii	"x\234\205\222\337K\024Q\024\307\357\367\334\331uj3\""
 200      DF4B1451 
 200      14C7EFF7 
 200      DCD9756A 
 200      3322
 201 0012 0A6A5F0A 		.ascii	"\012j_\012\366\301'w0\377\202\250\227@\351a}\217~<("
 201      F6C12777 
 201      30FF82A8 
 201      9740E961 
 201      7D8F7E3C 
 202 0027 2C18ADF4 		.ascii	",\030\255\364&^\267Y\023\242\030\012B\010S\261H\333"
 202      265EB759 
 202      13A2180A 
 202      420853B1 
 202      48DB
 203 0039 5ACBD252 		.ascii	"Z\313\322R\011\206\036\302 [\305\207\314\302\346a\373"
 203      09861EC2 
 203      205BC587 
 203      CCC2E661 
 203      FB
 204 004a 4506631B 		.ascii	"E\006c\033\330\020\261\335{W\205Z\254\013sg\316=\347"
 204      D810B1DD 
 204      7B57855A 
 204      AC0B7367 
 204      CE3DE7
 205 005d 7B3EE79C 		.ascii	"{>\347\234\271\234U\256\335\362)\022c\365\312\340\014"
 205      B99C55AE 
 205      DDF22912 
 205      63F5CAE0 
 205      0C
ARM GAS  /tmp/ccIDHRPF.s 			page 15


 206 006e F2130448 		.ascii	"\362\023\004H\003\254\203\320\201\317\264Bp\334lO\244"
 206      03AC83D0 
 206      81CFB442 
 206      70DC6C4F 
 206      A4
 207 007f E6A610C2 		.ascii	"\346\246\020\302\037\275\2627\263'\240\262J-\334B\015"
 207      1FBDB237 
 207      B327A0B2 
 207      4A2DDC42 
 207      0D
 208 0090 93312BF6 		.ascii	"\2231+\366\257W\221\260-cv\224}\030BX&\342\3227\221"
 208      AF5791B0 
 208      2D637694 
 208      7D184258 
 208      26E2D237 
 209 00a5 FB3E13F9 		.ascii	"\373>\023\371D\001a\277\012\235\274<\335\023V&\031\312"
 209      440161BF 
 209      0A9DBC3C 
 209      DD135626 
 209      19CA
 210 00b7 EC7302D7 		.ascii	"\354s\002\327\210\015\010\221\366\362\317\237m\313L"
 210      880D0891 
 210      F6F2CF9F 
 210      6DCB4C
 211 00c6 0BDB2B95 		.ascii	"\013\333+\225\366\005\304U\"\014#\212\333\210\256\025"
 211      F605C455 
 211      220C238A 
 211      DB88AE15 
 212 00d6 8C2C627F 		.ascii	"\214,b\177h\372\027\206\273B\377\226\334\371[\362\372"
 212      68FA1786 
 212      BB42FF96 
 212      DCF95BF2 
 212      FA
 213 00e7 BF92BB88 		.ascii	"\277\222\273\210\215\354tE\251T\234\261\317\307^\222"
 213      8DEC7445 
 213      A9549CB1 
 213      CFC75E92 
 214 00f7 01262349 		.ascii	"\001&#Im\\m\214\025t\377\357I\276\370\"\322\276\377"
 214      6D5C6D8C 
 214      1574FFEF 
 214      49BEF822 
 214      D2BEFF
 215 010a F106572D 		.ascii	"\361\006W-\257\312Q\020\272\007g\207\266\252\026\271"
 215      AFCA5110 
 215      BA076787 
 215      B6AA16B9 
 216 011a E39E13DB 		.ascii	"\343\236\023\333\031r2\367\"\236\372\336.\025$#\336"
 216      197232F7 
 216      229EFADE 
 216      2E152423 
 216      DE
 217 012b 15F273A6 		.ascii	"\025\362s\246\216`j\010c?\372\276V\367\342Z\247\020"
 217      8E606A08 
 217      633FFABE 
 217      56F7E25A 
 217      A710
 218 013d 6E342043 		.ascii	"n4 C\246\301\210\252G\372\012/.\214\233\265Ya#\240\020"
ARM GAS  /tmp/ccIDHRPF.s 			page 16


 218      A6C188AA 
 218      47FA0A2F 
 218      2E8C9BB5 
 218      596123A0 
 219 0152 EEA117DF 		.ascii	"\356\241\027\3374\034\367Q\253\244\037\226\336\350\351"
 219      341CF751 
 219      ABA41F96 
 219      DEE8E9
 220 0161 86F20719 		.ascii	"\206\362\007\031F5(\355;\313F\271\034\332`\367\257\263"
 220      463528ED 
 220      3BCB46B9 
 220      1CDA60F7 
 220      AFB3
 221 0173 2B61B409 		.ascii	"+a\264\011\354\201\206\351\373\360P\3036\312\016\311"
 221      EC8186E9 
 221      FBF050C3 
 221      36CA0EC9 
 222 0183 A3B135D6 		.ascii	"\243\2615\326\354:\213W\366Y\311\342\233\260\3065K_"
 222      EC3A8B57 
 222      F659C9E2 
 222      9BB0C635 
 222      4B5F
 223 0195 9D479AB5 		.ascii	"\235G\232\265:\350}\201b\205\253\030\036K\315[d\334"
 223      3AE87D81 
 223      6285AB18 
 223      1E4BCD5B 
 223      64DC
 224 01a7 27F35099 		.ascii	"'\363P\231\225\374\372\374\245\034\265\377\024\335\302"
 224      95FCFAFC 
 224      A51CB5FF 
 224      14DDC2
 225 01b6 0CA8AAA8 		.ascii	"\014\250\252\250\312\304\004\332\225\313\233\272\350"
 225      CAC404DA 
 225      95CB9BBA 
 225      E8
 226 01c3 E8F99B11 		.ascii	"\350\371\233\021\206ID\345\321\302\300\362\325j}d2L"
 226      864944E5 
 226      D1C2C0F2 
 226      D56A7D64 
 226      324C
 227 01d5 41D6B285 		.ascii	"A\326\262\205-\241\323\235K\350|L\375R\231A\362\353"
 227      2DA1D39D 
 227      4BE87C4C 
 227      FD529941 
 227      F2EB
 228 01e7 E271EB50 		.ascii	"\342q\353Ps\313\211\226\243\011\2535e5\037OZ\247[\317"
 228      73CB8996 
 228      A309AB35 
 228      65351F4F 
 228      5AA75BCF 
 229 01fb B4A5AC44 		.ascii	"\264\245\254DSc\375\001\253\241\341\260\325t\244\361"
 229      5363FD01 
 229      ABA1E1B0 
 229      D574A4F1 
 230 020b 6C9D956A 		.ascii	"l\235\225j;\226L\236\212\237d\277\001\224\004\031\236"
 230      3B964C9E 
 230      8A9F64BF 
ARM GAS  /tmp/ccIDHRPF.s 			page 17


 230      01940419 
 230      9E
 231              		.text
 232              		.section	.gnu.lto_.symbol_nodes.f149292eaf540dcb,"",%progbits
 233 0000 789C558A 		.ascii	"x\234U\212;RBA\020Eo\367\274\337\300\343\317\206X\331"
 233      3B524241 
 233      10456FF7 
 233      BCDFC0E3 
 233      CF8658D9 
 234 0014 7D6A6220 		.ascii	"}jb \210\002\232)U\260\024bCc-I5p\001\250\363\006\253"
 234      88029A29 
 234      55B01462 
 234      43632D49 
 234      357001A8 
 235 002b 7A3A3975 		.ascii	"z:9u\316m\007\340$\210\247? \260|\001Hl\266\3275\264"
 235      CE6D07E0 
 235      2488A73F 
 235      20B07C01 
 235      486CB6D7 
 236 0041 114A5A2E 		.ascii	"\021JZ.\204\232\226K\241K\313\2230K\313\2470O\313\267"
 236      849A964B 
 236      A14BCB93 
 236      304BCBA7 
 236      304FCBB7 
 237 0055 B048CBB3 		.ascii	"\260H\313\263\260L\313\227\260J\313\215\322\377\227"
 237      B04CCB97 
 237      B04ACB8D 
 237      D2FF97
 238 0064 D76D059D 		.ascii	"\327m\005\235+;6\310J\331\215\001M\363\347\367\312\332"
 238      2B3B36C8 
 238      4AD98D01 
 238      4DF3E7F7 
 238      CADA
 239 0076 FA5AD9B3 		.ascii	"\372Z\331\263\376\240\354[\337(\007\326\357\224C\353"
 239      FEA0EC5B 
 239      DF2807D6 
 239      EF9443EB 
 240 0086 4BE5C8FA 		.ascii	"K\345\310\372\255rl}\241\234X\177TN\215;\005vo\247\231"
 240      AD726C7D 
 240      A19C587F 
 240      544E8D3B 
 240      05766FA7 
 241 009b 731299E9 		.ascii	"s\022\231\351\2315\016-\2738\006\346Y\354E\017\373\300"
 241      99350E2D 
 241      BB3806E6 
 241      59EC450F 
 241      FBC0
 242 00ad 7270663F 		.ascii	"rpf?\376\225\016\037\201U\031\377\374$\356~\034w\237"
 242      FE950E1F 
 242      815519FF 
 242      FC24EE7E 
 242      1C779F
 243 00c0 C7DD17B8 		.ascii	"\307\335\027\270z\017\254\260k9\302\241\345\020\307"
 243      7A0FACB0 
 243      6B39C2A1 
 243      E510C7
 244 00cf C0CEB425 		.ascii	"\300\316\264%~\001\016\354\233`"
ARM GAS  /tmp/ccIDHRPF.s 			page 18


 244      7E010EEC 
 244      9B60
 245              		.text
 246              		.section	.gnu.lto_.refs.f149292eaf540dcb,"",%progbits
 247 0000 789C6366 		.ascii	"x\234cf```d\200\002\000\000=\000\005"
 247      60606064 
 247      80020000 
 247      3D0005
 248              		.text
 249              		.section	.gnu.lto_.decls.f149292eaf540dcb,"",%progbits
 250 0000 789C8D96 		.ascii	"x\234\215\226{PT\327\031\300\357\331\263\274\226E\034"
 250      7B5054D7 
 250      19C0EFD9 
 250      B3BC9645 
 250      1C
 251 0011 B44986B1 		.ascii	"\264I\206\261S\2443L\332\250\333\304\316\264\377)\222"
 251      53A4334C 
 251      DAA8DBC4 
 251      CEB4FF29 
 251      92
 252 0022 1A996275 		.ascii	"\032\231bu\204\364\237t\272\305\345F\266\205\305\356"
 252      84F49F74 
 252      BAC5E546 
 252      B685C5EE 
 253 0032 2E26FE77 		.ascii	".&\376w\003J\0204*\325\340\253\270\"\012\002\002\002"
 253      034A1034 
 253      2AD5E0AB 
 253      B8220A02 
 253      0202
 254 0044 F2161144 		.ascii	"\362\026\021DAD\021P$V\301\007\006\037(FT\324\204\355"
 254      41441150 
 254      2456C107 
 254      061F2846 
 254      54D484ED 
 255 0058 77BE732F 		.ascii	"w\276s/\\\326\205xf\276\275\367\234\373}\277\357u\356"
 255      5CD68578 
 255      66BEBDF7 
 255      9CFB7DBF 
 255      EF75EE
 256 006b 3D4B0541 		.ascii	"=K\005A\230C\005\301\011c\211^\020\316\303=\\\204\225"
 256      984305C1 
 256      0963895E 
 256      10CEC33D 
 256      5C8495
 257 007e C2C4F805 		.ascii	"\302\304\370\005H!H\021H\011H)H9H\005H\025H\015H\035"
 257      48214811 
 257      48094829 
 257      48394805 
 257      4815480D 
 258 0094 483D4803 		.ascii	"H=H\003H#\310i\2203 - \347@\316\203\\\000\351\000\351"
 258      4823C869 
 258      9033202D 
 258      20E740CE 
 258      835C00E9 
 259 00aa 04E913DE 		.ascii	"\004\351\023\336\034\314\207\247\354{\206\300\343\350"
 259      1CCC87A7 
 259      EC7B86C0 
ARM GAS  /tmp/ccIDHRPF.s 			page 19


 259      E3E8
 260 00b8 05190419 		.ascii	"\005\031\004\031\222u4\262\336S7\366Eoi_4\205=\313\215"
 260      927534B2 
 260      DE5337F6 
 260      456F695F 
 260      34853DCB 
 261 00cd CAF62320 		.ascii	"\312\366# GT6%\262_\327Q:\215M\251\354\313u\224Oa\243"
 261      47543625 
 261      B25FD751 
 261      3A8D4DA9 
 261      ECCB7594 
 262 00e4 959F315F 		.ascii	"\225\2371_\254~\215nl+\246\361W!\333\273\216\252il\330"
 262      AC7E8D6E 
 262      6C2BA6F1 
 262      5721DBBB 
 262      8EAA696C 
 263 00f9 B3336E6C 		.ascii	"\2633nlj\246\211\221=c=m\221st\035u\323\370\253\223"
 263      6AA68991 
 263      3D633D6D 
 263      9173741D 
 263      75D3F8AB 
 264 010e ED5D47FD 		.ascii	"\355]G\375\0246\336\3623\266g:\204\211=\3078l?\235w"
 264      1436DEF2 
 264      33B6673A 
 264      84893DC7 
 264      386C3F9D 
 265 0123 C36A00D1 		.ascii	"\303j\000\321\011\223\367\201\027\201\275\0012\012\367"
 265      0993F781 
 265      1781BD01 
 265      320AF7
 266 0132 731997F0 		.ascii	"s\031\227\360\275q]\366\253\205\271\000\342\224\343"
 266      BD715DF6 
 266      AB85B900 
 266      E294E3
 267 0141 640C777B 		.ascii	"d\014w{\364\211\206T\027\215\264\373\016j\310\014]\020"
 267      F4898654 
 267      178DB4FB 
 267      0E6AC80C 
 267      5D10
 268 0153 9BD664B4 		.ascii	"\233\326d\264\354\362\204\251^\247e\323\332\327\267"
 268      ECF284A9 
 268      5EA765D3 
 268      DAD7B7
 269 0162 BAB5EFEE 		.ascii	"\272\265\357\356\224`lK\226fj\311\312wH.\011$y$\020"
 269      94606C4B 
 269      96666AC9 
 269      CA77482E 
 269      09247924 
 270 0177 1C1C21EF 		.ascii	"\034\034!\357\302\357gZN\272\323\375D\322Q\015a\367"
 270      C2EF675A 
 270      4EBAD3FD 
 270      44D2510D 
 270      61F7
 271 0189 0777DDEC 		.ascii	"\007w\335\354\326\315\313\007\263T\251\241\237L\270"
 271      D6CDCB07 
 271      B354A9A1 
 271      9F4CB8
ARM GAS  /tmp/ccIDHRPF.s 			page 20


 272 0198 BB3170FB 		.ascii	"\2731p\373\214>(Kjp\014\027\224d\275\263[r$IcN'Y\314"
 272      8C3E284B 
 272      6A700C17 
 272      9464BDB3 
 272      5B722449 
 273 01b1 60249F50 		.ascii	"`$\237PR@\3461]v\217F\244\220\004\201aV\307\365{Z\272"
 273      5240E631 
 273      5D768F46 
 273      A4900481 
 273      6156C7F5 
 274 01c8 08E957F6 		.ascii	"\010\351W\366\327\346y\"\304\321R\354\331\"58\235'\245"
 274      D7E67922 
 274      C4D152EC 
 274      D9223538 
 274      9D27A5
 275 01db 20241C55 		.ascii	" $\034U\021\216*\204\"$\334\354\276\334\241\243\177"
 275      118E2A84 
 275      2224DCEC 
 275      BEDCA1A3 
 275      7F
 276 01ec 4642E1A9 		.ascii	"FB\341\251\354G\376\234\320\347B(V\021\212\025B\011"
 276      EC47FE9C 
 276      D0E74228 
 276      56118A15 
 276      4209
 277 01fe 12322FB6 		.ascii	"\0222/\266\006\320\277#`\260\263\356\252\206\003^\271"
 277      06D0BF23 
 277      60B0B3EE 
 277      AA86035E 
 277      B9
 278 020f 008EA900 		.ascii	"\000\216\251\000\307\024@)\002\016\015\026<\246\324"
 278      C7144029 
 278      020E0D16 
 278      3CA6D4
 279 021e 86848DF7 		.ascii	"\206\204\215\367\363\236\370!\241dss6u\251D\231\012"
 279      F39EF821 
 279      A1647373 
 279      3675A944 
 279      990A
 280 0230 52A640CA 		.ascii	"R\246@\312\021R\237\3252\246\243\207\011R\244kC\347"
 280      11529FD5 
 280      32A6A387 
 280      0952A46B 
 280      43E7
 281 0242 08A7BC3C 		.ascii	"\010\247\274<\224\255w\241\034WQ\216+\224\012\2448\263"
 281      94AD77A1 
 281      1C57518E 
 281      2B940AA4 
 281      38B3
 282 0254 EF8E107A 		.ascii	"\357\216\020z\215S\276\377\241Y\362\346\331l-\213i\330"
 282      8D53BEFF 
 282      A159F2E6 
 282      D96C2D8B 
 282      69D8
 283 0266 20FDE874 		.ascii	" \375\350t&K\032\3540\251TA*\025H\025B\032\017\366d"
 283      264B1AEC 
 283      30A95441 
ARM GAS  /tmp/ccIDHRPF.s 			page 21


 283      2A154815 
 283      421A0FF6 
 284 027b 7AD1C71C 		.ascii	"z\321\307\034\322\365\260i\256\222O\201k>\325*H\265"
 284      D2F5B069 
 284      AE924F81 
 284      6B3ED52A 
 284      48B5
 285 028d 02A941C8 		.ascii	"\002\251A\310\253\263\247\32254\211o\234Ky\351\371T"
 285      ABB3A7D2 
 285      3534896F 
 285      9C4B79E9 
 285      F954
 286 029f CE6763AE 		.ascii	"\316gc\256k>\265*J\255B\251CJ\336\245\201\"\015\315"
 286      6B3EB52A 
 286      4AAD42A9 
 286      434ADEA5 
 286      81220DCD 
 287 02b3 E494F6AE 		.ascii	"\344\224\366\256\335G=\200\342p\014_\334\364\330g\234"
 287      DD473D80 
 287      E2700C5F 
 287      DCF4D867 
 287      9C
 288 02c4 C2133AA1 		.ascii	"\302\023:\241\242\234P(\365H\351\332\223QNh/\247\244"
 288      A29C5028 
 288      F548E9DA 
 288      93514E68 
 288      2FA7A4
 289 02d7 BD6CFBDA 		.ascii	"\275l\373\332\037)\375{[E^\025\312\021'U\210\223\012"
 289      1F29FD7B 
 289      5B455E15 
 289      CA112755 
 289      88930A
 290 02ea A20111C9 		.ascii	"\242\001\021\3117\323\235Z:\300\021w_%\035\363\002D"
 290      37D39D5A 
 290      3AC01177 
 290      5F251DF3 
 290      0244
 291 02fc BF343CD6 		.ascii	"\2774<\326\366(t{\362\266\034\251\337\351\374\025\247"
 291      F628747B 
 291      F2B61CA9 
 291      DFE9FC15 
 291      A7
 292 030d 9C52514E 		.ascii	"\234RQN)\224F\244\\\256i\253\326\321l\212\224\316\246"
 292      299446A4 
 292      5CAE69AB 
 292      D6D16C8A 
 292      94CEA6
 293 0320 DC4F1052 		.ascii	"\334O\020R\222Z\374\317\335\322\001u2M*F\223\3028\215"
 293      925AFCCF 
 293      DDD20175 
 293      324D2A46 
 293      93C2388D 
 294 0334 8C4DCE47 		.ascii	"\214M\316GU:z\2073rN\365\334\367\340\220\315\033\213"
 294      553A7A87 
 294      33724EF5 
 294      DCF7E090 
 294      CD1B8B
ARM GAS  /tmp/ccIDHRPF.s 			page 22


 295 0347 342E9466 		.ascii	"4.\224f\025\245Y\241\234AJA\353\215\026\015}\301))#"
 295      15A559A1 
 295      9C414A41 
 295      EB8D160D 
 295      7DC12929 
 296 035c 7599FE72 		.ascii	"u\231\376r(\027]C9\253\202\234U -\010\351+\334wUCwh"
 296      28175D43 
 296      39AB829C 
 296      55202D08 
 296      E92BDC77 
 297 0374 11927121 		.ascii	"\021\222q!m;\341\220\261\007\217\210\013\245UEiU(\347"
 297      6D3BE190 
 297      B1078F88 
 297      0BA55545 
 297      695528E7 
 298 0388 9092FBA0 		.ascii	"\220\222\373\240&\337\207\026s\312\351\313y\006\016"
 298      26DF8716 
 298      73CAE9CB 
 298      79060E
 299 0397 29A8EFD1 		.ascii	")\250\357\321;\360\025\\\304\021m*D\233\2028\217\210"
 299      3BF0155C 
 299      C4116D2A 
 299      449B8238 
 299      8F88
 300 03a9 73CDCF07 		.ascii	"s\315\317\007}i#G\3446\264\266P9\220\202\307\256\201"
 300      7D692347 
 300      E436B4B6 
 300      50399082 
 300      C7AE81
 301 03bc B4AB28ED 		.ascii	"\264\253(\355\012\345\002R*[\033\007(\355\341\224\302"
 301      0AE50252 
 301      2A5B1B07 
 301      28EDE194 
 301      C2
 302 03cd DD37D378 		.ascii	"\3357\323x:\216\272\334\224 \036\010\022.\252\010\027"
 302      3A8EBADC 
 302      94201E08 
 302      122EAA08 
 302      17
 303 03de 154207AF 		.ascii	"\025B\007\257jv~\273/}\310\011WRr\006g(\015^\343\022"
 303      6A767EBB 
 303      2F7DC809 
 303      57527206 
 303      67280D5E 
 304 03f4 C62515E4 		.ascii	"\306%\025\344\222\002\351D\310\311\372\3213:*y dsj\177"
 304      9202E944 
 304      C8C9FAD1 
 304      333A2A79 
 304      2064736A 
 305 0409 AB8E6EE2 		.ascii	"\253\216n\342\223\257\016\327n\366\202\317\370\\\035"
 305      93AF0ED7 
 305      6EF682CF 
 305      F85C1D
 306 0418 7E75FBF6 		.ascii	"~u\373\366\276\314\361\301)\373g\344\017K\232\262\227"
 306      BECCF1C1 
 306      29FB67E4 
 306      0F4B9AB2 
ARM GAS  /tmp/ccIDHRPF.s 			page 23


 306      97
 307 0429 FB9B0809 		.ascii	"\373\233\010\011\321\345\3007z\270\360x\216\276Z\222"
 307      D1E5C037 
 307      7AB8F078 
 307      8EBE5A92 
 308 0439 BCC955A2 		.ascii	"\274\311U\242#\335\343\016\321\234\215TIJb\007\200\317"
 308      23DDE30E 
 308      D19C8D54 
 308      494A6207 
 308      80CF
 309 044b 3261FCF3 		.ascii	"2a\374\363OzH\010(\240*\271\014\213W`\021\300\273S\245"
 309      4F7A4808 
 309      28A02AB9 
 309      0C8B5760 
 309      11C0BB53 
 310 0460 B3BE4417 		.ascii	"\263\276D\027\342\326\346;76\030AZ\245cu\222\264\230"
 310      E2D6E63B 
 310      37361841 
 310      5AA56375 
 310      92B498
 311 0473 F442005D 		.ascii	"\364B\000]\023\001@<\343G\307\226\254|\207F\013\307"
 311      1301403C 
 311      E347C796 
 311      AC7C8746 
 311      0BC7
 312 0485 192A7D86 		.ascii	"\031*}\206\347\323w\315\335c\023k\327\010.\346t\246"
 312      E7D377CD 
 312      DD63136B 
 312      D7082EE6 
 312      74A6
 313 0497 57794F79 		.ascii	"WyOyh]\307C\353\177D>\265vTU'\373\321\001^\266\246\235"
 313      685DC743 
 313      EB7F443E 
 313      B5765455 
 313      27FBD101 
 314 04af 2F2ABCF9 		.ascii	"/*\274\371\353\232V\355\360\333U*5\342[O\0103#7T\255"
 314      EB9A56ED 
 314      F0DB552A 
 314      35E25B4F 
 314      08332337 
 315 04c5 B8A1B4A2 		.ascii	"\270\241\264\242\017[\321R\360\337\177\320\022OF\321"
 315      0F5BD152 
 315      F0DF7FD0 
 315      124F46D1 
 316 04d5 DEDE5752 		.ascii	"\336\336WR\341OB\002\003\261\270\251\220\325\035\010"
 316      E14F4202 
 316      03B1B8A9 
 316      90D51D08 
 317 04e5 AE5F36E0 		.ascii	"\256_6\340c\027\254\217.b\017\340\326\033\257X\260\341"
 317      6317AC8F 
 317      2E620FE0 
 317      D61BAF58 
 317      B0E1
 318 04f7 0C89BE27 		.ascii	"\014\211\276'\220y\201\3447P\256\233P.\366H \267!\376"
 318      907981E4 
 318      3750AE9B 
 318      502EF648 
ARM GAS  /tmp/ccIDHRPF.s 			page 24


 318      20B721FE 
 319 050b 5B5860D2 		.ascii	"[X`\322vk\364\251\036O\354\231l\272\247g`\204\342\211"
 319      766BF4A9 
 319      1E4FEC99 
 319      6CBAA767 
 319      6084E289 
 320 051f AD61D367 		.ascii	"\255a\323g{\357\317\327\245\312\271\373,\203eU\356\337"
 320      7BEFCFD7 
 320      A5CAB9FB 
 320      2C836555 
 320      EEDF
 321 0531 23EB7D84 		.ascii	"#\353}\204\203\356\177z\033\026\006lC]\007\034^\030"
 321      83EE7F7A 
 321      1B16066C 
 321      435D071C 
 321      5E18
 322 0543 E60028DF 		.ascii	"\346\000(\337E\345A\022\240\230\340\204m\253\206\243"
 322      45E54112 
 322      A098E084 
 322      6DAB86A3 
 323 0553 5D5EE8FA 		.ascii	"]^\350\372\217\314\376\305\301\376\007\004]{\341{\275"
 323      8FCCFEC5 
 323      C1FE0704 
 323      5D7BE17B 
 323      BD
 324 0564 B1AA6A06 		.ascii	"\261\252j\006N=\331\264\367\206\263\\;e(\017\225P\036"
 324      4E3DD9B4 
 324      F786B35C 
 324      3B65280F 
 324      95501E
 325 0577 F0AC7E1A 		.ascii	"\360\254~\032\332\224\345'\007#)\301\334\003\365\373"
 325      DA94E527 
 325      072329C1 
 325      DC03F5FB 
 326 0587 A83E84C1 		.ascii	"\250>\204\301<\344\301\014a0\356\366\303\345\362\262"
 326      3CE4C10C 
 326      6130EEF6 
 326      C3E5F2B2 
 327 0597 4B9E53B6 		.ascii	"K\236S\266\3761\266\376\221\322\372\261\376\255\222"
 327      FE31B6FE 
 327      91D2FAB1 
 327      FEAD92
 328 05a6 0F3D8E4D 		.ascii	"\017=\216M#\007\356\365n\325\321&>\031:;V\346\001h\362"
 328      2307EEF5 
 328      6ED5D126 
 328      3E193A3B 
 328      56E60168 
 329 05bb 049BC656 		.ascii	"\004\233\306V*O\014{\360\377-Gj\363\226n/N\221\360E"
 329      2A4F0C7B 
 329      F0FF2D47 
 329      6AF3966E 
 329      2F4E91F0 
 330 05d0 27FB1BB6 		.ascii	"'\373\033\266i\031\230\014+\233\203\374\000\016\330"
 330      6919980C 
 330      2B9B83FC 
 330      000ED8
 331 05df 94EF8FA7 		.ascii	"\224\357\217\247\270?\212\237w\344\373\352\323\306\337"
ARM GAS  /tmp/ccIDHRPF.s 			page 25


 331      B83F8A9F 
 331      77E4FBEA 
 331      D3C6DF
 332 05ee 097CB527 		.ascii	"\011|\265'\"\033!zT\206+(\357\254\333\227\341\203e\226"
 332      221B217A 
 332      54862B28 
 332      EFACDB97 
 332      E1836596 
 333 0602 88BAE37A 		.ascii	"\210\272\343z\336\361\003\205\275\337j\250\344\205\317"
 333      DEF10385 
 333      BDDF6AA8 
 333      E485CF
 334 0611 0E7765EC 		.ascii	"\016we\354\361gUN~\253\227\215\375O{R7\352C\267p\363"
 334      F167554E 
 334      7EAB978D 
 334      FD4F7B52 
 334      37EA43B7 
 335 0627 B182A13B 		.ascii	"\261\202\241;3h\006\237\334\035\355\177\346O3\371$g"
 335      3368069F 
 335      DC1DED7F 
 335      E64F33F9 
 335      2467
 336 0639 E7B7851E 		.ascii	"\347\267\205\036\350\324\233MG\277\351\353\362V\374"
 336      E8D49B4D 
 336      47BFE9EB 
 336      F256FC
 337 0648 A4BE8D9F 		.ascii	"\244\276\215\237M\337\244\276\366\241{\221\346\231Q"
 337      4DDFA4BE 
 337      F6A17B91 
 337      E69951
 338 0657 B523474B 		.ascii	"\265#GK\202\203g\005\207\004;\244\015\311\303\255'r"
 338      82836705 
 338      87043BA4 
 338      0DC9C3AD 
 338      2772
 339 0669 FEB6FD10 		.ascii	"\376\266\375\020T\361wd\024\332\367\022\252\367\225"
 339      54F17764 
 339      14DAF712 
 339      AAF795
 340 0678 66D604F4 		.ascii	"f\326\004\364}V\226\337\302\217\300\324\035\351\225"
 340      7D5696DF 
 340      C28FC0D4 
 340      1DE995
 341 0687 F0B784A2 		.ascii	"\360\267\204\242\352kW\325\037\311\270\356vy\377,\206"
 341      EA6B57D5 
 341      1FC9B8EE 
 341      7679FF2C 
 341      86
 342 0698 0E3C83E7 		.ascii	"\016<\203\347\317\361\021\323\206\350H\262&\2048I0\331"
 342      CFF111D3 
 342      86E848B2 
 342      26843849 
 342      30D9
 343 06aa A0092612 		.ascii	"\240\011&\022H\222&\030{\344\220v$;6s\017?\201\2071"
 343      48922618 
 343      7BE49076 
 343      243B3673 
ARM GAS  /tmp/ccIDHRPF.s 			page 26


 343      0F3F8187 
 344 06bf F71E72D9 		.ascii	"\367\036r\331/~\256\372\235\307c$I\313\224\004\345\213"
 344      2F7EAEFA 
 344      9DC76324 
 344      49CB9404 
 344      E58B
 345 06d1 20C8A80D 		.ascii	" \310\250\015\311\375i\2259p\2308\032\011\306\373\312"
 345      C9FD6995 
 345      39709838 
 345      1A09C6FB 
 345      CA
 346 06e2 6D6A1C06 		.ascii	"mj\034\006\337\313\314\015]\351^$d\026r\267T\352%BR"
 346      DFCBCC0D 
 346      5DE95E24 
 346      641672B7 
 346      54EA2542 
 347 06f7 40FBC5C4 		.ascii	"@\373\305\304G\220y\301\341.;\262\021\222\372\271\004"
 347      479079C1 
 347      E12E3BB2 
 347      1192FAB9 
 347      04
 348 0708 D9F1D09E 		.ascii	"\331\361\320\236!i\325\0330E\025\222@\276\326\360\015"
 348      2169D51B 
 348      30451592 
 348      40BED6F0 
 348      0D
 349 0719 0857F662 		.ascii	"\010W\366b\027\237\357\364T+_\237\264[Seev\365Y\233"
 349      179FEFF4 
 349      542B5F9F 
 349      B45B5365 
 349      6576F559 
 350 072e 60B51BE3 		.ascii	"`\265\033\343\022L\377\362\374\344/\237\006\205\011"
 350      124CFFF2 
 350      FCE42F9F 
 350      068509
 351 073d 1F2C5860 		.ascii	"\037,X`\010\2135\2576\257\2104$\330\014V\273\201i\330"
 351      088B35AF 
 351      36AF8834 
 351      24D80C56 
 351      BB8169D8 
 352 0751 0CA1AB96 		.ascii	"\014\241\253\226\207-\377\322`\2125%XE\343\272?\304"
 352      872DFFD2 
 352      608A3525 
 352      5845E3BA 
 352      3FC4
 353 0763 2F88157C 		.ascii	"/\210\025|\3218\321\302\314\003\306A\306\317\255\011"
 353      D138D1C2 
 353      CC03C641 
 353      C6CFAD09 
 354 0773 F146B3CD 		.ascii	"\361F\263\315:[\365x|q\246)6r\275-\002\226\226\302J"
 354      3A5BF578 
 354      7C71A629 
 354      3672BD2D 
 354      029696C2 
 355 0788 78E4AAB9 		.ascii	"x\344\252\271o84[Lq\2111\"\370\262\255\267\201\233\200"
 355      6F38345B 
 355      4C718931 
ARM GAS  /tmp/ccIDHRPF.s 			page 27


 355      22F8B2AD 
 355      B7819B80 
 356 079c 045B74DC 		.ascii	"\004[t\334\264F\261\321q\006\246\304\254\331\025\214"
 356      B446B1D1 
 356      7106A6C4 
 356      ACD9158C 
 357 07ac 66B1EB0A 		.ascii	"f\261\353\012[\2249^\264.\213\266\304\304\211\326\360"
 357      5B94395E 
 357      B42E8BB6 
 357      C4C489D6 
 357      F0
 358 07bd 00F4FD29 		.ascii	"\000\364\375)\006$\203f\313\354I\213\376\260\020e\206"
 358      06248366 
 358      CBEC498B 
 358      FEB01065 
 358      86
 359 07ce A065     		.ascii	"\240e"
 360 07d0 C30FDFF4 		.ascii	"\303\017\337\364\306\213\022\031\265|\341G\206\210\210"
 360      C68B1219 
 360      B57CE147 
 360      868888
 361 07df 8F0D51E1 		.ascii	"\217\015Q\341\313\327}h\260A\005\342b\026\230\004_~"
 361      CBD77D68 
 361      B04105E2 
 361      62169804 
 361      5F7E
 362 07f1 67345BCC 		.ascii	"g4[\314\366\367\2141\253\327\030M\261\"\000'\225\342"
 362      F6F78C31 
 362      ABD7184D 
 362      B1220027 
 362      95E2
 363 0803 D7D3641E 		.ascii	"\327\323d\036#\256N\\\003i\374\322h\263G\333m\354\027"
 363      23AE4E5C 
 363      0369FCD2 
 363      68B347DB 
 363      6DEC17
 364 0816 6A192F46 		.ascii	"j\031/F\333\022\241\374&\253\331\376s\004\264c\325\303"
 364      DB12A1FC 
 364      26ABD9FE 
 364      7304B463 
 364      D5C3
 365 0828 A427D561 		.ascii	"\244'\325a\31684a\355\033\314@U\270.\275\0130bG\315"
 365      CE383461 
 365      ED1BCC40 
 365      55B82EBD 
 365      0B306247 
 366 083d D67F1BC5 		.ascii	"\326\177\033\305\265\346\270\2045\211\342lurb\364:\021"
 366      B5E6B884 
 366      3589E26C 
 366      757262F4 
 366      3A11
 367 084f 1BAF5A14 		.ascii	"\033\257Z\024-v\321\312\026g\311N!B+\270\024\031\306"
 367      2D76D1CA 
 367      1667C94E 
 367      21422BB8 
 367      1419C6
 368 0862 3BD16CB1 		.ascii	";\321l\261/\374\310h\327\031\215\312\355|C\242\315:"
ARM GAS  /tmp/ccIDHRPF.s 			page 28


 368      2FFCC868 
 368      D7198DCA 
 368      ED7C43A2 
 368      CD3A
 369 0874 9E8745FC 		.ascii	"\236\207E\374\"\316\274\332\020\037m\2125[D\2031F\374"
 369      22CEBCDA 
 369      101F6D8A 
 369      355B4483 
 369      3146FC
 370 0887 3C3A31CE 		.ascii	"<:1\316n\264\257_+\262\354\202\335i\303\2661\200\267"
 370      6EB4AF5F 
 370      2BB2EC82 
 370      DD69C3B6 
 370      3180B7
 371 089a 182082CA 		.ascii	"\030 \202\312\034\313:\263)R\264C\025\354b\274\\\203"
 371      1CCB3AB3 
 371      2952B443 
 371      15EC62BC 
 371      5C83
 372 08ac 95567302 		.ascii	"\225Vs\002$\274~\376T\2555%\304\307'X\224m\317\020\200"
 372      24BC7EFE 
 372      54AD3525 
 372      C4C72758 
 372      946DCF10 
 373 08c1 D29A62A3 		.ascii	"\322\232b\243\255~F\243M\264\033\227\204F\376i\345\252"
 373      AD7E46A3 
 373      4DB41B97 
 373      8446FE69 
 373      E5AA
 374 08d3 70BFE8B8 		.ascii	"p\277\350\270/\242\327\263\264\342 \300\005\223q\342"
 374      2FA2D7B3 
 374      B4E220C0 
 374      059371E2 
 375 08e3 977643D8 		.ascii	"\227vC\330\362\310\360\310\211\276\260\267\307\024\277"
 375      F2C8F0C8 
 375      89BEB0B7 
 375      C714BF
 376 08f2 34D1C278 		.ascii	"4\321\302xze\243EA:\332\260\250U\021\332\210\025\241"
 376      7A65A345 
 376      413ADAB0 
 376      A85511DA 
 376      8815A1
 377 0905 1FD3BF86 		.ascii	"\037\323\277\206Fx\204\205F\204/\371\340-y\277\007\330"
 377      46788485 
 377      46842FF9 
 377      E02D79BF 
 377      07D8
 378 0917 FF01C08C 		.ascii	"\377\001\300\214\200F"
 378      8046
 379              		.text
 380              		.section	.gnu.lto_.symtab.f149292eaf540dcb,"",%progbits
 381 0000 53797354 		.ascii	"SysTick_Handler\000\000\000\000\000\000\000\000\000"
 381      69636B5F 
 381      48616E64 
 381      6C657200 
 381      00000000 
 382 0018 000000BE 		.ascii	"\000\000\000\276\000\000\000st_lld_init\000\000\000"
ARM GAS  /tmp/ccIDHRPF.s 			page 29


 382      00000073 
 382      745F6C6C 
 382      645F696E 
 382      69740000 
 383 002d 00000000 		.ascii	"\000\000\000\000\000\000\000\000\000\300\000\000\000"
 383      00000000 
 383      00C00000 
 383      00
 384 003a 5F646267 		.ascii	"_dbg_check_lock_from_isr\000\000\002\000\000\000\000"
 384      5F636865 
 384      636B5F6C 
 384      6F636B5F 
 384      66726F6D 
 385 0059 00000000 		.ascii	"\000\000\000\000\000\302\000\000\000_stats_start_me"
 385      00C20000 
 385      005F7374 
 385      6174735F 
 385      73746172 
 386 0071 61737572 		.ascii	"asure_crit_isr\000\000\002\000\000\000\000\000\000\000"
 386      655F6372 
 386      69745F69 
 386      73720000 
 386      02000000 
 387 0089 0000C400 		.ascii	"\000\000\304\000\000\000chSysTimerHandlerI\000\000\002"
 387      00006368 
 387      53797354 
 387      696D6572 
 387      48616E64 
 388 00a4 00000000 		.ascii	"\000\000\000\000\000\000\000\000\000\306\000\000\000"
 388      00000000 
 388      00C60000 
 388      00
 389 00b1 5F737461 		.ascii	"_stats_stop_measure_crit_isr\000\000\002\000\000\000"
 389      74735F73 
 389      746F705F 
 389      6D656173 
 389      7572655F 
 390 00d3 00000000 		.ascii	"\000\000\000\000\000\000\310\000\000\000_dbg_check_"
 390      0000C800 
 390      00005F64 
 390      62675F63 
 390      6865636B 
 391 00e8 756E6C6F 		.ascii	"unlock_from_isr\000\000\002\000\000\000\000\000\000"
 391      636B5F66 
 391      726F6D5F 
 391      69737200 
 391      00020000 
 392 0100 000000CA 		.ascii	"\000\000\000\312\000\000\000_port_irq_epilogue\000\000"
 392      0000005F 
 392      706F7274 
 392      5F697271 
 392      5F657069 
 393 011b 02000000 		.ascii	"\002\000\000\000\000\000\000\000\000\000\314\000\000"
 393      00000000 
 393      0000CC00 
 393      00
 394 0128 005F6462 		.ascii	"\000_dbg_check_leave_isr\000\000\002\000\000\000\000"
ARM GAS  /tmp/ccIDHRPF.s 			page 30


 394      675F6368 
 394      65636B5F 
 394      6C656176 
 394      655F6973 
 395 0144 00000000 		.ascii	"\000\000\000\000\000\316\000\000\000_dbg_check_ente"
 395      00CE0000 
 395      005F6462 
 395      675F6368 
 395      65636B5F 
 396 015c 725F6973 		.ascii	"r_isr\000\000\002\000\000\000\000\000\000\000\000\000"
 396      72000002 
 396      00000000 
 396      00000000 
 396      00
 397 016d D0000000 		.ascii	"\320\000\000\000_stats_increase_irq\000\000\002\000"
 397      5F737461 
 397      74735F69 
 397      6E637265 
 397      6173655F 
 398 0188 00000000 		.ascii	"\000\000\000\000\000\000\000\000\322\000\000\000nvi"
 398      00000000 
 398      D2000000 
 398      6E7669
 399 0197 63536574 		.ascii	"cSetSystemHandlerPriority\000\000\002\000\000\000\000"
 399      53797374 
 399      656D4861 
 399      6E646C65 
 399      72507269 
 400 01b7 00000000 		.ascii	"\000\000\000\000\000\337\000\000\000"
 400      00DF0000 
 400      00
 401              		.text
 402              		.section	.gnu.lto_.opts,"",%progbits
 403 0000 272D666E 		.ascii	"'-fno-trapv' '-fno-strict-overflow' '-mcpu=cortex-m"
 403      6F2D7472 
 403      61707627 
 403      20272D66 
 403      6E6F2D73 
 404 0033 34272027 		.ascii	"4' '-mfloat-abi=hard' '-mfpu=fpv4-sp-d16' '-mno-thu"
 404      2D6D666C 
 404      6F61742D 
 404      6162693D 
 404      68617264 
 405 0066 6D622D69 		.ascii	"mb-interwork' '-mthumb' '-ggdb' '-O0' '-Werror' '-f"
 405      6E746572 
 405      776F726B 
 405      2720272D 
 405      6D746875 
 406 0099 6F6D6974 		.ascii	"omit-frame-pointer' '-falign-functions=16' '-ffunct"
 406      2D667261 
 406      6D652D70 
 406      6F696E74 
 406      65722720 
 407 00cc 696F6E2D 		.ascii	"ion-sections' '-fdata-sections' '-fno-common' '-flt"
 407      73656374 
 407      696F6E73 
 407      2720272D 
ARM GAS  /tmp/ccIDHRPF.s 			page 31


 407      66646174 
 408 00ff 6F272027 		.ascii	"o' '-fsingle-precision-constant'\000"
 408      2D667369 
 408      6E676C65 
 408      2D707265 
 408      63697369 
 409              		.text
 410              		.comm	__gnu_lto_v1,1,1
 411              		.comm	__gnu_lto_slim,1,1
 412              		.ident	"GCC: (15:4.9.3+svn231177-1) 4.9.3 20150529 (prerelease)"
ARM GAS  /tmp/ccIDHRPF.s 			page 32


DEFINED SYMBOLS
                            *ABS*:0000000000000000 st_lld.c
                            *COM*:0000000000000001 __gnu_lto_v1
                            *COM*:0000000000000001 __gnu_lto_slim

NO UNDEFINED SYMBOLS
