ARM GAS  /tmp/ccRgRcbp.s 			page 1


   1              		.syntax unified
   2              		.cpu cortex-m4
   3              		.eabi_attribute 27, 1
   4              		.eabi_attribute 28, 1
   5              		.fpu fpv4-sp-d16
   6              		.eabi_attribute 20, 1
   7              		.eabi_attribute 21, 1
   8              		.eabi_attribute 23, 3
   9              		.eabi_attribute 24, 1
  10              		.eabi_attribute 25, 1
  11              		.eabi_attribute 26, 1
  12              		.eabi_attribute 30, 6
  13              		.eabi_attribute 34, 1
  14              		.eabi_attribute 18, 4
  15              		.thumb
  16              		.file	"status.c"
  17              		.text
  18              	.Ltext0:
  19              		.section	.gnu.lto_.inline.4bd8ca1e68d96c49,"",%progbits
  20 0000 789C6366 		.ascii	"x\234cf\300\016|\24043\003\003+\013\003\003\023\333"
  20      C00E7CA0 
  20      34330303 
  20      2B0B0303 
  20      13DB
  21 0012 013B0616 		.ascii	"\001;\006\026\006&\220\020\023\003\2272\220dY \017\027"
  21      06269010 
  21      13039732 
  21      90645920 
  21      0F17
  22 0024 E1668413 		.ascii	"\341f\204\023`=\234\202@&\023B\001\033?\210\004\000"
  22      603D9C82 
  22      40261342 
  22      011B3F88 
  22      0400
  23 0036 A9280386 		.ascii	"\251(\003\206"
  24              		.text
  25              		.section	.gnu.lto_chRegSetThreadName.4bd8ca1e68d96c49,"",%progbits
  26 0000 789C6591 		.ascii	"x\234e\221\301K\033Q\020\306\337\367v\263\015DQ\012"
  26      C14B1B51 
  26      10C6DFF7 
  26      76B30D44 
  26      510A
  27 0012 5EEC4141 		.ascii	"^\354AATD6\373/\010\275\365\322C\377\201Z\015M\240Z"
  27      544436FB 
  27      2F08BDF5 
  27      D243FF81 
  27      5A0D4DA0 
  28 0027 887AF020 		.ascii	"\210z\360 \276H\004\275\030\261E\204ZC(\305\244\321"
  28      BE4804BD 
  28      18B14584 
  28      5A4328C5 
  28      A4D1
  29 0039 68136D69 		.ascii	"h\023mi\241t\351A\275\224\242\036D\301\326C\004ED\243"
  29      A174E941 
  29      BD94A21E 
  29      44C1D643 
  29      044544A3 
ARM GAS  /tmp/ccRgRcbp.s 			page 2


  30 004d 822EA271 		.ascii	"\202.\242qf\343!\320\205\307\276\231\371v~\337\314j"
  30      66E321D0 
  30      85C7BE99 
  30      F9767EDF 
  30      CC6A
  31 005f E2FFA786 		.ascii	"\342\377\247\206\316\011\20409\320\004\244\240\003J"
  31      CE098430 
  31      39D004A4 
  31      A0034A
  32 006e 08884189 		.ascii	"\010\210A\211A\034\312\202\304\270\235\236\3625\177"
  32      411CCA82 
  32      C4B89D9E 
  32      F2357F
  33 007d 544A9DFE 		.ascii	"TJ\235\376Z_\204z\373\334!\341\271,\365\300,\232It\273"
  33      5A5F847A 
  33      FBDC21E1 
  33      B92CF5C0 
  33      2C9A4974 
  34 0092 1B3BF768 		.ascii	"\033;\367h-\020t\377\226\271\370\355;\220\216D=\207"
  34      2D1074FF 
  34      96B9F8ED 
  34      3B908E44 
  34      3D87
  35 00a4 DF27D6A6 		.ascii	"\337'\326\246\014\016\245\316\341\341\250\0321\032?"
  35      0C0EA5CE 
  35      E1E1A81A 
  35      311A3F
  36 00b3 2835641F 		.ascii	"(5d\037eU\233\356H\015Ih\324\017)\324\342\023j\005\245"
  36      65559BEE 
  36      480D4968 
  36      D40F29D4 
  36      E2136A05 
  37 00c8 04D26864 		.ascii	"\004\322hdy!z\263\3453\242D\257.11\007\203,\202j\361"
  37      79217AB3 
  37      E533A244 
  37      AF2E3131 
  37      07832C82 
  38 00de 71C7D61B 		.ascii	"q\307\326\033\022\324j/\266\277R1\274\246\242{\305b"
  38      12D46A2F 
  38      B6BF5231 
  38      BCA6A27B 
  38      C562
  39 00f0 9D43A0F2 		.ascii	"\235C\240\362v\367F\347\321\260\360\320V\305bne\"f\245"
  39      76F746E7 
  39      D1B0F0D0 
  39      56C5626E 
  39      652266A5 
  40 0104 084B209D 		.ascii	"\010K \235\346e\222\310\273\363\354Kzi;\030\372RX\315"
  40      E66592C8 
  40      BBF3EC4B 
  40      7A693B18 
  40      FA5258CD 
  41 0118 6A8CBA94 		.ascii	"j\214\272\224L\232\331\034\313\310\201k5\242\274\216"
  41      4C9AD91C 
  41      CBC8816B 
  41      35A2BC8E 
  42 0128 F4DCB096 		.ascii	"\364\334\260\226\262\377\362\177\326\275<\231\307\015"
ARM GAS  /tmp/ccRgRcbp.s 			page 3


  42      B2FFF27F 
  42      D6BD3C99 
  42      C70D
  43 0136 9391E834 		.ascii	"\223\221\3504\336\343]D\261\312@\006\003X`>\357g.\226"
  43      DEE35D44 
  43      B1CA4006 
  43      0358603E 
  43      EF672E96 
  44 014a 35CC348D 		.ascii	"5\3144\215a{\034\371\000\213$<s\221T\374\361s\343V/"
  44      617B1CF9 
  44      008B243C 
  44      739154FC 
  44      F173E356 
  45 015f 151F9125 		.ascii	"\025\037\221%|\206y&\335\337\220\205)\310\315d\242\216"
  45      7C867926 
  45      DDDF9085 
  45      29C8CD64 
  45      A28E
  46 0171 BD942375 		.ascii	"\275\224#u\367\313\345\253\370qe\011i\233\216\364\222"
  46      F7CBE5AB 
  46      F8716509 
  46      699B8EF4 
  46      92
  47 0182 5BE4EE91 		.ascii	"[\344\356\221\323\027o\266\253\314V\336\357\222Ks\267"
  47      D3176FB6 
  47      ABCC56DE 
  47      EF924B73 
  47      B7
  48 0193 B70CF392 		.ascii	"\267\014\363\222n\177\021\261\277>\341\246\354!\317"
  48      6E7F11B1 
  48      BF3EE1A6 
  48      EC21CF
  49 01a2 342A37F9 		.ascii	"4*7\371\375\326\343`\350E\350\3513\353u\217\025\356"
  49      FDD6E360 
  49      E845E8E9 
  49      33EB758F 
  49      15EE
  50 01b4 B542DD1D 		.ascii	"\265B\335\035\257\372:\003VG0\034x\031\352\351\015\367"
  50      AFFA3A03 
  50      5647301C 
  50      7819EAE9 
  50      0DF7
  51 01c6 FB8342EF 		.ascii	"\373\203B\357n\357\012\334\001\230\315\272\344"
  51      6EEF0ADC 
  51      0198CDBA 
  51      E4
  52              		.text
  53              		.section	.gnu.lto_STAT.4bd8ca1e68d96c49,"",%progbits
  54 0000 789C7D53 		.ascii	"x\234}SKk\023Q\024\276\337\2351I\315\243A\012b6-\204"
  54      4B6B1351 
  54      14BEDF9D 
  54      3149CDA3 
  54      410A6236 
  55 0016 92555CBB 		.ascii	"\222U\\\273p\341/\220\012\376\201\342\302\255\330\272"
  55      70E12F90 
  55      0AFE81E2 
  55      C2ADD8BA 
ARM GAS  /tmp/ccRgRcbp.s 			page 4


  56 0026 0C5EC22C 		.ascii	"\014^\302,\"b\011\242\030\037\261\321\"&F\223\232\330"
  56      226209A2 
  56      181FB1D1 
  56      22264693 
  56      9AD8
  57 0038 6AFAD0F1 		.ascii	"j\372\320\361\261(R)\352B\214\226J\211P\027J\333\010"
  57      B1285229 
  57      EA428C96 
  57      4A895017 
  57      4ADB08
  58 004b 66108DE7 		.ascii	"f\020\215\347\334\011b\325t\340\336\231s\276\363\370"
  58      DC0962D5 
  58      74E0DE99 
  58      73BEF3F8 
  59 005b BE73EF18 		.ascii	"\276s\357\030\342\337'J\353\220!\304n6L\001)h\201\034"
  59      E2DF274A 
  59      EB9021C4 
  59      6E364C01 
  59      2968811C 
  60 006f 30F40E71 		.ascii	"0\364\016qR\032\240\345\206\177\222\033\022i\273\230"
  60      521AA0E5 
  60      867F921B 
  60      1269BB98 
  61 007f F1C76E28 		.ascii	"\361\307n(\245\326W'\325\220\015\207\262\232\322\215"
  61      A5D65727 
  61      D5900D87 
  61      B29AD28D 
  62 008f C04DC428 		.ascii	"\300M\304(\306:s\356\240\021\200\240\317Z\351\353\013"
  62      C63A73EE 
  62      A01180A0 
  62      CF5AE9EB 
  62      0B
  63 00a0 FF9A7424 		.ascii	"\377\232t$\006\330\2349\273\220\361\260)M6\325\352\273"
  63      06D89C39 
  63      BB90F1B0 
  63      294D36D5 
  63      EABB
  64 00b2 F3FEC109 		.ascii	"\363\376\301\011\245\222\352\242\312\221\333@\036\006"
  64      A592EAA2 
  64      CA91DB40 
  64      1E06
  65 00c0 55430111 		.ascii	"UC\001\021\334BD\220K\240\210A\216\336\260~\274\361"
  65      DC424490 
  65      4BA08841 
  65      8EDEB07E 
  65      BCF1
  66 00d2 7B2C6A1D 		.ascii	"{,j\035v;\3426<\020\202i\215\247\035\333\214^\243J\037"
  66      763BE236 
  66      3C108269 
  66      8DA71DDB 
  66      8C5EA34A 
  67 00e7 AE541A43 		.ascii	"\256T\032C\266\225S?\333m\"g\212?\313uh\336AtKN._\311"
  67      B695533F 
  67      DB6D2267 
  67      8A3FCB75 
  67      68DE4174 
  68 0100 1FD83EA5 		.ascii	"\037\330>\245\204hy\227\255\332\355\352\323goM\003\304"
ARM GAS  /tmp/ccRgRcbp.s 			page 5


  68      84687997 
  68      ADDAEDEA 
  68      D3676F4D 
  68      03C4
  69 0112 CC94BC09 		.ascii	"\314\224\274\011\321\320\352?Jz\031\357a\331\325>&\306"
  69      D1D0EA3F 
  69      4A7A19EF 
  69      61D9D53E 
  69      26C6
  70 0124 8CAFBE1E 		.ascii	"\214\257\276\036+\311\304w\225R>G\356hJ\"\2132\022\014"
  70      2BC9C477 
  70      95523E47 
  70      EE684A22 
  70      8B32120C 
  71 0138 4DCC2D58 		.ascii	"M\314-X\301\376pVe\006\034\251\203[_N\325C\024\234Q"
  71      C1FE7056 
  71      65061CA9 
  71      835B5F4E 
  71      D543149C 
  72 014d F63E477A 		.ascii	"\366>Gz1\211~]\007w\221p\244O\267\240\2230\352H\256"
  72      31897E5D 
  72      07779170 
  72      A44FB7A0 
  72      9330EA48 
  73 0162 4F8EED61 		.ascii	"O\216\355a\354\033\015E\"Y\273\360\\\317\330T\251\224"
  73      EC1B0D45 
  73      2259BBF0 
  73      5CCFD854 
  73      A994
  74 0174 A273AC10 		.ascii	"\242s\254\020\355:\236\034\343\020\302W\032K/}\032\027"
  74      ED3A9E1C 
  74      E310C257 
  74      1A4B2F7D 
  74      1A17
  75 0186 DC67AA35 		.ascii	"\334g\2525\3769\230\305eR\332C\005Pe\221\344o,\236\236"
  75      FE3998C5 
  75      6552DA43 
  75      05506591 
  75      E46F2C9E 
  76 019b F6C58BCA 		.ascii	"\366\305\213\312\"`'\356!\213M-\214\240W\205\245K\201"
  76      226027EE 
  76      218B4D2D 
  76      8CA05785 
  76      A54B81
  77 01ae 0EE4C714 		.ascii	"\016\344\307\024\342\233,\205\221\345\312\365\226\267"
  77      E29B2C85 
  77      91E5CAF5 
  77      96B7
  78 01bc 830430CD 		.ascii	"\203\0040\315\210>\231\373\210\023:\273X(K\356\034T"
  78      883E99FB 
  78      88133ABB 
  78      58284BEE 
  78      1C54
  79 01ce 34D107D4 		.ascii	"4\321\007\324\210\347\263\377\277\343\01159\0235w<\217"
  79      88E7B3FF 
  79      BFE30935 
  79      39133577 
ARM GAS  /tmp/ccRgRcbp.s 			page 6


  79      3C8F
  80 01e0 5796E743 		.ascii	"W\226\347C\234\331\273\346\025\230A\304\221a\301\312"
  80      9CD9BBE6 
  80      159841C4 
  80      9161C1CA 
  81 01f0 D37DAE70 		.ascii	"\323}\256p\371\267\312\255\262d\027Y\263\335e\315u\225"
  81      F9B7CAAD 
  81      B2641759 
  81      B3DD65CD 
  81      7595
  82 0202 35CF08FF 		.ascii	"5\317\010\377\004x\210\370o\031\207\267\223\361\310"
  82      047888F8 
  82      6F1987B7 
  82      93F1C8
  83 0211 9551A8D4 		.ascii	"\225Q\250\3243z\000\275\251\230\200\355\312\340\033"
  83      337A00BD 
  83      A99880ED 
  83      CAE01B
  84 0220 037DAB7A 		.ascii	"\003}\253zFF\207GO\214\354=\"\214\341\343G\275\256%"
  84      46468747 
  84      4F8CEC3D 
  84      228CE1E3 
  84      47BDAE25 
  85 0234 7E01A108 		.ascii	"~\001\241\010(\212"
  85      288A
  86              		.text
  87              		.section	.gnu.lto_begin_status.4bd8ca1e68d96c49,"",%progbits
  88 0000 789C6590 		.ascii	"x\234e\220\261J\003A\020\206\347\237K\316\204kD\260"
  88      B14A0341 
  88      1086E79F 
  88      4BCE846B 
  88      44B0
  89 0012 B917B84E 		.ascii	"\271\027\270N_\301\302\007\260\263\026\037!\261<\262"
  89      5FC1C207 
  89      B0B3161F 
  89      21B13CB2 
  90 0022 0757A40A 		.ascii	"\007W\244\012\226\007\2366!\030\215&ba)\013b\253\210"
  90      96079E36 
  90      21188D26 
  90      6261290B 
  90      62AB88
  91 0035 854D5490 		.ascii	"\205MT\220\013\304\316p\215\247\2048\273WXdaX\346\237"
  91      0BC4CE70 
  91      8DA78438 
  91      BB575864 
  91      6158E69F 
  92 0049 6FFE995D 		.ascii	"o\376\231]\207\226\317\272\3046\210<\2238\004&\011\210"
  92      8796CFBA 
  92      C436883C 
  92      93380426 
  92      0988
  93 005b 40A016A3 		.ascii	"@\240\026\243\205O\2361\016\365 \361\202\236R\352\353"
  93      854F9E31 
  93      0EF520F1 
  93      829E52EA 
  93      EB
  94 006c E33EDAD1 		.ascii	"\343>\332\321(\204\313\271\264\300)\002\022h\026\317"
ARM GAS  /tmp/ccRgRcbp.s 			page 7


  94      2884CBB9 
  94      B4C02902 
  94      126816CF 
  95 007c 5F3C3716 		.ascii	"_<7\026h\265\254\241\017\3278\215\326\264Z,\272i\032"
  95      68B5ACA1 
  95      0FD7388D 
  95      D6B45A2C 
  95      BA691A
  96 008f 4896D9AE 		.ascii	"H\226\331\256\011\313\345\214\221\250\344\201\015g\014"
  96      09CBE58C 
  96      91A8E481 
  96      0D670C
  97 009e 4E9E3B43 		.ascii	"N\236;C\016\177U[\325\012F\316B\343\014\341R\211\347"
  97      0E7F555B 
  97      D50A46CE 
  97      42E30CE1 
  97      5289E7
  98 00b1 C643D4F7 		.ascii	"\306C\324\367\354\361\2516\345\302\230I\332\217\342"
  98      ECF1A936 
  98      E5C29849 
  98      DA8FE2
  99 00c0 14C7388A 		.ascii	"\024\3078\212\224\241\034\234#\304\000\276\255\275f"
  99      94A11C9C 
  99      23C400BE 
  99      ADBD66
 100 00cf 3FBBB65F 		.ascii	"?\273\266_o\012\216\013\341\354X\\\"\224r\373nz[7N\225"
 100      6F0A8E0B 
 100      E1EC585C 
 100      229472FB 
 100      6E7A5B37 
 101 00e5 6FF98421 		.ascii	"o\371\204!|\321\256\273\275\033\253U\267\010#+\375\257"
 101      7CD1AEBB 
 101      BD1BAB55 
 101      B708232B 
 101      FDAF
 102 00f7 A1AB05BB 		.ascii	"\241\253\005\2739\227\273\343J&\005~\301+\364\206H\347"
 102      3997BBE3 
 102      4A26057E 
 102      C12BF486 
 102      48E7
 103 0109 15AB9279 		.ascii	"\025\253\222y\254\274A\226\2537\232{\315\203\306\306"
 103      ACBC4196 
 103      AB379A7B 
 103      CD83C6C6 
 104 0119 3EFD0125 		.ascii	">\375\001%\234s{"
 104      9C737B
 105              		.text
 106              		.section	.gnu.lto_.symbol_nodes.4bd8ca1e68d96c49,"",%progbits
 107 0000 789C4D89 		.ascii	"x\234M\2111\012\302P\020D\337\316\372%E\012\257\344"
 107      310AC250 
 107      1044DFCE 
 107      FA25450A 
 107      AFE4
 108 0012 C9368588 		.ascii	"\3116\205\210\220D\323\330\007\265\360\016\336\301J"
 108      9044D3D8 
 108      07B5F00E 
 108      DEC14A
ARM GAS  /tmp/ccRgRcbp.s 			page 8


 109 0021 522B780E 		.ascii	"R+x\016\361\207\030p\212\031\346=\007\266\374\242\233"
 109      F1871870 
 109      8A19E63D 
 109      07B6FCA2 
 109      9B
 110 0032 05747788 		.ascii	"\005tw\210\340\330\357J\322A\254\0025\012\233\305\343"
 110      E0D8EF4A 
 110      D241AC02 
 110      350A9BC5 
 110      E3
 111 0043 9A855A85 		.ascii	"\232\205Z\205f2\364\005\251\226\235\024n\373\\\223\240"
 111      6632F405 
 111      A9969D14 
 111      6EFB5C93 
 111      A0
 112 0054 AA0AAC53 		.ascii	"\252\012\254S,\376\276\013\316\317\317\332\225\330\274"
 112      2CFEBE0B 
 112      CECFCFDA 
 112      95D8BC
 113 0063 A67D8FEB 		.ascii	"\246}\217\353K.\231\363\005\3157&w"
 113      4B2E99F3 
 113      05CD3726 
 113      77
 114              		.text
 115              		.section	.gnu.lto_.refs.4bd8ca1e68d96c49,"",%progbits
 116 0000 789C6366 		.ascii	"x\234cf``\340c\200\000F bdbfbadbbd\000\000\002$\000"
 116      6060E063 
 116      80004620 
 116      62646266 
 116      62616462 
 117 001b 26       		.ascii	"&"
 118              		.text
 119              		.section	.gnu.lto_.decls.4bd8ca1e68d96c49,"",%progbits
 120 0000 789CBD5B 		.ascii	"x\234\275[yTTYz\347\276[\033E\0013m\247\247\217\351"
 120      79545459 
 120      7AE7BE5B 
 120      1B450133 
 120      6DA7A78F 
 121 0015 641C2643 		.ascii	"d\034&C:Iw\323m\317\364\314\234\223d\234tw\306dfZ\243"
 121      3A4977D3 
 121      6DCFF4CC 
 121      9C93649C 
 121      7477C664 
 122 002c 3D99E4E4 		.ascii	"=\231\344\344\3440\210\325B\232-E\321v\347\217\244\020"
 122      E43088D5 
 122      429A2D45 
 122      D176E78F 
 122      A410
 123 003e 904D1641 		.ascii	"\220M\026A\220E\240\020\331\027\301\225M\004\025\004"
 123      9045A010 
 123      D917C195 
 123      4D041504 
 124 004e 11571411 		.ascii	"\021W\024\021\225\022T\0267\004lAY\362\335{_\275\367"
 124      95125416 
 124      37046C41 
 124      59F2DD7B 
 124      5FBDF7
ARM GAS  /tmp/ccRgRcbp.s 			page 9


 125 0061 EAF10A3D 		.ascii	"\352\361\012='\347\204s>\352}\357\375\356w\277\373}"
 125      27E78473 
 125      3EEA7DEF 
 125      FDEE77BF 
 125      FB7D
 126 0073 DFFDEE77 		.ascii	"\337\375\356wo\275\302...\001\310\305e\021\376\002\376"
 126      6FBDC22E 
 126      2E2E01C8 
 126      C56511FE 
 126      02FE
 127 0085 D6C5A557 		.ascii	"\326\305\245W\353\342\242\202{\353]\304?5\320!\240z"
 127      EBE2A282 
 127      7BEB5DC4 
 127      3F35D021 
 127      A07A
 128 0097 A026A033 		.ascii	"\240&\2403@c\320\206\203\317\177\201\177\276\234\213"
 128      4063D086 
 128      83CF7F81 
 128      7FBE9C8B 
 129 00a7 C31FC1BA 		.ascii	"\303\037\301\272\3622<\200\014@\373\201\332\240\315"
 129      F2323C80 
 129      0C40FB81 
 129      DAA0CD
 130 00b6 1F00FBCF 		.ascii	"\037\000\373\317@\010\3508\360\030\356\177\006\327s"
 130      4008E838 
 130      F018EE7F 
 130      06D773
 131 00c5 707D1508 		.ascii	"p}\025\010\361\355\021/[\372G\372\377\256L\356:\240"
 131      F1ED112F 
 131      5BFA47FA 
 131      FFAE4CEE 
 131      3AA0
 132 00d7 0CC06502 		.ascii	"\014\300e\002\345\002\355\001\252\203{\351\360i\001"
 132      E502ED01 
 132      AA837BE9 
 132      F06901
 133 00e6 CA03CA07 		.ascii	"\312\003\312\007Z\005\367\012\340\363\007\360\331\351"
 133      5A05F70A 
 133      E0F307F0 
 133      D9E9
 134 00f4 C2C6B81D 		.ascii	"\302\306\270\035\370\377\006\332\012\3645\307t\251\347"
 134      F8FF06DA 
 134      0AF435C7 
 134      74A9E7
 135 0103 FB3FE3B2 		.ascii	"\373?\343\262\364\217\214]\307\367o\005|!\320\277\003"
 135      F48F8C5D 
 135      C7F76F05 
 135      7C21D0BF 
 135      03
 136 0114 AD756172 		.ascii	"\255uar\007A\351\021\304\260\230\307\023;\325\363\343"
 136      0741E911 
 136      C4B098C7 
 136      133BD5F3 
 136      E3
 137 0125 91DBE909 		.ascii	"\221\333\351\011\207\032j\246{\334F9\344\241_E\330\306"
 137      871A6AA6 
 137      7BDC4639 
ARM GAS  /tmp/ccRgRcbp.s 			page 10


 137      E4A15F45 
 137      D8C6
 138 0137 B4CE2C0D 		.ascii	"\264\316,\015\260\006\275\212\260\235\225y\177\300\034"
 138      B006BD8A 
 138      B09D9579 
 138      7FC01C
 139 0146 824BD5F0 		.ascii	"\202K\325\360\236\332#\236\310{\345J\375>\213\305\022"
 139      9EDA239E 
 139      C87BE54A 
 139      FD3E8BC5 
 139      12
 140 0157 675983AA 		.ascii	"gY\203\252\221\036\225#,\221\227\005\367g~A\036\300"
 140      911E9523 
 140      2C919705 
 140      F7677E41 
 140      1EC0
 141 0169 A58E7EC6 		.ascii	"\245\216~\306Y,\333,\023i\026\374\246\013zg%\372\213"
 141      592CDB2C 
 141      136916FC 
 141      A60B7A67 
 141      25FA8B
 142 017c 952EA802 		.ascii	"\225.\250\002y\323G.\250\012\255D\225h%\351i(\375I\274"
 142      79D3472E 
 142      A80AAD44 
 142      956825E9 
 142      6928FD49 
 143 0191 5ACFA3E3 		.ascii	"Z\317\243\343^\206\036\211\236\352\324\033\022\010:"
 143      5E861E89 
 143      9EEAD41B 
 143      12083A
 144 01a0 35CAE2BA 		.ascii	"5\312\342\272\026\325\200.\245\360\274\014\236\273\240"
 144      16D5802E 
 144      A5F0BC0C 
 144      9EBBA0
 145 01af FDC8C00F 		.ascii	"\375\310\300\017/w\372A\262V\305\261{\350\337\350\240"
 145      2F77FA41 
 145      B256C5B1 
 145      7BE8DFE8 
 145      A0
 146 01c0 8E9C4AAA 		.ascii	"\216\234J\252\325}/\003FA\032\177G\205\326\277!i[\207"
 146      D57D2F03 
 146      46411A7F 
 146      4785D6BF 
 146      21695B87 
 147 01d4 BE07FF6B 		.ascii	"\276\007\377k\221\212\011(\251\311-\325c-1\001*\312"
 147      918A0928 
 147      A9C92DD5 
 147      632D3101 
 147      2ACA
 148 01e6 BADDAB7F 		.ascii	"\272\335\253\177\247\202\016\277\365\002\026\215xlf"
 148      A7820EBF 
 148      F502168D 
 148      786C66
 149 01f5 BADCB02A 		.ascii	"\272\334\260*\337\322j\235\350\312Jx#\333b\335fYX\\"
 149      DFD26A9D 
 149      E8CA4A78 
 149      23DB62DD 
ARM GAS  /tmp/ccRgRcbp.s 			page 11


 149      6659585C 
 150 0209 446B8834 		.ascii	"Dk\2104t\000at\020\275C\260\344\2326B\207\320*hx\342"
 150      74006174 
 150      10BD43B0 
 150      E49A3642 
 150      87D02A68 
 151 021f 7C7D26A2 		.ascii	"|}&\242\352\255\263k\367\354x\373\023\215S\355\216P"
 151      EAADB36B 
 151      F7EC78FB 
 151      138D53ED 
 151      8E50
 152 0231 ED0EDBB5 		.ascii	"\355\016\333\265K\230\2721\343\212\327R\355\222\333"
 152      4B98BA31 
 152      E38AD752 
 152      ED92DB
 153 0240 F68CAB99 		.ascii	"\366\214\253\231\022y'\375\004\035h\033tT\242\303Q\273"
 153      127927FD 
 153      041D681B 
 153      7454A2C3 
 153      51BB
 154 0252 0EF55487 		.ascii	"\016\365T\207\246\027C\275*\247\0356\320\016\377\215"
 154      A61743BD 
 154      2AA71D36 
 154      D00EFF8D 
 155 0262 EFAFACB3 		.ascii	"\357\257\254\263\"\327\200\177O\373{\222Xw\334\035\372"
 155      22D7807F 
 155      4FFB7B92 
 155      5877DC1D 
 155      FA
 156 0273 B35A6D35 		.ascii	"\263Zm5U\232NK\353\342\342/\010\0345J\372j\264\367\325"
 156      559A4E4B 
 156      EBE2E22F 
 156      081C354A 
 156      FA6AB4F7 
 157 0288 44FB3A97 		.ascii	"D\373:\227o=\344\2117\323\366\307[f:\3648\204^\357\210"
 157      6F3DE489 
 157      37D3F6C7 
 157      5B663AF4 
 157      38845EEF 
 158 029d B375E9F1 		.ascii	"\263u\351\361Vz\035Y\322\264C\013!\370\003=\355r0wv"
 158      567A1D59 
 158      D2B4430B 
 158      21F8033D 
 158      ED723077 
 159 02b2 9F2B6549 		.ascii	"\237+eI\206\360\204[\334\301\331\202\223\010y\323@\234"
 159      86F0845B 
 159      DCC1D982 
 159      930879D3 
 159      409C
 160 02c4 48281E5A 		.ascii	"H(\036Z\033\005\321x\002\"\240E\350\231\266&\177qB\214"
 160      1B05D178 
 160      0222A045 
 160      E899B626 
 160      7F71428C 
 161 02d8 B808A342 		.ascii	"\270\010\243Bm\020S?\320S(:\0167[iTq\331q\226\323nH"
 161      6D10533F 
 161      D053283A 
ARM GAS  /tmp/ccRgRcbp.s 			page 12


 161      0E375B69 
 161      5471D971 
 162 02f0 EFADD8E6 		.ascii	"\357\255\330\346\224B\033\252\300hL\332\033\026\213"
 162      94421BAA 
 162      C0684CDA 
 162      1B168B
 163 02ff 0A9D0405 		.ascii	"\012\235\004\005\216\211\012\234@z{|p}\205\2751\234"
 163      8E890A9C 
 163      407A7B7C 
 163      707D85BD 
 163      319C
 164 0311 5DE1CA91 		.ascii	"]\341\312\221\234?\"\370\016\3007\213\370\223h9\215"
 164      9C3F22F8 
 164      0EC0378B 
 164      F8936839 
 164      8D
 165 0322 DB153546 		.ascii	"\333\0255F7\257\037nw\245\361C\244\261\000\272U\270"
 165      37AF1F6E 
 165      77A5F143 
 165      A4B100BA 
 165      55B8
 166 0334 BBD4D3A9 		.ascii	"\273\324\323\251?;\251?O\333\003\350\361D\3758\207\237"
 166      3F3BA93F 
 166      4FDB03E8 
 166      F144FD38 
 166      879F
 167 0346 236AF917 		.ascii	"#j\371\027c\207\362\335\300\2436\313DRW\345/wF\245\356"
 167      6387F2DD 
 167      C0A336CB 
 167      445257E5 
 167      2F7746A5 
 168 035b B3D81617 		.ascii	"\263\330\026\027\277O[\241.\211[\273\354n=C\335\032"
 168      BF4F5BA1 
 168      2E895BBB 
 168      EC6E3D43 
 168      DD1A
 169 036d DF9094E6 		.ascii	"\337\220\224\346N\223H\253\206\316\272\324K\331\006"
 169      4E9348AB 
 169      86CEBAD4 
 169      4BD906
 170 037c 9A450208 		.ascii	"\232E\002\010[~\240\372\021\207+i\036A\303\005\335\367"
 170      5B7EA0FA 
 170      11872B69 
 170      1E41C305 
 170      DDF7
 171 038e 3CF121C6 		.ascii	"<\361!\306d\214TO\272\342\026\306\364'O\245\352p;c\256"
 171      648C544F 
 171      BAE216C6 
 171      F4274FA5 
 171      EA703B63 
 172 03a3 A6DCEF35 		.ascii	"\246\334\3575\340\263\224\341f\306\366v{:s\314eg\216"
 172      E0B394E1 
 172      66C6F676 
 172      7B3A73CC 
 172      65678E
 173 03b6 A94A1C0A 		.ascii	"\251J\034\012 \221q\011LsQ\301\320\320K\301\251\247"
 173      20917109 
ARM GAS  /tmp/ccRgRcbp.s 			page 13


 173      4C7351C1 
 173      D0D04BC1 
 173      A9A7
 174 03c8 856E3811 		.ascii	"\205n8\021\323.\367edV\251\251\326:\302^\2763\361@\207"
 174      D32EF765 
 174      6456A9A9 
 174      D63AC25E 
 174      BE33F140 
 175 03dd D3D8B3F8 		.ascii	"\323\330\263\370\352\366l-\035\241\225\216p\270=\343"
 175      EAF66C2D 
 175      1DA1958E 
 175      70B83DE3 
 176 03ed 9A27C56E 		.ascii	"\232'\305n&ljik\207\033\316a\330K\223\015\026-.\241"
 176      266C6A69 
 176      6B871BCE 
 176      61D84B93 
 176      0D162D2E 
 177 0402 0C375D32 		.ascii	"\0147]2\330h@\336\006\252\321`\365\324\327\221\240\321"
 177      D86840DE 
 177      06AAD160 
 177      F5D4D791 
 177      A0D1
 178 0414 0DC845D7 		.ascii	"\015\310E\327E\215\326\031\230B\222|&\361\031\032\200"
 178      458DD619 
 178      9842927C 
 178      26F1191A 
 178      80
 179 0425 01427A60 		.ascii	"\001Bz``\220\177\245\374`\262\006\367\261\316\006/\244"
 179      60907FA5 
 179      FC60B206 
 179      F7B1CE06 
 179      2FA4
 180 0437 4E6AF100 		.ascii	"Nj\361\000c\242z\316'\252\360 \317L\224<\340\3600c\366"
 180      63A27ACE 
 180      27AAF020 
 180      CF4C943C 
 180      E0F03063 
 181 044c 7C3B3465 		.ascii	"|;4e\300#\214\351\036\232\231b\356\371\016ac::\237`"
 181      C0238CE9 
 181      1E9A9962 
 181      EEF90E61 
 181      633A3A9F 
 182 0461 7C9F3D9B 		.ascii	"|\237=\233\250?rF\207\0373&\373\331\331\0166\3127i\273"
 182      A83F7246 
 182      871F3326 
 182      FBD9D90E 
 182      36CA3769 
 183 0476 2313FBB5 		.ascii	"#\023\373\265x\212=\033\313\312\310s\303\317\030c_E"
 183      788A3D1B 
 183      CBCAC873 
 183      C3CF1863 
 183      5F45
 184 0488 0C6C1539 		.ascii	"\014l\0259\177f2\021\341\027\354\331\336\207;\307Tx"
 184      7F663211 
 184      E117ECD9 
 184      DE873BC7 
 184      5478
ARM GAS  /tmp/ccRgRcbp.s 			page 14


 185 049a 91316543 		.ascii	"\2211eC\347h\244\030\364o\323\034\222\325\337\242\305"
 185      E768A418 
 185      F46FD31C 
 185      92D5DFA2 
 185      C5
 186 04ab 512AFAEC 		.ascii	"Q*\372\354\356\\O\"\306\261\214\031|6xBK\201\357\023"
 186      EE5C4F22 
 186      C6B18C19 
 186      7C367842 
 186      4B81EF13 
 187 04bf F6E2C39A 		.ascii	"\366\342\303\232Kz\234\310\236=;\221\323\250\301)\214"
 187      4B7A9CC8 
 187      9E3D3B91 
 187      D3A8C129 
 187      8C
 188 04d0 896CADBE 		.ascii	"\211l\255\276\314\200?#lR}a\263'Ng\317\276\265t$x\342"
 188      CC803F23 
 188      6C527D61 
 188      B3274E67 
 188      CFBEB574 
 189 04e7 DD8C3950 		.ascii	"\335\2149PT|\304\225\002\327\260\324\031\335f\3009\354"
 189      547CC495 
 189      02D7B0D4 
 189      19DD66C0 
 189      39EC
 190 04f9 D9E3635D 		.ascii	"\331\343c]y\2368\2171\015u\251\263\036\024\270\226\260"
 190      799E388F 
 190      310D75A9 
 190      B31E14B8 
 190      96B0
 191 050b A34F46AF 		.ascii	"\243OF\257z`+{\226>\336:\344\201\213\0303\322\362\300"
 191      7A602B7B 
 191      963EDE3A 
 191      E4818B18 
 191      33D2F2C0 
 192 051f C251E07A 		.ascii	"\302Q\340z:\320\343\303Q\006\\\302\236\015\244n/s\305"
 192      3AD0E3C3 
 192      51065CC2 
 192      9E0DA46E 
 192      2F73C5
 193 0532 E58C896B 		.ascii	"\345\214\211k\336U\302\272\376\027\302V\025f\037q\305"
 193      DE55C2BA 
 193      FE17C256 
 193      15661F71 
 193      C5
 194 0543 D5ECD9A3 		.ascii	"\325\354\331\243\256\252!\016\3271\246\366xe<\003\376"
 194      AEAA210E 
 194      D731A6F6 
 194      78653C03 
 194      FE
 195 0554 01D83FEE 		.ascii	"\001\330?\356\216\271z\337\200\274\310\337\012/\205"
 195      8EB97ADF 
 195      80BCC8DF 
 195      0A2F85
 196 0563 3F6F2B44 		.ascii	"?o+D\314\304\203\272\252?+?`i\215\3064\260nC`m\347V"
 196      CCC483BA 
 196      AA3F2B3F 
ARM GAS  /tmp/ccRgRcbp.s 			page 15


 196      60698DC6 
 196      34B06E43 
 197 057b 88F13344 		.ascii	"\210\3613D'\376_\256$E\003\340\255Y\345\232\316\367"
 197      27FE5FAE 
 197      244503E0 
 197      AD59E59A 
 197      CEF7
 198 058d 29744C0E 		.ascii	")tL\016\035\245\320R$`\313\005\354S9vZ\216\255\026\260"
 198      1DA5D052 
 198      2460CB05 
 198      EC533976 
 198      5A8EAD16 
 199 05a2 2FE4D8E7 		.ascii	"/\344\330\347rl\266\200\035\227c\357\213\352\356\244"
 199      726CB680 
 199      1D9763EF 
 199      8BEAEEA4 
 200 05b2 49CC6259 		.ascii	"I\314bY\243rA}\360\374\032y\336\3177\200\371\200r9o"
 200      A372417D 
 200      F0FC1A79 
 200      DECF3780 
 200      F9807239 
 201 05c7 94C279A1 		.ascii	"\224\302y\241x\240t\240\034\240H\240\014\240]@\211@"
 201      78A074A0 
 201      1CA048A0 
 201      0CA05D40 
 201      8940
 202 05d9 3B80B601 		.ascii	";\200\266\001\305\000\355\006\312\002J\006J\000\312"
 202      C500ED06 
 202      CA024A06 
 202      4A00CA
 203 05e8 044A058A 		.ascii	"\004J\005\212\002J\003\212\003\212\005\212\006\332\011"
 203      024A038A 
 203      038A058A 
 203      06DA09
 204 05f7 940494CD 		.ascii	"\224\004\224\315y\321\331I\365\256\022\364\236U\036"
 204      79D1D949 
 204      F5AE12F4 
 204      9E551E
 205 0606 A368E64A 		.ascii	"\243h\346J\001:#\207>\223\233#N\300\336\222c\337\226"
 205      013A2387 
 205      3E939B23 
 205      4EC0DE92 
 205      63DF96
 206 0619 41F304E8 		.ascii	"A\363\004\350\204\034\372D\246A\262\000\275'\207\336"
 206      841CFA44 
 206      A641B200 
 206      BD2787DE 
 207 0629 956B9022 		.ascii	"\225k\220\"`G\224\203B\024\273_\200.\310\241\363r\261"
 207      60479483 
 207      4214BB5F 
 207      802EC8A1 
 207      F372B1
 208 063c 7B04EC63 		.ascii	"{\004\354c9\366\221\034\273Xj\307\336T4\202\250A\231"
 208      39F6911C 
 208      BB586AC7 
 208      DE543482 
 208      A84199
ARM GAS  /tmp/ccRgRcbp.s 			page 16


 209 064f 20754A39 		.ascii	" uJ9*Eh\215\000\235SVV\204V\010\320o\225\035&B\343\005"
 209      2A45688D 
 209      009D5356 
 209      56845608 
 209      D06F951D 
 210 0667 E8A01C7A 		.ascii	"\350\240\034zE\006M\022\240w\224\235 Bw\010\320a\345"
 210      45064D12 
 210      A077949D 
 210      20427708 
 210      D061E5
 211 067a 392C3156 		.ascii	"9,1V\276\200\235T\016\003\0116G\300>P\236l\022l\256"
 211      BE809D54 
 211      0E030936 
 211      47C03E50 
 211      9E6C126C 
 212 068f 807DA8EC 		.ascii	"\200}\250\3540Q\335z\001\272(\207Z8Gh\202\000\265)\333"
 212      3051DD7A 
 212      01BA2887 
 212      5A384768 
 212      8200B529 
 213 06a4 8B694016 		.ascii	"\213i@\026I\333|\254\306\202\010\306\305^n\010\313u"
 213      49DB7CAC 
 213      C68208C6 
 213      C55E6E08 
 213      CB75
 214 06b6 F7A96305 		.ascii	"\367\251c\005\036\322\262_*\311\005\355\341\354e\377"
 214      1ED2B25F 
 214      2AC905ED 
 214      E1EC65FF 
 215 06c6 586CCC3F 		.ascii	"Xl\314?b\033\315\2518\262\365@\022F+\274\274w\362%\021"
 215      621BCDA9 
 215      38B2F540 
 215      12462BBC 
 215      BC77F225 
 216 06db C92642F7 		.ascii	"\311&B\367WA\237|>\233X!\233\024Hf\373\304`O\3117iQ"
 216      57419F7C 
 216      3E9B5821 
 216      9B144866 
 216      FBC4604F 
 217 06f3 967D6F12 		.ascii	"\226}o\022\321(\217cP\205\250\244\212g\307\020\305\363"
 217      D1288F63 
 217      5085A8A4 
 217      8A67C710 
 217      C5F3
 218 0705 95149FCB 		.ascii	"\225\024\237\313\030\336\256\303w\370\245\355H\373\224"
 218      18DEAEC3 
 218      77F8A5ED 
 218      48FB94
 219 0714 2B1E674C 		.ascii	"+\036gLN\355\3143=\236d\314\225\341\235m\010?w\\\257"
 219      4EEDCC33 
 219      3D9E64CC 
 219      95E19D6D 
 219      083F775C 
 220 0729 3CD87A75 		.ascii	"<\330zul,\265I\217#\325\364\331\256\211\372k\256x\007"
 220      6C2CB549 
 220      8F23D5F4 
 220      D9AE89FA 
ARM GAS  /tmp/ccRgRcbp.s 			page 17


 220      6BAE7807 
 221 073d 639EF4E4 		.ascii	"c\236\364\344\235\362\300\031j\207\352\331\213U\317"
 221      9DF2C019 
 221      6A87EAD9 
 221      8B55CF
 222 074c B3B1F1D1 		.ascii	"\263\261\361\321z\312.\332\377hY\222\331\272\263P,\241"
 222      7ACA2EDA 
 222      FF685992 
 222      D9BAB350 
 222      2CA1
 223 075e EF3EA225 		.ascii	"\357>\242%t\025\247Ge\234P\226xI\013Rk\224\345\273\221"
 223      7415A747 
 223      659C5096 
 223      78490B52 
 223      6B94E5BB 
 224 0773 1FB8A062 		.ascii	"\037\270\240bn%u\031\252\004cy\361eW9\334\254\340h\015"
 224      6E257519 
 224      AA046379 
 224      F1655739 
 224      DCACE068 
 225 0788 5DD9BBAF 		.ascii	"]\331\273\257\316`\027<\332\236NK\343\032\020\\*\012"
 225      CE60173C 
 225      DA9E4E4B 
 225      E31A105C 
 225      2A0A
 226 079a 867E9693 		.ascii	"\206~\226\223\\\255,\371\360\243\201\024A\362`\365\263"
 226      5CAD2CF9 
 226      F0A38114 
 226      41F260F5 
 226      B3
 227 07ab F5DB40E5 		.ascii	"\365\333@\345Z\220\\\"J\256Y^\362~E\311\350Z\303\303"
 227      5A905C22 
 227      4AAE595E 
 227      F27E45C9 
 227      E85AC3C3 
 228 07bf 479ED2B0 		.ascii	"G\236\322\260\"R%;B!\254\266\225\2758\210\261"
 228      2252253B 
 228      4221ACB6 
 228      95BD3888 
 228      B1
 229 07d0 95597A6E 		.ascii	"\225Yzn>z\267'\256d\314\356\213\327\216\252\360!\306"
 229      3E7AB727 
 229      AE64CCEE 
 229      8BD78EAA 
 229      F021C6
 230 07e3 240C949F 		.ascii	"$\014\224\237\325\342fG\207\274\301\034\222\334\235"
 230      D5E26647 
 230      87BCC11C 
 230      92DC9D
 231 07f2 D38629CB 		.ascii	"\323\206)\313\034\2216<]\214\354\245\255\343>\271\001"
 231      1C91363C 
 231      5D8CECA5 
 231      ADE33EB9 
 231      01
 232 0803 B47D83D7 		.ascii	"\264}\203\327\366\010h{\224\343\013\333\204\342\224"
 232      F608687B 
 232      94E30BDB 
ARM GAS  /tmp/ccRgRcbp.s 			page 18


 232      84E294
 233 0812 B78859EB 		.ascii	"\267\210Y\353A\315\303\342\340\337\0207\034\266\276"
 233      41CDC3E2 
 233      E0DF1037 
 233      1CB6BE
 234 0821 E27F5216 		.ascii	"\342\177R\026\332\344L\350hL7\335\2264\202\320C\242"
 234      DAE44CE8 
 234      684C37DD 
 234      963482D0 
 234      43A2
 235 0833 D07A4E22 		.ascii	"\320zN\"\265\360\331\026e\251\307\234I\255\252\034\374"
 235      B5F0D916 
 235      65A9C79C 
 235      49ADAA1C 
 235      FC
 236 0844 5322B519 		.ascii	"S\"\265\031\244\036\024\2456\212R\321\365\252\276S\030"
 236      A41E14A5 
 236      368A52D1 
 236      F5AABE53 
 236      18
 237 0855 77306BF5 		.ascii	"w0k\365\\\311\212q\307\347(\303]\231\337\276B\271\277"
 237      5CC98A71 
 237      C7E728C3 
 237      5D99DFBE 
 237      42B9BF
 238 0868 3627FD59 		.ascii	"6'\375Y\347,\026\235\013j\205\336\216+\3676<y\275\314"
 238      E72C169D 
 238      0B6A85DE 
 238      8E2BF736 
 238      3C79BDCC 
 239 087c 80AFB2DE 		.ascii	"\200\257\262\336\366\304N?W\341[\254\267CI\2031X\271"
 239      F6C44E3F 
 239      57E15BAC 
 239      B7434983 
 239      3158B9
 240 088f BB7667DD 		.ascii	"\273vg\335-\320\356NAw'\225\273\273=\336R\242\302\367"
 240      2DD0EE4E 
 240      41772795 
 240      BBBB3DDE 
 240      52A2C2F7 
 241 08a3 D40E75B7 		.ascii	"\324\016u\267\007\253\273\213&\262\213T\370!\353\375"
 241      07ABBB8B 
 241      26B28B54 
 241      F821EBFD 
 242 08b3 D4A3FA49 		.ascii	"\324\243\372Iw\345\336\3178\353}\221\366\336\005\275"
 242      77E5DECF 
 242      38EB7D91 
 242      F6DE05BD 
 243 08c3 772AF77E 		.ascii	"w*\367~\342\332\300\023-~\246v(\346=X1\2373\232=\244"
 243      E2DAC013 
 243      2D7EA676 
 243      28E63D58 
 243      319F339A 
 244 08d9 21072E51 		.ascii	"!\007.Q\257\272\331\034\237k\262\030p\244\206J;\324"
 244      AFBAD91C 
 244      9F6BB218 
 244      70A4864A 
ARM GAS  /tmp/ccRgRcbp.s 			page 19


 244      3BD4
 245 08eb 31D8E38E 		.ascii	"1\330\343\216\343\030\3234\262\255_\213\223\03133>\002"
 245      E318D334 
 245      B2AD5F8B 
 245      93193333 
 245      3E02
 246 08fd CB4C2663 		.ascii	"\313L&cjn\236\334\012}j\364$\367\316\320\364\363?p\273"
 246      6A6E9EDC 
 246      0A7D6AF4 
 246      24F7CED0 
 246      F4F33F70 
 247 0912 EBF2F90B 		.ascii	"\353\362\371\013jz\237\334\322\322\214t;e\226c\006\260"
 247      6A7A9FDC 
 247      D2D28C74 
 247      3B659663 
 247      06B0
 248 0924 2CD1E80A 		.ascii	",\321\350\012\230@\303kt\011Lp\2317\301\205\204\030"
 248      9840C36B 
 248      74094C70 
 248      9937C185 
 248      8418
 249 0936 0FC8B9BD 		.ascii	"\017\310\271\275`\202\213\242\0114b\310Z;\262\033\204"
 249      60828BA2 
 249      093462C8 
 249      5A3BB21B 
 249      84
 250 0947 3C377AF7 		.ascii	"<7z\367<\015\361>\200_\020\341\275\222\244\261\264\353"
 250      3C0DF13E 
 250      805F10E1 
 250      BD92A4B1 
 250      B4EB
 251 0959 AB0A5D83 		.ascii	"\253\012]\203\340\205\370'Qzg\352\366;Q\027\246\003"
 251      E085F827 
 251      517A67EA 
 251      F63B5117 
 251      A603
 252 096b DB925E03 		.ascii	"\333\222^\003\015\316\213\032\364I|\226\332\327\277"
 252      0DCE8B1A 
 252      F4497C96 
 252      DAD7BF
 253 097a A0C35666 		.ascii	"\240\303Vf\276\336\362\013VO\\\312\230k\375\247\362"
 253      BEDEF20B 
 253      564F5CCA 
 253      986BFDA7 
 253      F2
 254 098b B4B89631 		.ascii	"\264\270\2261\015\273\312\332\015\370(cN\036l\372\024"
 254      0DBBCADA 
 254      0DF82863 
 254      4E1E6CFA 
 254      14
 255 099c 9FD1386C 		.ascii	"\237\3218l!<\350\026\002=\213\231\210\327\323\035\205"
 255      213CE816 
 255      023D8B99 
 255      88D7D31D 
 255      85
 256 09ad 818660D7 		.ascii	"\201\206`\327\370--\276\300\240\217bw_\341\360M\306"
 256      F82D2DBE 
ARM GAS  /tmp/ccRgRcbp.s 			page 20


 256      C0A08F62 
 256      775FE1F0 
 256      4DC6
 257 09bf E4740D78 		.ascii	"\344t\015x\342\207\354\372tb\321%\015^`\314\321\207"
 257      E287ECFA 
 257      7462D125 
 257      0D5E60CC 
 257      D187
 258 09d1 C5996ABC 		.ascii	"\305\231j\274\235\036\201qW+\254-N\2754\342d\330VX\177"
 258      9D1E8171 
 258      572BAC2D 
 258      4EBD34E2 
 258      64D85658 
 259 09e6 D13D18F2 		.ascii	"\321=\030\362]\345!\307\334\253\317\304x\007;d\2339"
 259      5DE521C7 
 259      DCABCFC4 
 259      78073B64 
 259      9B39
 260 09f8 77A7428B 		.ascii	"w\247B\213\323\030\223\321\274'\215\015\306\302v\247"
 260      D31893D1 
 260      BC278D0D 
 260      C6C276A7 
 261 0a08 B7529FBB 		.ascii	"\267R\237\273\343l\366p\333x\266\025\341\275\214\271"
 261      E36CF670 
 261      DB78B615 
 261      E1BD8CB9 
 262 0a18 BBFD409E 		.ascii	"\273\375@\236\012W0&\2632\357\271\006\037`Lz\362\255"
 262      0A573026 
 262      B332EFB9 
 262      061F604C 
 262      7AF2AD
 263 0a2b C306DCC8 		.ascii	"\303\006\334\310\230\232\361'\273\324\270\2151uc\327"
 263      989AF127 
 263      BBD4B88D 
 263      317563D7 
 264 0a3b DFC59D6C 		.ascii	"\337\305\235l`1-\315\243\356|\240X\023A\337)\320\367"
 264      60312DCD 
 264      A3EE7CA0 
 264      581341DF 
 264      29D0F7
 265 0a4e 09F78AC7 		.ascii	"\011\367\212\3073\223\234\342\214\311\273QR`\300\275"
 265      33939CE2 
 265      8CC9BB51 
 265      5260C0BD 
 266 0a5e ACB7FCC8 		.ascii	"\254\267\374\310\276t5\036`\314B\321\216&\204\007\031"
 266      BE74351E 
 266      60CC42D1 
 266      8E268407 
 266      19
 267 0a6f 737BFFC8 		.ascii	"s{\377\310\030\207\0371&\353\\\322e\003^`L\322\011\333"
 267      18871F31 
 267      26EB5CD2 
 267      65035E60 
 267      4CD209DB 
 268 0a83 25358ED3 		.ascii	"%5\216\323Q\246\274\377\352i-NgL\236m\372\266+\316f"
 268      51A6BCFF 
 268      EA692D4E 
ARM GAS  /tmp/ccRgRcbp.s 			page 21


 268      674C9E6D 
 268      FAB62BCE 
 269 0a98 CCAD53DB 		.ascii	"\314\255S\333\256\252\360>\306d\267gL\273\341\032\306"
 269      AEAAF03E 
 269      C664B767 
 269      4CBBE11A 
 269      C6
 270 0aa9 4445B574 		.ascii	"DE\265t\250q\003c\316&\026ds\354\230\206\362Ocl\235"
 270      A8710363 
 270      CE261664 
 270      73EC9886 
 270      F24F636C 
 271 0abe 06DCC61E 		.ascii	"\006\334\306\036\016\226\334XT\341^\312p\351\327\013"
 271      0E96DC58 
 271      54E15ECA 
 271      70E9D70B 
 272 0ace 62396707 		.ascii	"b9g\007.QX\371\300\305:K\363\3216\254G\221X\361\270"
 272      2E5158F9 
 272      C0C53A4B 
 272      F3D136AC 
 272      479158F1 
 273 0ae3 6574643A 		.ascii	"etd:E\215o\260\016{&\216\\\322\341\333\214y\274s\030"
 273      458D6FB0 
 273      0E7B268E 
 273      5CD2E1DB 
 273      8C79BC73 
 274 0af8 1C3BC298 		.ascii	"\034;\302\230\303\275\273\367s\370\001S\245\264\347"
 274      C3BDBBF7 
 274      73F80153 
 274      A5B4E7
 275 0b07 71ACCAEE 		.ascii	"q\254\312\356\230dpL<\310\217U\220\257\250k\234\202"
 275      9864704C 
 275      3CC88F55 
 275      90AFA86B 
 275      9C82
 276 0b19 AE645E5D 		.ascii	"\256d^]\033\336\256\302S\254\273\353M\333_\270\342\247"
 276      1BDEAEC2 
 276      53ACBBEB 
 276      4DDB5FB8 
 276      E2A7
 277 0b2b ACBBD3B1 		.ascii	"\254\273\323\261/\036k\355\335=\247\003J\202\016\023"
 277      2F1E6BED 
 277      DD3DA703 
 277      4A820E13 
 278 0b3b F1ABD618 		.ascii	"\361\253\326\030;\260b\215q\343XM\263\036/\320N\264"
 278      3BB0628D 
 278      71E3584D 
 278      B31E2FD0 
 278      4EB4
 279 0b4d 7579DDB0 		.ascii	"uy\335\260Y'\233zo//Zif_\23104\260=<\031_\002t\267\023"
 279      59279B7A 
 279      6F2F2F5A 
 279      69665F99 
 279      3034B03D 
 280 0b68 3BA992D9 		.ascii	";\251\222\331\006\272\210T\324\304\326\321r\254X\226"
 280      06BA8854 
 280      D4C4D6D1 
ARM GAS  /tmp/ccRgRcbp.s 			page 22


 280      72AC5896 
 281 0b78 0AFB6758 		.ascii	"\012\373gXL\026A\027\266\341 `R\356\246\203\246\251"
 281      4C164117 
 281      B6E12060 
 281      52EEA683 
 281      A6A9
 282 0b8a 1836BE40 		.ascii	"\0306\276@\031@)@\273\260d\263\233#\364\021\243\330"
 282      19402940 
 282      BBB064B3 
 282      9B23F411 
 282      A3D8
 283 0b9c 87A468CF 		.ascii	"\207\244h\317*\"\265/@d\265/\221c\313+Jv\267\304Ei\250"
 283      2A22B52F 
 283      4064B52F 
 283      9163CB2B 
 283      4A76B7C4 
 284 0bb3 25937951 		.ascii	"%\223yQ\202\301\344\307\023\271B\257\333\225\255@\241"
 284      82C1E4C7 
 284      13B942AF 
 284      DB95AD40 
 284      A1
 285 0bc4 E0AA9B7D 		.ascii	"\340\252\233}\203\317\241\260\367V\032%\332\015\203"
 285      83CFA1B0 
 285      F7561A25 
 285      DA0D83
 286 0bd3 7B958152 		.ascii	"{\225\201R\355\363\375u(\023\300\026\321\313d(\366\260"
 286      EDF3FD75 
 286      2813C016 
 286      D1CB6428 
 286      F6B0
 287 0be5 6D3C52BA 		.ascii	"m<R\272\240\305\025\256\304wk\256\346\304\\\366@\364"
 287      A0C515AE 
 287      C4776BAE 
 287      E6C45CF6 
 287      40F4
 288 0bf7 3CC69B39 		.ascii	"<\306\2339\320\313\340\375:=\242Y\341\305\337\206Ko"
 288      D0CBE0FD 
 288      3A3DA259 
 288      E1C5DF86 
 288      4B6F
 289 0c09 03E50C06 		.ascii	"\003\345\014\006\361\264\306\340M\377\350\035\352\364"
 289      F1B4C6E0 
 289      4DFFE81D 
 289      EAF4
 290 0c17 F12BB677 		.ascii	"\361+\266w\033\231\323\327\301f\032\222M\003V\336tJ"
 290      1B99D3D7 
 290      C1661A92 
 290      4D0356DE 
 290      744A
 291 0c29 0F4204C3 		.ascii	"\017B\004\303\345\303\260j\370!^\204\353}0\254C\022"
 291      E5C3B06A 
 291      F8215E84 
 291      EB7D30AC 
 291      4312
 292 0c3b FFD556F7 		.ascii	"\377\325V\367M\340l\213\365\004Bm\030\366s \277\331"
 292      4DE06C8B 
 292      F504426D 
ARM GAS  /tmp/ccRgRcbp.s 			page 23


 292      18F67320 
 292      BFD9
 293 0c4d 8935297C 		.ascii	"\2115)|\374J\375\217\030\274\007\340\267\000^\206_w"
 293      FC4AFD8F 
 293      18BC07E0 
 293      B7005E86 
 293      5F77
 294 0c5f B607B775 		.ascii	"\266\007\267u\225\236s\263d\275Ok\255\023\274\352|\301"
 294      959E73B3 
 294      64BD4F6B 
 294      AD13BCEA 
 294      7CC1
 295 0c71 C20E0CDE 		.ascii	"\302\016\014\336\261\007\307De\354\370\332hX\365r\000"
 295      B107C744 
 295      65ECF8DA 
 295      6858F572 
 295      00
 296 0c82 322429D6 		.ascii	"2$)\326\355&\266\022\020\364\376\347\374\014\250\007"
 296      ED26B612 
 296      10F4FEE7 
 296      FC0CA807 
 297 0c92 DC8CDC1A 		.ascii	"\334\214\334\032\322\235\252\324\034\203`\016\033\314"
 297      D29DAAD4 
 297      1C83600E 
 297      1BCC
 298 0ca0 31741B5A 		.ascii	"1t\033ZXys\\\000s\224\2039\272%\346\260\235\357:g\260"
 298      5879735C 
 298      00739483 
 298      39BA25E6 
 298      B09DEF3A 
 299 0cb6 4068F5C2 		.ascii	"@h\365\302\350&\234\217\216\250\\[9\362}\210\347\343"
 299      E8269C8F 
 299      8EA85C5B 
 299      39F27D88 
 299      E7E3
 300 0cc8 20AE473C 		.ascii	" \256G<\247m\220(L\314U\365\226h\335\363H\246\257\354"
 300      A76D9028 
 300      4CCC55F5 
 300      9668DDF3 
 300      48A6AFEC 
 301 0cdc C862A698 		.ascii	"\310b\246\230D\265\035Y\263\014r\314\001Y\247\214\224"
 301      44B51D59 
 301      B30C72CC 
 301      0159A78C 
 301      94
 302 0ced 6C56AC58 		.ascii	"lV\254X\272\007.\301\006{XOT\367\325\376\232T\033\325"
 302      BA072EC1 
 302      067B584F 
 302      54F7D5FE 
 302      9A541BD5 
 303 0d01 807824DA 		.ascii	"\200x$\332\275\331>\2144\205\015\261\0135\013\261\341"
 303      BDD93E8C 
 303      34850DB1 
 303      0B350BB1 
 303      E1
 304 0d12 79B06105 		.ascii	"y\260a\005\330\360\000\320i\240=@\307\200\012\201\256"
 304      D8F000D0 
ARM GAS  /tmp/ccRgRcbp.s 			page 24


 304      69A03D40 
 304      C7800A81 
 304      AE
 305 0d23 8976B5D4 		.ascii	"\211v\265\324>\356;\204#\251!\210\203\357\360n\020\302"
 305      3EEE3B84 
 305      23A92188 
 305      83EFF06E 
 305      10C2
 306 0d35 D4617816 		.ascii	"\324ax\0260\333\276?cf#E\320\365e\243\314b\315\242g"
 306      30DBBE3F 
 306      63662345 
 306      D0F565A3 
 306      CC62CDA2 
 307 0d4a 4264D75D 		.ascii	"Bd\327](\017\210%)\361\306\210\032\342\221\224\303\335"
 307      280F8825 
 307      29F1C688 
 307      1AE29194 
 307      C3DD
 308 0d5c 4AF17896 		.ascii	"J\361x\226\223\207\3168\250H\262\017*\205\2416\363\241"
 308      9387CE38 
 308      A848B20F 
 308      2A85A136 
 308      F3A1
 309 0d6e 7309AECF 		.ascii	"s\011\256\317\302\020s\201\366\363\303d\215\254\216"
 309      C2107381 
 309      F6F3C364 
 309      8DAC8E
 310 0d7d D36F98C3 		.ascii	"\323o\230\303\313N?0\377\314\306tzz\320\004\316|\254"
 310      CB4E3F30 
 310      FFCCC674 
 310      7A7AD004 
 310      CE7CAC
 311 0d90 3CFD44FD 		.ascii	"<\375D\375a\006L\377IC\215\2455\022\323\355R\213\322"
 311      61064CFF 
 311      49438DA5 
 311      3512D3ED 
 311      528BD2
 312 0da3 2024D940 		.ascii	" $\331@v\220\361\214c\301B\324\271\014\352\024K\\\304"
 312      7690F18C 
 312      63C142D4 
 312      B90CEA14 
 312      4B5CC4
 313 0db6 1FF91283 		.ascii	"\037\371\022\203\017\274dZ'\235f\223\204\304\337\005"
 313      0FBC645A 
 313      279D6693 
 313      84C4DF05 
 314 0dc6 C5989658 		.ascii	"\305\230\226X|V\010\325\013\212A-.\020\023\225\245\367"
 314      7C5608D5 
 314      0B8A412D 
 314      2E101395 
 314      A5F7
 315 0dd8 D6901C40 		.ascii	"\326\220\034@\346\366\267b,\326I\247\024X`\364->!\022"
 315      E6F6B762 
 315      2CD649A7 
 315      145860F4 
 315      2D3E2112 
 316 0dec A17BE52E 		.ascii	"\241{\345.w\\*,\266\226\312\317\350\272Brw\026f`a\005"
ARM GAS  /tmp/ccRgRcbp.s 			page 25


 316      775C2A2C 
 316      B696CACF 
 316      E8BA4272 
 316      77166660 
 317 0e02 78FE1283 		.ascii	"x\376\022\203\035\006#)\031L\272\234t\003\370,\001\237"
 317      1D062329 
 317      194CBA9C 
 317      7403F82C 
 317      019F
 318 0e14 E34D41C0 		.ascii	"\343MA\300\347\000\\\004\316>\010t\022\250\022\350\010"
 318      E7005C04 
 318      CE3E0874 
 318      12A812E8 
 318      08
 319 0e25 5007D055 		.ascii	"P\007\320U\240V\240Z\240<\240+@U@]@\247\200\012\200"
 319      A056A05A 
 319      A03CA02B 
 319      4055405D 
 319      40A7800A 
 320 0e3a FA80DA81 		.ascii	"\372\200\332\201Z\200\316\000u\002e\003\035\225,I\220"
 320      5A80CE00 
 320      75026503 
 320      1D952C49 
 320      90
 321 0e4b 3387FF40 		.ascii	"3\207\377@\0168N\200\035n\212\366j\303K\277+\252vH\000"
 321      0E384E80 
 321      1D6E8AF6 
 321      6AC34BBF 
 321      2BAA7648 
 322 0e60 4D0CA118 		.ascii	"M\014\241\030\347\367\371\030t\026\347\274\023f~\304"
 322      E7F7F918 
 322      7416E7BC 
 322      13667EC4 
 323 0e70 3B019209 		.ascii	";\001\222\011\032{I\300$W\262\200!\365\362\013\271\303"
 323      1A7B49C0 
 323      2457B280 
 323      21F5F20B 
 323      B9C3
 324 0e82 A447918A 		.ascii	"\244G\221\212v\335\013Z\374\177\331\225\252[\317\307"
 324      76DD0B5A 
 324      FC7FD995 
 324      AA5BCFC7 
 325 0e92 771D6740 		.ascii	"w\035g@\007\344\352JO\305%\006>\356``\022\231\314\033"
 325      07E4EA4A 
 325      4FC52506 
 325      3EEE6060 
 325      1299CC1B 
 326 0ea6 4E20A811 		.ascii	"N \250\021\006\"\242h\267)\245\254[\362]d\257|Z9.\304"
 326      0622A268 
 326      B729A5AC 
 326      5BF25D64 
 326      AF7C5A39 
 327 0ebc 16EB189D 		.ascii	"\026\353\030\235\255\304\350O\225WA\021\032Wi\237\330"
 327      ADC4E84F 
 327      95574111 
 327      1A57699F 
 327      D8
ARM GAS  /tmp/ccRgRcbp.s 			page 26


 328 0ecd CF956D2F 		.ascii	"\317\225m/:*W2\263\213\224g\226dj\027P\035\240,\271"
 328      3A2A5732 
 328      B38B9467 
 328      96646A17 
 328      501DA02C 
 329 0ee2 F112FF97 		.ascii	"\361\022\377\227W\212#\233\227\213u\374\216(:\312z\237"
 329      578A239B 
 329      978B75FC 
 329      8E283ACA 
 329      7A9F
 330 0ef4 E6F31ED0 		.ascii	"\346\363\036\320\367\234\034+\377\356\311\226\327-\256"
 330      F79C1C2B 
 330      FFEEC996 
 330      D72DAE
 331 0f03 D773CA92 		.ascii	"\327s\312\222\005CL<\356k\3765K\266d\2439\312/B\316"
 331      05434C3C 
 331      EE6BFE35 
 331      4BB664A3 
 331      39CA2F42 
 332 0f18 4C0CA5D1 		.ascii	"L\014\245\321\250d\315z\300\317\013\2055K\342c2\025"
 332      A864CD7A 
 332      C0CF0B85 
 332      354BE263 
 332      3215
 333 0f2a C530E891 		.ascii	"\3050\350\221,\264\343W\312\336\312\202\275\002\255"
 333      2CB4E357 
 333      CADECA82 
 333      BD02AD
 334 0f39 101C0B60 		.ascii	"\020\034\013`Z_>\337\242#6Tx\004z\327~L\346\271U\261"
 334      5A5F3EDF 
 334      A2233654 
 334      78047AD7 
 334      7E4CE6B9 
 335 0f4f 25486EFE 		.ascii	"%Hn\376\036\225\\\243\370\034\306q\007\323\3635\345"
 335      1E955CA3 
 335      F81CC671 
 335      07D3F335 
 335      E5
 336 0f60 C7E357AC 		.ascii	"\307\343W\254\337#\217\353\226<\226\214\253\331!\274"
 336      DF238FEB 
 336      963C968C 
 336      ABD921BC 
 337 0f70 7BD9B8A8 		.ascii	"{\331\270\250\007\316\3615\0369\340\352PZ\216Ns\202"
 337      07CEF135 
 337      1E39E0EA 
 337      505A8E4E 
 337      7382
 338 0f82 B72AF8F0 		.ascii	"\267*\370\360\"\357\331\354S\236Xb\342\236+\377\214"
 338      22EFD9EC 
 338      539E5862 
 338      E29E2BFF 
 338      8C
 339 0f93 6089ED67 		.ascii	"`\211\355gy\254`{\371\327\014\2034"
 339      79AC607B 
 339      F9D70C83 
 339      34
 340 0fa0 12497A99 		.ascii	"\022Iz\231v\036\212P\2457\227\324\251q\266\336\341\320"
ARM GAS  /tmp/ccRgRcbp.s 			page 27


 340      761E8A50 
 340      A53797D4 
 340      A971B6DE 
 340      E1D0
 341 0fb2 75ADE33B 		.ascii	"u\255\343;$k\305wHnLloT9\333\341\336\204\011\274\226"
 341      246BC577 
 341      486E4C6C 
 341      6F5439DB 
 341      E1DE8409 
 342 0fc8 DFC35DC7 		.ascii	"\337\303]\307+\321\000\346\317o:\373k\377d?q\307\015"
 342      2BD100E6 
 342      CF6F3AFB 
 342      6BFF643F 
 342      71C70D
 343 0fdb D89EF48B 		.ascii	"\330\236\364\213\273\205\265\342\036w\244\375l\257;"
 343      BB85B5E2 
 343      1E77A4FD 
 343      6CAF3B
 344 0fea BECCF428 		.ascii	"\276\314\364(\310~P\254\223\236,\223wqD[\017b\361k}"
 344      C87E50AC 
 344      939E2C93 
 344      7771445B 
 344      0F62F16B 
 345 0fff EE       		.ascii	"\356"
 346 1000 D1A1EC3E 		.ascii	"\321\241\354>\214\014\336N\320\3506(%6\240\352$\305"
 346      8C0CDE4E 
 346      D0E83628 
 346      2536A0EA 
 346      24C5
 347 1012 E7BE4EDC 		.ascii	"\347\276N\334k#\365\272\250\315\240}\221x\242\370\206"
 347      6B23F5BA 
 347      A8CDA07D 
 347      9178A2F8 
 347      86
 348 1023 D1404974 		.ascii	"\321@It\222\206\336\"\355\2060\275\331\224VyQMo\222"
 348      9286DE22 
 348      ED8630BD 
 348      D9945679 
 348      514D6F92 
 349 1037 893CCC6E 		.ascii	"\211<\314n\356H\270\267OOo\222\361\336a7c\254\265'\335"
 349      EE48B8B7 
 349      4F4F6F92 
 349      F1DE6137 
 349      63ACB527 
 350 104c ED12EFB2 		.ascii	"\355\022\357\262{\307o>t|\207\250\315a\256\214`\362"
 350      7BC76F3E 
 350      747C87A8 
 350      CD61AE8C 
 350      60F2
 351 105e D2C93DCC 		.ascii	"\322\311=\314\277t\2224\022\375\\\215\007\230\211\316"
 351      BF749234 
 351      12FD5C8D 
 351      079889CE 
 352 106e BE7834AF 		.ascii	"\276x4\257\241/\235\330\262\213O\033\254\354E\"\332"
 352      A12F9DD8 
 352      B28B4F1B 
 352      ACEC4522 
ARM GAS  /tmp/ccRgRcbp.s 			page 28


 352      DA
 353 107f 068D62F1 		.ascii	"\006\215b\361\225\023\270\246cBcx\0254{X<7\256b'C\036"
 353      9513B8A6 
 353      63426378 
 353      15347B58 
 353      3C37AE62 
 354 1096 54FF9923 		.ascii	"T\377\231#\245\354K{\033\025\273\275\277\336\210\037"
 354      A5EC4B7B 
 354      1B15BBBD 
 354      BFDE881F 
 355 10a6 B22E8EB6 		.ascii	"\262.\216\266M\177\027\317\262k;\316\203\307\035h\036"
 355      4D7F17CF 
 355      B26B3BCE 
 355      83C71D68 
 355      1E
 356 10b7 7DCA5E71 		.ascii	"}\312^qx\213\236)\315\277\270\343\201\243\334\330\031"
 356      788B9E29 
 356      CDBFB8E3 
 356      81A3DCD8 
 356      19
 357 10c8 5BF1D172 		.ascii	"[\361\321rw\234\312\230\264\335#\007<p>c\342\313\273"
 357      779CCA98 
 357      B4DD2307 
 357      3C703E63 
 357      E2CBBB
 358 10db 870DB884 		.ascii	"\207\015\270\204\207\0358\234\307\341j\306\214D\026"
 358      871D389C 
 358      C7E16AC6 
 358      8C4416
 359 10ea E679E083 		.ascii	"\346y\340\203\214i\3375\3669nb\327\227\207\256\224\270"
 359      8C69DF35 
 359      F6396E62 
 359      D79787AE 
 359      94B8
 360 10fc E39394D1 		.ascii	"\343\223\224\321\315\237(\351r\345\277\330\367\266o"
 360      CD9F28E9 
 360      72E5BFD8 
 360      F7B66F
 361 110b 069B7F22 		.ascii	"\006\233\177\"\251}\236\302\320\347\235\327>\333\254"
 361      A97D9EC2 
 361      D0E79DD7 
 361      3EDBAC
 362 111a F5D5F6DA 		.ascii	"\365\325\366\332\353[e\250$\223VT\2139zJ\216\226\257"
 362      EB5B65A8 
 362      24935654 
 362      8B397A4A 
 362      8E96AF
 363 112d 3E55D5F6 		.ascii	">U\325\366\222{Z\031*\021\334\324#\256)\317\344h\311"
 363      927B5A19 
 363      2A11DCD4 
 363      23AE29CF 
 363      E468C9
 364 1140 A4975623 		.ascii	"\244\227V#\217`B=\306d\201\342\033\220\265\177\001\202"
 364      8F60423D 
 364      C66481E2 
 364      1B90B57F 
 364      0182
ARM GAS  /tmp/ccRgRcbp.s 			page 29


 365 1152 7B11D6EA 		.ascii	"{\021\326\352\347@/\200f\200f\201\346\244\333\364\262"
 365      E7402F80 
 365      66806681 
 365      E6A4DBF4 
 365      B2
 366 1163 2472C830 		.ascii	"$r\3100\257t\310`\261\225W\013)e\222\027\254\220\316"
 366      AF74C860 
 366      B195570B 
 366      29659217 
 366      AC90CE
 367 1176 619E0DBF 		.ascii	"a\236\015\277\330sL\217\274W\360/c\335\017#[\244H\325"
 367      D8734C8F 
 367      BC57F02F 
 367      63DD0F23 
 367      5BA448D5 
 368 118a 0A3421CE 		.ascii	"\0124!\316\240y{Y\252\250\270E\345\375\312\212\223\243"
 368      A0797B59 
 368      AAA8B845 
 368      E5FDCA8A 
 368      93A3
 369 119c 9F7D7D47 		.ascii	"\237}}GU\270\207\205A\371\364\251\007\030_fL\315\301"
 369      55B88785 
 369      41F9F4A9 
 369      07185F66 
 369      4CCDC1
 370 11af D62E373C 		.ascii	"\326.7<\306\230S\027\007*5\354\025#v\366\331]\177\223"
 370      C6985317 
 370      072A35EC 
 370      152376F6 
 370      D95D7F93 
 371 11c3 9DDCBE4E 		.ascii	"\235\334\276N\330\216\242\341]\256\330b`QV\263-\231"
 371      D88EA2E1 
 371      5DAED862 
 371      605156B3 
 371      2D99
 372 11d5 C3A98CC9 		.ascii	"\303\251\214\311L\3178\352\212\013\031s\247\274\250"
 372      4CCF38EA 
 372      8A0B1973 
 372      A7BCA8
 373 11e4 DB1D9733 		.ascii	"\333\035\2273\246\350r\313a\204\353\030\323tk\252\333"
 373      A6E872CB 
 373      6184EB18 
 373      D3746BAA 
 373      DB
 374 11f5 15375286 		.ascii	"\0257R\206\353\235.+\321-\223l\222U\362dck\216\322\203"
 374      EB9D2E2B 
 374      D12D936C 
 374      9255F264 
 374      636B8ED2 
 375 120a F5935406 		.ascii	"\365\223T\006\264C\245\230j\366N\2477\270\341\223\254"
 375      B443A598 
 375      6AF64EA7 
 375      37B8E193 
 375      AC
 376 121b B70A5BC1 		.ascii	"\267\012[\301\254\007\356\246\214~\327\261~\010|o\376"
 376      AC07EEA6 
 376      8C7ED7B1 
ARM GAS  /tmp/ccRgRcbp.s 			page 30


 376      7E087C6F 
 376      FE
 377 122c 8C84BD0C 		.ascii	"\214\204\275\014e\353*z\015\344e\202\341cEy\031*\307"
 377      65EB2A7A 
 377      0DE46582 
 377      E1634579 
 377      192AC7
 378 123f FDC0DC7B 		.ascii	"\375\300\334{\374\231\000\3517\005p\000X&\036o\360%"
 378      FC9900E9 
 378      37057000 
 378      58261E6F 
 378      F025
 379 1251 430EA0E3 		.ascii	"C\016\240\343\345hY\341r\213/\\\310\233s\211\312\222"
 379      E56859E1 
 379      728B2F5C 
 379      C89B7389 
 379      CA92
 380 1263 97C46E8C 		.ascii	"\227\304n\214j%\332\256\"\347\212|\003\022\002\331`"
 380      6A25DAAE 
 380      22E78A7C 
 380      031202D9 
 380      60
 381 1274 AB749517 		.ascii	"\253t\225\027\312\002\332\005\224\006\264[\345\265$"
 381      CA02DA05 
 381      9406B45B 
 381      E5B524
 382 1283 7E84C63B 		.ascii	"~\204\306;\241\301\2534\246j\216\361C\202d\233*\327"
 382      A1C1AB34 
 382      A66A8EF1 
 382      4382649B 
 382      2AD7
 383 1295 529E136E 		.ascii	"R\236\023n\322j\220\014>Aq\360\222\003\273\201D2\227"
 383      D26A900C 
 383      3E4171F0 
 383      9203BB81 
 383      443297
 384 12a8 88B99DD6 		.ascii	"\210\271\235\326\005\231*i]\000Ry?\267\315\314O\272"
 384      05992A69 
 384      5D005279 
 384      3FB7CDCC 
 384      4FBA
 385 12ba E24BD4B5 		.ascii	"\342K\324\265\232\204GI;\324\210\276\240D\337F\262\315"
 385      9A844749 
 385      3BD488BE 
 385      A044DF46 
 385      B2CD
 386 12cc C95C50B0 		.ascii	"\311\\P\260\214\013\342\252\035]P\340\304\005\024\274"
 386      8C0BE2AA 
 386      1D5D50E0 
 386      C40514BC 
 387 12dc 20119CA0 		.ascii	" \021\234\240(x\351\341\220\260\363\211\346\033\020"
 387      2878E9E1 
 387      90B0F389 
 387      E61B10
 388 12eb 931782C9 		.ascii	"\223\027\202\311\367\200\231\363\201\362\200\254\202"
 388      F78099F3 
 388      81F280AC 
ARM GAS  /tmp/ccRgRcbp.s 			page 31


 388      82
 389 12f8 B9A3A36C 		.ascii	"\271\243\243l\011\274J\244D\315UVIb\305\027\324\212"
 389      09BC4AA4 
 389      44CD5556 
 389      4962C517 
 389      D48A
 390 130a 054BAC08 		.ascii	"\005K\254\0103\354V\177q\215\207\364tR\252N\021\250"
 390      33EC567F 
 390      718D87F4 
 390      7452AA4E 
 390      11A8
 391 131c F0327558 		.ascii	"\3602uX~:=\265&\006\362\323^\000G\211\323\244@%\236"
 391      7E3A3DB5 
 391      2606F2D3 
 391      5E004789 
 391      D3A44025 
 392 1331 4EE60D8E 		.ascii	"N\346\015\216M\251\360M~\306/\024\354\327\341;\214i"
 392      4DA9F04D 
 392      7EC62F14 
 392      ECD7E13B 
 392      8C69
 393 1343 BD1B03A5 		.ascii	"\275\033\003\245\310\024czv\014\336W\221R$\352%\257"
 393      C814637A 
 393      760CDE57 
 393      915224EA 
 393      25AF
 394 1355 4C67D657 		.ascii	"Lg\326W=u\305Q\356\254Ufq\246\007Nb\314\241\222\033"
 394      3D75C551 
 394      EEAC5566 
 394      71A6074E 
 394      62CCA192 
 395 136a 891A9C41 		.ascii	"\211\032\234A\031u\344\316k\263Z\352xo\376\374n\356"
 395      1975E4CE 
 395      6BB35AEA 
 395      786FFEFC 
 395      6EEE
 396 137c 237EAE92 		.ascii	"#~\256\222\012\274\034\224\255q\342!\272\314\334\247"
 396      0ABC1C94 
 396      AD71E221 
 396      BACCDCA7 
 397 138c CB0C8156 		.ascii	"\313\014\201V\310\241\016\236\007\237\\O\272L}R\012"
 397      C8A10E9E 
 397      079F5C4F 
 397      BA4C7D52 
 397      0A
 398 139d 9E2F5394 		.ascii	"\236/S\224\273d\242\012\247\202%<\236Xz?X\272\032,\\"
 398      BB64A20A 
 398      A782253C 
 398      9E587A3F 
 398      58BA1A2C 
 399 13b2 095425B1 		.ascii	"\011T%\261\262\355\014]Xj\224\334\370\270..A\262Z|K"
 399      B2ED0C5D 
 399      586A94DC 
 399      F8B82E2E 
 399      41B25A7C 
 400 13c7 0F31EA40 		.ascii	"\0171\352@`\261\350\215\032\225\302j!hP\013\275.\247"
 400      60B1E88D 
ARM GAS  /tmp/ccRgRcbp.s 			page 32


 400      1A95C26A 
 400      2168500B 
 400      BD2EA7
 401 13da 01187631 		.ascii	"\001\030v1\372\354\005\204\363\231\2253.T]\325\342\275"
 401      FAEC0584 
 401      F3999533 
 401      2E545DD5 
 401      E2BD
 402 13ec 8CB9D077 		.ascii	"\214\271\320w!\003\341j\306T\215\034\274\216q\013e\360"
 402      2103E16A 
 402      C6548D1C 
 402      BC8E710B 
 402      65F0
 403 13fe 83D2BD31 		.ascii	"\203\322\2751n\210Y\237~\177\300o\177\310\301\371a\320"
 403      6E88599F 
 403      7E7FC06F 
 403      7FC8C1F9 
 403      61D0
 404 1410 EDE87246 		.ascii	"\355\350rF\222\237\371\035\345\365\253\007\375\216H"
 404      929FF91D 
 404      E5F5AB07 
 404      FD8E48
 405 141f 2D33B35A 		.ascii	"-3\263ZG\036.\265KE\367\015\010\004f\027\333\274\006"
 405      471E2EB5 
 405      4B45F70D 
 405      08046617 
 405      DBBC06
 406 1432 A1461071 		.ascii	"\241F\020qH\264\311QG\233\310\316^\032\240\037\245>"
 406      48B4C951 
 406      479BC8CE 
 406      5E1AA01F 
 406      A53E
 407 1444 C93741E7 		.ascii	"\3117A\347\022\343\021nwwX\023\015\374\232x6st-\373"
 407      12E3116E 
 407      77775813 
 407      0DFC9A78 
 407      3673742D 
 408 1459 020B53EB 		.ascii	"\002\013S\353\264U\314{\340N\206M=\236\025\253\303}"
 408      B455CC7B 
 408      E04E864D 
 408      3D9E15AB 
 408      C37D
 409 146b 8C196B8D 		.ascii	"\214\031k\215\037\200I\301\230\306\353G*4\370\036c2"
 409      1F8049C1 
 409      98C6EB47 
 409      2A34F81E 
 409      6332
 410 147d 5B27F331 		.ascii	"['\3631~B\031M\362\301\304\373\036\364\213\030\232\275"
 410      7E42194D 
 410      F2C1C4FB 
 410      1EF48B18 
 410      9ABD
 411 148f 2C17E69E 		.ascii	",\027\346\236\335A\260/\334\361&=S:\001\343iWI\316\224"
 411      DD41B02F 
 411      DCF1263D 
 411      533A01E3 
 411      695749CE 
ARM GAS  /tmp/ccRgRcbp.s 			page 33


 412 14a4 E4AFC2CD 		.ascii	"\344\257\302\315\036\260\254\341\277\2629\316c_\362"
 412      1EB0ACE1 
 412      BFB239CE 
 412      635FF2
 413 14b3 35CC3158 		.ascii	"5\3141X\004\330\316\274\235\037\177'\214\377\024\304"
 413      04D8CEBC 
 413      9D1F7F27 
 413      8CFF14C4 
 414 14c3 C369A00E 		.ascii	"\303i\240\016\240\223*\311\301\335\013\330\033\302\006"
 414      A0932AC9 
 414      C1DD0BD8 
 414      1BC206
 415 14d2 8C28D326 		.ascii	"\214(\323&WF\376\246\331sQ\231VEe$\211\213\370\265]"
 415      5746FEA6 
 415      D9735199 
 415      56456524 
 415      898BF8B5 
 416 14e7 C9AF93C7 		.ascii	"\311\257\223\307\267\3554\330\375\272\010~=\003bZD\277"
 416      B7ED34D8 
 416      FDBA087E 
 416      3D03625A 
 416      44BF
 417 14f9 B62F8975 		.ascii	"\266/\211u\311\240P\027\214\345e\343\002\037\354\273"
 417      C9A05017 
 417      8CE565E3 
 417      021FECBB 
 418 1509 D30B65A8 		.ascii	"\323\013e\250\325\203:d_wj6\242>.\243\265q\315\236\334"
 418      D5833A64 
 418      5F776A36 
 418      A23E2EA3 
 418      B571CD9E 
 419 151e 0E4F64FF 		.ascii	"\016Od\377*\205\317-\315\177\303\347\026\022fM\240\316"
 419      2A85CF2D 
 419      CD7FC3E7 
 419      1612664D 
 419      A0CE
 420 1530 79E9E89A 		.ascii	"y\351\350\232U\216%l\262\017d\013R\322m\343\221B\351"
 420      558E256C 
 420      B20F640B 
 420      52D26DE3 
 420      9142E9
 421 1543 A6EC9471 		.ascii	"\246\354\224qx|\237<~\210\031\236\236\011\202\376\347"
 421      787C9F3C 
 421      7E88199E 
 421      9E0982FE 
 421      E7
 422 1554 40EF4B40 		.ascii	"@\357K@\027\201.\000\365\000\365J\375S\341C\316\037"
 422      17812E00 
 422      F500F54A 
 422      FD53E143 
 422      CE1F
 423 1566 C9E9CF41 		.ascii	"\311\351\317A\276+\341h\313\361\374\305b\315'J\221\314"
 423      BE2BE168 
 423      CBF1FCC5 
 423      62CD274A 
 423      91CC
 424 1578 7180470A 		.ascii	"q\200G\012\031B\366\022\236\305\232C\240$\345\357\343"
ARM GAS  /tmp/ccRgRcbp.s 			page 34


 424      1942F612 
 424      9EC59A43 
 424      A024E5EF 
 424      E3
 425 1589 A1C2C271 		.ascii	"\241\302\302qW\276\002%\244\220\324u~\211+iM|l?;\037"
 425      57BE0225 
 425      A490D475 
 425      7E892B69 
 425      4D7C6C3F 
 426 159f 253EECE6 		.ascii	"%>\354\346E\011\276:+\032\015\374\236;\333\022\315\011"
 426      4509BE3A 
 426      2B1A0DFC 
 426      9E3BDB12 
 426      CD09
 427 15b1 792EF6F9 		.ascii	"y.\366\371zR\025_\005\374\003\261*>\257\344{\301vW\300"
 427      7A52155F 
 427      05FC03B1 
 427      2A3EAFE4 
 427      7BC17657 
 428 15c6 5EAF6A3B 		.ascii	"^\257j;p\373T\356m+\306\325,\006\246\316Y\276\376a!"
 428      70FB54EE 
 428      6D2BC6D5 
 428      2C06A6CE 
 428      59BEFE61 
 429 15db F9E1C1F8 		.ascii	"\371\341\301\370\225;\237\264\025[\254qQ\026\313_/."
 429      953B9FB4 
 429      155BAC71 
 429      5116CB5F 
 429      2F2E
 430 15ed 6AA90E7D 		.ascii	"j\251\016},\376\204\276\\\310\035\"\007]S\375\020\232"
 430      2CFE84BE 
 430      5CC81D22 
 430      075D53FD 
 430      109A
 431 15ff DBEABBEF 		.ascii	"\333\352\273\357\351X^\370>\021\027wr\264\205\275F="
 431      E9585EF8 
 431      3E111777 
 431      72B485BD 
 431      463D
 432 1611 43F3C49D 		.ascii	"C\363\304\235\341\311,\266\311\373[\272\001\356\357"
 432      E1C92CB6 
 432      C9FB5BBA 
 432      01EEEF
 433 1620 6EA6BF35 		.ascii	"n\246\2775\342_a\200\373\222\\xCE~l\3646\354\372U\364"
 433      E25F6180 
 433      FB925C78 
 433      43457E6C 
 433      F436ECFA 
 434 1636 9BDBF8B6 		.ascii	"\233\333\370\266\3719\335k\251\374\220W\275I\337\016"
 434      F939DD6B 
 434      A9FC9057 
 434      BD49DF0E 
 435 1646 EB072B5E 		.ascii	"\353\007+^\247\006\274\251z\315\336\210\240\313\362"
 435      A706BCA9 
 435      7ACDDE88 
 435      A0CBF2
 436 1655 466E605C 		.ascii	"Fn`\\\313\206\025S=\023\243\205q\221\237\344\024\371"
ARM GAS  /tmp/ccRgRcbp.s 			page 35


 436      CB861553 
 436      3D13A385 
 436      71919FE4 
 436      14F9
 437 1667 91BC02C6 		.ascii	"\221\274\002\306]\374\305\367I#t\213\037\224(\352\026"
 437      5DFCC5F7 
 437      4923748B 
 437      1F9428EA 
 437      16
 438 1678 3FA8413A 		.ascii	"?\250A:\250\214\302\250\027*\351\331\301U\207z\314\306"
 438      A88CC2A8 
 438      172AE9D9 
 438      C155877A 
 438      CCC6
 439 168a EA31F249 		.ascii	"\3521\362I\336\000\351,\034P\263m-G\277\323>_w\233m"
 439      DE00E92C 
 439      1C50B36D 
 439      2D47BFD3 
 439      3E5F779B 
 440 169f 87DFA149 		.ascii	"\207\337\241I\257bt3>\312\224*\271\234\226\343\251\374"
 440      AF627433 
 440      3ECA942A 
 440      B99C96E3 
 440      A9FC
 441 16b1 E28FD26F 		.ascii	"\342\217\322o\\\310\313\012\003\333\243\015\370\024"
 441      5CC8CB0A 
 441      03DBA30D 
 441      F814
 442 16bf 6B9E7430 		.ascii	"k\236t0'G\207\3170f&\265\030\326\301\213\214i*,\177"
 442      274787CF 
 442      306626B5 
 442      18D6C18B 
 442      8C692A2C 
 443 16d4 ACC3FD8C 		.ascii	"\254\303\375\2149\336\025\331\243\307\203\214\031H+"
 443      39DE15D9 
 443      A3C7838C 
 443      19482B
 444 16e3 2CF5C0C3 		.ascii	",\365\300\303\2149\267@~\2610\302\230\234\276\273\323"
 444      8C39B740 
 444      7EB130C2 
 444      989CBEBB 
 444      D3
 445 16f4 98EA49D5 		.ascii	"\230\352I\325\3168\223\233\242\306c\354Y\352\355\264"
 445      CE38939B 
 445      A2C663EC 
 445      59EAEDB4 
 446 1704 CB2A3CE9 		.ascii	"\313*<\351\341p\242\263\212\235\350\354\276?sHG\331"
 446      E170A2B3 
 446      8A9DE8EC 
 446      BE3F7348 
 446      47D9
 447 1716 C545E262 		.ascii	"\305E\342bn0w\317m\203\370B\343U\372\202\334\244J\217"
 447      6E3077CF 
 447      6D83F842 
 447      E355FA82 
 447      DCA44A8F 
 448 172a 1E89B96B 		.ascii	"\036\211\271k\225\364\213{\030\276\372mz\202\205\036"
ARM GAS  /tmp/ccRgRcbp.s 			page 36


 448      95F48B7B 
 448      18BEFA6D 
 448      7A82851E 
 449 173a 90A2FC09 		.ascii	"\220\242\374\011\204\354*~\354\217\301%\023\324\373"
 449      84EC2A7E 
 449      EC8FC125 
 449      13D4FB
 450 1749 5CC223EB 		.ascii	"\\\302#\353\016,\276\317\230L\337g\234\006\271\017E"
 450      0E2CBECF 
 450      984CDF67 
 450      9C06B90F 
 450      45
 451 175a B993AAE5 		.ascii	"\271\223\252\345\004O)\012FG\037\247\014!<\317F\227"
 451      044F290A 
 451      46471FA7 
 451      0C213CCF 
 451      4697
 452 176c B86BBA8B 		.ascii	"\270k\272\213\303\221\236\204QE=>|O\217\274\354K{\312"
 452      C3919E84 
 452      51453D3E 
 452      7C4F8FBC 
 452      EC4B7BCA 
 453 1780 BCED4F1B 		.ascii	"\274\355O\033j-\255\3330\355\367)\364;\013\221 \310"
 453      6A2DADDB 
 453      30EDF729 
 453      F43B0B91 
 453      20C8
 454 1792 977D7DD8 		.ascii	"\227}}\330\037\253){\237\"\277UD\236\226|\015f\265\254"
 454      1FAB297B 
 454      9F22BF55 
 454      449E967C 
 454      0D66B5AC 
 455 17a6 E1A465C0 		.ascii	"\341\244e\300,?}\237\203\312\317`\272\316HK\201\363"
 455      2C3F7D9F 
 455      83CACF60 
 455      BACE484B 
 455      81F3
 456 17b8 A5484710 		.ascii	"\245HG\020K\337n=3\336\361P\203\233\230\366\215\375"
 456      4BDF6E3D 
 456      33DEF150 
 456      839B98F6 
 456      8DFD
 457 17ca 03E008AF 		.ascii	"\003\340\010\257\327\371"
 457      D7F9
 458 17d0 EDC039FE 		.ascii	"\355\3009\376\340\233\374:\352>(4\257R<\277S\376*\222"
 458      E09BFC3A 
 458      EA3E2834 
 458      AF523CBF 
 458      53FE2A92 
 459 17e4 80893E8B 		.ascii	"\200\211>\213\240\317\034\350\263 I\275\266\353#jb\023"
 459      A0CF1CE8 
 459      B32049BD 
 459      B6EB236A 
 459      6213
 460 17f6 A2F30BE7 		.ascii	"\242\363\013\347\202\251\352=\261Zrp\240\222\237\300"
 460      82A9EA3D 
 460      B15A7270 
ARM GAS  /tmp/ccRgRcbp.s 			page 37


 460      A0929FC0 
 461 1806 92F3B1F4 		.ascii	"\222\363\261\364\224>\317\327\241\373H\247\335\2738"
 461      943ECFD7 
 461      A1FB48A7 
 461      DDBB38
 462 1815 F44DDE28 		.ascii	"\364M\336(\272\266wA\217\217y\262\227\210N\265D\271"
 462      BAB67741 
 462      8F8F79B2 
 462      97884EB5 
 462      44B9
 463 1827 E1138CB1 		.ascii	"\341\023\214\261,t\316\273\343\323\214\311\273y\371"
 463      2C74CEBB 
 463      E3D38CC9 
 463      BB79F9
 464 1836 813B3ECB 		.ascii	"\201;>\313\230\203-q\351z|\2212\356\207\313\016\217"
 464      98832D71 
 464      E97A7C91 
 464      32EE87CB 
 464      0E8F
 465 1848 AAA5BFEB 		.ascii	"\252\245\277\353 \353\\t\244m\240\324H\3268\213\372"
 465      20EB5C74 
 465      A46DA0D4 
 465      48D6388B 
 465      FA
 466 1859 7514A9C6 		.ascii	"u\024\251\306(Q\355\354\010\025\212\342\263\274a\357"
 466      2851EDEC 
 466      08158AE2 
 466      B3BC61EF 
 467 1869 80A7C755 		.ascii	"\200\247\307U2\260\343\011Pt\224\265\223\236\273\023"
 467      32B0E309 
 467      507494B5 
 467      939EBB13 
 468 1879 EC3D39F6 		.ascii	"\354=9\366m\031\264K\200\216\310\241\262\302\334zF\200"
 468      6D19B44B 
 468      808EC8A1 
 468      B2C2DC7A 
 468      4680
 469 188b 8E2A4397 		.ascii	"\216*C\227\356\310n\303\014\030\242\331\216\300\211"
 469      EEC86EC3 
 469      0C18A2D9 
 469      8EC089
 470 189a 7377AABD 		.ascii	"sw\252\275Q\262\332\013\305\001\305\003%\000\245\002"
 470      51B2DA0B 
 470      C501C503 
 470      2500A502 
 471 18aa C5026D07 		.ascii	"\305\002m\007J\003\332\001\224\004\224\242\026\267j"
 471      4A03DA01 
 471      940494A2 
 471      16B76A
 472 18b9 D69B42EF 		.ascii	"\326\233B\357Qrc\215\312\024\275%@\243\225\241\222\361"
 472      5172638D 
 472      CA14BD25 
 472      40A395A1 
 472      92F1
 473 18cb 1F17B077 		.ascii	"\037\027\260w\025M%J\035\024\2201r\251\367e\012t\013"
 473      154D254A 
 473      1D149031 
ARM GAS  /tmp/ccRgRcbp.s 			page 38


 473      72A9F765 
 473      0A740B
 474 18de D031655F 		.ascii	"\3201e_\211\301z\254\224\254\350\000Y\262\242\203\327"
 474      89C17AAC 
 474      94ACE800 
 474      59B2A283 
 474      D7
 475 18ef 6F48BCBE 		.ascii	"oH\274\276M9D\330P u5M\037\333\215d;P\273\371\321.\260"
 475      4D3944D8 
 475      50207535 
 475      4D1FDB8D 
 475      643B50BB 
 476 1907 FAFFC503 		.ascii	"\372\377\305\003T\325\321-:\224\016B\206\305\\H\364"
 476      54D5D12D 
 476      3A940E42 
 476      86C55C48 
 476      F4
 477 1918 B6CF13CB 		.ascii	"\266\317\023\313\356\354\275\006\351\012\226\256\226"
 477      EEECBD06 
 477      E90A96AE 
 477      96
 478 1925 AE60196A 		.ascii	"\256`\031j\373\371\022\271\004\374l]\307C7)\276\316"
 478      FBF912B9 
 478      04FC6C5D 
 478      C7433729 
 478      BECE
 479 1937 E1B43C53 		.ascii	"\341\264<S\315V\274L\012\266\377\356\313\203\375\356"
 479      CD56BC4C 
 479      0AB6FFEE 
 479      CB83FDEE 
 480 1947 EB5991ED 		.ascii	"\353Y\221\355>\253\"\265\364\2646\246\276\236\255\177"
 480      3EAB22B5 
 480      F4B436A6 
 480      BE9EAD7F 
 481 1957 F4E77AFD 		.ascii	"\364\347z\375\267\026\017\251\234\256\3709j~\305\317"
 481      B7160FA9 
 481      9CAEF839 
 481      6A7EC5CF 
 482 1967 56D3D43C 		.ascii	"V\323\324<\3770>\337]\\\361\021\375\245\363n\365J\224"
 482      FF303EDF 
 482      5D5CF111 
 482      FDA5F36E 
 482      F54A94
 483 197a A526F05C 		.ascii	"\245&\360\\\365k\366F\224!K\237u\266\023I5\207\333\222"
 483      F56BF646 
 483      94214B9F 
 483      75B61349 
 483      3587DB92 
 484 198e 0EF6F09A 		.ascii	"\016\366\360\232\357\241\232o\217\354\256T\257\330I"
 484      EFA19A6F 
 484      8FECAE54 
 484      AFD849
 485 199d 538E930C 		.ascii	"S\216\223\014\354\342\220~Q\236z\005\264\233\214n|\250"
 485      ECE2907E 
 485      519E7A05 
 485      B49B8C6E 
 485      7CA8
ARM GAS  /tmp/ccRgRcbp.s 			page 39


 486 19af 620BF7AB 		.ascii	"b\013\367\253\2541(_\255'k\357\331=\355\016eD\247\203"
 486      AC31285F 
 486      AD276BEF 
 486      D93DED0E 
 486      6544A783 
 487 19c3 510B78D5 		.ascii	"Q\013x\325\012\250j]\347\343\3339)\230\234\302\213`"
 487      0AA86A5D 
 487      E7E3DB39 
 487      29989CC2 
 487      8B60
 488 19d5 2B0FB652 		.ascii	"+\017\266R\360\320\211\256\233\032)\230T5\"\270\220"
 488      F0D089AE 
 488      9B1A2998 
 488      543522B8 
 488      90
 489 19e6 07934F95 		.ascii	"\007\223O\225\177\200\237\3515\377\200\015\306-\033"
 489      7F809FE9 
 489      35FF800D 
 489      C62D1B
 490 19f5 8DE6CF03 		.ascii	"\215\346\317\003LF\277\315\237\371\005\0335\277\372"
 490      4C46BFCD 
 490      9FF9051B 
 490      35BFFA
 491 1a04 EC77AB3E 		.ascii	"\354w\253>v\361~\357=\237\217\003\0027\005\256\333\350"
 491      76F17EEF 
 491      3D9F8F03 
 491      023705AE 
 491      DBE8
 492 1a16 131AEE63 		.ascii	"\023\032\356c2\373\004\206\370\007El6\372\370\003tK"
 492      32FB0486 
 492      F807456C 
 492      36FAF803 
 492      744B
 493 1a28 60B8D9F4 		.ascii	"`\270\331\364\315{\001.\252\215\237\377\362s\327p\263"
 493      CD7B012E 
 493      AA8D9FFF 
 493      F273D770 
 493      B3
 494 1a39 9F3922FC 		.ascii	"\2379\"\374=\177\027\303&x\024\342\313x\327\360o\302"
 494      3D7F17C3 
 494      267814E2 
 494      CB78D7F0 
 494      6FC2
 495 1a4b CD81C146 		.ascii	"\315\201\301F_\263.\"0\304\374\341j_\263\336\327\327"
 495      5FB32E22 
 495      30C4FCE1 
 495      6A5FB3DE 
 495      D7D7
 496 1a5d 7EF9AE4F 		.ascii	"~\371\256OD\270I\020\032b\334\032\024\270\311'\330\317"
 496      44B84910 
 496      1A62DC1A 
 496      14B8C927 
 496      D8CF
 497 1a6f 3F2030C4 		.ascii	"? 0\304\350\343\273\331\370\205_D\220\331\327\374M\230"
 497      E8E3BBD9 
 497      F8855F44 
 497      90D9D7FC 
ARM GAS  /tmp/ccRgRcbp.s 			page 40


 497      4D98
 498 1a81 311CFAF1 		.ascii	"1\034\372\361RB\203|\037\350k3H\004\310r\032\023MxI"
 498      5242837C 
 498      1FE86B33 
 498      4804C872 
 498      1A134D78 
 499 1a96 7AFF80CF 		.ascii	"z\377\200\317\0036o\0142\032\303~\264L\01335\010i\240"
 499      03366F0C 
 499      321AC37E 
 499      B44C0B33 
 499      350869A0 
 500 1aaa 6397BE66 		.ascii	"c\227\276fW\377\000_v\255\011\363\0151~m\206\2170\223"
 500      57FF005F 
 500      76AD09F3 
 500      0D317E6D 
 500      868F3093 
 501 1abe F12BAD39 		.ascii	"\361+\2559\314\024\030\352k\376h\211\270\260P\2239\334"
 501      CC1418EA 
 501      6BFE6889 
 501      B8B05093 
 501      39DC
 502 1ad0 E7971B7E 		.ascii	"\347\227\033~\373\361o\277\366\361\017\015\016\013\014"
 502      FBF16FBF 
 502      F6F10F0D 
 502      0E0B0C
 503 1adf 329AC27D 		.ascii	"2\232\302}~\365\361\307\244\007^!*%0T\353\037\032b\006"
 503      7EF5F1C7 
 503      A4075E21 
 503      2A253054 
 503      EB1F1A62 
 504 1af4 A16EA491 		.ascii	"\241n\244\221/\014\311\337\374\265\016,\355g\012\366"
 504      2F0CC9DF 
 504      FCB50E2C 
 504      ED670AF6 
 505 1b04 35FFF94B 		.ascii	"5\377\371KD\007\370\207\232\214 \013\207\177\360\021"
 505      4407F887 
 505      9A8C200B 
 505      877FF011 
 506 1b14 D04F817E 		.ascii	"\320O\201~\006\364s\034\276\372}\240\017\200V\003}\010"
 506      06F4731C 
 506      BEFA7DA0 
 506      0F805603 
 506      7D08
 507 1b26 F463A09F 		.ascii	"\364c\240\237\000\001n5\340V\003n5\340>\004\334\207"
 507      00016E35 
 507      E056036E 
 507      35E03E04 
 507      DC87
 508 1b38 1F70A61F 		.ascii	"\037p\246\037s\246\237p\246\2178\323O9\323\3178\323"
 508      73A69F70 
 508      A68F38D3 
 508      4F39D3CF 
 508      38D3
 509 1b4a CFB1E983 		.ascii	"\317\261\351\203\367\201>\340\202L\177\365*J\370~\365"
 509      F7813EE0 
 509      824C7FF5 
 509      2A4AF87E 
ARM GAS  /tmp/ccRgRcbp.s 			page 41


 509      F5
 510 1b5b D360A288 		.ascii	"\323`\242\210\351\203\017\325a\2760\006-\261\325V\243"
 510      E9830FD5 
 510      61BE3006 
 510      2DB1D556 
 510      A3
 511 1b6c 093E4383 		.ascii	"\011>C\2036\033M\304v\020f\372p\363\227~A\201[B\370"
 511      361B4DC4 
 511      761066FA 
 511      70F3977E 
 511      41815B42 
 512 1b81 E8F8E8C7 		.ascii	"\350\370\350\307Bt\320\3130p\354\227A\201\301\201f\235"
 512      4274D0CB 
 512      3070EC97 
 512      4181C181 
 512      669D
 513 1b93 99841344 		.ascii	"\231\204\023D\221\226<\374\031\370\201\301\340J\033"
 513      91963CFC 
 513      19F881C1 
 513      E04A1B
 514 1ba2 4643CDA8 		.ascii	"FC\315\2505\007\207n6R\376\213 \277-\341Z\263\311\370"
 514      3507876E 
 514      3652FE8B 
 514      20BF2DE1 
 514      5AB3C9F8 
 515 1bb6 45B82F71 		.ascii	"E\270/q\020\271p5\207\007\005\372\033\341\206+\365\230"
 515      10B97035 
 515      870705FA 
 515      1BE1862B 
 515      F598
 516 1bc8 31388C3C 		.ascii	"18\214<\"\261\251\016\016\337\002\355\370\230\004\311"
 516      22B1A90E 
 516      0EDF02ED 
 516      F89804C9 
 517 1bd8 FC95C6B4 		.ascii	"\374\225\306\264\371\033x\2443~\035h\366\007\331\232"
 517      F91B78A4 
 517      337E1D68 
 517      F607D99A 
 518 1be8 ADE6D04D 		.ascii	"\255\346\320M\377\021\366\032\037\013 \325h2\206\370"
 518      FF11F61A 
 518      1F0B20D5 
 518      683286F8 
 519 1bf8 439FEAAD 		.ascii	"C\237\352\255f\263)\314\000\261\021n\014\366\013\013"
 519      66B329CC 
 519      00B1116E 
 519      0CF60B0B 
 520 1c08 001B78F2 		.ascii	"\000\033x\362\301\343\373\237\021\306\010\200|G\010"
 520      C1E3FB9F 
 520      11C60880 
 520      7C4708
 521 1c17 1CFE9696 		.ascii	"\034\376\226\226\377T\373\207@\210\253\303}\341\023"
 521      FF54FB87 
 521      4088ABC3 
 521      7DE113
 522 1c26 7A000161 		.ascii	"z\000\001a:\300\006G@ h\203yl\260o\350\326\020\260\037"
 522      3AC00647 
 522      40206883 
ARM GAS  /tmp/ccRgRcbp.s 			page 42


 522      796CB06F 
 522      E8D610B0 
 523 1c3b BD0B9A05 		.ascii	"\275\013\232\005\263\330\333j\0166\177\035\346f\374"
 523      B3D8DB6A 
 523      0E367F1D 
 523      E666FC
 524 1c4a CA18620E 		.ascii	"\312\030b\016\366\013\377\022\236\030\267\222\013\034"
 524      F60BFF12 
 524      9E18B792 
 524      0B1C
 525 1c58 E61BE161 		.ascii	"\346\033\341a\357.\010&\252\257\331S\242\000\271\003"
 525      EF2E0826 
 525      AAAFD953 
 525      A200B903 
 526 1c68 66D8EA17 		.ascii	"f\330\352\027h\016\014\331\002v\206a2e\350%\3340\206"
 526      680E0CD9 
 526      02768661 
 526      3265E825 
 526      DC3086
 527 1c7b 1943604E 		.ascii	"\031C`Nm\001\024tA\360zbG\277 \032\246p3,44\3505:\263"
 527      6D011474 
 527      41F07A62 
 527      47BF201A 
 527      A670332C 
 528 1c95 838D7EE1 		.ascii	"\203\215~\341\021&c\260\221\214Ck2\323\361\2506\031"
 528      112663B0 
 528      918C436B 
 528      32D3F1A8 
 528      3619
 529 1ca7 C3C12CA1 		.ascii	"\303\301,\241\246p\263*\310/\334\254\211\240\267Q\210"
 529      A670B32A 
 529      C82FDCAC 
 529      89A0B751 
 529      88
 530 1cb8 CE6466F9 		.ascii	"\316df\371@\357\037\021\034\021\344g\016\374\312\270"
 530      40EF1F11 
 530      1C11E467 
 530      0EFCCAB8 
 531 1cc8 6AB93948 		.ascii	"j\2719H\"\211\367q\270\327r\323\333?`3@\177\260\014"
 531      2289F771 
 531      B8D772D3 
 531      DB3F6033 
 531      407FB00C 
 532 1cdc 0446F212 		.ascii	"\004F\362\022\004X\237\314\306\360\300\377\002\015W"
 532      04589FCC 
 532      C6F0C0FF 
 532      020D57
 533 1ceb D37C4392 		.ascii	"\323|C\222\314\026\177\177\037\230\203\357\206\204\206"
 533      CC167F7F 
 533      1F9883EF 
 533      868486
 534 1cfa 18DF35FA 		.ascii	"\030\3375\372m\012\364\371\361{?\177\357C\241!\344\037"
 534      6D0AF4F9 
 534      F17B3F7F 
 534      EF43A121 
 534      E41F
 535 1d0c 48564451 		.ascii	"HVDQ\363\027\021!\376\276\346\357\322\004\3631\030\314"
ARM GAS  /tmp/ccRgRcbp.s 			page 43


 535      F3171121 
 535      FEBEE6EF 
 535      D204F331 
 535      18CC
 536 1d1e 6CDC089A 		.ascii	"l\334\010\232\007\372\273\221\340\200\014d\014fI\204"
 536      07FABB91 
 536      E0800C64 
 536      0C664984 
 537 1d2e 5D1B883F 		.ascii	"]\033\210?\276\341=\344\016\267E^kb\276\327\230hjP\233"
 537      BEE13DE4 
 537      0EB7455E 
 537      6B62BED7 
 537      98686A50 
 538 1d43 E84432F1 		.ascii	"\350D2\361\023\311\304&\222+\334\2150A\024\232\325&"
 538      13C9C426 
 538      922BDC8D 
 538      3041149A 
 538      D526
 539 1d55 D2E88FBE 		.ascii	"\322\350\217\276\0124\231#\374\202h\\\233\354\256\177"
 539      0A349923 
 539      FC82685C 
 539      9BECAE7F 
 540 1d65 03042B3C 		.ascii	"\003\004+<\360t\270\307B\324\341\226\366+3\2153\362"
 540      F074B8C7 
 540      42D4E196 
 540      F62B338D 
 540      33F2
 541 1d77 49929C0E 		.ascii	"I\222\234\016>7\033\203\314~p\301\306I\236\220+\015"
 541      3E371B83 
 541      CC7E70C1 
 541      C6499E90 
 541      2B0D
 542 1d89 41F899F4 		.ascii	"A\370\231\364\360\301'|\270C\372\360\340\307\274\331"
 542      F0C1277C 
 542      B843FAF0 
 542      E0C7BCD9 
 543 1d99 B829620B 		.ascii	"\270)b\013\013B\351\035\3270\277\220@\177\022s\332\300"
 543      0B42E91D 
 543      D730BF90 
 543      407F1273 
 543      DAC0
 544 1dab 70139902 		.ascii	"p\023\231\002\272\240P\377/\311\005\336\274i\213>\330"
 544      BAA050FF 
 544      2FC905DE 
 544      BC698B3E 
 544      D8
 545 1dbc 0FE6220D 		.ascii	"\017\346\"\015\332\357\230\203}\375!Yl2\2015C!chB\277"
 545      DAEF9883 
 545      7DFD2159 
 545      6C328135 
 545      43216368 
 546 1dd2 F822DC68 		.ascii	"\370\"\334h\346\314\301\036_\032M!\306 \026\"0\225B"
 546      E6CCC11E 
 546      5F1A4D21 
 546      C6201622 
 546      309542
 547 1de5 7C034DFF 		.ascii	"|\003M\377\251\013!\366\012\337\352\257\207v\246@\260"
ARM GAS  /tmp/ccRgRcbp.s 			page 44


 547      A90B21F6 
 547      0ADFEAAF 
 547      8776A640 
 547      B0
 548 1df6 42C066FB 		.ascii	"B\300f\373%t\365\303\345\202\200\310\001g\032\244r9"
 548      2574F5C3 
 548      E58280C8 
 548      01671AA4 
 548      7239
 549 1e08 FF00CD56 		.ascii	"\377\000\315V?\262\322\031\302\315\301\220\036\266\204"
 549      3FB2D219 
 549      C2CDC190 
 549      1EB684
 550 1e17 917CAFFE 		.ascii	"\221|\257\376\355\272O>\335\240Y\367\371\277\256\377"
 550      EDBA4F3E 
 550      DDA059F7 
 550      F9BFAEFF 
 551 1e27 748376DD 		.ascii	"t\203v\335\306\365\237~\372\311\006\365\372\337\255"
 551      C6F59F7E 
 551      FAC906F5 
 551      FADFAD
 552 1e36 FF6403FE 		.ascii	"\377d\003\376\007\240u\237l@\277\247\311\355\203\217"
 552      07A0759F 
 552      6C40BFA7 
 552      C9ED838F 
 553 1e46 84E4462E 		.ascii	"\204\344F.1\350\256\366\0172\372\231>tT%\300/\210\317"
 553      31E8AEF6 
 553      0F32FA99 
 553      3E745425 
 553      C02F88CF 
 554 1e5a A91B3FFF 		.ascii	"\251\033?\377\355\207\253}~\363\233O|~\265\376\037\326"
 554      ED87AB7D 
 554      7EF39B4F 
 554      7C7EB5FE 
 554      1FD6
 555 1e6c 7DB5DA27 		.ascii	"}\265\332'\014\034\023\024D\242\034\255U\375\335\306"
 555      0C1C1314 
 555      44A21CAD 
 555      55FDDDC6 
 556 1e7c 0D1B54BF 		.ascii	"\015\033T\277\371\370\327\033T\277\374\373\015\277!"
 556      F9F8D71B 
 556      54BFFCFB 
 556      0DBF21
 557 1e8b FFD6E2BF 		.ascii	"\377\326\342\277\333\260\341\177\0015\003,\""
 557      DBB0E17F 
 557      0135032C 
 557      22
 558              		.text
 559              		.section	.gnu.lto_.symtab.4bd8ca1e68d96c49,"",%progbits
 560 0000 62656769 		.ascii	"begin_status\000\000\000\000\000\000\000\000\000\000"
 560      6E5F7374 
 560      61747573 
 560      00000000 
 560      00000000 
 561 0016 0000BB00 		.ascii	"\000\000\273\000\000\000ch\000\000\002\000\000\000\000"
 561      00006368 
 561      00000200 
ARM GAS  /tmp/ccRgRcbp.s 			page 45


 561      000000
 562 0025 00000000 		.ascii	"\000\000\000\000\000X\002\000\000chThdSleep\000\000"
 562      00580200 
 562      00636854 
 562      6864536C 
 562      65657000 
 563 003a 02000000 		.ascii	"\002\000\000\000\000\000\000\000\000\000\312\000\000"
 563      00000000 
 563      0000CA00 
 563      00
 564 0047 00636854 		.ascii	"\000chThdCreateStatic\000\000\002\000\000\000\000\000"
 564      68644372 
 564      65617465 
 564      53746174 
 564      69630000 
 565 0061 00000000 		.ascii	"\000\000\000\000\351\001\000\000"
 565      E9010000 
 566              		.text
 567              		.section	.gnu.lto_.opts,"",%progbits
 568 0000 272D666E 		.ascii	"'-fno-trapv' '-fno-strict-overflow' '-mcpu=cortex-m"
 568      6F2D7472 
 568      61707627 
 568      20272D66 
 568      6E6F2D73 
 569 0033 34272027 		.ascii	"4' '-mfloat-abi=hard' '-mfpu=fpv4-sp-d16' '-mno-thu"
 569      2D6D666C 
 569      6F61742D 
 569      6162693D 
 569      68617264 
 570 0066 6D622D69 		.ascii	"mb-interwork' '-mthumb' '-ggdb' '-O0' '-Werror' '-f"
 570      6E746572 
 570      776F726B 
 570      2720272D 
 570      6D746875 
 571 0099 6F6D6974 		.ascii	"omit-frame-pointer' '-falign-functions=16' '-ffunct"
 571      2D667261 
 571      6D652D70 
 571      6F696E74 
 571      65722720 
 572 00cc 696F6E2D 		.ascii	"ion-sections' '-fdata-sections' '-fno-common' '-flt"
 572      73656374 
 572      696F6E73 
 572      2720272D 
 572      66646174 
 573 00ff 6F272027 		.ascii	"o' '-fsingle-precision-constant'\000"
 573      2D667369 
 573      6E676C65 
 573      2D707265 
 573      63697369 
 574              		.text
 575              		.comm	__gnu_lto_v1,1,1
 576              		.comm	__gnu_lto_slim,1,1
 577              		.ident	"GCC: (15:4.9.3+svn231177-1) 4.9.3 20150529 (prerelease)"
ARM GAS  /tmp/ccRgRcbp.s 			page 46


DEFINED SYMBOLS
                            *ABS*:0000000000000000 status.c
                            *COM*:0000000000000001 __gnu_lto_v1
                            *COM*:0000000000000001 __gnu_lto_slim

NO UNDEFINED SYMBOLS
